[ 33%] [32mBuilding CXX object CMakeFiles/cv1_node.dir/src/cv1_node.cpp.o[0m
[01m[K/home/greeny/ros2_ws_rrm/src/cv1/src/cv1_node.cpp:[m[K In function ‘[01m[Kint[01;32m[K main[m[K(int, char**)[m[K’:
[01m[K/home/greeny/ros2_ws_rrm/src/cv1/src/cv1_node.cpp:5:14:[m[K [01;35m[Kwarning: [m[Kunused parameter ‘[01m[Kargc[m[K’ [[01;35m[K]8;;https://gcc.gnu.org/onlinedocs/gcc/Warning-Options.html#index-Wunused-parameter-Wunused-parameter]8;;[m[K]
    5 | int main([01;35m[Kint argc[m[K, char ** argv) {
      |          [01;35m[K~~~~^~~~[m[K
[01m[K/home/greeny/ros2_ws_rrm/src/cv1/src/cv1_node.cpp:5:28:[m[K [01;35m[Kwarning: [m[Kunused parameter ‘[01m[Kargv[m[K’ [[01;35m[K]8;;https://gcc.gnu.org/onlinedocs/gcc/Warning-Options.html#index-Wunused-parameter-Wunused-parameter]8;;[m[K]
    5 | int main(int argc, [01;35m[Kchar ** argv[m[K) {
      |                    [01;35m[K~~~~~~~~^~~~[m[K
[ 66%] [32m[1mLinking CXX executable cv1_node[0m
[100%] Built target cv1_node
-- Install configuration: ""
-- Installing: /home/greeny/ros2_ws_rrm/install/cv1/lib/cv1/cv1_node
-- Set non-toolchain portion of runtime path of "/home/greeny/ros2_ws_rrm/install/cv1/lib/cv1/cv1_node" to ""
-- Up-to-date: /home/greeny/ros2_ws_rrm/install/cv1/share/ament_index/resource_index/package_run_dependencies/cv1
-- Up-to-date: /home/greeny/ros2_ws_rrm/install/cv1/share/ament_index/resource_index/parent_prefix_path/cv1
-- Up-to-date: /home/greeny/ros2_ws_rrm/install/cv1/share/cv1/environment/ament_prefix_path.sh
-- Up-to-date: /home/greeny/ros2_ws_rrm/install/cv1/share/cv1/environment/ament_prefix_path.dsv
-- Up-to-date: /home/greeny/ros2_ws_rrm/install/cv1/share/cv1/environment/path.sh
-- Up-to-date: /home/greeny/ros2_ws_rrm/install/cv1/share/cv1/environment/path.dsv
-- Up-to-date: /home/greeny/ros2_ws_rrm/install/cv1/share/cv1/local_setup.bash
-- Up-to-date: /home/greeny/ros2_ws_rrm/install/cv1/share/cv1/local_setup.sh
-- Up-to-date: /home/greeny/ros2_ws_rrm/install/cv1/share/cv1/local_setup.zsh
-- Up-to-date: /home/greeny/ros2_ws_rrm/install/cv1/share/cv1/local_setup.dsv
-- Installing: /home/greeny/ros2_ws_rrm/install/cv1/share/cv1/package.dsv
-- Up-to-date: /home/greeny/ros2_ws_rrm/install/cv1/share/ament_index/resource_index/packages/cv1
-- Up-to-date: /home/greeny/ros2_ws_rrm/install/cv1/share/cv1/cmake/cv1Config.cmake
-- Up-to-date: /home/greeny/ros2_ws_rrm/install/cv1/share/cv1/cmake/cv1Config-version.cmake
-- Up-to-date: /home/greeny/ros2_ws_rrm/install/cv1/share/cv1/package.xml
