[0.015s] Invoking command in '/home/greeny/ros2_ws_rrm/build/rrm_msgs': CMAKE_PREFIX_PATH=${CMAKE_PREFIX_PATH}:/opt/ros/jazzy DEBUGINFOD_URLS=https://debuginfod.ubuntu.com /usr/bin/cmake --build /home/greeny/ros2_ws_rrm/build/rrm_msgs -- -j16 -l16
[0.064s] [  2%] Built target rrm_msgs__rosidl_generator_type_description
[0.076s] [  2%] Built target ament_cmake_python_copy_rrm_msgs
[0.083s] [  4%] Built target rrm_msgs__cpp
[0.092s] [ 22%] Built target rrm_msgs__rosidl_generator_c
[0.114s] [ 31%] Built target rrm_msgs__rosidl_typesupport_introspection_c
[0.115s] [ 40%] Built target rrm_msgs__rosidl_typesupport_cpp
[0.119s] [ 50%] Built target rrm_msgs__rosidl_typesupport_fastrtps_c
[0.120s] [ 59%] Built target rrm_msgs__rosidl_typesupport_fastrtps_cpp
[0.122s] [ 68%] Built target rrm_msgs__rosidl_typesupport_c
[0.125s] [ 77%] Built target rrm_msgs__rosidl_typesupport_introspection_cpp
[0.149s] [ 77%] Built target rrm_msgs
[0.175s] [ 79%] Built target rrm_msgs__py
[0.197s] [ 86%] Built target rrm_msgs__rosidl_generator_py
[0.224s] [ 95%] Built target rrm_msgs_s__rosidl_typesupport_introspection_c
[0.224s] [ 95%] Built target rrm_msgs_s__rosidl_typesupport_fastrtps_c
[0.225s] [100%] Built target rrm_msgs_s__rosidl_typesupport_c
[0.271s] running egg_info
[0.281s] writing rrm_msgs.egg-info/PKG-INFO
[0.281s] writing dependency_links to rrm_msgs.egg-info/dependency_links.txt
[0.281s] writing top-level names to rrm_msgs.egg-info/top_level.txt
[0.312s] reading manifest file 'rrm_msgs.egg-info/SOURCES.txt'
[0.313s] writing manifest file 'rrm_msgs.egg-info/SOURCES.txt'
[0.333s] [100%] Built target ament_cmake_python_build_rrm_msgs_egg
[0.343s] Invoked command in '/home/greeny/ros2_ws_rrm/build/rrm_msgs' returned '0': CMAKE_PREFIX_PATH=${CMAKE_PREFIX_PATH}:/opt/ros/jazzy DEBUGINFOD_URLS=https://debuginfod.ubuntu.com /usr/bin/cmake --build /home/greeny/ros2_ws_rrm/build/rrm_msgs -- -j16 -l16
[0.344s] Invoking command in '/home/greeny/ros2_ws_rrm/build/rrm_msgs': CMAKE_PREFIX_PATH=${CMAKE_PREFIX_PATH}:/opt/ros/jazzy DEBUGINFOD_URLS=https://debuginfod.ubuntu.com /usr/bin/cmake --install /home/greeny/ros2_ws_rrm/build/rrm_msgs
[0.350s] -- Install configuration: ""
[0.350s] -- Up-to-date: /home/greeny/ros2_ws_rrm/install/rrm_msgs/share/ament_index/resource_index/rosidl_interfaces/rrm_msgs
[0.350s] -- Up-to-date: /home/greeny/ros2_ws_rrm/install/rrm_msgs/share/rrm_msgs/msg/Command.json
[0.350s] -- Up-to-date: /home/greeny/ros2_ws_rrm/install/rrm_msgs/share/rrm_msgs/srv/Command.json
[0.351s] -- Up-to-date: /home/greeny/ros2_ws_rrm/install/rrm_msgs/include/rrm_msgs/rrm_msgs
[0.351s] -- Up-to-date: /home/greeny/ros2_ws_rrm/install/rrm_msgs/include/rrm_msgs/rrm_msgs/srv
[0.351s] -- Up-to-date: /home/greeny/ros2_ws_rrm/install/rrm_msgs/include/rrm_msgs/rrm_msgs/srv/command.h
[0.351s] -- Up-to-date: /home/greeny/ros2_ws_rrm/install/rrm_msgs/include/rrm_msgs/rrm_msgs/srv/detail
[0.351s] -- Up-to-date: /home/greeny/ros2_ws_rrm/install/rrm_msgs/include/rrm_msgs/rrm_msgs/srv/detail/command__description.c
[0.351s] -- Up-to-date: /home/greeny/ros2_ws_rrm/install/rrm_msgs/include/rrm_msgs/rrm_msgs/srv/detail/command__functions.c
[0.352s] -- Up-to-date: /home/greeny/ros2_ws_rrm/install/rrm_msgs/include/rrm_msgs/rrm_msgs/srv/detail/command__struct.h
[0.352s] -- Up-to-date: /home/greeny/ros2_ws_rrm/install/rrm_msgs/include/rrm_msgs/rrm_msgs/srv/detail/command__type_support.h
[0.352s] -- Up-to-date: /home/greeny/ros2_ws_rrm/install/rrm_msgs/include/rrm_msgs/rrm_msgs/srv/detail/command__functions.h
[0.352s] -- Up-to-date: /home/greeny/ros2_ws_rrm/install/rrm_msgs/include/rrm_msgs/rrm_msgs/srv/detail/command__type_support.c
[0.352s] -- Up-to-date: /home/greeny/ros2_ws_rrm/install/rrm_msgs/include/rrm_msgs/rrm_msgs/msg
[0.352s] -- Up-to-date: /home/greeny/ros2_ws_rrm/install/rrm_msgs/include/rrm_msgs/rrm_msgs/msg/rosidl_generator_c__visibility_control.h
[0.352s] -- Up-to-date: /home/greeny/ros2_ws_rrm/install/rrm_msgs/include/rrm_msgs/rrm_msgs/msg/command.h
[0.352s] -- Up-to-date: /home/greeny/ros2_ws_rrm/install/rrm_msgs/include/rrm_msgs/rrm_msgs/msg/detail
[0.352s] -- Up-to-date: /home/greeny/ros2_ws_rrm/install/rrm_msgs/include/rrm_msgs/rrm_msgs/msg/detail/command__description.c
[0.352s] -- Up-to-date: /home/greeny/ros2_ws_rrm/install/rrm_msgs/include/rrm_msgs/rrm_msgs/msg/detail/command__functions.c
[0.352s] -- Up-to-date: /home/greeny/ros2_ws_rrm/install/rrm_msgs/include/rrm_msgs/rrm_msgs/msg/detail/command__struct.h
[0.352s] -- Up-to-date: /home/greeny/ros2_ws_rrm/install/rrm_msgs/include/rrm_msgs/rrm_msgs/msg/detail/command__type_support.h
[0.353s] -- Up-to-date: /home/greeny/ros2_ws_rrm/install/rrm_msgs/include/rrm_msgs/rrm_msgs/msg/detail/command__functions.h
[0.353s] -- Up-to-date: /home/greeny/ros2_ws_rrm/install/rrm_msgs/include/rrm_msgs/rrm_msgs/msg/detail/command__type_support.c
[0.353s] -- Up-to-date: /home/greeny/ros2_ws_rrm/install/rrm_msgs/share/rrm_msgs/environment/library_path.sh
[0.353s] -- Up-to-date: /home/greeny/ros2_ws_rrm/install/rrm_msgs/share/rrm_msgs/environment/library_path.dsv
[0.353s] -- Up-to-date: /home/greeny/ros2_ws_rrm/install/rrm_msgs/lib/librrm_msgs__rosidl_generator_c.so
[0.353s] -- Up-to-date: /home/greeny/ros2_ws_rrm/install/rrm_msgs/include/rrm_msgs/rrm_msgs
[0.353s] -- Up-to-date: /home/greeny/ros2_ws_rrm/install/rrm_msgs/include/rrm_msgs/rrm_msgs/srv
[0.353s] -- Up-to-date: /home/greeny/ros2_ws_rrm/install/rrm_msgs/include/rrm_msgs/rrm_msgs/srv/detail
[0.353s] -- Up-to-date: /home/greeny/ros2_ws_rrm/install/rrm_msgs/include/rrm_msgs/rrm_msgs/srv/detail/command__rosidl_typesupport_fastrtps_c.h
[0.353s] -- Up-to-date: /home/greeny/ros2_ws_rrm/install/rrm_msgs/include/rrm_msgs/rrm_msgs/msg
[0.353s] -- Up-to-date: /home/greeny/ros2_ws_rrm/install/rrm_msgs/include/rrm_msgs/rrm_msgs/msg/rosidl_typesupport_fastrtps_c__visibility_control.h
[0.353s] -- Up-to-date: /home/greeny/ros2_ws_rrm/install/rrm_msgs/include/rrm_msgs/rrm_msgs/msg/detail
[0.353s] -- Up-to-date: /home/greeny/ros2_ws_rrm/install/rrm_msgs/include/rrm_msgs/rrm_msgs/msg/detail/command__rosidl_typesupport_fastrtps_c.h
[0.353s] -- Up-to-date: /home/greeny/ros2_ws_rrm/install/rrm_msgs/lib/librrm_msgs__rosidl_typesupport_fastrtps_c.so
[0.353s] -- Up-to-date: /home/greeny/ros2_ws_rrm/install/rrm_msgs/include/rrm_msgs/rrm_msgs
[0.353s] -- Up-to-date: /home/greeny/ros2_ws_rrm/install/rrm_msgs/include/rrm_msgs/rrm_msgs/srv
[0.353s] -- Up-to-date: /home/greeny/ros2_ws_rrm/install/rrm_msgs/include/rrm_msgs/rrm_msgs/srv/detail
[0.353s] -- Up-to-date: /home/greeny/ros2_ws_rrm/install/rrm_msgs/include/rrm_msgs/rrm_msgs/srv/detail/command__rosidl_typesupport_introspection_c.h
[0.354s] -- Up-to-date: /home/greeny/ros2_ws_rrm/install/rrm_msgs/include/rrm_msgs/rrm_msgs/srv/detail/command__type_support.c
[0.354s] -- Up-to-date: /home/greeny/ros2_ws_rrm/install/rrm_msgs/include/rrm_msgs/rrm_msgs/msg
[0.354s] -- Up-to-date: /home/greeny/ros2_ws_rrm/install/rrm_msgs/include/rrm_msgs/rrm_msgs/msg/rosidl_typesupport_introspection_c__visibility_control.h
[0.354s] -- Up-to-date: /home/greeny/ros2_ws_rrm/install/rrm_msgs/include/rrm_msgs/rrm_msgs/msg/detail
[0.354s] -- Up-to-date: /home/greeny/ros2_ws_rrm/install/rrm_msgs/include/rrm_msgs/rrm_msgs/msg/detail/command__rosidl_typesupport_introspection_c.h
[0.354s] -- Up-to-date: /home/greeny/ros2_ws_rrm/install/rrm_msgs/include/rrm_msgs/rrm_msgs/msg/detail/command__type_support.c
[0.354s] -- Up-to-date: /home/greeny/ros2_ws_rrm/install/rrm_msgs/lib/librrm_msgs__rosidl_typesupport_introspection_c.so
[0.354s] -- Up-to-date: /home/greeny/ros2_ws_rrm/install/rrm_msgs/lib/librrm_msgs__rosidl_typesupport_c.so
[0.354s] -- Up-to-date: /home/greeny/ros2_ws_rrm/install/rrm_msgs/include/rrm_msgs/rrm_msgs
[0.354s] -- Up-to-date: /home/greeny/ros2_ws_rrm/install/rrm_msgs/include/rrm_msgs/rrm_msgs/srv
[0.354s] -- Up-to-date: /home/greeny/ros2_ws_rrm/install/rrm_msgs/include/rrm_msgs/rrm_msgs/srv/detail
[0.354s] -- Up-to-date: /home/greeny/ros2_ws_rrm/install/rrm_msgs/include/rrm_msgs/rrm_msgs/srv/detail/command__type_support.hpp
[0.354s] -- Up-to-date: /home/greeny/ros2_ws_rrm/install/rrm_msgs/include/rrm_msgs/rrm_msgs/srv/detail/command__builder.hpp
[0.354s] -- Up-to-date: /home/greeny/ros2_ws_rrm/install/rrm_msgs/include/rrm_msgs/rrm_msgs/srv/detail/command__struct.hpp
[0.354s] -- Up-to-date: /home/greeny/ros2_ws_rrm/install/rrm_msgs/include/rrm_msgs/rrm_msgs/srv/detail/command__traits.hpp
[0.354s] -- Up-to-date: /home/greeny/ros2_ws_rrm/install/rrm_msgs/include/rrm_msgs/rrm_msgs/srv/command.hpp
[0.354s] -- Up-to-date: /home/greeny/ros2_ws_rrm/install/rrm_msgs/include/rrm_msgs/rrm_msgs/msg
[0.354s] -- Up-to-date: /home/greeny/ros2_ws_rrm/install/rrm_msgs/include/rrm_msgs/rrm_msgs/msg/rosidl_generator_cpp__visibility_control.hpp
[0.354s] -- Up-to-date: /home/greeny/ros2_ws_rrm/install/rrm_msgs/include/rrm_msgs/rrm_msgs/msg/detail
[0.354s] -- Up-to-date: /home/greeny/ros2_ws_rrm/install/rrm_msgs/include/rrm_msgs/rrm_msgs/msg/detail/command__type_support.hpp
[0.354s] -- Up-to-date: /home/greeny/ros2_ws_rrm/install/rrm_msgs/include/rrm_msgs/rrm_msgs/msg/detail/command__builder.hpp
[0.354s] -- Up-to-date: /home/greeny/ros2_ws_rrm/install/rrm_msgs/include/rrm_msgs/rrm_msgs/msg/detail/command__struct.hpp
[0.354s] -- Up-to-date: /home/greeny/ros2_ws_rrm/install/rrm_msgs/include/rrm_msgs/rrm_msgs/msg/detail/command__traits.hpp
[0.354s] -- Up-to-date: /home/greeny/ros2_ws_rrm/install/rrm_msgs/include/rrm_msgs/rrm_msgs/msg/command.hpp
[0.355s] -- Up-to-date: /home/greeny/ros2_ws_rrm/install/rrm_msgs/include/rrm_msgs/rrm_msgs
[0.355s] -- Up-to-date: /home/greeny/ros2_ws_rrm/install/rrm_msgs/include/rrm_msgs/rrm_msgs/srv
[0.355s] -- Up-to-date: /home/greeny/ros2_ws_rrm/install/rrm_msgs/include/rrm_msgs/rrm_msgs/srv/detail
[0.355s] -- Up-to-date: /home/greeny/ros2_ws_rrm/install/rrm_msgs/include/rrm_msgs/rrm_msgs/srv/detail/dds_fastrtps
[0.355s] -- Up-to-date: /home/greeny/ros2_ws_rrm/install/rrm_msgs/include/rrm_msgs/rrm_msgs/srv/detail/command__rosidl_typesupport_fastrtps_cpp.hpp
[0.355s] -- Up-to-date: /home/greeny/ros2_ws_rrm/install/rrm_msgs/include/rrm_msgs/rrm_msgs/msg
[0.355s] -- Up-to-date: /home/greeny/ros2_ws_rrm/install/rrm_msgs/include/rrm_msgs/rrm_msgs/msg/rosidl_typesupport_fastrtps_cpp__visibility_control.h
[0.355s] -- Up-to-date: /home/greeny/ros2_ws_rrm/install/rrm_msgs/include/rrm_msgs/rrm_msgs/msg/detail
[0.355s] -- Up-to-date: /home/greeny/ros2_ws_rrm/install/rrm_msgs/include/rrm_msgs/rrm_msgs/msg/detail/dds_fastrtps
[0.355s] -- Up-to-date: /home/greeny/ros2_ws_rrm/install/rrm_msgs/include/rrm_msgs/rrm_msgs/msg/detail/command__rosidl_typesupport_fastrtps_cpp.hpp
[0.355s] -- Up-to-date: /home/greeny/ros2_ws_rrm/install/rrm_msgs/lib/librrm_msgs__rosidl_typesupport_fastrtps_cpp.so
[0.355s] -- Up-to-date: /home/greeny/ros2_ws_rrm/install/rrm_msgs/include/rrm_msgs/rrm_msgs
[0.355s] -- Up-to-date: /home/greeny/ros2_ws_rrm/install/rrm_msgs/include/rrm_msgs/rrm_msgs/srv
[0.355s] -- Up-to-date: /home/greeny/ros2_ws_rrm/install/rrm_msgs/include/rrm_msgs/rrm_msgs/srv/detail
[0.355s] -- Up-to-date: /home/greeny/ros2_ws_rrm/install/rrm_msgs/include/rrm_msgs/rrm_msgs/srv/detail/command__rosidl_typesupport_introspection_cpp.hpp
[0.355s] -- Up-to-date: /home/greeny/ros2_ws_rrm/install/rrm_msgs/include/rrm_msgs/rrm_msgs/srv/detail/command__type_support.cpp
[0.355s] -- Up-to-date: /home/greeny/ros2_ws_rrm/install/rrm_msgs/include/rrm_msgs/rrm_msgs/msg
[0.355s] -- Up-to-date: /home/greeny/ros2_ws_rrm/install/rrm_msgs/include/rrm_msgs/rrm_msgs/msg/detail
[0.355s] -- Up-to-date: /home/greeny/ros2_ws_rrm/install/rrm_msgs/include/rrm_msgs/rrm_msgs/msg/detail/command__rosidl_typesupport_introspection_cpp.hpp
[0.355s] -- Up-to-date: /home/greeny/ros2_ws_rrm/install/rrm_msgs/include/rrm_msgs/rrm_msgs/msg/detail/command__type_support.cpp
[0.355s] -- Up-to-date: /home/greeny/ros2_ws_rrm/install/rrm_msgs/lib/librrm_msgs__rosidl_typesupport_introspection_cpp.so
[0.355s] -- Up-to-date: /home/greeny/ros2_ws_rrm/install/rrm_msgs/lib/librrm_msgs__rosidl_typesupport_cpp.so
[0.355s] -- Up-to-date: /home/greeny/ros2_ws_rrm/install/rrm_msgs/share/rrm_msgs/environment/pythonpath.sh
[0.356s] -- Up-to-date: /home/greeny/ros2_ws_rrm/install/rrm_msgs/share/rrm_msgs/environment/pythonpath.dsv
[0.356s] -- Up-to-date: /home/greeny/ros2_ws_rrm/install/rrm_msgs/lib/python3.12/site-packages/rrm_msgs-0.0.0-py3.12.egg-info
[0.356s] -- Installing: /home/greeny/ros2_ws_rrm/install/rrm_msgs/lib/python3.12/site-packages/rrm_msgs-0.0.0-py3.12.egg-info/dependency_links.txt
[0.356s] -- Installing: /home/greeny/ros2_ws_rrm/install/rrm_msgs/lib/python3.12/site-packages/rrm_msgs-0.0.0-py3.12.egg-info/SOURCES.txt
[0.356s] -- Installing: /home/greeny/ros2_ws_rrm/install/rrm_msgs/lib/python3.12/site-packages/rrm_msgs-0.0.0-py3.12.egg-info/top_level.txt
[0.356s] -- Installing: /home/greeny/ros2_ws_rrm/install/rrm_msgs/lib/python3.12/site-packages/rrm_msgs-0.0.0-py3.12.egg-info/PKG-INFO
[0.356s] -- Up-to-date: /home/greeny/ros2_ws_rrm/install/rrm_msgs/lib/python3.12/site-packages/rrm_msgs
[0.356s] -- Up-to-date: /home/greeny/ros2_ws_rrm/install/rrm_msgs/lib/python3.12/site-packages/rrm_msgs/rrm_msgs_s__rosidl_typesupport_fastrtps_c.so
[0.356s] -- Up-to-date: /home/greeny/ros2_ws_rrm/install/rrm_msgs/lib/python3.12/site-packages/rrm_msgs/rrm_msgs_s__rosidl_typesupport_introspection_c.so
[0.356s] -- Up-to-date: /home/greeny/ros2_ws_rrm/install/rrm_msgs/lib/python3.12/site-packages/rrm_msgs/srv
[0.356s] -- Up-to-date: /home/greeny/ros2_ws_rrm/install/rrm_msgs/lib/python3.12/site-packages/rrm_msgs/srv/__init__.py
[0.356s] -- Up-to-date: /home/greeny/ros2_ws_rrm/install/rrm_msgs/lib/python3.12/site-packages/rrm_msgs/srv/_command_s.c
[0.356s] -- Up-to-date: /home/greeny/ros2_ws_rrm/install/rrm_msgs/lib/python3.12/site-packages/rrm_msgs/srv/_command.py
[0.356s] -- Up-to-date: /home/greeny/ros2_ws_rrm/install/rrm_msgs/lib/python3.12/site-packages/rrm_msgs/_rrm_msgs_s.ep.rosidl_typesupport_introspection_c.c
[0.356s] -- Up-to-date: /home/greeny/ros2_ws_rrm/install/rrm_msgs/lib/python3.12/site-packages/rrm_msgs/__init__.py
[0.356s] -- Up-to-date: /home/greeny/ros2_ws_rrm/install/rrm_msgs/lib/python3.12/site-packages/rrm_msgs/rrm_msgs_s__rosidl_typesupport_c.so
[0.356s] -- Up-to-date: /home/greeny/ros2_ws_rrm/install/rrm_msgs/lib/python3.12/site-packages/rrm_msgs/msg
[0.356s] -- Up-to-date: /home/greeny/ros2_ws_rrm/install/rrm_msgs/lib/python3.12/site-packages/rrm_msgs/msg/__init__.py
[0.356s] -- Up-to-date: /home/greeny/ros2_ws_rrm/install/rrm_msgs/lib/python3.12/site-packages/rrm_msgs/msg/_command_s.c
[0.356s] -- Up-to-date: /home/greeny/ros2_ws_rrm/install/rrm_msgs/lib/python3.12/site-packages/rrm_msgs/msg/_command.py
[0.356s] -- Up-to-date: /home/greeny/ros2_ws_rrm/install/rrm_msgs/lib/python3.12/site-packages/rrm_msgs/_rrm_msgs_s.ep.rosidl_typesupport_c.c
[0.356s] -- Up-to-date: /home/greeny/ros2_ws_rrm/install/rrm_msgs/lib/python3.12/site-packages/rrm_msgs/_rrm_msgs_s.ep.rosidl_typesupport_fastrtps_c.c
[0.382s] Listing '/home/greeny/ros2_ws_rrm/install/rrm_msgs/lib/python3.12/site-packages/rrm_msgs'...
[0.382s] Listing '/home/greeny/ros2_ws_rrm/install/rrm_msgs/lib/python3.12/site-packages/rrm_msgs/msg'...
[0.382s] Listing '/home/greeny/ros2_ws_rrm/install/rrm_msgs/lib/python3.12/site-packages/rrm_msgs/srv'...
[0.385s] -- Up-to-date: /home/greeny/ros2_ws_rrm/install/rrm_msgs/lib/python3.12/site-packages/rrm_msgs/rrm_msgs_s__rosidl_typesupport_fastrtps_c.so
[0.385s] -- Up-to-date: /home/greeny/ros2_ws_rrm/install/rrm_msgs/lib/python3.12/site-packages/rrm_msgs/rrm_msgs_s__rosidl_typesupport_introspection_c.so
[0.385s] -- Up-to-date: /home/greeny/ros2_ws_rrm/install/rrm_msgs/lib/python3.12/site-packages/rrm_msgs/rrm_msgs_s__rosidl_typesupport_c.so
[0.386s] -- Up-to-date: /home/greeny/ros2_ws_rrm/install/rrm_msgs/lib/librrm_msgs__rosidl_generator_py.so
[0.386s] -- Up-to-date: /home/greeny/ros2_ws_rrm/install/rrm_msgs/share/rrm_msgs/msg/Command.idl
[0.386s] -- Up-to-date: /home/greeny/ros2_ws_rrm/install/rrm_msgs/share/rrm_msgs/srv/Command.idl
[0.386s] -- Up-to-date: /home/greeny/ros2_ws_rrm/install/rrm_msgs/share/rrm_msgs/msg/Command.msg
[0.386s] -- Up-to-date: /home/greeny/ros2_ws_rrm/install/rrm_msgs/share/rrm_msgs/srv/Command.srv
[0.386s] -- Up-to-date: /home/greeny/ros2_ws_rrm/install/rrm_msgs/share/ament_index/resource_index/package_run_dependencies/rrm_msgs
[0.386s] -- Up-to-date: /home/greeny/ros2_ws_rrm/install/rrm_msgs/share/ament_index/resource_index/parent_prefix_path/rrm_msgs
[0.386s] -- Up-to-date: /home/greeny/ros2_ws_rrm/install/rrm_msgs/share/rrm_msgs/environment/ament_prefix_path.sh
[0.386s] -- Up-to-date: /home/greeny/ros2_ws_rrm/install/rrm_msgs/share/rrm_msgs/environment/ament_prefix_path.dsv
[0.386s] -- Up-to-date: /home/greeny/ros2_ws_rrm/install/rrm_msgs/share/rrm_msgs/environment/path.sh
[0.386s] -- Up-to-date: /home/greeny/ros2_ws_rrm/install/rrm_msgs/share/rrm_msgs/environment/path.dsv
[0.386s] -- Up-to-date: /home/greeny/ros2_ws_rrm/install/rrm_msgs/share/rrm_msgs/local_setup.bash
[0.386s] -- Up-to-date: /home/greeny/ros2_ws_rrm/install/rrm_msgs/share/rrm_msgs/local_setup.sh
[0.386s] -- Up-to-date: /home/greeny/ros2_ws_rrm/install/rrm_msgs/share/rrm_msgs/local_setup.zsh
[0.386s] -- Up-to-date: /home/greeny/ros2_ws_rrm/install/rrm_msgs/share/rrm_msgs/local_setup.dsv
[0.386s] -- Installing: /home/greeny/ros2_ws_rrm/install/rrm_msgs/share/rrm_msgs/package.dsv
[0.387s] -- Up-to-date: /home/greeny/ros2_ws_rrm/install/rrm_msgs/share/ament_index/resource_index/packages/rrm_msgs
[0.387s] -- Up-to-date: /home/greeny/ros2_ws_rrm/install/rrm_msgs/share/rrm_msgs/cmake/export_rrm_msgs__rosidl_generator_cExport.cmake
[0.387s] -- Up-to-date: /home/greeny/ros2_ws_rrm/install/rrm_msgs/share/rrm_msgs/cmake/export_rrm_msgs__rosidl_generator_cExport-noconfig.cmake
[0.387s] -- Up-to-date: /home/greeny/ros2_ws_rrm/install/rrm_msgs/share/rrm_msgs/cmake/export_rrm_msgs__rosidl_typesupport_fastrtps_cExport.cmake
[0.387s] -- Up-to-date: /home/greeny/ros2_ws_rrm/install/rrm_msgs/share/rrm_msgs/cmake/export_rrm_msgs__rosidl_typesupport_fastrtps_cExport-noconfig.cmake
[0.387s] -- Up-to-date: /home/greeny/ros2_ws_rrm/install/rrm_msgs/share/rrm_msgs/cmake/rrm_msgs__rosidl_typesupport_introspection_cExport.cmake
[0.387s] -- Up-to-date: /home/greeny/ros2_ws_rrm/install/rrm_msgs/share/rrm_msgs/cmake/rrm_msgs__rosidl_typesupport_introspection_cExport-noconfig.cmake
[0.387s] -- Up-to-date: /home/greeny/ros2_ws_rrm/install/rrm_msgs/share/rrm_msgs/cmake/rrm_msgs__rosidl_typesupport_cExport.cmake
[0.387s] -- Up-to-date: /home/greeny/ros2_ws_rrm/install/rrm_msgs/share/rrm_msgs/cmake/rrm_msgs__rosidl_typesupport_cExport-noconfig.cmake
[0.387s] -- Up-to-date: /home/greeny/ros2_ws_rrm/install/rrm_msgs/share/rrm_msgs/cmake/export_rrm_msgs__rosidl_generator_cppExport.cmake
[0.387s] -- Up-to-date: /home/greeny/ros2_ws_rrm/install/rrm_msgs/share/rrm_msgs/cmake/export_rrm_msgs__rosidl_typesupport_fastrtps_cppExport.cmake
[0.387s] -- Up-to-date: /home/greeny/ros2_ws_rrm/install/rrm_msgs/share/rrm_msgs/cmake/export_rrm_msgs__rosidl_typesupport_fastrtps_cppExport-noconfig.cmake
[0.387s] -- Up-to-date: /home/greeny/ros2_ws_rrm/install/rrm_msgs/share/rrm_msgs/cmake/rrm_msgs__rosidl_typesupport_introspection_cppExport.cmake
[0.387s] -- Up-to-date: /home/greeny/ros2_ws_rrm/install/rrm_msgs/share/rrm_msgs/cmake/rrm_msgs__rosidl_typesupport_introspection_cppExport-noconfig.cmake
[0.387s] -- Up-to-date: /home/greeny/ros2_ws_rrm/install/rrm_msgs/share/rrm_msgs/cmake/rrm_msgs__rosidl_typesupport_cppExport.cmake
[0.387s] -- Up-to-date: /home/greeny/ros2_ws_rrm/install/rrm_msgs/share/rrm_msgs/cmake/rrm_msgs__rosidl_typesupport_cppExport-noconfig.cmake
[0.387s] -- Up-to-date: /home/greeny/ros2_ws_rrm/install/rrm_msgs/share/rrm_msgs/cmake/export_rrm_msgs__rosidl_generator_pyExport.cmake
[0.387s] -- Up-to-date: /home/greeny/ros2_ws_rrm/install/rrm_msgs/share/rrm_msgs/cmake/export_rrm_msgs__rosidl_generator_pyExport-noconfig.cmake
[0.387s] -- Up-to-date: /home/greeny/ros2_ws_rrm/install/rrm_msgs/share/rrm_msgs/cmake/rosidl_cmake-extras.cmake
[0.388s] -- Up-to-date: /home/greeny/ros2_ws_rrm/install/rrm_msgs/share/rrm_msgs/cmake/ament_cmake_export_dependencies-extras.cmake
[0.388s] -- Up-to-date: /home/greeny/ros2_ws_rrm/install/rrm_msgs/share/rrm_msgs/cmake/ament_cmake_export_include_directories-extras.cmake
[0.388s] -- Up-to-date: /home/greeny/ros2_ws_rrm/install/rrm_msgs/share/rrm_msgs/cmake/ament_cmake_export_libraries-extras.cmake
[0.388s] -- Up-to-date: /home/greeny/ros2_ws_rrm/install/rrm_msgs/share/rrm_msgs/cmake/ament_cmake_export_targets-extras.cmake
[0.388s] -- Up-to-date: /home/greeny/ros2_ws_rrm/install/rrm_msgs/share/rrm_msgs/cmake/rosidl_cmake_export_typesupport_targets-extras.cmake
[0.388s] -- Up-to-date: /home/greeny/ros2_ws_rrm/install/rrm_msgs/share/rrm_msgs/cmake/rosidl_cmake_export_typesupport_libraries-extras.cmake
[0.388s] -- Up-to-date: /home/greeny/ros2_ws_rrm/install/rrm_msgs/share/rrm_msgs/cmake/rrm_msgsConfig.cmake
[0.388s] -- Up-to-date: /home/greeny/ros2_ws_rrm/install/rrm_msgs/share/rrm_msgs/cmake/rrm_msgsConfig-version.cmake
[0.388s] -- Up-to-date: /home/greeny/ros2_ws_rrm/install/rrm_msgs/share/rrm_msgs/package.xml
[0.389s] Invoked command in '/home/greeny/ros2_ws_rrm/build/rrm_msgs' returned '0': CMAKE_PREFIX_PATH=${CMAKE_PREFIX_PATH}:/opt/ros/jazzy DEBUGINFOD_URLS=https://debuginfod.ubuntu.com /usr/bin/cmake --install /home/greeny/ros2_ws_rrm/build/rrm_msgs
