[0.059s] DEBUG:colcon:Command line arguments: ['/usr/bin/colcon', 'build']
[0.059s] DEBUG:colcon:Parsed command line arguments: Namespace(log_base=None, log_level=None, verb_name='build', build_base='build', install_base='install', merge_install=False, symlink_install=False, test_result_base=None, continue_on_error=False, executor='parallel', parallel_workers=16, event_handlers=None, ignore_user_meta=False, metas=['./colcon.meta'], base_paths=['.'], packages_ignore=None, packages_ignore_regex=None, paths=None, packages_up_to=None, packages_up_to_regex=None, packages_above=None, packages_above_and_dependencies=None, packages_above_depth=None, packages_select_by_dep=None, packages_skip_by_dep=None, packages_skip_up_to=None, packages_select_build_failed=False, packages_skip_build_finished=False, packages_select_test_failures=False, packages_skip_test_passed=False, packages_select=None, packages_skip=None, packages_select_regex=None, packages_skip_regex=None, packages_start=None, packages_end=None, allow_overriding=[], cmake_args=None, cmake_target=None, cmake_target_skip_unavailable=False, cmake_clean_cache=False, cmake_clean_first=False, cmake_force_configure=False, ament_cmake_args=None, catkin_cmake_args=None, catkin_skip_building_tests=False, mixin_files=None, mixin=None, verb_parser=<colcon_mixin.mixin.mixin_argument.MixinArgumentDecorator object at 0x772d6f885bb0>, verb_extension=<colcon_core.verb.build.BuildVerb object at 0x772d6f885820>, main=<bound method BuildVerb.main of <colcon_core.verb.build.BuildVerb object at 0x772d6f885820>>, mixin_verb=('build',))
[0.081s] Level 1:colcon.colcon_core.package_discovery:discover_packages(colcon_meta) check parameters
[0.081s] Level 1:colcon.colcon_core.package_discovery:discover_packages(recursive) check parameters
[0.081s] Level 1:colcon.colcon_core.package_discovery:discover_packages(ignore) check parameters
[0.081s] Level 1:colcon.colcon_core.package_discovery:discover_packages(path) check parameters
[0.081s] Level 1:colcon.colcon_core.package_discovery:discover_packages(colcon_meta) discover
[0.081s] Level 1:colcon.colcon_core.package_discovery:discover_packages(recursive) discover
[0.081s] INFO:colcon.colcon_core.package_discovery:Crawling recursively for packages in '/home/greeny/ros2_ws_rrm'
[0.081s] Level 1:colcon.colcon_core.package_identification:_identify(.) by extensions ['ignore', 'ignore_ament_install']
[0.081s] Level 1:colcon.colcon_core.package_identification:_identify(.) by extension 'ignore'
[0.081s] Level 1:colcon.colcon_core.package_identification:_identify(.) by extension 'ignore_ament_install'
[0.081s] Level 1:colcon.colcon_core.package_identification:_identify(.) by extensions ['colcon_pkg']
[0.081s] Level 1:colcon.colcon_core.package_identification:_identify(.) by extension 'colcon_pkg'
[0.081s] Level 1:colcon.colcon_core.package_identification:_identify(.) by extensions ['colcon_meta']
[0.081s] Level 1:colcon.colcon_core.package_identification:_identify(.) by extension 'colcon_meta'
[0.081s] Level 1:colcon.colcon_core.package_identification:_identify(.) by extensions ['ros']
[0.081s] Level 1:colcon.colcon_core.package_identification:_identify(.) by extension 'ros'
[0.096s] Level 1:colcon.colcon_core.package_identification:_identify(.) by extensions ['cmake', 'python']
[0.096s] Level 1:colcon.colcon_core.package_identification:_identify(.) by extension 'cmake'
[0.096s] Level 1:colcon.colcon_core.package_identification:_identify(.) by extension 'python'
[0.096s] Level 1:colcon.colcon_core.package_identification:_identify(.) by extensions ['python_setup_py']
[0.096s] Level 1:colcon.colcon_core.package_identification:_identify(.) by extension 'python_setup_py'
[0.096s] Level 1:colcon.colcon_core.package_identification:_identify(build) by extensions ['ignore', 'ignore_ament_install']
[0.096s] Level 1:colcon.colcon_core.package_identification:_identify(build) by extension 'ignore'
[0.096s] Level 1:colcon.colcon_core.package_identification:_identify(build) ignored
[0.096s] Level 1:colcon.colcon_core.package_identification:_identify(install) by extensions ['ignore', 'ignore_ament_install']
[0.096s] Level 1:colcon.colcon_core.package_identification:_identify(install) by extension 'ignore'
[0.096s] Level 1:colcon.colcon_core.package_identification:_identify(install) ignored
[0.096s] Level 1:colcon.colcon_core.package_identification:_identify(log) by extensions ['ignore', 'ignore_ament_install']
[0.096s] Level 1:colcon.colcon_core.package_identification:_identify(log) by extension 'ignore'
[0.096s] Level 1:colcon.colcon_core.package_identification:_identify(log) ignored
[0.096s] Level 1:colcon.colcon_core.package_identification:_identify(rrm-zadania) by extensions ['ignore', 'ignore_ament_install']
[0.097s] Level 1:colcon.colcon_core.package_identification:_identify(rrm-zadania) by extension 'ignore'
[0.097s] Level 1:colcon.colcon_core.package_identification:_identify(rrm-zadania) by extension 'ignore_ament_install'
[0.097s] Level 1:colcon.colcon_core.package_identification:_identify(rrm-zadania) by extensions ['colcon_pkg']
[0.097s] Level 1:colcon.colcon_core.package_identification:_identify(rrm-zadania) by extension 'colcon_pkg'
[0.097s] Level 1:colcon.colcon_core.package_identification:_identify(rrm-zadania) by extensions ['colcon_meta']
[0.097s] Level 1:colcon.colcon_core.package_identification:_identify(rrm-zadania) by extension 'colcon_meta'
[0.097s] Level 1:colcon.colcon_core.package_identification:_identify(rrm-zadania) by extensions ['ros']
[0.097s] Level 1:colcon.colcon_core.package_identification:_identify(rrm-zadania) by extension 'ros'
[0.097s] Level 1:colcon.colcon_core.package_identification:_identify(rrm-zadania) by extensions ['cmake', 'python']
[0.097s] Level 1:colcon.colcon_core.package_identification:_identify(rrm-zadania) by extension 'cmake'
[0.097s] Level 1:colcon.colcon_core.package_identification:_identify(rrm-zadania) by extension 'python'
[0.097s] Level 1:colcon.colcon_core.package_identification:_identify(rrm-zadania) by extensions ['python_setup_py']
[0.097s] Level 1:colcon.colcon_core.package_identification:_identify(rrm-zadania) by extension 'python_setup_py'
[0.097s] Level 1:colcon.colcon_core.package_identification:_identify(src) by extensions ['ignore', 'ignore_ament_install']
[0.097s] Level 1:colcon.colcon_core.package_identification:_identify(src) by extension 'ignore'
[0.097s] Level 1:colcon.colcon_core.package_identification:_identify(src) by extension 'ignore_ament_install'
[0.097s] Level 1:colcon.colcon_core.package_identification:_identify(src) by extensions ['colcon_pkg']
[0.097s] Level 1:colcon.colcon_core.package_identification:_identify(src) by extension 'colcon_pkg'
[0.097s] Level 1:colcon.colcon_core.package_identification:_identify(src) by extensions ['colcon_meta']
[0.097s] Level 1:colcon.colcon_core.package_identification:_identify(src) by extension 'colcon_meta'
[0.097s] Level 1:colcon.colcon_core.package_identification:_identify(src) by extensions ['ros']
[0.097s] Level 1:colcon.colcon_core.package_identification:_identify(src) by extension 'ros'
[0.097s] Level 1:colcon.colcon_core.package_identification:_identify(src) by extensions ['cmake', 'python']
[0.097s] Level 1:colcon.colcon_core.package_identification:_identify(src) by extension 'cmake'
[0.097s] Level 1:colcon.colcon_core.package_identification:_identify(src) by extension 'python'
[0.097s] Level 1:colcon.colcon_core.package_identification:_identify(src) by extensions ['python_setup_py']
[0.097s] Level 1:colcon.colcon_core.package_identification:_identify(src) by extension 'python_setup_py'
[0.097s] Level 1:colcon.colcon_core.package_identification:_identify(src/block1_Ondrejka) by extensions ['ignore', 'ignore_ament_install']
[0.097s] Level 1:colcon.colcon_core.package_identification:_identify(src/block1_Ondrejka) by extension 'ignore'
[0.097s] Level 1:colcon.colcon_core.package_identification:_identify(src/block1_Ondrejka) by extension 'ignore_ament_install'
[0.097s] Level 1:colcon.colcon_core.package_identification:_identify(src/block1_Ondrejka) by extensions ['colcon_pkg']
[0.097s] Level 1:colcon.colcon_core.package_identification:_identify(src/block1_Ondrejka) by extension 'colcon_pkg'
[0.097s] Level 1:colcon.colcon_core.package_identification:_identify(src/block1_Ondrejka) by extensions ['colcon_meta']
[0.097s] Level 1:colcon.colcon_core.package_identification:_identify(src/block1_Ondrejka) by extension 'colcon_meta'
[0.097s] Level 1:colcon.colcon_core.package_identification:_identify(src/block1_Ondrejka) by extensions ['ros']
[0.097s] Level 1:colcon.colcon_core.package_identification:_identify(src/block1_Ondrejka) by extension 'ros'
[0.099s] DEBUG:colcon.colcon_core.package_identification:Package 'src/block1_Ondrejka' with type 'ros.ament_cmake' and name 'block1_Ondrejka'
[0.099s] Level 1:colcon.colcon_core.package_identification:_identify(src/cv1) by extensions ['ignore', 'ignore_ament_install']
[0.099s] Level 1:colcon.colcon_core.package_identification:_identify(src/cv1) by extension 'ignore'
[0.099s] Level 1:colcon.colcon_core.package_identification:_identify(src/cv1) by extension 'ignore_ament_install'
[0.099s] Level 1:colcon.colcon_core.package_identification:_identify(src/cv1) by extensions ['colcon_pkg']
[0.099s] Level 1:colcon.colcon_core.package_identification:_identify(src/cv1) by extension 'colcon_pkg'
[0.099s] Level 1:colcon.colcon_core.package_identification:_identify(src/cv1) by extensions ['colcon_meta']
[0.099s] Level 1:colcon.colcon_core.package_identification:_identify(src/cv1) by extension 'colcon_meta'
[0.099s] Level 1:colcon.colcon_core.package_identification:_identify(src/cv1) by extensions ['ros']
[0.099s] Level 1:colcon.colcon_core.package_identification:_identify(src/cv1) by extension 'ros'
[0.099s] DEBUG:colcon.colcon_core.package_identification:Package 'src/cv1' with type 'ros.ament_cmake' and name 'cv1'
[0.099s] Level 1:colcon.colcon_core.package_identification:_identify(src/cv2) by extensions ['ignore', 'ignore_ament_install']
[0.100s] Level 1:colcon.colcon_core.package_identification:_identify(src/cv2) by extension 'ignore'
[0.100s] Level 1:colcon.colcon_core.package_identification:_identify(src/cv2) by extension 'ignore_ament_install'
[0.100s] Level 1:colcon.colcon_core.package_identification:_identify(src/cv2) by extensions ['colcon_pkg']
[0.100s] Level 1:colcon.colcon_core.package_identification:_identify(src/cv2) by extension 'colcon_pkg'
[0.100s] Level 1:colcon.colcon_core.package_identification:_identify(src/cv2) by extensions ['colcon_meta']
[0.100s] Level 1:colcon.colcon_core.package_identification:_identify(src/cv2) by extension 'colcon_meta'
[0.100s] Level 1:colcon.colcon_core.package_identification:_identify(src/cv2) by extensions ['ros']
[0.100s] Level 1:colcon.colcon_core.package_identification:_identify(src/cv2) by extension 'ros'
[0.100s] Level 1:colcon.colcon_core.package_identification:_identify(src/cv2) by extensions ['cmake', 'python']
[0.100s] Level 1:colcon.colcon_core.package_identification:_identify(src/cv2) by extension 'cmake'
[0.100s] Level 1:colcon.colcon_core.package_identification:_identify(src/cv2) by extension 'python'
[0.100s] Level 1:colcon.colcon_core.package_identification:_identify(src/cv2) by extensions ['python_setup_py']
[0.100s] Level 1:colcon.colcon_core.package_identification:_identify(src/cv2) by extension 'python_setup_py'
[0.100s] Level 1:colcon.colcon_core.package_identification:_identify(src/cv2/include) by extensions ['ignore', 'ignore_ament_install']
[0.100s] Level 1:colcon.colcon_core.package_identification:_identify(src/cv2/include) by extension 'ignore'
[0.100s] Level 1:colcon.colcon_core.package_identification:_identify(src/cv2/include) by extension 'ignore_ament_install'
[0.100s] Level 1:colcon.colcon_core.package_identification:_identify(src/cv2/include) by extensions ['colcon_pkg']
[0.100s] Level 1:colcon.colcon_core.package_identification:_identify(src/cv2/include) by extension 'colcon_pkg'
[0.100s] Level 1:colcon.colcon_core.package_identification:_identify(src/cv2/include) by extensions ['colcon_meta']
[0.100s] Level 1:colcon.colcon_core.package_identification:_identify(src/cv2/include) by extension 'colcon_meta'
[0.100s] Level 1:colcon.colcon_core.package_identification:_identify(src/cv2/include) by extensions ['ros']
[0.100s] Level 1:colcon.colcon_core.package_identification:_identify(src/cv2/include) by extension 'ros'
[0.100s] Level 1:colcon.colcon_core.package_identification:_identify(src/cv2/include) by extensions ['cmake', 'python']
[0.100s] Level 1:colcon.colcon_core.package_identification:_identify(src/cv2/include) by extension 'cmake'
[0.100s] Level 1:colcon.colcon_core.package_identification:_identify(src/cv2/include) by extension 'python'
[0.100s] Level 1:colcon.colcon_core.package_identification:_identify(src/cv2/include) by extensions ['python_setup_py']
[0.100s] Level 1:colcon.colcon_core.package_identification:_identify(src/cv2/include) by extension 'python_setup_py'
[0.100s] Level 1:colcon.colcon_core.package_identification:_identify(src/cv2/rrm_msgs) by extensions ['ignore', 'ignore_ament_install']
[0.100s] Level 1:colcon.colcon_core.package_identification:_identify(src/cv2/rrm_msgs) by extension 'ignore'
[0.100s] Level 1:colcon.colcon_core.package_identification:_identify(src/cv2/rrm_msgs) by extension 'ignore_ament_install'
[0.100s] Level 1:colcon.colcon_core.package_identification:_identify(src/cv2/rrm_msgs) by extensions ['colcon_pkg']
[0.100s] Level 1:colcon.colcon_core.package_identification:_identify(src/cv2/rrm_msgs) by extension 'colcon_pkg'
[0.100s] Level 1:colcon.colcon_core.package_identification:_identify(src/cv2/rrm_msgs) by extensions ['colcon_meta']
[0.100s] Level 1:colcon.colcon_core.package_identification:_identify(src/cv2/rrm_msgs) by extension 'colcon_meta'
[0.100s] Level 1:colcon.colcon_core.package_identification:_identify(src/cv2/rrm_msgs) by extensions ['ros']
[0.100s] Level 1:colcon.colcon_core.package_identification:_identify(src/cv2/rrm_msgs) by extension 'ros'
[0.101s] DEBUG:colcon.colcon_core.package_identification:Package 'src/cv2/rrm_msgs' with type 'ros.ament_cmake' and name 'rrm_msgs'
[0.101s] Level 1:colcon.colcon_core.package_identification:_identify(src/cv2/rrm_sim) by extensions ['ignore', 'ignore_ament_install']
[0.101s] Level 1:colcon.colcon_core.package_identification:_identify(src/cv2/rrm_sim) by extension 'ignore'
[0.101s] Level 1:colcon.colcon_core.package_identification:_identify(src/cv2/rrm_sim) by extension 'ignore_ament_install'
[0.101s] Level 1:colcon.colcon_core.package_identification:_identify(src/cv2/rrm_sim) by extensions ['colcon_pkg']
[0.101s] Level 1:colcon.colcon_core.package_identification:_identify(src/cv2/rrm_sim) by extension 'colcon_pkg'
[0.101s] Level 1:colcon.colcon_core.package_identification:_identify(src/cv2/rrm_sim) by extensions ['colcon_meta']
[0.101s] Level 1:colcon.colcon_core.package_identification:_identify(src/cv2/rrm_sim) by extension 'colcon_meta'
[0.101s] Level 1:colcon.colcon_core.package_identification:_identify(src/cv2/rrm_sim) by extensions ['ros']
[0.101s] Level 1:colcon.colcon_core.package_identification:_identify(src/cv2/rrm_sim) by extension 'ros'
[0.101s] DEBUG:colcon.colcon_core.package_identification:Package 'src/cv2/rrm_sim' with type 'ros.ament_cmake' and name 'rrm_sim'
[0.101s] Level 1:colcon.colcon_core.package_identification:_identify(src/cv2/rrm_simple_robot_model) by extensions ['ignore', 'ignore_ament_install']
[0.101s] Level 1:colcon.colcon_core.package_identification:_identify(src/cv2/rrm_simple_robot_model) by extension 'ignore'
[0.101s] Level 1:colcon.colcon_core.package_identification:_identify(src/cv2/rrm_simple_robot_model) by extension 'ignore_ament_install'
[0.101s] Level 1:colcon.colcon_core.package_identification:_identify(src/cv2/rrm_simple_robot_model) by extensions ['colcon_pkg']
[0.102s] Level 1:colcon.colcon_core.package_identification:_identify(src/cv2/rrm_simple_robot_model) by extension 'colcon_pkg'
[0.102s] Level 1:colcon.colcon_core.package_identification:_identify(src/cv2/rrm_simple_robot_model) by extensions ['colcon_meta']
[0.102s] Level 1:colcon.colcon_core.package_identification:_identify(src/cv2/rrm_simple_robot_model) by extension 'colcon_meta'
[0.102s] Level 1:colcon.colcon_core.package_identification:_identify(src/cv2/rrm_simple_robot_model) by extensions ['ros']
[0.102s] Level 1:colcon.colcon_core.package_identification:_identify(src/cv2/rrm_simple_robot_model) by extension 'ros'
[0.102s] DEBUG:colcon.colcon_core.package_identification:Package 'src/cv2/rrm_simple_robot_model' with type 'ros.ament_cmake' and name 'rrm_simple_robot_model'
[0.102s] Level 1:colcon.colcon_core.package_identification:_identify(src/cv2/src) by extensions ['ignore', 'ignore_ament_install']
[0.102s] Level 1:colcon.colcon_core.package_identification:_identify(src/cv2/src) by extension 'ignore'
[0.102s] Level 1:colcon.colcon_core.package_identification:_identify(src/cv2/src) by extension 'ignore_ament_install'
[0.102s] Level 1:colcon.colcon_core.package_identification:_identify(src/cv2/src) by extensions ['colcon_pkg']
[0.102s] Level 1:colcon.colcon_core.package_identification:_identify(src/cv2/src) by extension 'colcon_pkg'
[0.102s] Level 1:colcon.colcon_core.package_identification:_identify(src/cv2/src) by extensions ['colcon_meta']
[0.102s] Level 1:colcon.colcon_core.package_identification:_identify(src/cv2/src) by extension 'colcon_meta'
[0.102s] Level 1:colcon.colcon_core.package_identification:_identify(src/cv2/src) by extensions ['ros']
[0.102s] Level 1:colcon.colcon_core.package_identification:_identify(src/cv2/src) by extension 'ros'
[0.102s] Level 1:colcon.colcon_core.package_identification:_identify(src/cv2/src) by extensions ['cmake', 'python']
[0.102s] Level 1:colcon.colcon_core.package_identification:_identify(src/cv2/src) by extension 'cmake'
[0.102s] Level 1:colcon.colcon_core.package_identification:_identify(src/cv2/src) by extension 'python'
[0.102s] Level 1:colcon.colcon_core.package_identification:_identify(src/cv2/src) by extensions ['python_setup_py']
[0.102s] Level 1:colcon.colcon_core.package_identification:_identify(src/cv2/src) by extension 'python_setup_py'
[0.102s] Level 1:colcon.colcon_core.package_discovery:discover_packages(recursive) using defaults
[0.102s] Level 1:colcon.colcon_core.package_discovery:discover_packages(ignore) discover
[0.102s] Level 1:colcon.colcon_core.package_discovery:discover_packages(ignore) using defaults
[0.102s] Level 1:colcon.colcon_core.package_discovery:discover_packages(path) discover
[0.102s] Level 1:colcon.colcon_core.package_discovery:discover_packages(path) using defaults
[0.115s] Level 1:colcon.colcon_core.package_discovery:discover_packages(prefix_path) check parameters
[0.116s] Level 1:colcon.colcon_core.package_discovery:discover_packages(prefix_path) discover
[0.117s] DEBUG:colcon.colcon_installed_package_information.package_discovery:Found 5 installed packages in /home/greeny/ros2_ws_rrm/install
[0.117s] DEBUG:colcon.colcon_installed_package_information.package_discovery:Found 286 installed packages in /opt/ros/jazzy
[0.118s] Level 1:colcon.colcon_core.package_discovery:discover_packages(prefix_path) using defaults
[0.140s] Level 5:colcon.colcon_core.verb:set package 'cv1' build argument 'cmake_args' from command line to 'None'
[0.140s] Level 5:colcon.colcon_core.verb:set package 'cv1' build argument 'cmake_target' from command line to 'None'
[0.140s] Level 5:colcon.colcon_core.verb:set package 'cv1' build argument 'cmake_target_skip_unavailable' from command line to 'False'
[0.140s] Level 5:colcon.colcon_core.verb:set package 'cv1' build argument 'cmake_clean_cache' from command line to 'False'
[0.140s] Level 5:colcon.colcon_core.verb:set package 'cv1' build argument 'cmake_clean_first' from command line to 'False'
[0.140s] Level 5:colcon.colcon_core.verb:set package 'cv1' build argument 'cmake_force_configure' from command line to 'False'
[0.140s] Level 5:colcon.colcon_core.verb:set package 'cv1' build argument 'ament_cmake_args' from command line to 'None'
[0.140s] Level 5:colcon.colcon_core.verb:set package 'cv1' build argument 'catkin_cmake_args' from command line to 'None'
[0.140s] Level 5:colcon.colcon_core.verb:set package 'cv1' build argument 'catkin_skip_building_tests' from command line to 'False'
[0.140s] DEBUG:colcon.colcon_core.verb:Building package 'cv1' with the following arguments: {'ament_cmake_args': None, 'build_base': '/home/greeny/ros2_ws_rrm/build/cv1', 'catkin_cmake_args': None, 'catkin_skip_building_tests': False, 'cmake_args': None, 'cmake_clean_cache': False, 'cmake_clean_first': False, 'cmake_force_configure': False, 'cmake_target': None, 'cmake_target_skip_unavailable': False, 'install_base': '/home/greeny/ros2_ws_rrm/install/cv1', 'merge_install': False, 'path': '/home/greeny/ros2_ws_rrm/src/cv1', 'symlink_install': False, 'test_result_base': None}
[0.140s] Level 5:colcon.colcon_core.verb:set package 'rrm_msgs' build argument 'cmake_args' from command line to 'None'
[0.140s] Level 5:colcon.colcon_core.verb:set package 'rrm_msgs' build argument 'cmake_target' from command line to 'None'
[0.140s] Level 5:colcon.colcon_core.verb:set package 'rrm_msgs' build argument 'cmake_target_skip_unavailable' from command line to 'False'
[0.140s] Level 5:colcon.colcon_core.verb:set package 'rrm_msgs' build argument 'cmake_clean_cache' from command line to 'False'
[0.140s] Level 5:colcon.colcon_core.verb:set package 'rrm_msgs' build argument 'cmake_clean_first' from command line to 'False'
[0.140s] Level 5:colcon.colcon_core.verb:set package 'rrm_msgs' build argument 'cmake_force_configure' from command line to 'False'
[0.140s] Level 5:colcon.colcon_core.verb:set package 'rrm_msgs' build argument 'ament_cmake_args' from command line to 'None'
[0.140s] Level 5:colcon.colcon_core.verb:set package 'rrm_msgs' build argument 'catkin_cmake_args' from command line to 'None'
[0.140s] Level 5:colcon.colcon_core.verb:set package 'rrm_msgs' build argument 'catkin_skip_building_tests' from command line to 'False'
[0.140s] DEBUG:colcon.colcon_core.verb:Building package 'rrm_msgs' with the following arguments: {'ament_cmake_args': None, 'build_base': '/home/greeny/ros2_ws_rrm/build/rrm_msgs', 'catkin_cmake_args': None, 'catkin_skip_building_tests': False, 'cmake_args': None, 'cmake_clean_cache': False, 'cmake_clean_first': False, 'cmake_force_configure': False, 'cmake_target': None, 'cmake_target_skip_unavailable': False, 'install_base': '/home/greeny/ros2_ws_rrm/install/rrm_msgs', 'merge_install': False, 'path': '/home/greeny/ros2_ws_rrm/src/cv2/rrm_msgs', 'symlink_install': False, 'test_result_base': None}
[0.140s] Level 5:colcon.colcon_core.verb:set package 'rrm_simple_robot_model' build argument 'cmake_args' from command line to 'None'
[0.140s] Level 5:colcon.colcon_core.verb:set package 'rrm_simple_robot_model' build argument 'cmake_target' from command line to 'None'
[0.140s] Level 5:colcon.colcon_core.verb:set package 'rrm_simple_robot_model' build argument 'cmake_target_skip_unavailable' from command line to 'False'
[0.140s] Level 5:colcon.colcon_core.verb:set package 'rrm_simple_robot_model' build argument 'cmake_clean_cache' from command line to 'False'
[0.140s] Level 5:colcon.colcon_core.verb:set package 'rrm_simple_robot_model' build argument 'cmake_clean_first' from command line to 'False'
[0.140s] Level 5:colcon.colcon_core.verb:set package 'rrm_simple_robot_model' build argument 'cmake_force_configure' from command line to 'False'
[0.140s] Level 5:colcon.colcon_core.verb:set package 'rrm_simple_robot_model' build argument 'ament_cmake_args' from command line to 'None'
[0.140s] Level 5:colcon.colcon_core.verb:set package 'rrm_simple_robot_model' build argument 'catkin_cmake_args' from command line to 'None'
[0.140s] Level 5:colcon.colcon_core.verb:set package 'rrm_simple_robot_model' build argument 'catkin_skip_building_tests' from command line to 'False'
[0.140s] DEBUG:colcon.colcon_core.verb:Building package 'rrm_simple_robot_model' with the following arguments: {'ament_cmake_args': None, 'build_base': '/home/greeny/ros2_ws_rrm/build/rrm_simple_robot_model', 'catkin_cmake_args': None, 'catkin_skip_building_tests': False, 'cmake_args': None, 'cmake_clean_cache': False, 'cmake_clean_first': False, 'cmake_force_configure': False, 'cmake_target': None, 'cmake_target_skip_unavailable': False, 'install_base': '/home/greeny/ros2_ws_rrm/install/rrm_simple_robot_model', 'merge_install': False, 'path': '/home/greeny/ros2_ws_rrm/src/cv2/rrm_simple_robot_model', 'symlink_install': False, 'test_result_base': None}
[0.140s] Level 5:colcon.colcon_core.verb:set package 'block1_Ondrejka' build argument 'cmake_args' from command line to 'None'
[0.140s] Level 5:colcon.colcon_core.verb:set package 'block1_Ondrejka' build argument 'cmake_target' from command line to 'None'
[0.140s] Level 5:colcon.colcon_core.verb:set package 'block1_Ondrejka' build argument 'cmake_target_skip_unavailable' from command line to 'False'
[0.140s] Level 5:colcon.colcon_core.verb:set package 'block1_Ondrejka' build argument 'cmake_clean_cache' from command line to 'False'
[0.141s] Level 5:colcon.colcon_core.verb:set package 'block1_Ondrejka' build argument 'cmake_clean_first' from command line to 'False'
[0.141s] Level 5:colcon.colcon_core.verb:set package 'block1_Ondrejka' build argument 'cmake_force_configure' from command line to 'False'
[0.141s] Level 5:colcon.colcon_core.verb:set package 'block1_Ondrejka' build argument 'ament_cmake_args' from command line to 'None'
[0.141s] Level 5:colcon.colcon_core.verb:set package 'block1_Ondrejka' build argument 'catkin_cmake_args' from command line to 'None'
[0.141s] Level 5:colcon.colcon_core.verb:set package 'block1_Ondrejka' build argument 'catkin_skip_building_tests' from command line to 'False'
[0.141s] DEBUG:colcon.colcon_core.verb:Building package 'block1_Ondrejka' with the following arguments: {'ament_cmake_args': None, 'build_base': '/home/greeny/ros2_ws_rrm/build/block1_Ondrejka', 'catkin_cmake_args': None, 'catkin_skip_building_tests': False, 'cmake_args': None, 'cmake_clean_cache': False, 'cmake_clean_first': False, 'cmake_force_configure': False, 'cmake_target': None, 'cmake_target_skip_unavailable': False, 'install_base': '/home/greeny/ros2_ws_rrm/install/block1_Ondrejka', 'merge_install': False, 'path': '/home/greeny/ros2_ws_rrm/src/block1_Ondrejka', 'symlink_install': False, 'test_result_base': None}
[0.141s] Level 5:colcon.colcon_core.verb:set package 'rrm_sim' build argument 'cmake_args' from command line to 'None'
[0.141s] Level 5:colcon.colcon_core.verb:set package 'rrm_sim' build argument 'cmake_target' from command line to 'None'
[0.141s] Level 5:colcon.colcon_core.verb:set package 'rrm_sim' build argument 'cmake_target_skip_unavailable' from command line to 'False'
[0.141s] Level 5:colcon.colcon_core.verb:set package 'rrm_sim' build argument 'cmake_clean_cache' from command line to 'False'
[0.141s] Level 5:colcon.colcon_core.verb:set package 'rrm_sim' build argument 'cmake_clean_first' from command line to 'False'
[0.141s] Level 5:colcon.colcon_core.verb:set package 'rrm_sim' build argument 'cmake_force_configure' from command line to 'False'
[0.141s] Level 5:colcon.colcon_core.verb:set package 'rrm_sim' build argument 'ament_cmake_args' from command line to 'None'
[0.141s] Level 5:colcon.colcon_core.verb:set package 'rrm_sim' build argument 'catkin_cmake_args' from command line to 'None'
[0.141s] Level 5:colcon.colcon_core.verb:set package 'rrm_sim' build argument 'catkin_skip_building_tests' from command line to 'False'
[0.141s] DEBUG:colcon.colcon_core.verb:Building package 'rrm_sim' with the following arguments: {'ament_cmake_args': None, 'build_base': '/home/greeny/ros2_ws_rrm/build/rrm_sim', 'catkin_cmake_args': None, 'catkin_skip_building_tests': False, 'cmake_args': None, 'cmake_clean_cache': False, 'cmake_clean_first': False, 'cmake_force_configure': False, 'cmake_target': None, 'cmake_target_skip_unavailable': False, 'install_base': '/home/greeny/ros2_ws_rrm/install/rrm_sim', 'merge_install': False, 'path': '/home/greeny/ros2_ws_rrm/src/cv2/rrm_sim', 'symlink_install': False, 'test_result_base': None}
[0.141s] INFO:colcon.colcon_core.executor:Executing jobs using 'parallel' executor
[0.142s] DEBUG:colcon.colcon_parallel_executor.executor.parallel:run_until_complete
[0.142s] INFO:colcon.colcon_ros.task.ament_cmake.build:Building ROS package in '/home/greeny/ros2_ws_rrm/src/cv2/rrm_msgs' with build type 'ament_cmake'
[0.142s] INFO:colcon.colcon_cmake.task.cmake.build:Building CMake package in '/home/greeny/ros2_ws_rrm/src/cv2/rrm_msgs'
[0.143s] INFO:colcon.colcon_core.plugin_system:Skipping extension 'colcon_core.shell.bat': Not used on non-Windows systems
[0.143s] INFO:colcon.colcon_core.shell:Skip shell extension 'powershell' for command environment: Not usable outside of PowerShell
[0.143s] DEBUG:colcon.colcon_core.shell:Skip shell extension 'dsv' for command environment
[0.145s] INFO:colcon.colcon_ros.task.ament_cmake.build:Building ROS package in '/home/greeny/ros2_ws_rrm/src/cv1' with build type 'ament_cmake'
[0.145s] INFO:colcon.colcon_cmake.task.cmake.build:Building CMake package in '/home/greeny/ros2_ws_rrm/src/cv1'
[0.146s] INFO:colcon.colcon_core.shell:Skip shell extension 'powershell' for command environment: Not usable outside of PowerShell
[0.146s] DEBUG:colcon.colcon_core.shell:Skip shell extension 'dsv' for command environment
[0.148s] INFO:colcon.colcon_ros.task.ament_cmake.build:Building ROS package in '/home/greeny/ros2_ws_rrm/src/cv2/rrm_simple_robot_model' with build type 'ament_cmake'
[0.148s] INFO:colcon.colcon_cmake.task.cmake.build:Building CMake package in '/home/greeny/ros2_ws_rrm/src/cv2/rrm_simple_robot_model'
[0.149s] INFO:colcon.colcon_core.shell:Skip shell extension 'powershell' for command environment: Not usable outside of PowerShell
[0.149s] DEBUG:colcon.colcon_core.shell:Skip shell extension 'dsv' for command environment
[0.157s] DEBUG:colcon.colcon_core.event_handler.log_command:Invoking command in '/home/greeny/ros2_ws_rrm/build/rrm_msgs': CMAKE_PREFIX_PATH=${CMAKE_PREFIX_PATH}:/opt/ros/jazzy DEBUGINFOD_URLS=https://debuginfod.ubuntu.com /usr/bin/cmake --build /home/greeny/ros2_ws_rrm/build/rrm_msgs -- -j16 -l16
[0.160s] DEBUG:colcon.colcon_core.event_handler.log_command:Invoking command in '/home/greeny/ros2_ws_rrm/build/cv1': CMAKE_PREFIX_PATH=${CMAKE_PREFIX_PATH}:/opt/ros/jazzy DEBUGINFOD_URLS=https://debuginfod.ubuntu.com /usr/bin/cmake --build /home/greeny/ros2_ws_rrm/build/cv1 -- -j16 -l16
[0.163s] DEBUG:colcon.colcon_core.event_handler.log_command:Invoking command in '/home/greeny/ros2_ws_rrm/build/rrm_simple_robot_model': CMAKE_PREFIX_PATH=${CMAKE_PREFIX_PATH}:/opt/ros/jazzy DEBUGINFOD_URLS=https://debuginfod.ubuntu.com /usr/bin/cmake --build /home/greeny/ros2_ws_rrm/build/rrm_simple_robot_model -- -j16 -l16
[0.205s] DEBUG:colcon.colcon_core.event_handler.log_command:Invoked command in '/home/greeny/ros2_ws_rrm/build/rrm_simple_robot_model' returned '0': CMAKE_PREFIX_PATH=${CMAKE_PREFIX_PATH}:/opt/ros/jazzy DEBUGINFOD_URLS=https://debuginfod.ubuntu.com /usr/bin/cmake --build /home/greeny/ros2_ws_rrm/build/rrm_simple_robot_model -- -j16 -l16
[0.217s] DEBUG:colcon.colcon_core.event_handler.log_command:Invoking command in '/home/greeny/ros2_ws_rrm/build/rrm_simple_robot_model': CMAKE_PREFIX_PATH=${CMAKE_PREFIX_PATH}:/opt/ros/jazzy DEBUGINFOD_URLS=https://debuginfod.ubuntu.com /usr/bin/cmake --install /home/greeny/ros2_ws_rrm/build/rrm_simple_robot_model
[0.220s] DEBUG:colcon.colcon_core.event_handler.log_command:Invoked command in '/home/greeny/ros2_ws_rrm/build/cv1' returned '0': CMAKE_PREFIX_PATH=${CMAKE_PREFIX_PATH}:/opt/ros/jazzy DEBUGINFOD_URLS=https://debuginfod.ubuntu.com /usr/bin/cmake --build /home/greeny/ros2_ws_rrm/build/cv1 -- -j16 -l16
[0.221s] DEBUG:colcon.colcon_core.event_handler.log_command:Invoking command in '/home/greeny/ros2_ws_rrm/build/cv1': CMAKE_PREFIX_PATH=${CMAKE_PREFIX_PATH}:/opt/ros/jazzy DEBUGINFOD_URLS=https://debuginfod.ubuntu.com /usr/bin/cmake --install /home/greeny/ros2_ws_rrm/build/cv1
[0.227s] Level 1:colcon.colcon_core.environment:create_environment_scripts_only(rrm_simple_robot_model)
[0.227s] DEBUG:colcon.colcon_core.event_handler.log_command:Invoked command in '/home/greeny/ros2_ws_rrm/build/rrm_simple_robot_model' returned '0': CMAKE_PREFIX_PATH=${CMAKE_PREFIX_PATH}:/opt/ros/jazzy DEBUGINFOD_URLS=https://debuginfod.ubuntu.com /usr/bin/cmake --install /home/greeny/ros2_ws_rrm/build/rrm_simple_robot_model
[0.229s] Level 1:colcon.colcon_core.environment:checking '/home/greeny/ros2_ws_rrm/install/rrm_simple_robot_model' for CMake module files
[0.230s] Level 1:colcon.colcon_core.environment:checking '/home/greeny/ros2_ws_rrm/install/rrm_simple_robot_model' for CMake config files
[0.230s] Level 1:colcon.colcon_core.shell:create_environment_hook('rrm_simple_robot_model', 'cmake_prefix_path')
[0.230s] INFO:colcon.colcon_core.shell:Creating environment hook '/home/greeny/ros2_ws_rrm/install/rrm_simple_robot_model/share/rrm_simple_robot_model/hook/cmake_prefix_path.ps1'
[0.231s] INFO:colcon.colcon_core.shell:Creating environment descriptor '/home/greeny/ros2_ws_rrm/install/rrm_simple_robot_model/share/rrm_simple_robot_model/hook/cmake_prefix_path.dsv'
[0.231s] INFO:colcon.colcon_core.shell:Creating environment hook '/home/greeny/ros2_ws_rrm/install/rrm_simple_robot_model/share/rrm_simple_robot_model/hook/cmake_prefix_path.sh'
[0.232s] Level 1:colcon.colcon_core.environment:checking '/home/greeny/ros2_ws_rrm/install/rrm_simple_robot_model/bin'
[0.232s] Level 1:colcon.colcon_core.environment:checking '/home/greeny/ros2_ws_rrm/install/rrm_simple_robot_model/lib/pkgconfig/rrm_simple_robot_model.pc'
[0.232s] Level 1:colcon.colcon_core.environment:checking '/home/greeny/ros2_ws_rrm/install/rrm_simple_robot_model/lib/python3.12/site-packages'
[0.233s] Level 1:colcon.colcon_core.environment:checking '/home/greeny/ros2_ws_rrm/install/rrm_simple_robot_model/bin'
[0.233s] INFO:colcon.colcon_core.shell:Creating package script '/home/greeny/ros2_ws_rrm/install/rrm_simple_robot_model/share/rrm_simple_robot_model/package.ps1'
[0.235s] INFO:colcon.colcon_core.shell:Creating package descriptor '/home/greeny/ros2_ws_rrm/install/rrm_simple_robot_model/share/rrm_simple_robot_model/package.dsv'
[0.236s] INFO:colcon.colcon_core.shell:Creating package script '/home/greeny/ros2_ws_rrm/install/rrm_simple_robot_model/share/rrm_simple_robot_model/package.sh'
[0.237s] INFO:colcon.colcon_core.shell:Creating package script '/home/greeny/ros2_ws_rrm/install/rrm_simple_robot_model/share/rrm_simple_robot_model/package.bash'
[0.238s] INFO:colcon.colcon_core.shell:Creating package script '/home/greeny/ros2_ws_rrm/install/rrm_simple_robot_model/share/rrm_simple_robot_model/package.zsh'
[0.239s] Level 1:colcon.colcon_core.environment:create_file_with_runtime_dependencies(/home/greeny/ros2_ws_rrm/install/rrm_simple_robot_model/share/colcon-core/packages/rrm_simple_robot_model)
[0.240s] Level 1:colcon.colcon_core.environment:create_environment_scripts_only(rrm_simple_robot_model)
[0.240s] Level 1:colcon.colcon_core.environment:checking '/home/greeny/ros2_ws_rrm/install/rrm_simple_robot_model' for CMake module files
[0.242s] Level 1:colcon.colcon_core.environment:checking '/home/greeny/ros2_ws_rrm/install/rrm_simple_robot_model' for CMake config files
[0.242s] Level 1:colcon.colcon_core.shell:create_environment_hook('rrm_simple_robot_model', 'cmake_prefix_path')
[0.242s] INFO:colcon.colcon_core.shell:Creating environment hook '/home/greeny/ros2_ws_rrm/install/rrm_simple_robot_model/share/rrm_simple_robot_model/hook/cmake_prefix_path.ps1'
[0.243s] INFO:colcon.colcon_core.shell:Creating environment descriptor '/home/greeny/ros2_ws_rrm/install/rrm_simple_robot_model/share/rrm_simple_robot_model/hook/cmake_prefix_path.dsv'
[0.244s] INFO:colcon.colcon_core.shell:Creating environment hook '/home/greeny/ros2_ws_rrm/install/rrm_simple_robot_model/share/rrm_simple_robot_model/hook/cmake_prefix_path.sh'
[0.245s] Level 1:colcon.colcon_core.environment:checking '/home/greeny/ros2_ws_rrm/install/rrm_simple_robot_model/bin'
[0.245s] Level 1:colcon.colcon_core.environment:checking '/home/greeny/ros2_ws_rrm/install/rrm_simple_robot_model/lib/pkgconfig/rrm_simple_robot_model.pc'
[0.245s] Level 1:colcon.colcon_core.environment:checking '/home/greeny/ros2_ws_rrm/install/rrm_simple_robot_model/lib/python3.12/site-packages'
[0.246s] Level 1:colcon.colcon_core.environment:checking '/home/greeny/ros2_ws_rrm/install/rrm_simple_robot_model/bin'
[0.246s] INFO:colcon.colcon_core.shell:Creating package script '/home/greeny/ros2_ws_rrm/install/rrm_simple_robot_model/share/rrm_simple_robot_model/package.ps1'
[0.247s] INFO:colcon.colcon_core.shell:Creating package descriptor '/home/greeny/ros2_ws_rrm/install/rrm_simple_robot_model/share/rrm_simple_robot_model/package.dsv'
[0.247s] INFO:colcon.colcon_core.shell:Creating package script '/home/greeny/ros2_ws_rrm/install/rrm_simple_robot_model/share/rrm_simple_robot_model/package.sh'
[0.248s] INFO:colcon.colcon_core.shell:Creating package script '/home/greeny/ros2_ws_rrm/install/rrm_simple_robot_model/share/rrm_simple_robot_model/package.bash'
[0.248s] INFO:colcon.colcon_core.shell:Creating package script '/home/greeny/ros2_ws_rrm/install/rrm_simple_robot_model/share/rrm_simple_robot_model/package.zsh'
[0.249s] Level 1:colcon.colcon_core.environment:create_file_with_runtime_dependencies(/home/greeny/ros2_ws_rrm/install/rrm_simple_robot_model/share/colcon-core/packages/rrm_simple_robot_model)
[0.251s] Level 1:colcon.colcon_core.environment:create_environment_scripts_only(cv1)
[0.252s] Level 1:colcon.colcon_core.environment:checking '/home/greeny/ros2_ws_rrm/install/cv1' for CMake module files
[0.253s] DEBUG:colcon.colcon_core.event_handler.log_command:Invoked command in '/home/greeny/ros2_ws_rrm/build/cv1' returned '0': CMAKE_PREFIX_PATH=${CMAKE_PREFIX_PATH}:/opt/ros/jazzy DEBUGINFOD_URLS=https://debuginfod.ubuntu.com /usr/bin/cmake --install /home/greeny/ros2_ws_rrm/build/cv1
[0.254s] Level 1:colcon.colcon_core.environment:checking '/home/greeny/ros2_ws_rrm/install/cv1' for CMake config files
[0.254s] Level 1:colcon.colcon_core.shell:create_environment_hook('cv1', 'cmake_prefix_path')
[0.255s] INFO:colcon.colcon_core.shell:Creating environment hook '/home/greeny/ros2_ws_rrm/install/cv1/share/cv1/hook/cmake_prefix_path.ps1'
[0.256s] INFO:colcon.colcon_core.shell:Creating environment descriptor '/home/greeny/ros2_ws_rrm/install/cv1/share/cv1/hook/cmake_prefix_path.dsv'
[0.257s] INFO:colcon.colcon_core.shell:Creating environment hook '/home/greeny/ros2_ws_rrm/install/cv1/share/cv1/hook/cmake_prefix_path.sh'
[0.259s] Level 1:colcon.colcon_core.environment:checking '/home/greeny/ros2_ws_rrm/install/cv1/lib'
[0.259s] Level 1:colcon.colcon_core.environment:checking '/home/greeny/ros2_ws_rrm/install/cv1/bin'
[0.259s] Level 1:colcon.colcon_core.environment:checking '/home/greeny/ros2_ws_rrm/install/cv1/lib/pkgconfig/cv1.pc'
[0.259s] Level 1:colcon.colcon_core.environment:checking '/home/greeny/ros2_ws_rrm/install/cv1/lib/python3.12/site-packages'
[0.260s] Level 1:colcon.colcon_core.environment:checking '/home/greeny/ros2_ws_rrm/install/cv1/bin'
[0.261s] INFO:colcon.colcon_core.shell:Creating package script '/home/greeny/ros2_ws_rrm/install/cv1/share/cv1/package.ps1'
[0.262s] INFO:colcon.colcon_core.shell:Creating package descriptor '/home/greeny/ros2_ws_rrm/install/cv1/share/cv1/package.dsv'
[0.263s] INFO:colcon.colcon_core.shell:Creating package script '/home/greeny/ros2_ws_rrm/install/cv1/share/cv1/package.sh'
[0.264s] INFO:colcon.colcon_core.shell:Creating package script '/home/greeny/ros2_ws_rrm/install/cv1/share/cv1/package.bash'
[0.265s] INFO:colcon.colcon_core.shell:Creating package script '/home/greeny/ros2_ws_rrm/install/cv1/share/cv1/package.zsh'
[0.265s] Level 1:colcon.colcon_core.environment:create_file_with_runtime_dependencies(/home/greeny/ros2_ws_rrm/install/cv1/share/colcon-core/packages/cv1)
[0.266s] Level 1:colcon.colcon_core.environment:create_environment_scripts_only(cv1)
[0.266s] Level 1:colcon.colcon_core.environment:checking '/home/greeny/ros2_ws_rrm/install/cv1' for CMake module files
[0.267s] Level 1:colcon.colcon_core.environment:checking '/home/greeny/ros2_ws_rrm/install/cv1' for CMake config files
[0.268s] Level 1:colcon.colcon_core.shell:create_environment_hook('cv1', 'cmake_prefix_path')
[0.268s] INFO:colcon.colcon_core.shell:Creating environment hook '/home/greeny/ros2_ws_rrm/install/cv1/share/cv1/hook/cmake_prefix_path.ps1'
[0.269s] INFO:colcon.colcon_core.shell:Creating environment descriptor '/home/greeny/ros2_ws_rrm/install/cv1/share/cv1/hook/cmake_prefix_path.dsv'
[0.269s] INFO:colcon.colcon_core.shell:Creating environment hook '/home/greeny/ros2_ws_rrm/install/cv1/share/cv1/hook/cmake_prefix_path.sh'
[0.270s] Level 1:colcon.colcon_core.environment:checking '/home/greeny/ros2_ws_rrm/install/cv1/lib'
[0.270s] Level 1:colcon.colcon_core.environment:checking '/home/greeny/ros2_ws_rrm/install/cv1/bin'
[0.270s] Level 1:colcon.colcon_core.environment:checking '/home/greeny/ros2_ws_rrm/install/cv1/lib/pkgconfig/cv1.pc'
[0.271s] Level 1:colcon.colcon_core.environment:checking '/home/greeny/ros2_ws_rrm/install/cv1/lib/python3.12/site-packages'
[0.271s] Level 1:colcon.colcon_core.environment:checking '/home/greeny/ros2_ws_rrm/install/cv1/bin'
[0.272s] INFO:colcon.colcon_core.shell:Creating package script '/home/greeny/ros2_ws_rrm/install/cv1/share/cv1/package.ps1'
[0.272s] INFO:colcon.colcon_core.shell:Creating package descriptor '/home/greeny/ros2_ws_rrm/install/cv1/share/cv1/package.dsv'
[0.273s] INFO:colcon.colcon_core.shell:Creating package script '/home/greeny/ros2_ws_rrm/install/cv1/share/cv1/package.sh'
[0.273s] INFO:colcon.colcon_core.shell:Creating package script '/home/greeny/ros2_ws_rrm/install/cv1/share/cv1/package.bash'
[0.274s] INFO:colcon.colcon_core.shell:Creating package script '/home/greeny/ros2_ws_rrm/install/cv1/share/cv1/package.zsh'
[0.274s] Level 1:colcon.colcon_core.environment:create_file_with_runtime_dependencies(/home/greeny/ros2_ws_rrm/install/cv1/share/colcon-core/packages/cv1)
[0.486s] DEBUG:colcon.colcon_core.event_handler.log_command:Invoked command in '/home/greeny/ros2_ws_rrm/build/rrm_msgs' returned '0': CMAKE_PREFIX_PATH=${CMAKE_PREFIX_PATH}:/opt/ros/jazzy DEBUGINFOD_URLS=https://debuginfod.ubuntu.com /usr/bin/cmake --build /home/greeny/ros2_ws_rrm/build/rrm_msgs -- -j16 -l16
[0.487s] DEBUG:colcon.colcon_core.event_handler.log_command:Invoking command in '/home/greeny/ros2_ws_rrm/build/rrm_msgs': CMAKE_PREFIX_PATH=${CMAKE_PREFIX_PATH}:/opt/ros/jazzy DEBUGINFOD_URLS=https://debuginfod.ubuntu.com /usr/bin/cmake --install /home/greeny/ros2_ws_rrm/build/rrm_msgs
[0.531s] Level 1:colcon.colcon_core.environment:create_environment_scripts_only(rrm_msgs)
[0.531s] Level 1:colcon.colcon_core.environment:checking '/home/greeny/ros2_ws_rrm/install/rrm_msgs' for CMake module files
[0.531s] DEBUG:colcon.colcon_core.event_handler.log_command:Invoked command in '/home/greeny/ros2_ws_rrm/build/rrm_msgs' returned '0': CMAKE_PREFIX_PATH=${CMAKE_PREFIX_PATH}:/opt/ros/jazzy DEBUGINFOD_URLS=https://debuginfod.ubuntu.com /usr/bin/cmake --install /home/greeny/ros2_ws_rrm/build/rrm_msgs
[0.532s] Level 1:colcon.colcon_core.environment:checking '/home/greeny/ros2_ws_rrm/install/rrm_msgs' for CMake config files
[0.532s] Level 1:colcon.colcon_core.shell:create_environment_hook('rrm_msgs', 'cmake_prefix_path')
[0.532s] INFO:colcon.colcon_core.shell:Creating environment hook '/home/greeny/ros2_ws_rrm/install/rrm_msgs/share/rrm_msgs/hook/cmake_prefix_path.ps1'
[0.532s] INFO:colcon.colcon_core.shell:Creating environment descriptor '/home/greeny/ros2_ws_rrm/install/rrm_msgs/share/rrm_msgs/hook/cmake_prefix_path.dsv'
[0.533s] INFO:colcon.colcon_core.shell:Creating environment hook '/home/greeny/ros2_ws_rrm/install/rrm_msgs/share/rrm_msgs/hook/cmake_prefix_path.sh'
[0.533s] Level 1:colcon.colcon_core.environment:checking '/home/greeny/ros2_ws_rrm/install/rrm_msgs/lib'
[0.533s] Level 1:colcon.colcon_core.shell:create_environment_hook('rrm_msgs', 'ld_library_path_lib')
[0.533s] INFO:colcon.colcon_core.shell:Creating environment hook '/home/greeny/ros2_ws_rrm/install/rrm_msgs/share/rrm_msgs/hook/ld_library_path_lib.ps1'
[0.534s] INFO:colcon.colcon_core.shell:Creating environment descriptor '/home/greeny/ros2_ws_rrm/install/rrm_msgs/share/rrm_msgs/hook/ld_library_path_lib.dsv'
[0.534s] INFO:colcon.colcon_core.shell:Creating environment hook '/home/greeny/ros2_ws_rrm/install/rrm_msgs/share/rrm_msgs/hook/ld_library_path_lib.sh'
[0.534s] Level 1:colcon.colcon_core.environment:checking '/home/greeny/ros2_ws_rrm/install/rrm_msgs/bin'
[0.534s] Level 1:colcon.colcon_core.environment:checking '/home/greeny/ros2_ws_rrm/install/rrm_msgs/lib/pkgconfig/rrm_msgs.pc'
[0.534s] Level 1:colcon.colcon_core.environment:checking '/home/greeny/ros2_ws_rrm/install/rrm_msgs/lib/python3.12/site-packages'
[0.534s] Level 1:colcon.colcon_core.shell:create_environment_hook('rrm_msgs', 'pythonpath')
[0.534s] INFO:colcon.colcon_core.shell:Creating environment hook '/home/greeny/ros2_ws_rrm/install/rrm_msgs/share/rrm_msgs/hook/pythonpath.ps1'
[0.535s] INFO:colcon.colcon_core.shell:Creating environment descriptor '/home/greeny/ros2_ws_rrm/install/rrm_msgs/share/rrm_msgs/hook/pythonpath.dsv'
[0.535s] INFO:colcon.colcon_core.shell:Creating environment hook '/home/greeny/ros2_ws_rrm/install/rrm_msgs/share/rrm_msgs/hook/pythonpath.sh'
[0.535s] Level 1:colcon.colcon_core.environment:checking '/home/greeny/ros2_ws_rrm/install/rrm_msgs/bin'
[0.535s] INFO:colcon.colcon_core.shell:Creating package script '/home/greeny/ros2_ws_rrm/install/rrm_msgs/share/rrm_msgs/package.ps1'
[0.536s] INFO:colcon.colcon_core.shell:Creating package descriptor '/home/greeny/ros2_ws_rrm/install/rrm_msgs/share/rrm_msgs/package.dsv'
[0.536s] INFO:colcon.colcon_core.shell:Creating package script '/home/greeny/ros2_ws_rrm/install/rrm_msgs/share/rrm_msgs/package.sh'
[0.536s] INFO:colcon.colcon_core.shell:Creating package script '/home/greeny/ros2_ws_rrm/install/rrm_msgs/share/rrm_msgs/package.bash'
[0.537s] INFO:colcon.colcon_core.shell:Creating package script '/home/greeny/ros2_ws_rrm/install/rrm_msgs/share/rrm_msgs/package.zsh'
[0.537s] Level 1:colcon.colcon_core.environment:create_file_with_runtime_dependencies(/home/greeny/ros2_ws_rrm/install/rrm_msgs/share/colcon-core/packages/rrm_msgs)
[0.537s] Level 1:colcon.colcon_core.environment:create_environment_scripts_only(rrm_msgs)
[0.537s] Level 1:colcon.colcon_core.environment:checking '/home/greeny/ros2_ws_rrm/install/rrm_msgs' for CMake module files
[0.538s] Level 1:colcon.colcon_core.environment:checking '/home/greeny/ros2_ws_rrm/install/rrm_msgs' for CMake config files
[0.538s] Level 1:colcon.colcon_core.shell:create_environment_hook('rrm_msgs', 'cmake_prefix_path')
[0.538s] INFO:colcon.colcon_core.shell:Creating environment hook '/home/greeny/ros2_ws_rrm/install/rrm_msgs/share/rrm_msgs/hook/cmake_prefix_path.ps1'
[0.538s] INFO:colcon.colcon_core.shell:Creating environment descriptor '/home/greeny/ros2_ws_rrm/install/rrm_msgs/share/rrm_msgs/hook/cmake_prefix_path.dsv'
[0.538s] INFO:colcon.colcon_core.shell:Creating environment hook '/home/greeny/ros2_ws_rrm/install/rrm_msgs/share/rrm_msgs/hook/cmake_prefix_path.sh'
[0.539s] Level 1:colcon.colcon_core.environment:checking '/home/greeny/ros2_ws_rrm/install/rrm_msgs/lib'
[0.539s] Level 1:colcon.colcon_core.shell:create_environment_hook('rrm_msgs', 'ld_library_path_lib')
[0.539s] INFO:colcon.colcon_core.shell:Creating environment hook '/home/greeny/ros2_ws_rrm/install/rrm_msgs/share/rrm_msgs/hook/ld_library_path_lib.ps1'
[0.539s] INFO:colcon.colcon_core.shell:Creating environment descriptor '/home/greeny/ros2_ws_rrm/install/rrm_msgs/share/rrm_msgs/hook/ld_library_path_lib.dsv'
[0.539s] INFO:colcon.colcon_core.shell:Creating environment hook '/home/greeny/ros2_ws_rrm/install/rrm_msgs/share/rrm_msgs/hook/ld_library_path_lib.sh'
[0.539s] Level 1:colcon.colcon_core.environment:checking '/home/greeny/ros2_ws_rrm/install/rrm_msgs/bin'
[0.540s] Level 1:colcon.colcon_core.environment:checking '/home/greeny/ros2_ws_rrm/install/rrm_msgs/lib/pkgconfig/rrm_msgs.pc'
[0.540s] Level 1:colcon.colcon_core.environment:checking '/home/greeny/ros2_ws_rrm/install/rrm_msgs/lib/python3.12/site-packages'
[0.540s] Level 1:colcon.colcon_core.shell:create_environment_hook('rrm_msgs', 'pythonpath')
[0.540s] INFO:colcon.colcon_core.shell:Creating environment hook '/home/greeny/ros2_ws_rrm/install/rrm_msgs/share/rrm_msgs/hook/pythonpath.ps1'
[0.540s] INFO:colcon.colcon_core.shell:Creating environment descriptor '/home/greeny/ros2_ws_rrm/install/rrm_msgs/share/rrm_msgs/hook/pythonpath.dsv'
[0.540s] INFO:colcon.colcon_core.shell:Creating environment hook '/home/greeny/ros2_ws_rrm/install/rrm_msgs/share/rrm_msgs/hook/pythonpath.sh'
[0.541s] Level 1:colcon.colcon_core.environment:checking '/home/greeny/ros2_ws_rrm/install/rrm_msgs/bin'
[0.541s] INFO:colcon.colcon_core.shell:Creating package script '/home/greeny/ros2_ws_rrm/install/rrm_msgs/share/rrm_msgs/package.ps1'
[0.541s] INFO:colcon.colcon_core.shell:Creating package descriptor '/home/greeny/ros2_ws_rrm/install/rrm_msgs/share/rrm_msgs/package.dsv'
[0.542s] INFO:colcon.colcon_core.shell:Creating package script '/home/greeny/ros2_ws_rrm/install/rrm_msgs/share/rrm_msgs/package.sh'
[0.542s] INFO:colcon.colcon_core.shell:Creating package script '/home/greeny/ros2_ws_rrm/install/rrm_msgs/share/rrm_msgs/package.bash'
[0.542s] INFO:colcon.colcon_core.shell:Creating package script '/home/greeny/ros2_ws_rrm/install/rrm_msgs/share/rrm_msgs/package.zsh'
[0.543s] Level 1:colcon.colcon_core.environment:create_file_with_runtime_dependencies(/home/greeny/ros2_ws_rrm/install/rrm_msgs/share/colcon-core/packages/rrm_msgs)
[0.543s] INFO:colcon.colcon_ros.task.ament_cmake.build:Building ROS package in '/home/greeny/ros2_ws_rrm/src/block1_Ondrejka' with build type 'ament_cmake'
[0.543s] INFO:colcon.colcon_cmake.task.cmake.build:Building CMake package in '/home/greeny/ros2_ws_rrm/src/block1_Ondrejka'
[0.543s] INFO:colcon.colcon_core.shell:Skip shell extension 'powershell' for command environment: Not usable outside of PowerShell
[0.543s] DEBUG:colcon.colcon_core.shell:Skip shell extension 'dsv' for command environment
[0.546s] INFO:colcon.colcon_ros.task.ament_cmake.build:Building ROS package in '/home/greeny/ros2_ws_rrm/src/cv2/rrm_sim' with build type 'ament_cmake'
[0.546s] INFO:colcon.colcon_cmake.task.cmake.build:Building CMake package in '/home/greeny/ros2_ws_rrm/src/cv2/rrm_sim'
[0.546s] INFO:colcon.colcon_core.shell:Skip shell extension 'powershell' for command environment: Not usable outside of PowerShell
[0.546s] DEBUG:colcon.colcon_core.shell:Skip shell extension 'dsv' for command environment
[0.555s] DEBUG:colcon.colcon_core.event_handler.log_command:Invoking command in '/home/greeny/ros2_ws_rrm/build/block1_Ondrejka': CMAKE_PREFIX_PATH=/home/greeny/ros2_ws_rrm/install/rrm_msgs:/home/greeny/ros2_ws_rrm/install/block1_Ondrejka:/home/greeny/ros2_ws_rrm/install/rrm_simple_robot_model:/home/greeny/ros2_ws_rrm/install/rrm_sim:/home/greeny/ros2_ws_rrm/install/cv1:/opt/ros/jazzy/opt/gz_math_vendor:/opt/ros/jazzy/opt/gz_utils_vendor:/opt/ros/jazzy/opt/gz_cmake_vendor:/opt/ros/jazzy DEBUGINFOD_URLS=https://debuginfod.ubuntu.com /usr/bin/cmake --build /home/greeny/ros2_ws_rrm/build/block1_Ondrejka -- -j16 -l16
[0.557s] DEBUG:colcon.colcon_core.event_handler.log_command:Invoking command in '/home/greeny/ros2_ws_rrm/build/rrm_sim': CMAKE_PREFIX_PATH=/home/greeny/ros2_ws_rrm/install/rrm_msgs:/home/greeny/ros2_ws_rrm/install/block1_Ondrejka:/home/greeny/ros2_ws_rrm/install/rrm_simple_robot_model:/home/greeny/ros2_ws_rrm/install/rrm_sim:/home/greeny/ros2_ws_rrm/install/cv1:/opt/ros/jazzy/opt/gz_math_vendor:/opt/ros/jazzy/opt/gz_utils_vendor:/opt/ros/jazzy/opt/gz_cmake_vendor:/opt/ros/jazzy DEBUGINFOD_URLS=https://debuginfod.ubuntu.com /usr/bin/cmake --build /home/greeny/ros2_ws_rrm/build/rrm_sim -- -j16 -l16
[0.623s] DEBUG:colcon.colcon_core.event_handler.log_command:Invoked command in '/home/greeny/ros2_ws_rrm/build/rrm_sim' returned '0': CMAKE_PREFIX_PATH=/home/greeny/ros2_ws_rrm/install/rrm_msgs:/home/greeny/ros2_ws_rrm/install/block1_Ondrejka:/home/greeny/ros2_ws_rrm/install/rrm_simple_robot_model:/home/greeny/ros2_ws_rrm/install/rrm_sim:/home/greeny/ros2_ws_rrm/install/cv1:/opt/ros/jazzy/opt/gz_math_vendor:/opt/ros/jazzy/opt/gz_utils_vendor:/opt/ros/jazzy/opt/gz_cmake_vendor:/opt/ros/jazzy DEBUGINFOD_URLS=https://debuginfod.ubuntu.com /usr/bin/cmake --build /home/greeny/ros2_ws_rrm/build/rrm_sim -- -j16 -l16
[0.624s] DEBUG:colcon.colcon_core.event_handler.log_command:Invoking command in '/home/greeny/ros2_ws_rrm/build/rrm_sim': CMAKE_PREFIX_PATH=/home/greeny/ros2_ws_rrm/install/rrm_msgs:/home/greeny/ros2_ws_rrm/install/block1_Ondrejka:/home/greeny/ros2_ws_rrm/install/rrm_simple_robot_model:/home/greeny/ros2_ws_rrm/install/rrm_sim:/home/greeny/ros2_ws_rrm/install/cv1:/opt/ros/jazzy/opt/gz_math_vendor:/opt/ros/jazzy/opt/gz_utils_vendor:/opt/ros/jazzy/opt/gz_cmake_vendor:/opt/ros/jazzy DEBUGINFOD_URLS=https://debuginfod.ubuntu.com /usr/bin/cmake --install /home/greeny/ros2_ws_rrm/build/rrm_sim
[0.633s] Level 1:colcon.colcon_core.environment:create_environment_scripts_only(rrm_sim)
[0.634s] Level 1:colcon.colcon_core.environment:checking '/home/greeny/ros2_ws_rrm/install/rrm_sim' for CMake module files
[0.634s] DEBUG:colcon.colcon_core.event_handler.log_command:Invoked command in '/home/greeny/ros2_ws_rrm/build/rrm_sim' returned '0': CMAKE_PREFIX_PATH=/home/greeny/ros2_ws_rrm/install/rrm_msgs:/home/greeny/ros2_ws_rrm/install/block1_Ondrejka:/home/greeny/ros2_ws_rrm/install/rrm_simple_robot_model:/home/greeny/ros2_ws_rrm/install/rrm_sim:/home/greeny/ros2_ws_rrm/install/cv1:/opt/ros/jazzy/opt/gz_math_vendor:/opt/ros/jazzy/opt/gz_utils_vendor:/opt/ros/jazzy/opt/gz_cmake_vendor:/opt/ros/jazzy DEBUGINFOD_URLS=https://debuginfod.ubuntu.com /usr/bin/cmake --install /home/greeny/ros2_ws_rrm/build/rrm_sim
[0.634s] Level 1:colcon.colcon_core.environment:checking '/home/greeny/ros2_ws_rrm/install/rrm_sim' for CMake config files
[0.634s] Level 1:colcon.colcon_core.shell:create_environment_hook('rrm_sim', 'cmake_prefix_path')
[0.634s] INFO:colcon.colcon_core.shell:Creating environment hook '/home/greeny/ros2_ws_rrm/install/rrm_sim/share/rrm_sim/hook/cmake_prefix_path.ps1'
[0.635s] INFO:colcon.colcon_core.shell:Creating environment descriptor '/home/greeny/ros2_ws_rrm/install/rrm_sim/share/rrm_sim/hook/cmake_prefix_path.dsv'
[0.635s] INFO:colcon.colcon_core.shell:Creating environment hook '/home/greeny/ros2_ws_rrm/install/rrm_sim/share/rrm_sim/hook/cmake_prefix_path.sh'
[0.635s] Level 1:colcon.colcon_core.environment:checking '/home/greeny/ros2_ws_rrm/install/rrm_sim/lib'
[0.635s] Level 1:colcon.colcon_core.environment:checking '/home/greeny/ros2_ws_rrm/install/rrm_sim/bin'
[0.635s] Level 1:colcon.colcon_core.environment:checking '/home/greeny/ros2_ws_rrm/install/rrm_sim/lib/pkgconfig/rrm_sim.pc'
[0.636s] Level 1:colcon.colcon_core.environment:checking '/home/greeny/ros2_ws_rrm/install/rrm_sim/lib/python3.12/site-packages'
[0.636s] Level 1:colcon.colcon_core.environment:checking '/home/greeny/ros2_ws_rrm/install/rrm_sim/bin'
[0.636s] INFO:colcon.colcon_core.shell:Creating package script '/home/greeny/ros2_ws_rrm/install/rrm_sim/share/rrm_sim/package.ps1'
[0.636s] INFO:colcon.colcon_core.shell:Creating package descriptor '/home/greeny/ros2_ws_rrm/install/rrm_sim/share/rrm_sim/package.dsv'
[0.637s] INFO:colcon.colcon_core.shell:Creating package script '/home/greeny/ros2_ws_rrm/install/rrm_sim/share/rrm_sim/package.sh'
[0.637s] INFO:colcon.colcon_core.shell:Creating package script '/home/greeny/ros2_ws_rrm/install/rrm_sim/share/rrm_sim/package.bash'
[0.637s] INFO:colcon.colcon_core.shell:Creating package script '/home/greeny/ros2_ws_rrm/install/rrm_sim/share/rrm_sim/package.zsh'
[0.637s] Level 1:colcon.colcon_core.environment:create_file_with_runtime_dependencies(/home/greeny/ros2_ws_rrm/install/rrm_sim/share/colcon-core/packages/rrm_sim)
[0.638s] Level 1:colcon.colcon_core.environment:create_environment_scripts_only(rrm_sim)
[0.638s] Level 1:colcon.colcon_core.environment:checking '/home/greeny/ros2_ws_rrm/install/rrm_sim' for CMake module files
[0.638s] Level 1:colcon.colcon_core.environment:checking '/home/greeny/ros2_ws_rrm/install/rrm_sim' for CMake config files
[0.638s] Level 1:colcon.colcon_core.shell:create_environment_hook('rrm_sim', 'cmake_prefix_path')
[0.639s] INFO:colcon.colcon_core.shell:Creating environment hook '/home/greeny/ros2_ws_rrm/install/rrm_sim/share/rrm_sim/hook/cmake_prefix_path.ps1'
[0.639s] INFO:colcon.colcon_core.shell:Creating environment descriptor '/home/greeny/ros2_ws_rrm/install/rrm_sim/share/rrm_sim/hook/cmake_prefix_path.dsv'
[0.639s] INFO:colcon.colcon_core.shell:Creating environment hook '/home/greeny/ros2_ws_rrm/install/rrm_sim/share/rrm_sim/hook/cmake_prefix_path.sh'
[0.640s] Level 1:colcon.colcon_core.environment:checking '/home/greeny/ros2_ws_rrm/install/rrm_sim/lib'
[0.640s] Level 1:colcon.colcon_core.environment:checking '/home/greeny/ros2_ws_rrm/install/rrm_sim/bin'
[0.640s] Level 1:colcon.colcon_core.environment:checking '/home/greeny/ros2_ws_rrm/install/rrm_sim/lib/pkgconfig/rrm_sim.pc'
[0.640s] Level 1:colcon.colcon_core.environment:checking '/home/greeny/ros2_ws_rrm/install/rrm_sim/lib/python3.12/site-packages'
[0.640s] Level 1:colcon.colcon_core.environment:checking '/home/greeny/ros2_ws_rrm/install/rrm_sim/bin'
[0.640s] INFO:colcon.colcon_core.shell:Creating package script '/home/greeny/ros2_ws_rrm/install/rrm_sim/share/rrm_sim/package.ps1'
[0.641s] INFO:colcon.colcon_core.shell:Creating package descriptor '/home/greeny/ros2_ws_rrm/install/rrm_sim/share/rrm_sim/package.dsv'
[0.641s] INFO:colcon.colcon_core.shell:Creating package script '/home/greeny/ros2_ws_rrm/install/rrm_sim/share/rrm_sim/package.sh'
[0.641s] INFO:colcon.colcon_core.shell:Creating package script '/home/greeny/ros2_ws_rrm/install/rrm_sim/share/rrm_sim/package.bash'
[0.642s] INFO:colcon.colcon_core.shell:Creating package script '/home/greeny/ros2_ws_rrm/install/rrm_sim/share/rrm_sim/package.zsh'
[0.642s] Level 1:colcon.colcon_core.environment:create_file_with_runtime_dependencies(/home/greeny/ros2_ws_rrm/install/rrm_sim/share/colcon-core/packages/rrm_sim)
[6.114s] DEBUG:colcon.colcon_core.event_handler.log_command:Invoked command in '/home/greeny/ros2_ws_rrm/build/block1_Ondrejka' returned '0': CMAKE_PREFIX_PATH=/home/greeny/ros2_ws_rrm/install/rrm_msgs:/home/greeny/ros2_ws_rrm/install/block1_Ondrejka:/home/greeny/ros2_ws_rrm/install/rrm_simple_robot_model:/home/greeny/ros2_ws_rrm/install/rrm_sim:/home/greeny/ros2_ws_rrm/install/cv1:/opt/ros/jazzy/opt/gz_math_vendor:/opt/ros/jazzy/opt/gz_utils_vendor:/opt/ros/jazzy/opt/gz_cmake_vendor:/opt/ros/jazzy DEBUGINFOD_URLS=https://debuginfod.ubuntu.com /usr/bin/cmake --build /home/greeny/ros2_ws_rrm/build/block1_Ondrejka -- -j16 -l16
[6.115s] DEBUG:colcon.colcon_core.event_handler.log_command:Invoking command in '/home/greeny/ros2_ws_rrm/build/block1_Ondrejka': CMAKE_PREFIX_PATH=/home/greeny/ros2_ws_rrm/install/rrm_msgs:/home/greeny/ros2_ws_rrm/install/block1_Ondrejka:/home/greeny/ros2_ws_rrm/install/rrm_simple_robot_model:/home/greeny/ros2_ws_rrm/install/rrm_sim:/home/greeny/ros2_ws_rrm/install/cv1:/opt/ros/jazzy/opt/gz_math_vendor:/opt/ros/jazzy/opt/gz_utils_vendor:/opt/ros/jazzy/opt/gz_cmake_vendor:/opt/ros/jazzy DEBUGINFOD_URLS=https://debuginfod.ubuntu.com /usr/bin/cmake --install /home/greeny/ros2_ws_rrm/build/block1_Ondrejka
[6.127s] Level 1:colcon.colcon_core.environment:create_environment_scripts_only(block1_Ondrejka)
[6.127s] Level 1:colcon.colcon_core.environment:checking '/home/greeny/ros2_ws_rrm/install/block1_Ondrejka' for CMake module files
[6.128s] DEBUG:colcon.colcon_core.event_handler.log_command:Invoked command in '/home/greeny/ros2_ws_rrm/build/block1_Ondrejka' returned '0': CMAKE_PREFIX_PATH=/home/greeny/ros2_ws_rrm/install/rrm_msgs:/home/greeny/ros2_ws_rrm/install/block1_Ondrejka:/home/greeny/ros2_ws_rrm/install/rrm_simple_robot_model:/home/greeny/ros2_ws_rrm/install/rrm_sim:/home/greeny/ros2_ws_rrm/install/cv1:/opt/ros/jazzy/opt/gz_math_vendor:/opt/ros/jazzy/opt/gz_utils_vendor:/opt/ros/jazzy/opt/gz_cmake_vendor:/opt/ros/jazzy DEBUGINFOD_URLS=https://debuginfod.ubuntu.com /usr/bin/cmake --install /home/greeny/ros2_ws_rrm/build/block1_Ondrejka
[6.128s] Level 1:colcon.colcon_core.environment:checking '/home/greeny/ros2_ws_rrm/install/block1_Ondrejka' for CMake config files
[6.128s] Level 1:colcon.colcon_core.shell:create_environment_hook('block1_Ondrejka', 'cmake_prefix_path')
[6.128s] INFO:colcon.colcon_core.shell:Creating environment hook '/home/greeny/ros2_ws_rrm/install/block1_Ondrejka/share/block1_Ondrejka/hook/cmake_prefix_path.ps1'
[6.128s] INFO:colcon.colcon_core.shell:Creating environment descriptor '/home/greeny/ros2_ws_rrm/install/block1_Ondrejka/share/block1_Ondrejka/hook/cmake_prefix_path.dsv'
[6.128s] INFO:colcon.colcon_core.shell:Creating environment hook '/home/greeny/ros2_ws_rrm/install/block1_Ondrejka/share/block1_Ondrejka/hook/cmake_prefix_path.sh'
[6.129s] Level 1:colcon.colcon_core.environment:checking '/home/greeny/ros2_ws_rrm/install/block1_Ondrejka/lib'
[6.129s] Level 1:colcon.colcon_core.environment:checking '/home/greeny/ros2_ws_rrm/install/block1_Ondrejka/bin'
[6.129s] Level 1:colcon.colcon_core.environment:checking '/home/greeny/ros2_ws_rrm/install/block1_Ondrejka/lib/pkgconfig/block1_Ondrejka.pc'
[6.129s] Level 1:colcon.colcon_core.environment:checking '/home/greeny/ros2_ws_rrm/install/block1_Ondrejka/lib/python3.12/site-packages'
[6.129s] Level 1:colcon.colcon_core.environment:checking '/home/greeny/ros2_ws_rrm/install/block1_Ondrejka/bin'
[6.130s] INFO:colcon.colcon_core.shell:Creating package script '/home/greeny/ros2_ws_rrm/install/block1_Ondrejka/share/block1_Ondrejka/package.ps1'
[6.130s] INFO:colcon.colcon_core.shell:Creating package descriptor '/home/greeny/ros2_ws_rrm/install/block1_Ondrejka/share/block1_Ondrejka/package.dsv'
[6.130s] INFO:colcon.colcon_core.shell:Creating package script '/home/greeny/ros2_ws_rrm/install/block1_Ondrejka/share/block1_Ondrejka/package.sh'
[6.130s] INFO:colcon.colcon_core.shell:Creating package script '/home/greeny/ros2_ws_rrm/install/block1_Ondrejka/share/block1_Ondrejka/package.bash'
[6.130s] INFO:colcon.colcon_core.shell:Creating package script '/home/greeny/ros2_ws_rrm/install/block1_Ondrejka/share/block1_Ondrejka/package.zsh'
[6.131s] Level 1:colcon.colcon_core.environment:create_file_with_runtime_dependencies(/home/greeny/ros2_ws_rrm/install/block1_Ondrejka/share/colcon-core/packages/block1_Ondrejka)
[6.131s] Level 1:colcon.colcon_core.environment:create_environment_scripts_only(block1_Ondrejka)
[6.131s] Level 1:colcon.colcon_core.environment:checking '/home/greeny/ros2_ws_rrm/install/block1_Ondrejka' for CMake module files
[6.131s] Level 1:colcon.colcon_core.environment:checking '/home/greeny/ros2_ws_rrm/install/block1_Ondrejka' for CMake config files
[6.131s] Level 1:colcon.colcon_core.shell:create_environment_hook('block1_Ondrejka', 'cmake_prefix_path')
[6.132s] INFO:colcon.colcon_core.shell:Creating environment hook '/home/greeny/ros2_ws_rrm/install/block1_Ondrejka/share/block1_Ondrejka/hook/cmake_prefix_path.ps1'
[6.132s] INFO:colcon.colcon_core.shell:Creating environment descriptor '/home/greeny/ros2_ws_rrm/install/block1_Ondrejka/share/block1_Ondrejka/hook/cmake_prefix_path.dsv'
[6.132s] INFO:colcon.colcon_core.shell:Creating environment hook '/home/greeny/ros2_ws_rrm/install/block1_Ondrejka/share/block1_Ondrejka/hook/cmake_prefix_path.sh'
[6.132s] Level 1:colcon.colcon_core.environment:checking '/home/greeny/ros2_ws_rrm/install/block1_Ondrejka/lib'
[6.132s] Level 1:colcon.colcon_core.environment:checking '/home/greeny/ros2_ws_rrm/install/block1_Ondrejka/bin'
[6.132s] Level 1:colcon.colcon_core.environment:checking '/home/greeny/ros2_ws_rrm/install/block1_Ondrejka/lib/pkgconfig/block1_Ondrejka.pc'
[6.133s] Level 1:colcon.colcon_core.environment:checking '/home/greeny/ros2_ws_rrm/install/block1_Ondrejka/lib/python3.12/site-packages'
[6.133s] Level 1:colcon.colcon_core.environment:checking '/home/greeny/ros2_ws_rrm/install/block1_Ondrejka/bin'
[6.133s] INFO:colcon.colcon_core.shell:Creating package script '/home/greeny/ros2_ws_rrm/install/block1_Ondrejka/share/block1_Ondrejka/package.ps1'
[6.133s] INFO:colcon.colcon_core.shell:Creating package descriptor '/home/greeny/ros2_ws_rrm/install/block1_Ondrejka/share/block1_Ondrejka/package.dsv'
[6.134s] INFO:colcon.colcon_core.shell:Creating package script '/home/greeny/ros2_ws_rrm/install/block1_Ondrejka/share/block1_Ondrejka/package.sh'
[6.134s] INFO:colcon.colcon_core.shell:Creating package script '/home/greeny/ros2_ws_rrm/install/block1_Ondrejka/share/block1_Ondrejka/package.bash'
[6.134s] INFO:colcon.colcon_core.shell:Creating package script '/home/greeny/ros2_ws_rrm/install/block1_Ondrejka/share/block1_Ondrejka/package.zsh'
[6.134s] Level 1:colcon.colcon_core.environment:create_file_with_runtime_dependencies(/home/greeny/ros2_ws_rrm/install/block1_Ondrejka/share/colcon-core/packages/block1_Ondrejka)
[6.134s] DEBUG:colcon.colcon_parallel_executor.executor.parallel:closing loop
[6.135s] DEBUG:colcon.colcon_parallel_executor.executor.parallel:loop closed
[6.135s] DEBUG:colcon.colcon_parallel_executor.executor.parallel:run_until_complete finished with '0'
[6.135s] DEBUG:colcon.colcon_core.event_reactor:joining thread
[6.139s] INFO:colcon.colcon_core.plugin_system:Skipping extension 'colcon_notification.desktop_notification.terminal_notifier': Not used on non-Darwin systems
[6.139s] INFO:colcon.colcon_core.plugin_system:Skipping extension 'colcon_notification.desktop_notification.win32': Not used on non-Windows systems
[6.139s] INFO:colcon.colcon_notification.desktop_notification:Sending desktop notification using 'notify2'
[6.154s] DEBUG:colcon.colcon_core.event_reactor:joined thread
[6.154s] INFO:colcon.colcon_core.shell:Creating prefix script '/home/greeny/ros2_ws_rrm/install/local_setup.ps1'
[6.155s] INFO:colcon.colcon_core.shell:Creating prefix util module '/home/greeny/ros2_ws_rrm/install/_local_setup_util_ps1.py'
[6.155s] INFO:colcon.colcon_core.shell:Creating prefix chain script '/home/greeny/ros2_ws_rrm/install/setup.ps1'
[6.156s] INFO:colcon.colcon_core.shell:Creating prefix script '/home/greeny/ros2_ws_rrm/install/local_setup.sh'
[6.157s] INFO:colcon.colcon_core.shell:Creating prefix util module '/home/greeny/ros2_ws_rrm/install/_local_setup_util_sh.py'
[6.157s] INFO:colcon.colcon_core.shell:Creating prefix chain script '/home/greeny/ros2_ws_rrm/install/setup.sh'
[6.158s] INFO:colcon.colcon_core.shell:Creating prefix script '/home/greeny/ros2_ws_rrm/install/local_setup.bash'
[6.158s] INFO:colcon.colcon_core.shell:Creating prefix chain script '/home/greeny/ros2_ws_rrm/install/setup.bash'
[6.159s] INFO:colcon.colcon_core.shell:Creating prefix script '/home/greeny/ros2_ws_rrm/install/local_setup.zsh'
[6.159s] INFO:colcon.colcon_core.shell:Creating prefix chain script '/home/greeny/ros2_ws_rrm/install/setup.zsh'
