[0.018s] Invoking command in '/home/greeny/ros2_ws_rrm/build/rrm_msgs': CMAKE_PREFIX_PATH=${CMAKE_PREFIX_PATH}:/opt/ros/jazzy DEBUGINFOD_URLS=https://debuginfod.ubuntu.com /usr/bin/cmake --build /home/greeny/ros2_ws_rrm/build/rrm_msgs -- -j16 -l16
[0.068s] [  2%] Built target rrm_msgs__rosidl_generator_type_description
[0.081s] [  2%] Built target ament_cmake_python_copy_rrm_msgs
[0.089s] [  4%] Built target rrm_msgs__cpp
[0.094s] [ 22%] Built target rrm_msgs__rosidl_generator_c
[0.119s] [ 31%] Built target rrm_msgs__rosidl_typesupport_cpp
[0.123s] [ 40%] Built target rrm_msgs__rosidl_typesupport_fastrtps_cpp
[0.126s] [ 56%] Built target rrm_msgs__rosidl_typesupport_fastrtps_c
[0.127s] [ 59%] Built target rrm_msgs__rosidl_typesupport_introspection_c
[0.129s] [ 68%] Built target rrm_msgs__rosidl_typesupport_c
[0.132s] [ 77%] Built target rrm_msgs__rosidl_typesupport_introspection_cpp
[0.156s] [ 77%] Built target rrm_msgs
[0.182s] [ 79%] Built target rrm_msgs__py
[0.207s] [ 86%] Built target rrm_msgs__rosidl_generator_py
[0.233s] [ 90%] Built target rrm_msgs_s__rosidl_typesupport_fastrtps_c
[0.236s] [ 95%] Built target rrm_msgs_s__rosidl_typesupport_introspection_c
[0.237s] [100%] Built target rrm_msgs_s__rosidl_typesupport_c
[0.281s] running egg_info
[0.292s] writing rrm_msgs.egg-info/PKG-INFO
[0.292s] writing dependency_links to rrm_msgs.egg-info/dependency_links.txt
[0.292s] writing top-level names to rrm_msgs.egg-info/top_level.txt
[0.325s] reading manifest file 'rrm_msgs.egg-info/SOURCES.txt'
[0.325s] writing manifest file 'rrm_msgs.egg-info/SOURCES.txt'
[0.345s] [100%] Built target ament_cmake_python_build_rrm_msgs_egg
[0.357s] Invoked command in '/home/greeny/ros2_ws_rrm/build/rrm_msgs' returned '0': CMAKE_PREFIX_PATH=${CMAKE_PREFIX_PATH}:/opt/ros/jazzy DEBUGINFOD_URLS=https://debuginfod.ubuntu.com /usr/bin/cmake --build /home/greeny/ros2_ws_rrm/build/rrm_msgs -- -j16 -l16
[0.358s] Invoking command in '/home/greeny/ros2_ws_rrm/build/rrm_msgs': CMAKE_PREFIX_PATH=${CMAKE_PREFIX_PATH}:/opt/ros/jazzy DEBUGINFOD_URLS=https://debuginfod.ubuntu.com /usr/bin/cmake --install /home/greeny/ros2_ws_rrm/build/rrm_msgs
[0.365s] -- Install configuration: ""
[0.366s] -- Up-to-date: /home/greeny/ros2_ws_rrm/install/rrm_msgs/share/ament_index/resource_index/rosidl_interfaces/rrm_msgs
[0.366s] -- Up-to-date: /home/greeny/ros2_ws_rrm/install/rrm_msgs/share/rrm_msgs/msg/Command.json
[0.366s] -- Up-to-date: /home/greeny/ros2_ws_rrm/install/rrm_msgs/share/rrm_msgs/srv/Command.json
[0.366s] -- Up-to-date: /home/greeny/ros2_ws_rrm/install/rrm_msgs/include/rrm_msgs/rrm_msgs
[0.366s] -- Up-to-date: /home/greeny/ros2_ws_rrm/install/rrm_msgs/include/rrm_msgs/rrm_msgs/srv
[0.366s] -- Up-to-date: /home/greeny/ros2_ws_rrm/install/rrm_msgs/include/rrm_msgs/rrm_msgs/srv/command.h
[0.366s] -- Up-to-date: /home/greeny/ros2_ws_rrm/install/rrm_msgs/include/rrm_msgs/rrm_msgs/srv/detail
[0.367s] -- Up-to-date: /home/greeny/ros2_ws_rrm/install/rrm_msgs/include/rrm_msgs/rrm_msgs/srv/detail/command__description.c
[0.367s] -- Up-to-date: /home/greeny/ros2_ws_rrm/install/rrm_msgs/include/rrm_msgs/rrm_msgs/srv/detail/command__functions.c
[0.367s] -- Up-to-date: /home/greeny/ros2_ws_rrm/install/rrm_msgs/include/rrm_msgs/rrm_msgs/srv/detail/command__struct.h
[0.367s] -- Up-to-date: /home/greeny/ros2_ws_rrm/install/rrm_msgs/include/rrm_msgs/rrm_msgs/srv/detail/command__type_support.h
[0.368s] -- Up-to-date: /home/greeny/ros2_ws_rrm/install/rrm_msgs/include/rrm_msgs/rrm_msgs/srv/detail/command__functions.h
[0.368s] -- Up-to-date: /home/greeny/ros2_ws_rrm/install/rrm_msgs/include/rrm_msgs/rrm_msgs/srv/detail/command__type_support.c
[0.368s] -- Up-to-date: /home/greeny/ros2_ws_rrm/install/rrm_msgs/include/rrm_msgs/rrm_msgs/msg
[0.368s] -- Up-to-date: /home/greeny/ros2_ws_rrm/install/rrm_msgs/include/rrm_msgs/rrm_msgs/msg/rosidl_generator_c__visibility_control.h
[0.368s] -- Up-to-date: /home/greeny/ros2_ws_rrm/install/rrm_msgs/include/rrm_msgs/rrm_msgs/msg/command.h
[0.368s] -- Up-to-date: /home/greeny/ros2_ws_rrm/install/rrm_msgs/include/rrm_msgs/rrm_msgs/msg/detail
[0.369s] -- Up-to-date: /home/greeny/ros2_ws_rrm/install/rrm_msgs/include/rrm_msgs/rrm_msgs/msg/detail/command__description.c
[0.369s] -- Up-to-date: /home/greeny/ros2_ws_rrm/install/rrm_msgs/include/rrm_msgs/rrm_msgs/msg/detail/command__functions.c
[0.369s] -- Up-to-date: /home/greeny/ros2_ws_rrm/install/rrm_msgs/include/rrm_msgs/rrm_msgs/msg/detail/command__struct.h
[0.369s] -- Up-to-date: /home/greeny/ros2_ws_rrm/install/rrm_msgs/include/rrm_msgs/rrm_msgs/msg/detail/command__type_support.h
[0.369s] -- Up-to-date: /home/greeny/ros2_ws_rrm/install/rrm_msgs/include/rrm_msgs/rrm_msgs/msg/detail/command__functions.h
[0.369s] -- Up-to-date: /home/greeny/ros2_ws_rrm/install/rrm_msgs/include/rrm_msgs/rrm_msgs/msg/detail/command__type_support.c
[0.369s] -- Up-to-date: /home/greeny/ros2_ws_rrm/install/rrm_msgs/share/rrm_msgs/environment/library_path.sh
[0.369s] -- Up-to-date: /home/greeny/ros2_ws_rrm/install/rrm_msgs/share/rrm_msgs/environment/library_path.dsv
[0.370s] -- Up-to-date: /home/greeny/ros2_ws_rrm/install/rrm_msgs/lib/librrm_msgs__rosidl_generator_c.so
[0.370s] -- Up-to-date: /home/greeny/ros2_ws_rrm/install/rrm_msgs/include/rrm_msgs/rrm_msgs
[0.370s] -- Up-to-date: /home/greeny/ros2_ws_rrm/install/rrm_msgs/include/rrm_msgs/rrm_msgs/srv
[0.370s] -- Up-to-date: /home/greeny/ros2_ws_rrm/install/rrm_msgs/include/rrm_msgs/rrm_msgs/srv/detail
[0.370s] -- Up-to-date: /home/greeny/ros2_ws_rrm/install/rrm_msgs/include/rrm_msgs/rrm_msgs/srv/detail/command__rosidl_typesupport_fastrtps_c.h
[0.370s] -- Up-to-date: /home/greeny/ros2_ws_rrm/install/rrm_msgs/include/rrm_msgs/rrm_msgs/msg
[0.370s] -- Up-to-date: /home/greeny/ros2_ws_rrm/install/rrm_msgs/include/rrm_msgs/rrm_msgs/msg/rosidl_typesupport_fastrtps_c__visibility_control.h
[0.370s] -- Up-to-date: /home/greeny/ros2_ws_rrm/install/rrm_msgs/include/rrm_msgs/rrm_msgs/msg/detail
[0.370s] -- Up-to-date: /home/greeny/ros2_ws_rrm/install/rrm_msgs/include/rrm_msgs/rrm_msgs/msg/detail/command__rosidl_typesupport_fastrtps_c.h
[0.371s] -- Up-to-date: /home/greeny/ros2_ws_rrm/install/rrm_msgs/lib/librrm_msgs__rosidl_typesupport_fastrtps_c.so
[0.371s] -- Up-to-date: /home/greeny/ros2_ws_rrm/install/rrm_msgs/include/rrm_msgs/rrm_msgs
[0.371s] -- Up-to-date: /home/greeny/ros2_ws_rrm/install/rrm_msgs/include/rrm_msgs/rrm_msgs/srv
[0.371s] -- Up-to-date: /home/greeny/ros2_ws_rrm/install/rrm_msgs/include/rrm_msgs/rrm_msgs/srv/detail
[0.371s] -- Up-to-date: /home/greeny/ros2_ws_rrm/install/rrm_msgs/include/rrm_msgs/rrm_msgs/srv/detail/command__rosidl_typesupport_introspection_c.h
[0.371s] -- Up-to-date: /home/greeny/ros2_ws_rrm/install/rrm_msgs/include/rrm_msgs/rrm_msgs/srv/detail/command__type_support.c
[0.371s] -- Up-to-date: /home/greeny/ros2_ws_rrm/install/rrm_msgs/include/rrm_msgs/rrm_msgs/msg
[0.371s] -- Up-to-date: /home/greeny/ros2_ws_rrm/install/rrm_msgs/include/rrm_msgs/rrm_msgs/msg/rosidl_typesupport_introspection_c__visibility_control.h
[0.371s] -- Up-to-date: /home/greeny/ros2_ws_rrm/install/rrm_msgs/include/rrm_msgs/rrm_msgs/msg/detail
[0.372s] -- Up-to-date: /home/greeny/ros2_ws_rrm/install/rrm_msgs/include/rrm_msgs/rrm_msgs/msg/detail/command__rosidl_typesupport_introspection_c.h
[0.372s] -- Up-to-date: /home/greeny/ros2_ws_rrm/install/rrm_msgs/include/rrm_msgs/rrm_msgs/msg/detail/command__type_support.c
[0.372s] -- Up-to-date: /home/greeny/ros2_ws_rrm/install/rrm_msgs/lib/librrm_msgs__rosidl_typesupport_introspection_c.so
[0.372s] -- Up-to-date: /home/greeny/ros2_ws_rrm/install/rrm_msgs/lib/librrm_msgs__rosidl_typesupport_c.so
[0.372s] -- Up-to-date: /home/greeny/ros2_ws_rrm/install/rrm_msgs/include/rrm_msgs/rrm_msgs
[0.372s] -- Up-to-date: /home/greeny/ros2_ws_rrm/install/rrm_msgs/include/rrm_msgs/rrm_msgs/srv
[0.372s] -- Up-to-date: /home/greeny/ros2_ws_rrm/install/rrm_msgs/include/rrm_msgs/rrm_msgs/srv/detail
[0.372s] -- Up-to-date: /home/greeny/ros2_ws_rrm/install/rrm_msgs/include/rrm_msgs/rrm_msgs/srv/detail/command__type_support.hpp
[0.373s] -- Up-to-date: /home/greeny/ros2_ws_rrm/install/rrm_msgs/include/rrm_msgs/rrm_msgs/srv/detail/command__builder.hpp
[0.373s] -- Up-to-date: /home/greeny/ros2_ws_rrm/install/rrm_msgs/include/rrm_msgs/rrm_msgs/srv/detail/command__struct.hpp
[0.373s] -- Up-to-date: /home/greeny/ros2_ws_rrm/install/rrm_msgs/include/rrm_msgs/rrm_msgs/srv/detail/command__traits.hpp
[0.373s] -- Up-to-date: /home/greeny/ros2_ws_rrm/install/rrm_msgs/include/rrm_msgs/rrm_msgs/srv/command.hpp
[0.373s] -- Up-to-date: /home/greeny/ros2_ws_rrm/install/rrm_msgs/include/rrm_msgs/rrm_msgs/msg
[0.373s] -- Up-to-date: /home/greeny/ros2_ws_rrm/install/rrm_msgs/include/rrm_msgs/rrm_msgs/msg/rosidl_generator_cpp__visibility_control.hpp
[0.373s] -- Up-to-date: /home/greeny/ros2_ws_rrm/install/rrm_msgs/include/rrm_msgs/rrm_msgs/msg/detail
[0.373s] -- Up-to-date: /home/greeny/ros2_ws_rrm/install/rrm_msgs/include/rrm_msgs/rrm_msgs/msg/detail/command__type_support.hpp
[0.373s] -- Up-to-date: /home/greeny/ros2_ws_rrm/install/rrm_msgs/include/rrm_msgs/rrm_msgs/msg/detail/command__builder.hpp
[0.373s] -- Up-to-date: /home/greeny/ros2_ws_rrm/install/rrm_msgs/include/rrm_msgs/rrm_msgs/msg/detail/command__struct.hpp
[0.374s] -- Up-to-date: /home/greeny/ros2_ws_rrm/install/rrm_msgs/include/rrm_msgs/rrm_msgs/msg/detail/command__traits.hpp
[0.374s] -- Up-to-date: /home/greeny/ros2_ws_rrm/install/rrm_msgs/include/rrm_msgs/rrm_msgs/msg/command.hpp
[0.374s] -- Up-to-date: /home/greeny/ros2_ws_rrm/install/rrm_msgs/include/rrm_msgs/rrm_msgs
[0.374s] -- Up-to-date: /home/greeny/ros2_ws_rrm/install/rrm_msgs/include/rrm_msgs/rrm_msgs/srv
[0.374s] -- Up-to-date: /home/greeny/ros2_ws_rrm/install/rrm_msgs/include/rrm_msgs/rrm_msgs/srv/detail
[0.374s] -- Up-to-date: /home/greeny/ros2_ws_rrm/install/rrm_msgs/include/rrm_msgs/rrm_msgs/srv/detail/dds_fastrtps
[0.374s] -- Up-to-date: /home/greeny/ros2_ws_rrm/install/rrm_msgs/include/rrm_msgs/rrm_msgs/srv/detail/command__rosidl_typesupport_fastrtps_cpp.hpp
[0.374s] -- Up-to-date: /home/greeny/ros2_ws_rrm/install/rrm_msgs/include/rrm_msgs/rrm_msgs/msg
[0.374s] -- Up-to-date: /home/greeny/ros2_ws_rrm/install/rrm_msgs/include/rrm_msgs/rrm_msgs/msg/rosidl_typesupport_fastrtps_cpp__visibility_control.h
[0.374s] -- Up-to-date: /home/greeny/ros2_ws_rrm/install/rrm_msgs/include/rrm_msgs/rrm_msgs/msg/detail
[0.375s] -- Up-to-date: /home/greeny/ros2_ws_rrm/install/rrm_msgs/include/rrm_msgs/rrm_msgs/msg/detail/dds_fastrtps
[0.375s] -- Up-to-date: /home/greeny/ros2_ws_rrm/install/rrm_msgs/include/rrm_msgs/rrm_msgs/msg/detail/command__rosidl_typesupport_fastrtps_cpp.hpp
[0.375s] -- Up-to-date: /home/greeny/ros2_ws_rrm/install/rrm_msgs/lib/librrm_msgs__rosidl_typesupport_fastrtps_cpp.so
[0.375s] -- Up-to-date: /home/greeny/ros2_ws_rrm/install/rrm_msgs/include/rrm_msgs/rrm_msgs
[0.375s] -- Up-to-date: /home/greeny/ros2_ws_rrm/install/rrm_msgs/include/rrm_msgs/rrm_msgs/srv
[0.375s] -- Up-to-date: /home/greeny/ros2_ws_rrm/install/rrm_msgs/include/rrm_msgs/rrm_msgs/srv/detail
[0.375s] -- Up-to-date: /home/greeny/ros2_ws_rrm/install/rrm_msgs/include/rrm_msgs/rrm_msgs/srv/detail/command__rosidl_typesupport_introspection_cpp.hpp
[0.375s] -- Up-to-date: /home/greeny/ros2_ws_rrm/install/rrm_msgs/include/rrm_msgs/rrm_msgs/srv/detail/command__type_support.cpp
[0.375s] -- Up-to-date: /home/greeny/ros2_ws_rrm/install/rrm_msgs/include/rrm_msgs/rrm_msgs/msg
[0.375s] -- Up-to-date: /home/greeny/ros2_ws_rrm/install/rrm_msgs/include/rrm_msgs/rrm_msgs/msg/detail
[0.376s] -- Up-to-date: /home/greeny/ros2_ws_rrm/install/rrm_msgs/include/rrm_msgs/rrm_msgs/msg/detail/command__rosidl_typesupport_introspection_cpp.hpp
[0.376s] -- Up-to-date: /home/greeny/ros2_ws_rrm/install/rrm_msgs/include/rrm_msgs/rrm_msgs/msg/detail/command__type_support.cpp
[0.376s] -- Up-to-date: /home/greeny/ros2_ws_rrm/install/rrm_msgs/lib/librrm_msgs__rosidl_typesupport_introspection_cpp.so
[0.376s] -- Up-to-date: /home/greeny/ros2_ws_rrm/install/rrm_msgs/lib/librrm_msgs__rosidl_typesupport_cpp.so
[0.376s] -- Up-to-date: /home/greeny/ros2_ws_rrm/install/rrm_msgs/share/rrm_msgs/environment/pythonpath.sh
[0.376s] -- Up-to-date: /home/greeny/ros2_ws_rrm/install/rrm_msgs/share/rrm_msgs/environment/pythonpath.dsv
[0.376s] -- Up-to-date: /home/greeny/ros2_ws_rrm/install/rrm_msgs/lib/python3.12/site-packages/rrm_msgs-0.0.0-py3.12.egg-info
[0.376s] -- Installing: /home/greeny/ros2_ws_rrm/install/rrm_msgs/lib/python3.12/site-packages/rrm_msgs-0.0.0-py3.12.egg-info/dependency_links.txt
[0.376s] -- Installing: /home/greeny/ros2_ws_rrm/install/rrm_msgs/lib/python3.12/site-packages/rrm_msgs-0.0.0-py3.12.egg-info/SOURCES.txt
[0.376s] -- Installing: /home/greeny/ros2_ws_rrm/install/rrm_msgs/lib/python3.12/site-packages/rrm_msgs-0.0.0-py3.12.egg-info/top_level.txt
[0.377s] -- Installing: /home/greeny/ros2_ws_rrm/install/rrm_msgs/lib/python3.12/site-packages/rrm_msgs-0.0.0-py3.12.egg-info/PKG-INFO
[0.377s] -- Up-to-date: /home/greeny/ros2_ws_rrm/install/rrm_msgs/lib/python3.12/site-packages/rrm_msgs
[0.377s] -- Up-to-date: /home/greeny/ros2_ws_rrm/install/rrm_msgs/lib/python3.12/site-packages/rrm_msgs/rrm_msgs_s__rosidl_typesupport_fastrtps_c.so
[0.377s] -- Up-to-date: /home/greeny/ros2_ws_rrm/install/rrm_msgs/lib/python3.12/site-packages/rrm_msgs/rrm_msgs_s__rosidl_typesupport_introspection_c.so
[0.377s] -- Up-to-date: /home/greeny/ros2_ws_rrm/install/rrm_msgs/lib/python3.12/site-packages/rrm_msgs/srv
[0.377s] -- Up-to-date: /home/greeny/ros2_ws_rrm/install/rrm_msgs/lib/python3.12/site-packages/rrm_msgs/srv/__init__.py
[0.377s] -- Up-to-date: /home/greeny/ros2_ws_rrm/install/rrm_msgs/lib/python3.12/site-packages/rrm_msgs/srv/_command_s.c
[0.377s] -- Up-to-date: /home/greeny/ros2_ws_rrm/install/rrm_msgs/lib/python3.12/site-packages/rrm_msgs/srv/_command.py
[0.377s] -- Up-to-date: /home/greeny/ros2_ws_rrm/install/rrm_msgs/lib/python3.12/site-packages/rrm_msgs/_rrm_msgs_s.ep.rosidl_typesupport_introspection_c.c
[0.377s] -- Up-to-date: /home/greeny/ros2_ws_rrm/install/rrm_msgs/lib/python3.12/site-packages/rrm_msgs/__init__.py
[0.378s] -- Up-to-date: /home/greeny/ros2_ws_rrm/install/rrm_msgs/lib/python3.12/site-packages/rrm_msgs/rrm_msgs_s__rosidl_typesupport_c.so
[0.378s] -- Up-to-date: /home/greeny/ros2_ws_rrm/install/rrm_msgs/lib/python3.12/site-packages/rrm_msgs/msg
[0.378s] -- Up-to-date: /home/greeny/ros2_ws_rrm/install/rrm_msgs/lib/python3.12/site-packages/rrm_msgs/msg/__init__.py
[0.378s] -- Up-to-date: /home/greeny/ros2_ws_rrm/install/rrm_msgs/lib/python3.12/site-packages/rrm_msgs/msg/_command_s.c
[0.378s] -- Up-to-date: /home/greeny/ros2_ws_rrm/install/rrm_msgs/lib/python3.12/site-packages/rrm_msgs/msg/_command.py
[0.378s] -- Up-to-date: /home/greeny/ros2_ws_rrm/install/rrm_msgs/lib/python3.12/site-packages/rrm_msgs/_rrm_msgs_s.ep.rosidl_typesupport_c.c
[0.378s] -- Up-to-date: /home/greeny/ros2_ws_rrm/install/rrm_msgs/lib/python3.12/site-packages/rrm_msgs/_rrm_msgs_s.ep.rosidl_typesupport_fastrtps_c.c
[0.400s] Listing '/home/greeny/ros2_ws_rrm/install/rrm_msgs/lib/python3.12/site-packages/rrm_msgs'...
[0.400s] Listing '/home/greeny/ros2_ws_rrm/install/rrm_msgs/lib/python3.12/site-packages/rrm_msgs/msg'...
[0.400s] Listing '/home/greeny/ros2_ws_rrm/install/rrm_msgs/lib/python3.12/site-packages/rrm_msgs/srv'...
[0.404s] -- Up-to-date: /home/greeny/ros2_ws_rrm/install/rrm_msgs/lib/python3.12/site-packages/rrm_msgs/rrm_msgs_s__rosidl_typesupport_fastrtps_c.so
[0.404s] -- Up-to-date: /home/greeny/ros2_ws_rrm/install/rrm_msgs/lib/python3.12/site-packages/rrm_msgs/rrm_msgs_s__rosidl_typesupport_introspection_c.so
[0.404s] -- Up-to-date: /home/greeny/ros2_ws_rrm/install/rrm_msgs/lib/python3.12/site-packages/rrm_msgs/rrm_msgs_s__rosidl_typesupport_c.so
[0.405s] -- Up-to-date: /home/greeny/ros2_ws_rrm/install/rrm_msgs/lib/librrm_msgs__rosidl_generator_py.so
[0.406s] -- Up-to-date: /home/greeny/ros2_ws_rrm/install/rrm_msgs/share/rrm_msgs/msg/Command.idl
[0.406s] -- Up-to-date: /home/greeny/ros2_ws_rrm/install/rrm_msgs/share/rrm_msgs/srv/Command.idl
[0.407s] -- Up-to-date: /home/greeny/ros2_ws_rrm/install/rrm_msgs/share/rrm_msgs/msg/Command.msg
[0.407s] -- Up-to-date: /home/greeny/ros2_ws_rrm/install/rrm_msgs/share/rrm_msgs/srv/Command.srv
[0.407s] -- Up-to-date: /home/greeny/ros2_ws_rrm/install/rrm_msgs/share/ament_index/resource_index/package_run_dependencies/rrm_msgs
[0.408s] -- Up-to-date: /home/greeny/ros2_ws_rrm/install/rrm_msgs/share/ament_index/resource_index/parent_prefix_path/rrm_msgs
[0.408s] -- Up-to-date: /home/greeny/ros2_ws_rrm/install/rrm_msgs/share/rrm_msgs/environment/ament_prefix_path.sh
[0.408s] -- Up-to-date: /home/greeny/ros2_ws_rrm/install/rrm_msgs/share/rrm_msgs/environment/ament_prefix_path.dsv
[0.408s] -- Up-to-date: /home/greeny/ros2_ws_rrm/install/rrm_msgs/share/rrm_msgs/environment/path.sh
[0.408s] -- Up-to-date: /home/greeny/ros2_ws_rrm/install/rrm_msgs/share/rrm_msgs/environment/path.dsv
[0.410s] -- Up-to-date: /home/greeny/ros2_ws_rrm/install/rrm_msgs/share/rrm_msgs/local_setup.bash
[0.410s] -- Up-to-date: /home/greeny/ros2_ws_rrm/install/rrm_msgs/share/rrm_msgs/local_setup.sh
[0.411s] -- Up-to-date: /home/greeny/ros2_ws_rrm/install/rrm_msgs/share/rrm_msgs/local_setup.zsh
[0.411s] -- Up-to-date: /home/greeny/ros2_ws_rrm/install/rrm_msgs/share/rrm_msgs/local_setup.dsv
[0.411s] -- Installing: /home/greeny/ros2_ws_rrm/install/rrm_msgs/share/rrm_msgs/package.dsv
[0.411s] -- Up-to-date: /home/greeny/ros2_ws_rrm/install/rrm_msgs/share/ament_index/resource_index/packages/rrm_msgs
[0.411s] -- Up-to-date: /home/greeny/ros2_ws_rrm/install/rrm_msgs/share/rrm_msgs/cmake/export_rrm_msgs__rosidl_generator_cExport.cmake
[0.411s] -- Up-to-date: /home/greeny/ros2_ws_rrm/install/rrm_msgs/share/rrm_msgs/cmake/export_rrm_msgs__rosidl_generator_cExport-noconfig.cmake
[0.412s] -- Up-to-date: /home/greeny/ros2_ws_rrm/install/rrm_msgs/share/rrm_msgs/cmake/export_rrm_msgs__rosidl_typesupport_fastrtps_cExport.cmake
[0.412s] -- Up-to-date: /home/greeny/ros2_ws_rrm/install/rrm_msgs/share/rrm_msgs/cmake/export_rrm_msgs__rosidl_typesupport_fastrtps_cExport-noconfig.cmake
[0.412s] -- Up-to-date: /home/greeny/ros2_ws_rrm/install/rrm_msgs/share/rrm_msgs/cmake/rrm_msgs__rosidl_typesupport_introspection_cExport.cmake
[0.412s] -- Up-to-date: /home/greeny/ros2_ws_rrm/install/rrm_msgs/share/rrm_msgs/cmake/rrm_msgs__rosidl_typesupport_introspection_cExport-noconfig.cmake
[0.412s] -- Up-to-date: /home/greeny/ros2_ws_rrm/install/rrm_msgs/share/rrm_msgs/cmake/rrm_msgs__rosidl_typesupport_cExport.cmake
[0.412s] -- Up-to-date: /home/greeny/ros2_ws_rrm/install/rrm_msgs/share/rrm_msgs/cmake/rrm_msgs__rosidl_typesupport_cExport-noconfig.cmake
[0.412s] -- Up-to-date: /home/greeny/ros2_ws_rrm/install/rrm_msgs/share/rrm_msgs/cmake/export_rrm_msgs__rosidl_generator_cppExport.cmake
[0.412s] -- Up-to-date: /home/greeny/ros2_ws_rrm/install/rrm_msgs/share/rrm_msgs/cmake/export_rrm_msgs__rosidl_typesupport_fastrtps_cppExport.cmake
[0.412s] -- Up-to-date: /home/greeny/ros2_ws_rrm/install/rrm_msgs/share/rrm_msgs/cmake/export_rrm_msgs__rosidl_typesupport_fastrtps_cppExport-noconfig.cmake
[0.412s] -- Up-to-date: /home/greeny/ros2_ws_rrm/install/rrm_msgs/share/rrm_msgs/cmake/rrm_msgs__rosidl_typesupport_introspection_cppExport.cmake
[0.412s] -- Up-to-date: /home/greeny/ros2_ws_rrm/install/rrm_msgs/share/rrm_msgs/cmake/rrm_msgs__rosidl_typesupport_introspection_cppExport-noconfig.cmake
[0.412s] -- Up-to-date: /home/greeny/ros2_ws_rrm/install/rrm_msgs/share/rrm_msgs/cmake/rrm_msgs__rosidl_typesupport_cppExport.cmake
[0.412s] -- Up-to-date: /home/greeny/ros2_ws_rrm/install/rrm_msgs/share/rrm_msgs/cmake/rrm_msgs__rosidl_typesupport_cppExport-noconfig.cmake
[0.412s] -- Up-to-date: /home/greeny/ros2_ws_rrm/install/rrm_msgs/share/rrm_msgs/cmake/export_rrm_msgs__rosidl_generator_pyExport.cmake
[0.412s] -- Up-to-date: /home/greeny/ros2_ws_rrm/install/rrm_msgs/share/rrm_msgs/cmake/export_rrm_msgs__rosidl_generator_pyExport-noconfig.cmake
[0.412s] -- Up-to-date: /home/greeny/ros2_ws_rrm/install/rrm_msgs/share/rrm_msgs/cmake/rosidl_cmake-extras.cmake
[0.412s] -- Up-to-date: /home/greeny/ros2_ws_rrm/install/rrm_msgs/share/rrm_msgs/cmake/ament_cmake_export_dependencies-extras.cmake
[0.412s] -- Up-to-date: /home/greeny/ros2_ws_rrm/install/rrm_msgs/share/rrm_msgs/cmake/ament_cmake_export_include_directories-extras.cmake
[0.412s] -- Up-to-date: /home/greeny/ros2_ws_rrm/install/rrm_msgs/share/rrm_msgs/cmake/ament_cmake_export_libraries-extras.cmake
[0.413s] -- Up-to-date: /home/greeny/ros2_ws_rrm/install/rrm_msgs/share/rrm_msgs/cmake/ament_cmake_export_targets-extras.cmake
[0.413s] -- Up-to-date: /home/greeny/ros2_ws_rrm/install/rrm_msgs/share/rrm_msgs/cmake/rosidl_cmake_export_typesupport_targets-extras.cmake
[0.413s] -- Up-to-date: /home/greeny/ros2_ws_rrm/install/rrm_msgs/share/rrm_msgs/cmake/rosidl_cmake_export_typesupport_libraries-extras.cmake
[0.413s] -- Up-to-date: /home/greeny/ros2_ws_rrm/install/rrm_msgs/share/rrm_msgs/cmake/rrm_msgsConfig.cmake
[0.413s] -- Up-to-date: /home/greeny/ros2_ws_rrm/install/rrm_msgs/share/rrm_msgs/cmake/rrm_msgsConfig-version.cmake
[0.413s] -- Up-to-date: /home/greeny/ros2_ws_rrm/install/rrm_msgs/share/rrm_msgs/package.xml
[0.413s] Invoked command in '/home/greeny/ros2_ws_rrm/build/rrm_msgs' returned '0': CMAKE_PREFIX_PATH=${CMAKE_PREFIX_PATH}:/opt/ros/jazzy DEBUGINFOD_URLS=https://debuginfod.ubuntu.com /usr/bin/cmake --install /home/greeny/ros2_ws_rrm/build/rrm_msgs
