[0.008s] Invoking command in '/home/greeny/ros2_ws_rrm/build/cv1': CMAKE_PREFIX_PATH=${CMAKE_PREFIX_PATH}:/opt/ros/jazzy DEBUGINFOD_URLS=https://debuginfod.ubuntu.com /usr/bin/cmake --build /home/greeny/ros2_ws_rrm/build/cv1 -- -j16 -l16
[0.061s] [100%] Built target cv1_node
[0.070s] Invoked command in '/home/greeny/ros2_ws_rrm/build/cv1' returned '0': CMAKE_PREFIX_PATH=${CMAKE_PREFIX_PATH}:/opt/ros/jazzy DEBUGINFOD_URLS=https://debuginfod.ubuntu.com /usr/bin/cmake --build /home/greeny/ros2_ws_rrm/build/cv1 -- -j16 -l16
[0.077s] Invoking command in '/home/greeny/ros2_ws_rrm/build/cv1': CMAKE_PREFIX_PATH=${CMAKE_PREFIX_PATH}:/opt/ros/jazzy DEBUGINFOD_URLS=https://debuginfod.ubuntu.com /usr/bin/cmake --install /home/greeny/ros2_ws_rrm/build/cv1
[0.082s] -- Install configuration: ""
[0.082s] -- Up-to-date: /home/greeny/ros2_ws_rrm/install/cv1/lib/cv1/cv1_node
[0.082s] -- Up-to-date: /home/greeny/ros2_ws_rrm/install/cv1/share/ament_index/resource_index/package_run_dependencies/cv1
[0.082s] -- Up-to-date: /home/greeny/ros2_ws_rrm/install/cv1/share/ament_index/resource_index/parent_prefix_path/cv1
[0.082s] -- Up-to-date: /home/greeny/ros2_ws_rrm/install/cv1/share/cv1/environment/ament_prefix_path.sh
[0.082s] -- Up-to-date: /home/greeny/ros2_ws_rrm/install/cv1/share/cv1/environment/ament_prefix_path.dsv
[0.082s] -- Up-to-date: /home/greeny/ros2_ws_rrm/install/cv1/share/cv1/environment/path.sh
[0.083s] -- Up-to-date: /home/greeny/ros2_ws_rrm/install/cv1/share/cv1/environment/path.dsv
[0.083s] -- Up-to-date: /home/greeny/ros2_ws_rrm/install/cv1/share/cv1/local_setup.bash
[0.083s] -- Up-to-date: /home/greeny/ros2_ws_rrm/install/cv1/share/cv1/local_setup.sh
[0.083s] -- Up-to-date: /home/greeny/ros2_ws_rrm/install/cv1/share/cv1/local_setup.zsh
[0.083s] -- Up-to-date: /home/greeny/ros2_ws_rrm/install/cv1/share/cv1/local_setup.dsv
[0.083s] -- Installing: /home/greeny/ros2_ws_rrm/install/cv1/share/cv1/package.dsv
[0.083s] -- Up-to-date: /home/greeny/ros2_ws_rrm/install/cv1/share/ament_index/resource_index/packages/cv1
[0.083s] -- Up-to-date: /home/greeny/ros2_ws_rrm/install/cv1/share/cv1/cmake/cv1Config.cmake
[0.083s] -- Up-to-date: /home/greeny/ros2_ws_rrm/install/cv1/share/cv1/cmake/cv1Config-version.cmake
[0.083s] -- Up-to-date: /home/greeny/ros2_ws_rrm/install/cv1/share/cv1/package.xml
[0.083s] Invoked command in '/home/greeny/ros2_ws_rrm/build/cv1' returned '0': CMAKE_PREFIX_PATH=${CMAKE_PREFIX_PATH}:/opt/ros/jazzy DEBUGINFOD_URLS=https://debuginfod.ubuntu.com /usr/bin/cmake --install /home/greeny/ros2_ws_rrm/build/cv1
