[0.010s] Invoking command in '/home/greeny/ros2_ws_rrm/build/rrm_sim': AMENT_PREFIX_PATH=/home/greeny/ros2_ws_rrm/install/rrm_msgs:${AMENT_PREFIX_PATH} CMAKE_PREFIX_PATH=/home/greeny/ros2_ws_rrm/install/rrm_msgs:/home/greeny/ros2_ws_rrm/install/cv1:/opt/ros/jazzy/opt/gz_math_vendor:/opt/ros/jazzy/opt/gz_utils_vendor:/opt/ros/jazzy/opt/gz_cmake_vendor:/opt/ros/jazzy DEBUGINFOD_URLS=https://debuginfod.ubuntu.com LD_LIBRARY_PATH=/home/greeny/ros2_ws_rrm/install/rrm_msgs/lib:${LD_LIBRARY_PATH} PYTHONPATH=/home/greeny/ros2_ws_rrm/install/rrm_msgs/lib/python3.12/site-packages:${PYTHONPATH} /usr/bin/cmake /home/greeny/ros2_ws_rrm/src/cv2/rrm_sim -DCMAKE_INSTALL_PREFIX=/home/greeny/ros2_ws_rrm/install/rrm_sim
[0.056s] -- The C compiler identification is GNU 13.3.0
[0.098s] -- The CXX compiler identification is GNU 13.3.0
[0.114s] -- Detecting C compiler ABI info
[0.180s] -- Detecting C compiler ABI info - done
[0.186s] -- Check for working C compiler: /usr/bin/cc - skipped
[0.186s] -- Detecting C compile features
[0.186s] -- Detecting C compile features - done
[0.195s] -- Detecting CXX compiler ABI info
[0.280s] -- Detecting CXX compiler ABI info - done
[0.287s] -- Check for working CXX compiler: /usr/bin/c++ - skipped
[0.287s] -- Detecting CXX compile features
[0.287s] -- Detecting CXX compile features - done
[0.289s] -- Found ament_cmake: 2.5.5 (/opt/ros/jazzy/share/ament_cmake/cmake)
[0.409s] -- Found Python3: /usr/bin/python3 (found version "3.12.3") found components: Interpreter 
[0.480s] -- Found rclcpp: 28.1.16 (/opt/ros/jazzy/share/rclcpp/cmake)
[0.509s] -- Found rosidl_generator_c: 4.6.7 (/opt/ros/jazzy/share/rosidl_generator_c/cmake)
[0.516s] -- Found rosidl_generator_cpp: 4.6.7 (/opt/ros/jazzy/share/rosidl_generator_cpp/cmake)
[0.526s] -- Using all available rosidl_typesupport_c: rosidl_typesupport_fastrtps_c;rosidl_typesupport_introspection_c
[0.535s] -- Using all available rosidl_typesupport_cpp: rosidl_typesupport_fastrtps_cpp;rosidl_typesupport_introspection_cpp
[0.587s] -- Found rmw_implementation_cmake: 7.3.3 (/opt/ros/jazzy/share/rmw_implementation_cmake/cmake)
[0.590s] -- Found rmw_fastrtps_cpp: 8.4.3 (/opt/ros/jazzy/share/rmw_fastrtps_cpp/cmake)
[0.659s] -- Found OpenSSL: /usr/lib/x86_64-linux-gnu/libcrypto.so (found version "3.0.13")  
[0.676s] -- Found FastRTPS: /opt/ros/jazzy/include (Required is at least version "2.13") 
[0.695s] -- Using RMW implementation 'rmw_fastrtps_cpp' as default
[0.763s] -- Found std_msgs: 5.3.6 (/opt/ros/jazzy/share/std_msgs/cmake)
[0.774s] -- Found sensor_msgs: 5.3.6 (/opt/ros/jazzy/share/sensor_msgs/cmake)
[0.807s] -- Found rrm_msgs: 0.0.0 (/home/greeny/ros2_ws_rrm/install/rrm_msgs/share/rrm_msgs/cmake)
[0.819s] -- Found ament_lint_auto: 0.17.4 (/opt/ros/jazzy/share/ament_lint_auto/cmake)
[0.887s] -- Added test 'copyright' to check source files copyright and LICENSE
[0.888s] -- Added test 'cppcheck' to perform static code analysis on C / C++ code
[0.888s] -- Configured cppcheck include dirs: $<BUILD_INTERFACE:/home/greeny/ros2_ws_rrm/src/cv2/rrm_sim/include>
[0.888s] -- Configured cppcheck exclude dirs and/or files: 
[0.889s] -- Added test 'cpplint' to check C / C++ code against the Google style
[0.889s] -- Configured cpplint exclude dirs and/or files: 
[0.889s] -- Added test 'lint_cmake' to check CMake code style
[0.890s] -- Added test 'uncrustify' to check C / C++ code style
[0.890s] -- Configured uncrustify additional arguments: 
[0.890s] -- Added test 'xmllint' to check XML markup files
[0.891s] -- Configuring done (0.9s)
[0.898s] -- Generating done (0.0s)
[0.901s] -- Build files have been written to: /home/greeny/ros2_ws_rrm/build/rrm_sim
[0.910s] Invoked command in '/home/greeny/ros2_ws_rrm/build/rrm_sim' returned '0': AMENT_PREFIX_PATH=/home/greeny/ros2_ws_rrm/install/rrm_msgs:${AMENT_PREFIX_PATH} CMAKE_PREFIX_PATH=/home/greeny/ros2_ws_rrm/install/rrm_msgs:/home/greeny/ros2_ws_rrm/install/cv1:/opt/ros/jazzy/opt/gz_math_vendor:/opt/ros/jazzy/opt/gz_utils_vendor:/opt/ros/jazzy/opt/gz_cmake_vendor:/opt/ros/jazzy DEBUGINFOD_URLS=https://debuginfod.ubuntu.com LD_LIBRARY_PATH=/home/greeny/ros2_ws_rrm/install/rrm_msgs/lib:${LD_LIBRARY_PATH} PYTHONPATH=/home/greeny/ros2_ws_rrm/install/rrm_msgs/lib/python3.12/site-packages:${PYTHONPATH} /usr/bin/cmake /home/greeny/ros2_ws_rrm/src/cv2/rrm_sim -DCMAKE_INSTALL_PREFIX=/home/greeny/ros2_ws_rrm/install/rrm_sim
[0.911s] Invoking command in '/home/greeny/ros2_ws_rrm/build/rrm_sim': AMENT_PREFIX_PATH=/home/greeny/ros2_ws_rrm/install/rrm_msgs:${AMENT_PREFIX_PATH} CMAKE_PREFIX_PATH=/home/greeny/ros2_ws_rrm/install/rrm_msgs:/home/greeny/ros2_ws_rrm/install/cv1:/opt/ros/jazzy/opt/gz_math_vendor:/opt/ros/jazzy/opt/gz_utils_vendor:/opt/ros/jazzy/opt/gz_cmake_vendor:/opt/ros/jazzy DEBUGINFOD_URLS=https://debuginfod.ubuntu.com LD_LIBRARY_PATH=/home/greeny/ros2_ws_rrm/install/rrm_msgs/lib:${LD_LIBRARY_PATH} PYTHONPATH=/home/greeny/ros2_ws_rrm/install/rrm_msgs/lib/python3.12/site-packages:${PYTHONPATH} /usr/bin/cmake --build /home/greeny/ros2_ws_rrm/build/rrm_sim -- -j16 -l16
[0.952s] [ 33%] [32mBuilding CXX object CMakeFiles/robot_sim_node.dir/src/robot_sim_node.cpp.o[0m
[0.953s] [ 66%] [32mBuilding CXX object CMakeFiles/robot_sim_node.dir/src/motion.cpp.o[0m
[6.401s] [100%] [32m[1mLinking CXX executable robot_sim_node[0m
[6.793s] [100%] Built target robot_sim_node
[6.803s] Invoked command in '/home/greeny/ros2_ws_rrm/build/rrm_sim' returned '0': AMENT_PREFIX_PATH=/home/greeny/ros2_ws_rrm/install/rrm_msgs:${AMENT_PREFIX_PATH} CMAKE_PREFIX_PATH=/home/greeny/ros2_ws_rrm/install/rrm_msgs:/home/greeny/ros2_ws_rrm/install/cv1:/opt/ros/jazzy/opt/gz_math_vendor:/opt/ros/jazzy/opt/gz_utils_vendor:/opt/ros/jazzy/opt/gz_cmake_vendor:/opt/ros/jazzy DEBUGINFOD_URLS=https://debuginfod.ubuntu.com LD_LIBRARY_PATH=/home/greeny/ros2_ws_rrm/install/rrm_msgs/lib:${LD_LIBRARY_PATH} PYTHONPATH=/home/greeny/ros2_ws_rrm/install/rrm_msgs/lib/python3.12/site-packages:${PYTHONPATH} /usr/bin/cmake --build /home/greeny/ros2_ws_rrm/build/rrm_sim -- -j16 -l16
[6.804s] Invoking command in '/home/greeny/ros2_ws_rrm/build/rrm_sim': AMENT_PREFIX_PATH=/home/greeny/ros2_ws_rrm/install/rrm_msgs:${AMENT_PREFIX_PATH} CMAKE_PREFIX_PATH=/home/greeny/ros2_ws_rrm/install/rrm_msgs:/home/greeny/ros2_ws_rrm/install/cv1:/opt/ros/jazzy/opt/gz_math_vendor:/opt/ros/jazzy/opt/gz_utils_vendor:/opt/ros/jazzy/opt/gz_cmake_vendor:/opt/ros/jazzy DEBUGINFOD_URLS=https://debuginfod.ubuntu.com LD_LIBRARY_PATH=/home/greeny/ros2_ws_rrm/install/rrm_msgs/lib:${LD_LIBRARY_PATH} PYTHONPATH=/home/greeny/ros2_ws_rrm/install/rrm_msgs/lib/python3.12/site-packages:${PYTHONPATH} /usr/bin/cmake --install /home/greeny/ros2_ws_rrm/build/rrm_sim
[6.811s] -- Install configuration: ""
[6.811s] -- Installing: /home/greeny/ros2_ws_rrm/install/rrm_sim/lib/rrm_sim/robot_sim_node
[6.815s] -- Set non-toolchain portion of runtime path of "/home/greeny/ros2_ws_rrm/install/rrm_sim/lib/rrm_sim/robot_sim_node" to ""
[6.815s] -- Installing: /home/greeny/ros2_ws_rrm/install/rrm_sim/share/rrm_sim/launch
[6.815s] -- Installing: /home/greeny/ros2_ws_rrm/install/rrm_sim/share/rrm_sim/launch/rrm_sim.launch.xml
[6.815s] -- Installing: /home/greeny/ros2_ws_rrm/install/rrm_sim/share/ament_index/resource_index/package_run_dependencies/rrm_sim
[6.816s] -- Installing: /home/greeny/ros2_ws_rrm/install/rrm_sim/share/ament_index/resource_index/parent_prefix_path/rrm_sim
[6.816s] -- Installing: /home/greeny/ros2_ws_rrm/install/rrm_sim/share/rrm_sim/environment/ament_prefix_path.sh
[6.816s] -- Installing: /home/greeny/ros2_ws_rrm/install/rrm_sim/share/rrm_sim/environment/ament_prefix_path.dsv
[6.816s] -- Installing: /home/greeny/ros2_ws_rrm/install/rrm_sim/share/rrm_sim/environment/path.sh
[6.816s] -- Installing: /home/greeny/ros2_ws_rrm/install/rrm_sim/share/rrm_sim/environment/path.dsv
[6.816s] -- Installing: /home/greeny/ros2_ws_rrm/install/rrm_sim/share/rrm_sim/local_setup.bash
[6.816s] -- Installing: /home/greeny/ros2_ws_rrm/install/rrm_sim/share/rrm_sim/local_setup.sh
[6.816s] -- Installing: /home/greeny/ros2_ws_rrm/install/rrm_sim/share/rrm_sim/local_setup.zsh
[6.817s] -- Installing: /home/greeny/ros2_ws_rrm/install/rrm_sim/share/rrm_sim/local_setup.dsv
[6.817s] -- Installing: /home/greeny/ros2_ws_rrm/install/rrm_sim/share/rrm_sim/package.dsv
[6.817s] -- Installing: /home/greeny/ros2_ws_rrm/install/rrm_sim/share/ament_index/resource_index/packages/rrm_sim
[6.818s] -- Installing: /home/greeny/ros2_ws_rrm/install/rrm_sim/share/rrm_sim/cmake/rrm_simConfig.cmake
[6.818s] -- Installing: /home/greeny/ros2_ws_rrm/install/rrm_sim/share/rrm_sim/cmake/rrm_simConfig-version.cmake
[6.818s] -- Installing: /home/greeny/ros2_ws_rrm/install/rrm_sim/share/rrm_sim/package.xml
[6.818s] Invoked command in '/home/greeny/ros2_ws_rrm/build/rrm_sim' returned '0': AMENT_PREFIX_PATH=/home/greeny/ros2_ws_rrm/install/rrm_msgs:${AMENT_PREFIX_PATH} CMAKE_PREFIX_PATH=/home/greeny/ros2_ws_rrm/install/rrm_msgs:/home/greeny/ros2_ws_rrm/install/cv1:/opt/ros/jazzy/opt/gz_math_vendor:/opt/ros/jazzy/opt/gz_utils_vendor:/opt/ros/jazzy/opt/gz_cmake_vendor:/opt/ros/jazzy DEBUGINFOD_URLS=https://debuginfod.ubuntu.com LD_LIBRARY_PATH=/home/greeny/ros2_ws_rrm/install/rrm_msgs/lib:${LD_LIBRARY_PATH} PYTHONPATH=/home/greeny/ros2_ws_rrm/install/rrm_msgs/lib/python3.12/site-packages:${PYTHONPATH} /usr/bin/cmake --install /home/greeny/ros2_ws_rrm/build/rrm_sim
