[0.019s] Invoking command in '/home/greeny/ros2_ws_rrm/build/rrm_msgs': CMAKE_PREFIX_PATH=${CMAKE_PREFIX_PATH}:/opt/ros/jazzy DEBUGINFOD_URLS=https://debuginfod.ubuntu.com /usr/bin/cmake --build /home/greeny/ros2_ws_rrm/build/rrm_msgs -- -j16 -l16
[0.077s] [  2%] Built target rrm_msgs__rosidl_generator_type_description
[0.086s] [  2%] Built target ament_cmake_python_copy_rrm_msgs
[0.100s] [  4%] Built target rrm_msgs__cpp
[0.111s] [ 22%] Built target rrm_msgs__rosidl_generator_c
[0.143s] [ 31%] Built target rrm_msgs__rosidl_typesupport_c
[0.144s] [ 40%] Built target rrm_msgs__rosidl_typesupport_introspection_c
[0.144s] [ 50%] Built target rrm_msgs__rosidl_typesupport_fastrtps_c
[0.145s] [ 59%] Built target rrm_msgs__rosidl_typesupport_introspection_cpp
[0.147s] [ 68%] Built target rrm_msgs__rosidl_typesupport_cpp
[0.151s] [ 77%] Built target rrm_msgs__rosidl_typesupport_fastrtps_cpp
[0.175s] [ 77%] Built target rrm_msgs
[0.197s] [ 79%] Built target rrm_msgs__py
[0.224s] [ 86%] Built target rrm_msgs__rosidl_generator_py
[0.249s] [ 90%] Built target rrm_msgs_s__rosidl_typesupport_fastrtps_c
[0.251s] [ 95%] Built target rrm_msgs_s__rosidl_typesupport_c
[0.252s] [100%] Built target rrm_msgs_s__rosidl_typesupport_introspection_c
[0.301s] running egg_info
[0.315s] writing rrm_msgs.egg-info/PKG-INFO
[0.315s] writing dependency_links to rrm_msgs.egg-info/dependency_links.txt
[0.315s] writing top-level names to rrm_msgs.egg-info/top_level.txt
[0.350s] reading manifest file 'rrm_msgs.egg-info/SOURCES.txt'
[0.351s] writing manifest file 'rrm_msgs.egg-info/SOURCES.txt'
[0.371s] [100%] Built target ament_cmake_python_build_rrm_msgs_egg
[0.382s] Invoked command in '/home/greeny/ros2_ws_rrm/build/rrm_msgs' returned '0': CMAKE_PREFIX_PATH=${CMAKE_PREFIX_PATH}:/opt/ros/jazzy DEBUGINFOD_URLS=https://debuginfod.ubuntu.com /usr/bin/cmake --build /home/greeny/ros2_ws_rrm/build/rrm_msgs -- -j16 -l16
[0.384s] Invoking command in '/home/greeny/ros2_ws_rrm/build/rrm_msgs': CMAKE_PREFIX_PATH=${CMAKE_PREFIX_PATH}:/opt/ros/jazzy DEBUGINFOD_URLS=https://debuginfod.ubuntu.com /usr/bin/cmake --install /home/greeny/ros2_ws_rrm/build/rrm_msgs
[0.389s] -- Install configuration: ""
[0.390s] -- Up-to-date: /home/greeny/ros2_ws_rrm/install/rrm_msgs/share/ament_index/resource_index/rosidl_interfaces/rrm_msgs
[0.390s] -- Up-to-date: /home/greeny/ros2_ws_rrm/install/rrm_msgs/share/rrm_msgs/msg/Command.json
[0.390s] -- Up-to-date: /home/greeny/ros2_ws_rrm/install/rrm_msgs/share/rrm_msgs/srv/Command.json
[0.390s] -- Up-to-date: /home/greeny/ros2_ws_rrm/install/rrm_msgs/include/rrm_msgs/rrm_msgs
[0.390s] -- Up-to-date: /home/greeny/ros2_ws_rrm/install/rrm_msgs/include/rrm_msgs/rrm_msgs/srv
[0.390s] -- Up-to-date: /home/greeny/ros2_ws_rrm/install/rrm_msgs/include/rrm_msgs/rrm_msgs/srv/command.h
[0.390s] -- Up-to-date: /home/greeny/ros2_ws_rrm/install/rrm_msgs/include/rrm_msgs/rrm_msgs/srv/detail
[0.391s] -- Up-to-date: /home/greeny/ros2_ws_rrm/install/rrm_msgs/include/rrm_msgs/rrm_msgs/srv/detail/command__description.c
[0.391s] -- Up-to-date: /home/greeny/ros2_ws_rrm/install/rrm_msgs/include/rrm_msgs/rrm_msgs/srv/detail/command__functions.c
[0.391s] -- Up-to-date: /home/greeny/ros2_ws_rrm/install/rrm_msgs/include/rrm_msgs/rrm_msgs/srv/detail/command__struct.h
[0.391s] -- Up-to-date: /home/greeny/ros2_ws_rrm/install/rrm_msgs/include/rrm_msgs/rrm_msgs/srv/detail/command__type_support.h
[0.391s] -- Up-to-date: /home/greeny/ros2_ws_rrm/install/rrm_msgs/include/rrm_msgs/rrm_msgs/srv/detail/command__functions.h
[0.391s] -- Up-to-date: /home/greeny/ros2_ws_rrm/install/rrm_msgs/include/rrm_msgs/rrm_msgs/srv/detail/command__type_support.c
[0.391s] -- Up-to-date: /home/greeny/ros2_ws_rrm/install/rrm_msgs/include/rrm_msgs/rrm_msgs/msg
[0.391s] -- Up-to-date: /home/greeny/ros2_ws_rrm/install/rrm_msgs/include/rrm_msgs/rrm_msgs/msg/rosidl_generator_c__visibility_control.h
[0.391s] -- Up-to-date: /home/greeny/ros2_ws_rrm/install/rrm_msgs/include/rrm_msgs/rrm_msgs/msg/command.h
[0.392s] -- Up-to-date: /home/greeny/ros2_ws_rrm/install/rrm_msgs/include/rrm_msgs/rrm_msgs/msg/detail
[0.392s] -- Up-to-date: /home/greeny/ros2_ws_rrm/install/rrm_msgs/include/rrm_msgs/rrm_msgs/msg/detail/command__description.c
[0.392s] -- Up-to-date: /home/greeny/ros2_ws_rrm/install/rrm_msgs/include/rrm_msgs/rrm_msgs/msg/detail/command__functions.c
[0.392s] -- Up-to-date: /home/greeny/ros2_ws_rrm/install/rrm_msgs/include/rrm_msgs/rrm_msgs/msg/detail/command__struct.h
[0.392s] -- Up-to-date: /home/greeny/ros2_ws_rrm/install/rrm_msgs/include/rrm_msgs/rrm_msgs/msg/detail/command__type_support.h
[0.392s] -- Up-to-date: /home/greeny/ros2_ws_rrm/install/rrm_msgs/include/rrm_msgs/rrm_msgs/msg/detail/command__functions.h
[0.393s] -- Up-to-date: /home/greeny/ros2_ws_rrm/install/rrm_msgs/include/rrm_msgs/rrm_msgs/msg/detail/command__type_support.c
[0.393s] -- Up-to-date: /home/greeny/ros2_ws_rrm/install/rrm_msgs/share/rrm_msgs/environment/library_path.sh
[0.393s] -- Up-to-date: /home/greeny/ros2_ws_rrm/install/rrm_msgs/share/rrm_msgs/environment/library_path.dsv
[0.393s] -- Up-to-date: /home/greeny/ros2_ws_rrm/install/rrm_msgs/lib/librrm_msgs__rosidl_generator_c.so
[0.394s] -- Up-to-date: /home/greeny/ros2_ws_rrm/install/rrm_msgs/include/rrm_msgs/rrm_msgs
[0.394s] -- Up-to-date: /home/greeny/ros2_ws_rrm/install/rrm_msgs/include/rrm_msgs/rrm_msgs/srv
[0.394s] -- Up-to-date: /home/greeny/ros2_ws_rrm/install/rrm_msgs/include/rrm_msgs/rrm_msgs/srv/detail
[0.394s] -- Up-to-date: /home/greeny/ros2_ws_rrm/install/rrm_msgs/include/rrm_msgs/rrm_msgs/srv/detail/command__rosidl_typesupport_fastrtps_c.h
[0.394s] -- Up-to-date: /home/greeny/ros2_ws_rrm/install/rrm_msgs/include/rrm_msgs/rrm_msgs/msg
[0.394s] -- Up-to-date: /home/greeny/ros2_ws_rrm/install/rrm_msgs/include/rrm_msgs/rrm_msgs/msg/rosidl_typesupport_fastrtps_c__visibility_control.h
[0.394s] -- Up-to-date: /home/greeny/ros2_ws_rrm/install/rrm_msgs/include/rrm_msgs/rrm_msgs/msg/detail
[0.395s] -- Up-to-date: /home/greeny/ros2_ws_rrm/install/rrm_msgs/include/rrm_msgs/rrm_msgs/msg/detail/command__rosidl_typesupport_fastrtps_c.h
[0.395s] -- Up-to-date: /home/greeny/ros2_ws_rrm/install/rrm_msgs/lib/librrm_msgs__rosidl_typesupport_fastrtps_c.so
[0.395s] -- Up-to-date: /home/greeny/ros2_ws_rrm/install/rrm_msgs/include/rrm_msgs/rrm_msgs
[0.395s] -- Up-to-date: /home/greeny/ros2_ws_rrm/install/rrm_msgs/include/rrm_msgs/rrm_msgs/srv
[0.395s] -- Up-to-date: /home/greeny/ros2_ws_rrm/install/rrm_msgs/include/rrm_msgs/rrm_msgs/srv/detail
[0.395s] -- Up-to-date: /home/greeny/ros2_ws_rrm/install/rrm_msgs/include/rrm_msgs/rrm_msgs/srv/detail/command__rosidl_typesupport_introspection_c.h
[0.395s] -- Up-to-date: /home/greeny/ros2_ws_rrm/install/rrm_msgs/include/rrm_msgs/rrm_msgs/srv/detail/command__type_support.c
[0.395s] -- Up-to-date: /home/greeny/ros2_ws_rrm/install/rrm_msgs/include/rrm_msgs/rrm_msgs/msg
[0.395s] -- Up-to-date: /home/greeny/ros2_ws_rrm/install/rrm_msgs/include/rrm_msgs/rrm_msgs/msg/rosidl_typesupport_introspection_c__visibility_control.h
[0.396s] -- Up-to-date: /home/greeny/ros2_ws_rrm/install/rrm_msgs/include/rrm_msgs/rrm_msgs/msg/detail
[0.396s] -- Up-to-date: /home/greeny/ros2_ws_rrm/install/rrm_msgs/include/rrm_msgs/rrm_msgs/msg/detail/command__rosidl_typesupport_introspection_c.h
[0.396s] -- Up-to-date: /home/greeny/ros2_ws_rrm/install/rrm_msgs/include/rrm_msgs/rrm_msgs/msg/detail/command__type_support.c
[0.396s] -- Up-to-date: /home/greeny/ros2_ws_rrm/install/rrm_msgs/lib/librrm_msgs__rosidl_typesupport_introspection_c.so
[0.396s] -- Up-to-date: /home/greeny/ros2_ws_rrm/install/rrm_msgs/lib/librrm_msgs__rosidl_typesupport_c.so
[0.396s] -- Up-to-date: /home/greeny/ros2_ws_rrm/install/rrm_msgs/include/rrm_msgs/rrm_msgs
[0.396s] -- Up-to-date: /home/greeny/ros2_ws_rrm/install/rrm_msgs/include/rrm_msgs/rrm_msgs/srv
[0.396s] -- Up-to-date: /home/greeny/ros2_ws_rrm/install/rrm_msgs/include/rrm_msgs/rrm_msgs/srv/detail
[0.396s] -- Up-to-date: /home/greeny/ros2_ws_rrm/install/rrm_msgs/include/rrm_msgs/rrm_msgs/srv/detail/command__type_support.hpp
[0.396s] -- Up-to-date: /home/greeny/ros2_ws_rrm/install/rrm_msgs/include/rrm_msgs/rrm_msgs/srv/detail/command__builder.hpp
[0.397s] -- Up-to-date: /home/greeny/ros2_ws_rrm/install/rrm_msgs/include/rrm_msgs/rrm_msgs/srv/detail/command__struct.hpp
[0.397s] -- Up-to-date: /home/greeny/ros2_ws_rrm/install/rrm_msgs/include/rrm_msgs/rrm_msgs/srv/detail/command__traits.hpp
[0.397s] -- Up-to-date: /home/greeny/ros2_ws_rrm/install/rrm_msgs/include/rrm_msgs/rrm_msgs/srv/command.hpp
[0.397s] -- Up-to-date: /home/greeny/ros2_ws_rrm/install/rrm_msgs/include/rrm_msgs/rrm_msgs/msg
[0.397s] -- Up-to-date: /home/greeny/ros2_ws_rrm/install/rrm_msgs/include/rrm_msgs/rrm_msgs/msg/rosidl_generator_cpp__visibility_control.hpp
[0.397s] -- Up-to-date: /home/greeny/ros2_ws_rrm/install/rrm_msgs/include/rrm_msgs/rrm_msgs/msg/detail
[0.397s] -- Up-to-date: /home/greeny/ros2_ws_rrm/install/rrm_msgs/include/rrm_msgs/rrm_msgs/msg/detail/command__type_support.hpp
[0.397s] -- Up-to-date: /home/greeny/ros2_ws_rrm/install/rrm_msgs/include/rrm_msgs/rrm_msgs/msg/detail/command__builder.hpp
[0.397s] -- Up-to-date: /home/greeny/ros2_ws_rrm/install/rrm_msgs/include/rrm_msgs/rrm_msgs/msg/detail/command__struct.hpp
[0.397s] -- Up-to-date: /home/greeny/ros2_ws_rrm/install/rrm_msgs/include/rrm_msgs/rrm_msgs/msg/detail/command__traits.hpp
[0.397s] -- Up-to-date: /home/greeny/ros2_ws_rrm/install/rrm_msgs/include/rrm_msgs/rrm_msgs/msg/command.hpp
[0.398s] -- Up-to-date: /home/greeny/ros2_ws_rrm/install/rrm_msgs/include/rrm_msgs/rrm_msgs
[0.398s] -- Up-to-date: /home/greeny/ros2_ws_rrm/install/rrm_msgs/include/rrm_msgs/rrm_msgs/srv
[0.398s] -- Up-to-date: /home/greeny/ros2_ws_rrm/install/rrm_msgs/include/rrm_msgs/rrm_msgs/srv/detail
[0.398s] -- Up-to-date: /home/greeny/ros2_ws_rrm/install/rrm_msgs/include/rrm_msgs/rrm_msgs/srv/detail/dds_fastrtps
[0.398s] -- Up-to-date: /home/greeny/ros2_ws_rrm/install/rrm_msgs/include/rrm_msgs/rrm_msgs/srv/detail/command__rosidl_typesupport_fastrtps_cpp.hpp
[0.398s] -- Up-to-date: /home/greeny/ros2_ws_rrm/install/rrm_msgs/include/rrm_msgs/rrm_msgs/msg
[0.398s] -- Up-to-date: /home/greeny/ros2_ws_rrm/install/rrm_msgs/include/rrm_msgs/rrm_msgs/msg/rosidl_typesupport_fastrtps_cpp__visibility_control.h
[0.398s] -- Up-to-date: /home/greeny/ros2_ws_rrm/install/rrm_msgs/include/rrm_msgs/rrm_msgs/msg/detail
[0.399s] -- Up-to-date: /home/greeny/ros2_ws_rrm/install/rrm_msgs/include/rrm_msgs/rrm_msgs/msg/detail/dds_fastrtps
[0.399s] -- Up-to-date: /home/greeny/ros2_ws_rrm/install/rrm_msgs/include/rrm_msgs/rrm_msgs/msg/detail/command__rosidl_typesupport_fastrtps_cpp.hpp
[0.399s] -- Up-to-date: /home/greeny/ros2_ws_rrm/install/rrm_msgs/lib/librrm_msgs__rosidl_typesupport_fastrtps_cpp.so
[0.399s] -- Up-to-date: /home/greeny/ros2_ws_rrm/install/rrm_msgs/include/rrm_msgs/rrm_msgs
[0.399s] -- Up-to-date: /home/greeny/ros2_ws_rrm/install/rrm_msgs/include/rrm_msgs/rrm_msgs/srv
[0.399s] -- Up-to-date: /home/greeny/ros2_ws_rrm/install/rrm_msgs/include/rrm_msgs/rrm_msgs/srv/detail
[0.400s] -- Up-to-date: /home/greeny/ros2_ws_rrm/install/rrm_msgs/include/rrm_msgs/rrm_msgs/srv/detail/command__rosidl_typesupport_introspection_cpp.hpp
[0.400s] -- Up-to-date: /home/greeny/ros2_ws_rrm/install/rrm_msgs/include/rrm_msgs/rrm_msgs/srv/detail/command__type_support.cpp
[0.400s] -- Up-to-date: /home/greeny/ros2_ws_rrm/install/rrm_msgs/include/rrm_msgs/rrm_msgs/msg
[0.400s] -- Up-to-date: /home/greeny/ros2_ws_rrm/install/rrm_msgs/include/rrm_msgs/rrm_msgs/msg/detail
[0.400s] -- Up-to-date: /home/greeny/ros2_ws_rrm/install/rrm_msgs/include/rrm_msgs/rrm_msgs/msg/detail/command__rosidl_typesupport_introspection_cpp.hpp
[0.400s] -- Up-to-date: /home/greeny/ros2_ws_rrm/install/rrm_msgs/include/rrm_msgs/rrm_msgs/msg/detail/command__type_support.cpp
[0.400s] -- Up-to-date: /home/greeny/ros2_ws_rrm/install/rrm_msgs/lib/librrm_msgs__rosidl_typesupport_introspection_cpp.so
[0.400s] -- Up-to-date: /home/greeny/ros2_ws_rrm/install/rrm_msgs/lib/librrm_msgs__rosidl_typesupport_cpp.so
[0.400s] -- Up-to-date: /home/greeny/ros2_ws_rrm/install/rrm_msgs/share/rrm_msgs/environment/pythonpath.sh
[0.401s] -- Up-to-date: /home/greeny/ros2_ws_rrm/install/rrm_msgs/share/rrm_msgs/environment/pythonpath.dsv
[0.401s] -- Up-to-date: /home/greeny/ros2_ws_rrm/install/rrm_msgs/lib/python3.12/site-packages/rrm_msgs-0.0.0-py3.12.egg-info
[0.401s] -- Installing: /home/greeny/ros2_ws_rrm/install/rrm_msgs/lib/python3.12/site-packages/rrm_msgs-0.0.0-py3.12.egg-info/dependency_links.txt
[0.401s] -- Installing: /home/greeny/ros2_ws_rrm/install/rrm_msgs/lib/python3.12/site-packages/rrm_msgs-0.0.0-py3.12.egg-info/SOURCES.txt
[0.401s] -- Installing: /home/greeny/ros2_ws_rrm/install/rrm_msgs/lib/python3.12/site-packages/rrm_msgs-0.0.0-py3.12.egg-info/top_level.txt
[0.401s] -- Installing: /home/greeny/ros2_ws_rrm/install/rrm_msgs/lib/python3.12/site-packages/rrm_msgs-0.0.0-py3.12.egg-info/PKG-INFO
[0.401s] -- Up-to-date: /home/greeny/ros2_ws_rrm/install/rrm_msgs/lib/python3.12/site-packages/rrm_msgs
[0.401s] -- Up-to-date: /home/greeny/ros2_ws_rrm/install/rrm_msgs/lib/python3.12/site-packages/rrm_msgs/rrm_msgs_s__rosidl_typesupport_fastrtps_c.so
[0.401s] -- Up-to-date: /home/greeny/ros2_ws_rrm/install/rrm_msgs/lib/python3.12/site-packages/rrm_msgs/rrm_msgs_s__rosidl_typesupport_introspection_c.so
[0.401s] -- Up-to-date: /home/greeny/ros2_ws_rrm/install/rrm_msgs/lib/python3.12/site-packages/rrm_msgs/srv
[0.401s] -- Up-to-date: /home/greeny/ros2_ws_rrm/install/rrm_msgs/lib/python3.12/site-packages/rrm_msgs/srv/__init__.py
[0.401s] -- Up-to-date: /home/greeny/ros2_ws_rrm/install/rrm_msgs/lib/python3.12/site-packages/rrm_msgs/srv/_command_s.c
[0.401s] -- Up-to-date: /home/greeny/ros2_ws_rrm/install/rrm_msgs/lib/python3.12/site-packages/rrm_msgs/srv/_command.py
[0.401s] -- Up-to-date: /home/greeny/ros2_ws_rrm/install/rrm_msgs/lib/python3.12/site-packages/rrm_msgs/_rrm_msgs_s.ep.rosidl_typesupport_introspection_c.c
[0.401s] -- Up-to-date: /home/greeny/ros2_ws_rrm/install/rrm_msgs/lib/python3.12/site-packages/rrm_msgs/__init__.py
[0.402s] -- Up-to-date: /home/greeny/ros2_ws_rrm/install/rrm_msgs/lib/python3.12/site-packages/rrm_msgs/rrm_msgs_s__rosidl_typesupport_c.so
[0.402s] -- Up-to-date: /home/greeny/ros2_ws_rrm/install/rrm_msgs/lib/python3.12/site-packages/rrm_msgs/msg
[0.402s] -- Up-to-date: /home/greeny/ros2_ws_rrm/install/rrm_msgs/lib/python3.12/site-packages/rrm_msgs/msg/__init__.py
[0.402s] -- Up-to-date: /home/greeny/ros2_ws_rrm/install/rrm_msgs/lib/python3.12/site-packages/rrm_msgs/msg/_command_s.c
[0.402s] -- Up-to-date: /home/greeny/ros2_ws_rrm/install/rrm_msgs/lib/python3.12/site-packages/rrm_msgs/msg/_command.py
[0.402s] -- Up-to-date: /home/greeny/ros2_ws_rrm/install/rrm_msgs/lib/python3.12/site-packages/rrm_msgs/_rrm_msgs_s.ep.rosidl_typesupport_c.c
[0.402s] -- Up-to-date: /home/greeny/ros2_ws_rrm/install/rrm_msgs/lib/python3.12/site-packages/rrm_msgs/_rrm_msgs_s.ep.rosidl_typesupport_fastrtps_c.c
[0.428s] Listing '/home/greeny/ros2_ws_rrm/install/rrm_msgs/lib/python3.12/site-packages/rrm_msgs'...
[0.428s] Listing '/home/greeny/ros2_ws_rrm/install/rrm_msgs/lib/python3.12/site-packages/rrm_msgs/msg'...
[0.428s] Listing '/home/greeny/ros2_ws_rrm/install/rrm_msgs/lib/python3.12/site-packages/rrm_msgs/srv'...
[0.432s] -- Up-to-date: /home/greeny/ros2_ws_rrm/install/rrm_msgs/lib/python3.12/site-packages/rrm_msgs/rrm_msgs_s__rosidl_typesupport_fastrtps_c.so
[0.433s] -- Up-to-date: /home/greeny/ros2_ws_rrm/install/rrm_msgs/lib/python3.12/site-packages/rrm_msgs/rrm_msgs_s__rosidl_typesupport_introspection_c.so
[0.433s] -- Up-to-date: /home/greeny/ros2_ws_rrm/install/rrm_msgs/lib/python3.12/site-packages/rrm_msgs/rrm_msgs_s__rosidl_typesupport_c.so
[0.434s] -- Up-to-date: /home/greeny/ros2_ws_rrm/install/rrm_msgs/lib/librrm_msgs__rosidl_generator_py.so
[0.435s] -- Up-to-date: /home/greeny/ros2_ws_rrm/install/rrm_msgs/share/rrm_msgs/msg/Command.idl
[0.435s] -- Up-to-date: /home/greeny/ros2_ws_rrm/install/rrm_msgs/share/rrm_msgs/srv/Command.idl
[0.435s] -- Up-to-date: /home/greeny/ros2_ws_rrm/install/rrm_msgs/share/rrm_msgs/msg/Command.msg
[0.435s] -- Up-to-date: /home/greeny/ros2_ws_rrm/install/rrm_msgs/share/rrm_msgs/srv/Command.srv
[0.436s] -- Up-to-date: /home/greeny/ros2_ws_rrm/install/rrm_msgs/share/ament_index/resource_index/package_run_dependencies/rrm_msgs
[0.436s] -- Up-to-date: /home/greeny/ros2_ws_rrm/install/rrm_msgs/share/ament_index/resource_index/parent_prefix_path/rrm_msgs
[0.436s] -- Up-to-date: /home/greeny/ros2_ws_rrm/install/rrm_msgs/share/rrm_msgs/environment/ament_prefix_path.sh
[0.436s] -- Up-to-date: /home/greeny/ros2_ws_rrm/install/rrm_msgs/share/rrm_msgs/environment/ament_prefix_path.dsv
[0.436s] -- Up-to-date: /home/greeny/ros2_ws_rrm/install/rrm_msgs/share/rrm_msgs/environment/path.sh
[0.437s] -- Up-to-date: /home/greeny/ros2_ws_rrm/install/rrm_msgs/share/rrm_msgs/environment/path.dsv
[0.437s] -- Up-to-date: /home/greeny/ros2_ws_rrm/install/rrm_msgs/share/rrm_msgs/local_setup.bash
[0.437s] -- Up-to-date: /home/greeny/ros2_ws_rrm/install/rrm_msgs/share/rrm_msgs/local_setup.sh
[0.437s] -- Up-to-date: /home/greeny/ros2_ws_rrm/install/rrm_msgs/share/rrm_msgs/local_setup.zsh
[0.437s] -- Up-to-date: /home/greeny/ros2_ws_rrm/install/rrm_msgs/share/rrm_msgs/local_setup.dsv
[0.437s] -- Installing: /home/greeny/ros2_ws_rrm/install/rrm_msgs/share/rrm_msgs/package.dsv
[0.437s] -- Up-to-date: /home/greeny/ros2_ws_rrm/install/rrm_msgs/share/ament_index/resource_index/packages/rrm_msgs
[0.437s] -- Up-to-date: /home/greeny/ros2_ws_rrm/install/rrm_msgs/share/rrm_msgs/cmake/export_rrm_msgs__rosidl_generator_cExport.cmake
[0.438s] -- Up-to-date: /home/greeny/ros2_ws_rrm/install/rrm_msgs/share/rrm_msgs/cmake/export_rrm_msgs__rosidl_generator_cExport-noconfig.cmake
[0.438s] -- Up-to-date: /home/greeny/ros2_ws_rrm/install/rrm_msgs/share/rrm_msgs/cmake/export_rrm_msgs__rosidl_typesupport_fastrtps_cExport.cmake
[0.438s] -- Up-to-date: /home/greeny/ros2_ws_rrm/install/rrm_msgs/share/rrm_msgs/cmake/export_rrm_msgs__rosidl_typesupport_fastrtps_cExport-noconfig.cmake
[0.438s] -- Up-to-date: /home/greeny/ros2_ws_rrm/install/rrm_msgs/share/rrm_msgs/cmake/rrm_msgs__rosidl_typesupport_introspection_cExport.cmake
[0.438s] -- Up-to-date: /home/greeny/ros2_ws_rrm/install/rrm_msgs/share/rrm_msgs/cmake/rrm_msgs__rosidl_typesupport_introspection_cExport-noconfig.cmake
[0.438s] -- Up-to-date: /home/greeny/ros2_ws_rrm/install/rrm_msgs/share/rrm_msgs/cmake/rrm_msgs__rosidl_typesupport_cExport.cmake
[0.438s] -- Up-to-date: /home/greeny/ros2_ws_rrm/install/rrm_msgs/share/rrm_msgs/cmake/rrm_msgs__rosidl_typesupport_cExport-noconfig.cmake
[0.438s] -- Up-to-date: /home/greeny/ros2_ws_rrm/install/rrm_msgs/share/rrm_msgs/cmake/export_rrm_msgs__rosidl_generator_cppExport.cmake
[0.438s] -- Up-to-date: /home/greeny/ros2_ws_rrm/install/rrm_msgs/share/rrm_msgs/cmake/export_rrm_msgs__rosidl_typesupport_fastrtps_cppExport.cmake
[0.438s] -- Up-to-date: /home/greeny/ros2_ws_rrm/install/rrm_msgs/share/rrm_msgs/cmake/export_rrm_msgs__rosidl_typesupport_fastrtps_cppExport-noconfig.cmake
[0.439s] -- Up-to-date: /home/greeny/ros2_ws_rrm/install/rrm_msgs/share/rrm_msgs/cmake/rrm_msgs__rosidl_typesupport_introspection_cppExport.cmake
[0.439s] -- Up-to-date: /home/greeny/ros2_ws_rrm/install/rrm_msgs/share/rrm_msgs/cmake/rrm_msgs__rosidl_typesupport_introspection_cppExport-noconfig.cmake
[0.439s] -- Up-to-date: /home/greeny/ros2_ws_rrm/install/rrm_msgs/share/rrm_msgs/cmake/rrm_msgs__rosidl_typesupport_cppExport.cmake
[0.439s] -- Up-to-date: /home/greeny/ros2_ws_rrm/install/rrm_msgs/share/rrm_msgs/cmake/rrm_msgs__rosidl_typesupport_cppExport-noconfig.cmake
[0.439s] -- Up-to-date: /home/greeny/ros2_ws_rrm/install/rrm_msgs/share/rrm_msgs/cmake/export_rrm_msgs__rosidl_generator_pyExport.cmake
[0.440s] -- Up-to-date: /home/greeny/ros2_ws_rrm/install/rrm_msgs/share/rrm_msgs/cmake/export_rrm_msgs__rosidl_generator_pyExport-noconfig.cmake
[0.440s] -- Up-to-date: /home/greeny/ros2_ws_rrm/install/rrm_msgs/share/rrm_msgs/cmake/rosidl_cmake-extras.cmake
[0.440s] -- Up-to-date: /home/greeny/ros2_ws_rrm/install/rrm_msgs/share/rrm_msgs/cmake/ament_cmake_export_dependencies-extras.cmake
[0.440s] -- Up-to-date: /home/greeny/ros2_ws_rrm/install/rrm_msgs/share/rrm_msgs/cmake/ament_cmake_export_include_directories-extras.cmake
[0.440s] -- Up-to-date: /home/greeny/ros2_ws_rrm/install/rrm_msgs/share/rrm_msgs/cmake/ament_cmake_export_libraries-extras.cmake
[0.440s] -- Up-to-date: /home/greeny/ros2_ws_rrm/install/rrm_msgs/share/rrm_msgs/cmake/ament_cmake_export_targets-extras.cmake
[0.440s] -- Up-to-date: /home/greeny/ros2_ws_rrm/install/rrm_msgs/share/rrm_msgs/cmake/rosidl_cmake_export_typesupport_targets-extras.cmake
[0.440s] -- Up-to-date: /home/greeny/ros2_ws_rrm/install/rrm_msgs/share/rrm_msgs/cmake/rosidl_cmake_export_typesupport_libraries-extras.cmake
[0.440s] -- Up-to-date: /home/greeny/ros2_ws_rrm/install/rrm_msgs/share/rrm_msgs/cmake/rrm_msgsConfig.cmake
[0.440s] -- Up-to-date: /home/greeny/ros2_ws_rrm/install/rrm_msgs/share/rrm_msgs/cmake/rrm_msgsConfig-version.cmake
[0.440s] -- Up-to-date: /home/greeny/ros2_ws_rrm/install/rrm_msgs/share/rrm_msgs/package.xml
[0.441s] Invoked command in '/home/greeny/ros2_ws_rrm/build/rrm_msgs' returned '0': CMAKE_PREFIX_PATH=${CMAKE_PREFIX_PATH}:/opt/ros/jazzy DEBUGINFOD_URLS=https://debuginfod.ubuntu.com /usr/bin/cmake --install /home/greeny/ros2_ws_rrm/build/rrm_msgs
