[0.006s] Invoking command in '/home/greeny/ros2_ws_rrm/build/cv1': CMAKE_PREFIX_PATH=${CMAKE_PREFIX_PATH}:/opt/ros/jazzy DEBUGINFOD_URLS=https://debuginfod.ubuntu.com /usr/bin/cmake /home/greeny/ros2_ws_rrm/src/cv1 -DCMAKE_INSTALL_PREFIX=/home/greeny/ros2_ws_rrm/install/cv1
[0.120s] -- The C compiler identification is GNU 13.3.0
[0.218s] -- The CXX compiler identification is GNU 13.3.0
[0.235s] -- Detecting C compiler ABI info
[0.329s] -- Detecting C compiler ABI info - done
[0.335s] -- Check for working C compiler: /usr/bin/cc - skipped
[0.335s] -- Detecting C compile features
[0.336s] -- Detecting C compile features - done
[0.344s] -- Detecting CXX compiler ABI info
[0.430s] -- Detecting CXX compiler ABI info - done
[0.435s] -- Check for working CXX compiler: /usr/bin/c++ - skipped
[0.435s] -- Detecting CXX compile features
[0.436s] -- Detecting CXX compile features - done
[0.444s] -- Found ament_cmake: 2.5.5 (/opt/ros/jazzy/share/ament_cmake/cmake)
[0.546s] -- Found Python3: /usr/bin/python3 (found version "3.12.3") found components: Interpreter 
[0.628s] -- Found rclcpp: 28.1.16 (/opt/ros/jazzy/share/rclcpp/cmake)
[0.665s] -- Found rosidl_generator_c: 4.6.7 (/opt/ros/jazzy/share/rosidl_generator_c/cmake)
[0.674s] -- Found rosidl_generator_cpp: 4.6.7 (/opt/ros/jazzy/share/rosidl_generator_cpp/cmake)
[0.686s] -- Using all available rosidl_typesupport_c: rosidl_typesupport_fastrtps_c;rosidl_typesupport_introspection_c
[0.698s] -- Using all available rosidl_typesupport_cpp: rosidl_typesupport_fastrtps_cpp;rosidl_typesupport_introspection_cpp
[0.758s] -- Found rmw_implementation_cmake: 7.3.3 (/opt/ros/jazzy/share/rmw_implementation_cmake/cmake)
[0.760s] -- Found rmw_fastrtps_cpp: 8.4.3 (/opt/ros/jazzy/share/rmw_fastrtps_cpp/cmake)
[0.844s] -- Found OpenSSL: /usr/lib/x86_64-linux-gnu/libcrypto.so (found version "3.0.13")  
[0.868s] -- Found FastRTPS: /opt/ros/jazzy/include (Required is at least version "2.13") 
[0.885s] -- Using RMW implementation 'rmw_fastrtps_cpp' as default
[0.955s] -- Found ament_lint_auto: 0.17.4 (/opt/ros/jazzy/share/ament_lint_auto/cmake)
[1.034s] -- Added test 'cppcheck' to perform static code analysis on C / C++ code
[1.034s] -- Configured cppcheck include dirs: $<BUILD_INTERFACE:/home/greeny/ros2_ws_rrm/src/cv1/include>
[1.034s] -- Configured cppcheck exclude dirs and/or files: 
[1.034s] -- Added test 'lint_cmake' to check CMake code style
[1.035s] -- Added test 'uncrustify' to check C / C++ code style
[1.035s] -- Configured uncrustify additional arguments: 
[1.035s] -- Added test 'xmllint' to check XML markup files
[1.036s] -- Configuring done (1.0s)
[1.042s] -- Generating done (0.0s)
[1.044s] -- Build files have been written to: /home/greeny/ros2_ws_rrm/build/cv1
[1.051s] Invoked command in '/home/greeny/ros2_ws_rrm/build/cv1' returned '0': CMAKE_PREFIX_PATH=${CMAKE_PREFIX_PATH}:/opt/ros/jazzy DEBUGINFOD_URLS=https://debuginfod.ubuntu.com /usr/bin/cmake /home/greeny/ros2_ws_rrm/src/cv1 -DCMAKE_INSTALL_PREFIX=/home/greeny/ros2_ws_rrm/install/cv1
[1.052s] Invoking command in '/home/greeny/ros2_ws_rrm/build/cv1': CMAKE_PREFIX_PATH=${CMAKE_PREFIX_PATH}:/opt/ros/jazzy DEBUGINFOD_URLS=https://debuginfod.ubuntu.com /usr/bin/cmake --build /home/greeny/ros2_ws_rrm/build/cv1 -- -j16 -l16
[1.094s] [ 50%] [32mBuilding CXX object CMakeFiles/cv1_node.dir/src/cv1_node.cpp.o[0m
[1.132s] [100%] [32m[1mLinking CXX executable cv1_node[0m
[1.211s] [100%] Built target cv1_node
[1.221s] Invoked command in '/home/greeny/ros2_ws_rrm/build/cv1' returned '0': CMAKE_PREFIX_PATH=${CMAKE_PREFIX_PATH}:/opt/ros/jazzy DEBUGINFOD_URLS=https://debuginfod.ubuntu.com /usr/bin/cmake --build /home/greeny/ros2_ws_rrm/build/cv1 -- -j16 -l16
[1.232s] Invoking command in '/home/greeny/ros2_ws_rrm/build/cv1': CMAKE_PREFIX_PATH=${CMAKE_PREFIX_PATH}:/opt/ros/jazzy DEBUGINFOD_URLS=https://debuginfod.ubuntu.com /usr/bin/cmake --install /home/greeny/ros2_ws_rrm/build/cv1
[1.238s] -- Install configuration: ""
[1.238s] -- Installing: /home/greeny/ros2_ws_rrm/install/cv1/lib/cv1/cv1_node
[1.238s] -- Set non-toolchain portion of runtime path of "/home/greeny/ros2_ws_rrm/install/cv1/lib/cv1/cv1_node" to ""
[1.238s] -- Installing: /home/greeny/ros2_ws_rrm/install/cv1/share/ament_index/resource_index/package_run_dependencies/cv1
[1.238s] -- Installing: /home/greeny/ros2_ws_rrm/install/cv1/share/ament_index/resource_index/parent_prefix_path/cv1
[1.238s] -- Installing: /home/greeny/ros2_ws_rrm/install/cv1/share/cv1/environment/ament_prefix_path.sh
[1.238s] -- Installing: /home/greeny/ros2_ws_rrm/install/cv1/share/cv1/environment/ament_prefix_path.dsv
[1.238s] -- Installing: /home/greeny/ros2_ws_rrm/install/cv1/share/cv1/environment/path.sh
[1.238s] -- Installing: /home/greeny/ros2_ws_rrm/install/cv1/share/cv1/environment/path.dsv
[1.238s] -- Installing: /home/greeny/ros2_ws_rrm/install/cv1/share/cv1/local_setup.bash
[1.238s] -- Installing: /home/greeny/ros2_ws_rrm/install/cv1/share/cv1/local_setup.sh
[1.238s] -- Installing: /home/greeny/ros2_ws_rrm/install/cv1/share/cv1/local_setup.zsh
[1.239s] -- Installing: /home/greeny/ros2_ws_rrm/install/cv1/share/cv1/local_setup.dsv
[1.239s] -- Installing: /home/greeny/ros2_ws_rrm/install/cv1/share/cv1/package.dsv
[1.239s] -- Installing: /home/greeny/ros2_ws_rrm/install/cv1/share/ament_index/resource_index/packages/cv1
[1.239s] -- Installing: /home/greeny/ros2_ws_rrm/install/cv1/share/cv1/cmake/cv1Config.cmake
[1.239s] -- Installing: /home/greeny/ros2_ws_rrm/install/cv1/share/cv1/cmake/cv1Config-version.cmake
[1.239s] -- Installing: /home/greeny/ros2_ws_rrm/install/cv1/share/cv1/package.xml
[1.240s] Invoked command in '/home/greeny/ros2_ws_rrm/build/cv1' returned '0': CMAKE_PREFIX_PATH=${CMAKE_PREFIX_PATH}:/opt/ros/jazzy DEBUGINFOD_URLS=https://debuginfod.ubuntu.com /usr/bin/cmake --install /home/greeny/ros2_ws_rrm/build/cv1
