[0.010s] Invoking command in '/home/greeny/ros2_ws_rrm/build/block1_Ondrejka': CMAKE_PREFIX_PATH=/home/greeny/ros2_ws_rrm/install/rrm_msgs:/home/greeny/ros2_ws_rrm/install/rrm_simple_robot_model:/home/greeny/ros2_ws_rrm/install/rrm_sim:/home/greeny/ros2_ws_rrm/install/cv1:/opt/ros/jazzy/opt/gz_math_vendor:/opt/ros/jazzy/opt/gz_utils_vendor:/opt/ros/jazzy/opt/gz_cmake_vendor:/opt/ros/jazzy DEBUGINFOD_URLS=https://debuginfod.ubuntu.com /usr/bin/cmake /home/greeny/ros2_ws_rrm/src/block1_Ondrejka -DCMAKE_INSTALL_PREFIX=/home/greeny/ros2_ws_rrm/install/block1_Ondrejka
[0.065s] -- The C compiler identification is GNU 13.3.0
[0.140s] -- The CXX compiler identification is GNU 13.3.0
[0.156s] -- Detecting C compiler ABI info
[0.234s] -- Detecting C compiler ABI info - done
[0.240s] -- Check for working C compiler: /usr/bin/cc - skipped
[0.240s] -- Detecting C compile features
[0.241s] -- Detecting C compile features - done
[0.248s] -- Detecting CXX compiler ABI info
[0.339s] -- Detecting CXX compiler ABI info - done
[0.346s] -- Check for working CXX compiler: /usr/bin/c++ - skipped
[0.346s] -- Detecting CXX compile features
[0.346s] -- Detecting CXX compile features - done
[0.349s] -- Found ament_cmake: 2.5.5 (/opt/ros/jazzy/share/ament_cmake/cmake)
[0.454s] -- Found Python3: /usr/bin/python3 (found version "3.12.3") found components: Interpreter 
[0.527s] -- Found rclcpp: 28.1.16 (/opt/ros/jazzy/share/rclcpp/cmake)
[0.550s] -- Found rosidl_generator_c: 4.6.7 (/opt/ros/jazzy/share/rosidl_generator_c/cmake)
[0.558s] -- Found rosidl_generator_cpp: 4.6.7 (/opt/ros/jazzy/share/rosidl_generator_cpp/cmake)
[0.567s] -- Using all available rosidl_typesupport_c: rosidl_typesupport_fastrtps_c;rosidl_typesupport_introspection_c
[0.579s] -- Using all available rosidl_typesupport_cpp: rosidl_typesupport_fastrtps_cpp;rosidl_typesupport_introspection_cpp
[0.625s] -- Found rmw_implementation_cmake: 7.3.3 (/opt/ros/jazzy/share/rmw_implementation_cmake/cmake)
[0.626s] -- Found rmw_fastrtps_cpp: 8.4.3 (/opt/ros/jazzy/share/rmw_fastrtps_cpp/cmake)
[0.691s] -- Found OpenSSL: /usr/lib/x86_64-linux-gnu/libcrypto.so (found version "3.0.13")  
[0.709s] -- Found FastRTPS: /opt/ros/jazzy/include (Required is at least version "2.13") 
[0.733s] -- Using RMW implementation 'rmw_fastrtps_cpp' as default
[0.788s] -- Found rrm_msgs: 0.0.0 (/home/greeny/ros2_ws_rrm/install/rrm_msgs/share/rrm_msgs/cmake)
[0.800s] -- Found ament_lint_auto: 0.17.4 (/opt/ros/jazzy/share/ament_lint_auto/cmake)
[0.859s] WARNING: Package name "block1_Ondrejka" does not follow the naming conventions. It should start with a lower case letter and only contain lower case letters, digits, underscores, and dashes.
[0.883s] -- Added test 'cppcheck' to perform static code analysis on C / C++ code
[0.883s] -- Configured cppcheck include dirs: $<BUILD_INTERFACE:/home/greeny/ros2_ws_rrm/src/block1_Ondrejka/include>
[0.883s] -- Configured cppcheck exclude dirs and/or files: 
[0.884s] -- Added test 'lint_cmake' to check CMake code style
[0.885s] -- Added test 'uncrustify' to check C / C++ code style
[0.885s] -- Configured uncrustify additional arguments: 
[0.885s] -- Added test 'xmllint' to check XML markup files
[0.886s] -- Configuring done (0.9s)
[0.892s] -- Generating done (0.0s)
[0.895s] -- Build files have been written to: /home/greeny/ros2_ws_rrm/build/block1_Ondrejka
[0.902s] Invoked command in '/home/greeny/ros2_ws_rrm/build/block1_Ondrejka' returned '0': CMAKE_PREFIX_PATH=/home/greeny/ros2_ws_rrm/install/rrm_msgs:/home/greeny/ros2_ws_rrm/install/rrm_simple_robot_model:/home/greeny/ros2_ws_rrm/install/rrm_sim:/home/greeny/ros2_ws_rrm/install/cv1:/opt/ros/jazzy/opt/gz_math_vendor:/opt/ros/jazzy/opt/gz_utils_vendor:/opt/ros/jazzy/opt/gz_cmake_vendor:/opt/ros/jazzy DEBUGINFOD_URLS=https://debuginfod.ubuntu.com /usr/bin/cmake /home/greeny/ros2_ws_rrm/src/block1_Ondrejka -DCMAKE_INSTALL_PREFIX=/home/greeny/ros2_ws_rrm/install/block1_Ondrejka
[0.903s] Invoking command in '/home/greeny/ros2_ws_rrm/build/block1_Ondrejka': CMAKE_PREFIX_PATH=/home/greeny/ros2_ws_rrm/install/rrm_msgs:/home/greeny/ros2_ws_rrm/install/rrm_simple_robot_model:/home/greeny/ros2_ws_rrm/install/rrm_sim:/home/greeny/ros2_ws_rrm/install/cv1:/opt/ros/jazzy/opt/gz_math_vendor:/opt/ros/jazzy/opt/gz_utils_vendor:/opt/ros/jazzy/opt/gz_cmake_vendor:/opt/ros/jazzy DEBUGINFOD_URLS=https://debuginfod.ubuntu.com /usr/bin/cmake --build /home/greeny/ros2_ws_rrm/build/block1_Ondrejka -- -j16 -l16
[0.944s] [ 50%] [32mBuilding CXX object CMakeFiles/teleop_node.dir/src/teleop_node.cpp.o[0m
[0.972s] [100%] [32m[1mLinking CXX executable teleop_node[0m
[1.028s] [100%] Built target teleop_node
[1.038s] Invoked command in '/home/greeny/ros2_ws_rrm/build/block1_Ondrejka' returned '0': CMAKE_PREFIX_PATH=/home/greeny/ros2_ws_rrm/install/rrm_msgs:/home/greeny/ros2_ws_rrm/install/rrm_simple_robot_model:/home/greeny/ros2_ws_rrm/install/rrm_sim:/home/greeny/ros2_ws_rrm/install/cv1:/opt/ros/jazzy/opt/gz_math_vendor:/opt/ros/jazzy/opt/gz_utils_vendor:/opt/ros/jazzy/opt/gz_cmake_vendor:/opt/ros/jazzy DEBUGINFOD_URLS=https://debuginfod.ubuntu.com /usr/bin/cmake --build /home/greeny/ros2_ws_rrm/build/block1_Ondrejka -- -j16 -l16
[1.038s] Invoking command in '/home/greeny/ros2_ws_rrm/build/block1_Ondrejka': CMAKE_PREFIX_PATH=/home/greeny/ros2_ws_rrm/install/rrm_msgs:/home/greeny/ros2_ws_rrm/install/rrm_simple_robot_model:/home/greeny/ros2_ws_rrm/install/rrm_sim:/home/greeny/ros2_ws_rrm/install/cv1:/opt/ros/jazzy/opt/gz_math_vendor:/opt/ros/jazzy/opt/gz_utils_vendor:/opt/ros/jazzy/opt/gz_cmake_vendor:/opt/ros/jazzy DEBUGINFOD_URLS=https://debuginfod.ubuntu.com /usr/bin/cmake --install /home/greeny/ros2_ws_rrm/build/block1_Ondrejka
[1.044s] -- Install configuration: ""
[1.044s] -- Installing: /home/greeny/ros2_ws_rrm/install/block1_Ondrejka/lib/block1_Ondrejka/teleop_node
[1.044s] -- Set non-toolchain portion of runtime path of "/home/greeny/ros2_ws_rrm/install/block1_Ondrejka/lib/block1_Ondrejka/teleop_node" to ""
[1.045s] -- Installing: /home/greeny/ros2_ws_rrm/install/block1_Ondrejka/share/ament_index/resource_index/package_run_dependencies/block1_Ondrejka
[1.045s] -- Installing: /home/greeny/ros2_ws_rrm/install/block1_Ondrejka/share/ament_index/resource_index/parent_prefix_path/block1_Ondrejka
[1.045s] -- Installing: /home/greeny/ros2_ws_rrm/install/block1_Ondrejka/share/block1_Ondrejka/environment/ament_prefix_path.sh
[1.045s] -- Installing: /home/greeny/ros2_ws_rrm/install/block1_Ondrejka/share/block1_Ondrejka/environment/ament_prefix_path.dsv
[1.045s] -- Installing: /home/greeny/ros2_ws_rrm/install/block1_Ondrejka/share/block1_Ondrejka/environment/path.sh
[1.045s] -- Installing: /home/greeny/ros2_ws_rrm/install/block1_Ondrejka/share/block1_Ondrejka/environment/path.dsv
[1.045s] -- Installing: /home/greeny/ros2_ws_rrm/install/block1_Ondrejka/share/block1_Ondrejka/local_setup.bash
[1.045s] -- Installing: /home/greeny/ros2_ws_rrm/install/block1_Ondrejka/share/block1_Ondrejka/local_setup.sh
[1.045s] -- Installing: /home/greeny/ros2_ws_rrm/install/block1_Ondrejka/share/block1_Ondrejka/local_setup.zsh
[1.046s] -- Installing: /home/greeny/ros2_ws_rrm/install/block1_Ondrejka/share/block1_Ondrejka/local_setup.dsv
[1.046s] -- Installing: /home/greeny/ros2_ws_rrm/install/block1_Ondrejka/share/block1_Ondrejka/package.dsv
[1.046s] -- Installing: /home/greeny/ros2_ws_rrm/install/block1_Ondrejka/share/ament_index/resource_index/packages/block1_Ondrejka
[1.046s] -- Installing: /home/greeny/ros2_ws_rrm/install/block1_Ondrejka/share/block1_Ondrejka/cmake/block1_OndrejkaConfig.cmake
[1.046s] -- Installing: /home/greeny/ros2_ws_rrm/install/block1_Ondrejka/share/block1_Ondrejka/cmake/block1_OndrejkaConfig-version.cmake
[1.047s] -- Installing: /home/greeny/ros2_ws_rrm/install/block1_Ondrejka/share/block1_Ondrejka/package.xml
[1.047s] Invoked command in '/home/greeny/ros2_ws_rrm/build/block1_Ondrejka' returned '0': CMAKE_PREFIX_PATH=/home/greeny/ros2_ws_rrm/install/rrm_msgs:/home/greeny/ros2_ws_rrm/install/rrm_simple_robot_model:/home/greeny/ros2_ws_rrm/install/rrm_sim:/home/greeny/ros2_ws_rrm/install/cv1:/opt/ros/jazzy/opt/gz_math_vendor:/opt/ros/jazzy/opt/gz_utils_vendor:/opt/ros/jazzy/opt/gz_cmake_vendor:/opt/ros/jazzy DEBUGINFOD_URLS=https://debuginfod.ubuntu.com /usr/bin/cmake --install /home/greeny/ros2_ws_rrm/build/block1_Ondrejka
