-- Found ament_cmake: 2.5.5 (/opt/ros/jazzy/share/ament_cmake/cmake)
-- Found rclcpp: 28.1.16 (/opt/ros/jazzy/share/rclcpp/cmake)
-- Found rosidl_generator_c: 4.6.7 (/opt/ros/jazzy/share/rosidl_generator_c/cmake)
-- Found rosidl_generator_cpp: 4.6.7 (/opt/ros/jazzy/share/rosidl_generator_cpp/cmake)
-- Using all available rosidl_typesupport_c: rosidl_typesupport_fastrtps_c;rosidl_typesupport_introspection_c
-- Using all available rosidl_typesupport_cpp: rosidl_typesupport_fastrtps_cpp;rosidl_typesupport_introspection_cpp
-- Found rmw_implementation_cmake: 7.3.3 (/opt/ros/jazzy/share/rmw_implementation_cmake/cmake)
-- Found rmw_fastrtps_cpp: 8.4.3 (/opt/ros/jazzy/share/rmw_fastrtps_cpp/cmake)
-- Using RMW implementation 'rmw_fastrtps_cpp' as default
-- Found ament_lint_auto: 0.17.4 (/opt/ros/jazzy/share/ament_lint_auto/cmake)
-- Added test 'cppcheck' to perform static code analysis on C / C++ code
-- Configured cppcheck include dirs: $<BUILD_INTERFACE:/home/greeny/ros2_ws_rrm/src/cv1/include>
-- Configured cppcheck exclude dirs and/or files: 
-- Added test 'lint_cmake' to check CMake code style
-- Added test 'uncrustify' to check C / C++ code style
-- Configured uncrustify additional arguments: 
-- Added test 'xmllint' to check XML markup files
-- Configuring done (0.4s)
-- Generating done (0.0s)
-- Build files have been written to: /home/greeny/ros2_ws_rrm/build/cv1
[ 33%] [32mBuilding CXX object CMakeFiles/cv1_node.dir/src/robot.cpp.o[0m
[ 66%] [32m[1mLinking CXX executable cv1_node[0m
/usr/bin/ld: CMakeFiles/cv1_node.dir/src/robot.cpp.o: in function `main':
robot.cpp:(.text+0x0): multiple definition of `main'; CMakeFiles/cv1_node.dir/src/cv1_node.cpp.o:cv1_node.cpp:(.text+0x0): first defined here
/usr/bin/ld: CMakeFiles/cv1_node.dir/src/robot.cpp.o: in function `main':
robot.cpp:(.text+0xcb): undefined reference to `Robot::Robot()'
/usr/bin/ld: robot.cpp:(.text+0x28f): undefined reference to `Robot::getCurrentPosition() const'
/usr/bin/ld: robot.cpp:(.text+0x360): undefined reference to `Robot::move(double)'
/usr/bin/ld: robot.cpp:(.text+0x524): undefined reference to `Robot::getCurrentPosition() const'
collect2: error: ld returned 1 exit status
gmake[2]: *** [CMakeFiles/cv1_node.dir/build.make:179: cv1_node] Error 1
gmake[1]: *** [CMakeFiles/Makefile2:137: CMakeFiles/cv1_node.dir/all] Error 2
gmake: *** [Makefile:146: all] Error 2
