[0.164s] DEBUG:colcon:Command line arguments: ['/usr/bin/colcon', 'build']
[0.165s] DEBUG:colcon:Parsed command line arguments: Namespace(log_base=None, log_level=None, verb_name='build', build_base='build', install_base='install', merge_install=False, symlink_install=False, test_result_base=None, continue_on_error=False, executor='parallel', parallel_workers=16, event_handlers=None, ignore_user_meta=False, metas=['./colcon.meta'], base_paths=['.'], packages_ignore=None, packages_ignore_regex=None, paths=None, packages_up_to=None, packages_up_to_regex=None, packages_above=None, packages_above_and_dependencies=None, packages_above_depth=None, packages_select_by_dep=None, packages_skip_by_dep=None, packages_skip_up_to=None, packages_select_build_failed=False, packages_skip_build_finished=False, packages_select_test_failures=False, packages_skip_test_passed=False, packages_select=None, packages_skip=None, packages_select_regex=None, packages_skip_regex=None, packages_start=None, packages_end=None, allow_overriding=[], cmake_args=None, cmake_target=None, cmake_target_skip_unavailable=False, cmake_clean_cache=False, cmake_clean_first=False, cmake_force_configure=False, ament_cmake_args=None, catkin_cmake_args=None, catkin_skip_building_tests=False, mixin_files=None, mixin=None, verb_parser=<colcon_mixin.mixin.mixin_argument.MixinArgumentDecorator object at 0x73c770681bb0>, verb_extension=<colcon_core.verb.build.BuildVerb object at 0x73c7706816d0>, main=<bound method BuildVerb.main of <colcon_core.verb.build.BuildVerb object at 0x73c7706816d0>>, mixin_verb=('build',))
[0.200s] Level 1:colcon.colcon_core.package_discovery:discover_packages(colcon_meta) check parameters
[0.200s] Level 1:colcon.colcon_core.package_discovery:discover_packages(recursive) check parameters
[0.200s] Level 1:colcon.colcon_core.package_discovery:discover_packages(ignore) check parameters
[0.200s] Level 1:colcon.colcon_core.package_discovery:discover_packages(path) check parameters
[0.200s] Level 1:colcon.colcon_core.package_discovery:discover_packages(colcon_meta) discover
[0.200s] Level 1:colcon.colcon_core.package_discovery:discover_packages(recursive) discover
[0.200s] INFO:colcon.colcon_core.package_discovery:Crawling recursively for packages in '/home/greeny/ros2_ws_rrm'
[0.200s] Level 1:colcon.colcon_core.package_identification:_identify(.) by extensions ['ignore', 'ignore_ament_install']
[0.200s] Level 1:colcon.colcon_core.package_identification:_identify(.) by extension 'ignore'
[0.200s] Level 1:colcon.colcon_core.package_identification:_identify(.) by extension 'ignore_ament_install'
[0.200s] Level 1:colcon.colcon_core.package_identification:_identify(.) by extensions ['colcon_pkg']
[0.200s] Level 1:colcon.colcon_core.package_identification:_identify(.) by extension 'colcon_pkg'
[0.200s] Level 1:colcon.colcon_core.package_identification:_identify(.) by extensions ['colcon_meta']
[0.200s] Level 1:colcon.colcon_core.package_identification:_identify(.) by extension 'colcon_meta'
[0.200s] Level 1:colcon.colcon_core.package_identification:_identify(.) by extensions ['ros']
[0.200s] Level 1:colcon.colcon_core.package_identification:_identify(.) by extension 'ros'
[0.219s] Level 1:colcon.colcon_core.package_identification:_identify(.) by extensions ['cmake', 'python']
[0.219s] Level 1:colcon.colcon_core.package_identification:_identify(.) by extension 'cmake'
[0.219s] Level 1:colcon.colcon_core.package_identification:_identify(.) by extension 'python'
[0.219s] Level 1:colcon.colcon_core.package_identification:_identify(.) by extensions ['python_setup_py']
[0.219s] Level 1:colcon.colcon_core.package_identification:_identify(.) by extension 'python_setup_py'
[0.219s] Level 1:colcon.colcon_core.package_identification:_identify(build) by extensions ['ignore', 'ignore_ament_install']
[0.219s] Level 1:colcon.colcon_core.package_identification:_identify(build) by extension 'ignore'
[0.219s] Level 1:colcon.colcon_core.package_identification:_identify(build) ignored
[0.219s] Level 1:colcon.colcon_core.package_identification:_identify(install) by extensions ['ignore', 'ignore_ament_install']
[0.219s] Level 1:colcon.colcon_core.package_identification:_identify(install) by extension 'ignore'
[0.219s] Level 1:colcon.colcon_core.package_identification:_identify(install) ignored
[0.219s] Level 1:colcon.colcon_core.package_identification:_identify(log) by extensions ['ignore', 'ignore_ament_install']
[0.219s] Level 1:colcon.colcon_core.package_identification:_identify(log) by extension 'ignore'
[0.219s] Level 1:colcon.colcon_core.package_identification:_identify(log) ignored
[0.219s] Level 1:colcon.colcon_core.package_identification:_identify(rrm-zadania) by extensions ['ignore', 'ignore_ament_install']
[0.219s] Level 1:colcon.colcon_core.package_identification:_identify(rrm-zadania) by extension 'ignore'
[0.219s] Level 1:colcon.colcon_core.package_identification:_identify(rrm-zadania) by extension 'ignore_ament_install'
[0.219s] Level 1:colcon.colcon_core.package_identification:_identify(rrm-zadania) by extensions ['colcon_pkg']
[0.219s] Level 1:colcon.colcon_core.package_identification:_identify(rrm-zadania) by extension 'colcon_pkg'
[0.219s] Level 1:colcon.colcon_core.package_identification:_identify(rrm-zadania) by extensions ['colcon_meta']
[0.220s] Level 1:colcon.colcon_core.package_identification:_identify(rrm-zadania) by extension 'colcon_meta'
[0.220s] Level 1:colcon.colcon_core.package_identification:_identify(rrm-zadania) by extensions ['ros']
[0.220s] Level 1:colcon.colcon_core.package_identification:_identify(rrm-zadania) by extension 'ros'
[0.220s] Level 1:colcon.colcon_core.package_identification:_identify(rrm-zadania) by extensions ['cmake', 'python']
[0.220s] Level 1:colcon.colcon_core.package_identification:_identify(rrm-zadania) by extension 'cmake'
[0.220s] Level 1:colcon.colcon_core.package_identification:_identify(rrm-zadania) by extension 'python'
[0.220s] Level 1:colcon.colcon_core.package_identification:_identify(rrm-zadania) by extensions ['python_setup_py']
[0.220s] Level 1:colcon.colcon_core.package_identification:_identify(rrm-zadania) by extension 'python_setup_py'
[0.220s] Level 1:colcon.colcon_core.package_identification:_identify(src) by extensions ['ignore', 'ignore_ament_install']
[0.220s] Level 1:colcon.colcon_core.package_identification:_identify(src) by extension 'ignore'
[0.220s] Level 1:colcon.colcon_core.package_identification:_identify(src) by extension 'ignore_ament_install'
[0.220s] Level 1:colcon.colcon_core.package_identification:_identify(src) by extensions ['colcon_pkg']
[0.220s] Level 1:colcon.colcon_core.package_identification:_identify(src) by extension 'colcon_pkg'
[0.220s] Level 1:colcon.colcon_core.package_identification:_identify(src) by extensions ['colcon_meta']
[0.220s] Level 1:colcon.colcon_core.package_identification:_identify(src) by extension 'colcon_meta'
[0.220s] Level 1:colcon.colcon_core.package_identification:_identify(src) by extensions ['ros']
[0.220s] Level 1:colcon.colcon_core.package_identification:_identify(src) by extension 'ros'
[0.220s] Level 1:colcon.colcon_core.package_identification:_identify(src) by extensions ['cmake', 'python']
[0.220s] Level 1:colcon.colcon_core.package_identification:_identify(src) by extension 'cmake'
[0.220s] Level 1:colcon.colcon_core.package_identification:_identify(src) by extension 'python'
[0.220s] Level 1:colcon.colcon_core.package_identification:_identify(src) by extensions ['python_setup_py']
[0.220s] Level 1:colcon.colcon_core.package_identification:_identify(src) by extension 'python_setup_py'
[0.220s] Level 1:colcon.colcon_core.package_identification:_identify(src/cv1) by extensions ['ignore', 'ignore_ament_install']
[0.220s] Level 1:colcon.colcon_core.package_identification:_identify(src/cv1) by extension 'ignore'
[0.220s] Level 1:colcon.colcon_core.package_identification:_identify(src/cv1) by extension 'ignore_ament_install'
[0.220s] Level 1:colcon.colcon_core.package_identification:_identify(src/cv1) by extensions ['colcon_pkg']
[0.220s] Level 1:colcon.colcon_core.package_identification:_identify(src/cv1) by extension 'colcon_pkg'
[0.220s] Level 1:colcon.colcon_core.package_identification:_identify(src/cv1) by extensions ['colcon_meta']
[0.220s] Level 1:colcon.colcon_core.package_identification:_identify(src/cv1) by extension 'colcon_meta'
[0.220s] Level 1:colcon.colcon_core.package_identification:_identify(src/cv1) by extensions ['ros']
[0.220s] Level 1:colcon.colcon_core.package_identification:_identify(src/cv1) by extension 'ros'
[0.223s] DEBUG:colcon.colcon_core.package_identification:Package 'src/cv1' with type 'ros.ament_cmake' and name 'cv1'
[0.224s] Level 1:colcon.colcon_core.package_identification:_identify(src/cv2) by extensions ['ignore', 'ignore_ament_install']
[0.224s] Level 1:colcon.colcon_core.package_identification:_identify(src/cv2) by extension 'ignore'
[0.224s] Level 1:colcon.colcon_core.package_identification:_identify(src/cv2) by extension 'ignore_ament_install'
[0.224s] Level 1:colcon.colcon_core.package_identification:_identify(src/cv2) by extensions ['colcon_pkg']
[0.224s] Level 1:colcon.colcon_core.package_identification:_identify(src/cv2) by extension 'colcon_pkg'
[0.224s] Level 1:colcon.colcon_core.package_identification:_identify(src/cv2) by extensions ['colcon_meta']
[0.224s] Level 1:colcon.colcon_core.package_identification:_identify(src/cv2) by extension 'colcon_meta'
[0.224s] Level 1:colcon.colcon_core.package_identification:_identify(src/cv2) by extensions ['ros']
[0.224s] Level 1:colcon.colcon_core.package_identification:_identify(src/cv2) by extension 'ros'
[0.224s] Level 1:colcon.colcon_core.package_identification:_identify(src/cv2) by extensions ['cmake', 'python']
[0.224s] Level 1:colcon.colcon_core.package_identification:_identify(src/cv2) by extension 'cmake'
[0.224s] Level 1:colcon.colcon_core.package_identification:_identify(src/cv2) by extension 'python'
[0.224s] Level 1:colcon.colcon_core.package_identification:_identify(src/cv2) by extensions ['python_setup_py']
[0.224s] Level 1:colcon.colcon_core.package_identification:_identify(src/cv2) by extension 'python_setup_py'
[0.224s] Level 1:colcon.colcon_core.package_identification:_identify(src/cv2/rrm_msgs) by extensions ['ignore', 'ignore_ament_install']
[0.224s] Level 1:colcon.colcon_core.package_identification:_identify(src/cv2/rrm_msgs) by extension 'ignore'
[0.224s] Level 1:colcon.colcon_core.package_identification:_identify(src/cv2/rrm_msgs) by extension 'ignore_ament_install'
[0.224s] Level 1:colcon.colcon_core.package_identification:_identify(src/cv2/rrm_msgs) by extensions ['colcon_pkg']
[0.224s] Level 1:colcon.colcon_core.package_identification:_identify(src/cv2/rrm_msgs) by extension 'colcon_pkg'
[0.224s] Level 1:colcon.colcon_core.package_identification:_identify(src/cv2/rrm_msgs) by extensions ['colcon_meta']
[0.224s] Level 1:colcon.colcon_core.package_identification:_identify(src/cv2/rrm_msgs) by extension 'colcon_meta'
[0.224s] Level 1:colcon.colcon_core.package_identification:_identify(src/cv2/rrm_msgs) by extensions ['ros']
[0.224s] Level 1:colcon.colcon_core.package_identification:_identify(src/cv2/rrm_msgs) by extension 'ros'
[0.225s] DEBUG:colcon.colcon_core.package_identification:Package 'src/cv2/rrm_msgs' with type 'ros.ament_cmake' and name 'rrm_msgs'
[0.225s] Level 1:colcon.colcon_core.package_identification:_identify(src/cv2/rrm_sim) by extensions ['ignore', 'ignore_ament_install']
[0.225s] Level 1:colcon.colcon_core.package_identification:_identify(src/cv2/rrm_sim) by extension 'ignore'
[0.225s] Level 1:colcon.colcon_core.package_identification:_identify(src/cv2/rrm_sim) by extension 'ignore_ament_install'
[0.225s] Level 1:colcon.colcon_core.package_identification:_identify(src/cv2/rrm_sim) by extensions ['colcon_pkg']
[0.225s] Level 1:colcon.colcon_core.package_identification:_identify(src/cv2/rrm_sim) by extension 'colcon_pkg'
[0.225s] Level 1:colcon.colcon_core.package_identification:_identify(src/cv2/rrm_sim) by extensions ['colcon_meta']
[0.225s] Level 1:colcon.colcon_core.package_identification:_identify(src/cv2/rrm_sim) by extension 'colcon_meta'
[0.225s] Level 1:colcon.colcon_core.package_identification:_identify(src/cv2/rrm_sim) by extensions ['ros']
[0.225s] Level 1:colcon.colcon_core.package_identification:_identify(src/cv2/rrm_sim) by extension 'ros'
[0.225s] DEBUG:colcon.colcon_core.package_identification:Package 'src/cv2/rrm_sim' with type 'ros.ament_cmake' and name 'rrm_sim'
[0.225s] Level 1:colcon.colcon_core.package_identification:_identify(src/cv2/rrm_simple_robot_model) by extensions ['ignore', 'ignore_ament_install']
[0.225s] Level 1:colcon.colcon_core.package_identification:_identify(src/cv2/rrm_simple_robot_model) by extension 'ignore'
[0.225s] Level 1:colcon.colcon_core.package_identification:_identify(src/cv2/rrm_simple_robot_model) by extension 'ignore_ament_install'
[0.225s] Level 1:colcon.colcon_core.package_identification:_identify(src/cv2/rrm_simple_robot_model) by extensions ['colcon_pkg']
[0.225s] Level 1:colcon.colcon_core.package_identification:_identify(src/cv2/rrm_simple_robot_model) by extension 'colcon_pkg'
[0.226s] Level 1:colcon.colcon_core.package_identification:_identify(src/cv2/rrm_simple_robot_model) by extensions ['colcon_meta']
[0.226s] Level 1:colcon.colcon_core.package_identification:_identify(src/cv2/rrm_simple_robot_model) by extension 'colcon_meta'
[0.226s] Level 1:colcon.colcon_core.package_identification:_identify(src/cv2/rrm_simple_robot_model) by extensions ['ros']
[0.226s] Level 1:colcon.colcon_core.package_identification:_identify(src/cv2/rrm_simple_robot_model) by extension 'ros'
[0.226s] DEBUG:colcon.colcon_core.package_identification:Package 'src/cv2/rrm_simple_robot_model' with type 'ros.ament_cmake' and name 'rrm_simple_robot_model'
[0.226s] Level 1:colcon.colcon_core.package_discovery:discover_packages(recursive) using defaults
[0.226s] Level 1:colcon.colcon_core.package_discovery:discover_packages(ignore) discover
[0.226s] Level 1:colcon.colcon_core.package_discovery:discover_packages(ignore) using defaults
[0.226s] Level 1:colcon.colcon_core.package_discovery:discover_packages(path) discover
[0.226s] Level 1:colcon.colcon_core.package_discovery:discover_packages(path) using defaults
[0.245s] Level 1:colcon.colcon_core.package_discovery:discover_packages(prefix_path) check parameters
[0.245s] Level 1:colcon.colcon_core.package_discovery:discover_packages(prefix_path) discover
[0.247s] DEBUG:colcon.colcon_installed_package_information.package_discovery:Found 1 installed packages in /home/greeny/ros2_ws_rrm/install
[0.248s] DEBUG:colcon.colcon_installed_package_information.package_discovery:Found 286 installed packages in /opt/ros/jazzy
[0.249s] Level 1:colcon.colcon_core.package_discovery:discover_packages(prefix_path) using defaults
[0.270s] Level 5:colcon.colcon_core.verb:set package 'cv1' build argument 'cmake_args' from command line to 'None'
[0.270s] Level 5:colcon.colcon_core.verb:set package 'cv1' build argument 'cmake_target' from command line to 'None'
[0.270s] Level 5:colcon.colcon_core.verb:set package 'cv1' build argument 'cmake_target_skip_unavailable' from command line to 'False'
[0.270s] Level 5:colcon.colcon_core.verb:set package 'cv1' build argument 'cmake_clean_cache' from command line to 'False'
[0.270s] Level 5:colcon.colcon_core.verb:set package 'cv1' build argument 'cmake_clean_first' from command line to 'False'
[0.270s] Level 5:colcon.colcon_core.verb:set package 'cv1' build argument 'cmake_force_configure' from command line to 'False'
[0.270s] Level 5:colcon.colcon_core.verb:set package 'cv1' build argument 'ament_cmake_args' from command line to 'None'
[0.270s] Level 5:colcon.colcon_core.verb:set package 'cv1' build argument 'catkin_cmake_args' from command line to 'None'
[0.270s] Level 5:colcon.colcon_core.verb:set package 'cv1' build argument 'catkin_skip_building_tests' from command line to 'False'
[0.270s] DEBUG:colcon.colcon_core.verb:Building package 'cv1' with the following arguments: {'ament_cmake_args': None, 'build_base': '/home/greeny/ros2_ws_rrm/build/cv1', 'catkin_cmake_args': None, 'catkin_skip_building_tests': False, 'cmake_args': None, 'cmake_clean_cache': False, 'cmake_clean_first': False, 'cmake_force_configure': False, 'cmake_target': None, 'cmake_target_skip_unavailable': False, 'install_base': '/home/greeny/ros2_ws_rrm/install/cv1', 'merge_install': False, 'path': '/home/greeny/ros2_ws_rrm/src/cv1', 'symlink_install': False, 'test_result_base': None}
[0.270s] Level 5:colcon.colcon_core.verb:set package 'rrm_msgs' build argument 'cmake_args' from command line to 'None'
[0.270s] Level 5:colcon.colcon_core.verb:set package 'rrm_msgs' build argument 'cmake_target' from command line to 'None'
[0.270s] Level 5:colcon.colcon_core.verb:set package 'rrm_msgs' build argument 'cmake_target_skip_unavailable' from command line to 'False'
[0.270s] Level 5:colcon.colcon_core.verb:set package 'rrm_msgs' build argument 'cmake_clean_cache' from command line to 'False'
[0.270s] Level 5:colcon.colcon_core.verb:set package 'rrm_msgs' build argument 'cmake_clean_first' from command line to 'False'
[0.270s] Level 5:colcon.colcon_core.verb:set package 'rrm_msgs' build argument 'cmake_force_configure' from command line to 'False'
[0.270s] Level 5:colcon.colcon_core.verb:set package 'rrm_msgs' build argument 'ament_cmake_args' from command line to 'None'
[0.270s] Level 5:colcon.colcon_core.verb:set package 'rrm_msgs' build argument 'catkin_cmake_args' from command line to 'None'
[0.270s] Level 5:colcon.colcon_core.verb:set package 'rrm_msgs' build argument 'catkin_skip_building_tests' from command line to 'False'
[0.270s] DEBUG:colcon.colcon_core.verb:Building package 'rrm_msgs' with the following arguments: {'ament_cmake_args': None, 'build_base': '/home/greeny/ros2_ws_rrm/build/rrm_msgs', 'catkin_cmake_args': None, 'catkin_skip_building_tests': False, 'cmake_args': None, 'cmake_clean_cache': False, 'cmake_clean_first': False, 'cmake_force_configure': False, 'cmake_target': None, 'cmake_target_skip_unavailable': False, 'install_base': '/home/greeny/ros2_ws_rrm/install/rrm_msgs', 'merge_install': False, 'path': '/home/greeny/ros2_ws_rrm/src/cv2/rrm_msgs', 'symlink_install': False, 'test_result_base': None}
[0.270s] Level 5:colcon.colcon_core.verb:set package 'rrm_simple_robot_model' build argument 'cmake_args' from command line to 'None'
[0.270s] Level 5:colcon.colcon_core.verb:set package 'rrm_simple_robot_model' build argument 'cmake_target' from command line to 'None'
[0.270s] Level 5:colcon.colcon_core.verb:set package 'rrm_simple_robot_model' build argument 'cmake_target_skip_unavailable' from command line to 'False'
[0.270s] Level 5:colcon.colcon_core.verb:set package 'rrm_simple_robot_model' build argument 'cmake_clean_cache' from command line to 'False'
[0.270s] Level 5:colcon.colcon_core.verb:set package 'rrm_simple_robot_model' build argument 'cmake_clean_first' from command line to 'False'
[0.270s] Level 5:colcon.colcon_core.verb:set package 'rrm_simple_robot_model' build argument 'cmake_force_configure' from command line to 'False'
[0.270s] Level 5:colcon.colcon_core.verb:set package 'rrm_simple_robot_model' build argument 'ament_cmake_args' from command line to 'None'
[0.270s] Level 5:colcon.colcon_core.verb:set package 'rrm_simple_robot_model' build argument 'catkin_cmake_args' from command line to 'None'
[0.270s] Level 5:colcon.colcon_core.verb:set package 'rrm_simple_robot_model' build argument 'catkin_skip_building_tests' from command line to 'False'
[0.270s] DEBUG:colcon.colcon_core.verb:Building package 'rrm_simple_robot_model' with the following arguments: {'ament_cmake_args': None, 'build_base': '/home/greeny/ros2_ws_rrm/build/rrm_simple_robot_model', 'catkin_cmake_args': None, 'catkin_skip_building_tests': False, 'cmake_args': None, 'cmake_clean_cache': False, 'cmake_clean_first': False, 'cmake_force_configure': False, 'cmake_target': None, 'cmake_target_skip_unavailable': False, 'install_base': '/home/greeny/ros2_ws_rrm/install/rrm_simple_robot_model', 'merge_install': False, 'path': '/home/greeny/ros2_ws_rrm/src/cv2/rrm_simple_robot_model', 'symlink_install': False, 'test_result_base': None}
[0.270s] Level 5:colcon.colcon_core.verb:set package 'rrm_sim' build argument 'cmake_args' from command line to 'None'
[0.270s] Level 5:colcon.colcon_core.verb:set package 'rrm_sim' build argument 'cmake_target' from command line to 'None'
[0.270s] Level 5:colcon.colcon_core.verb:set package 'rrm_sim' build argument 'cmake_target_skip_unavailable' from command line to 'False'
[0.270s] Level 5:colcon.colcon_core.verb:set package 'rrm_sim' build argument 'cmake_clean_cache' from command line to 'False'
[0.270s] Level 5:colcon.colcon_core.verb:set package 'rrm_sim' build argument 'cmake_clean_first' from command line to 'False'
[0.270s] Level 5:colcon.colcon_core.verb:set package 'rrm_sim' build argument 'cmake_force_configure' from command line to 'False'
[0.270s] Level 5:colcon.colcon_core.verb:set package 'rrm_sim' build argument 'ament_cmake_args' from command line to 'None'
[0.270s] Level 5:colcon.colcon_core.verb:set package 'rrm_sim' build argument 'catkin_cmake_args' from command line to 'None'
[0.270s] Level 5:colcon.colcon_core.verb:set package 'rrm_sim' build argument 'catkin_skip_building_tests' from command line to 'False'
[0.270s] DEBUG:colcon.colcon_core.verb:Building package 'rrm_sim' with the following arguments: {'ament_cmake_args': None, 'build_base': '/home/greeny/ros2_ws_rrm/build/rrm_sim', 'catkin_cmake_args': None, 'catkin_skip_building_tests': False, 'cmake_args': None, 'cmake_clean_cache': False, 'cmake_clean_first': False, 'cmake_force_configure': False, 'cmake_target': None, 'cmake_target_skip_unavailable': False, 'install_base': '/home/greeny/ros2_ws_rrm/install/rrm_sim', 'merge_install': False, 'path': '/home/greeny/ros2_ws_rrm/src/cv2/rrm_sim', 'symlink_install': False, 'test_result_base': None}
[0.270s] INFO:colcon.colcon_core.executor:Executing jobs using 'parallel' executor
[0.271s] DEBUG:colcon.colcon_parallel_executor.executor.parallel:run_until_complete
[0.272s] INFO:colcon.colcon_ros.task.ament_cmake.build:Building ROS package in '/home/greeny/ros2_ws_rrm/src/cv2/rrm_msgs' with build type 'ament_cmake'
[0.272s] INFO:colcon.colcon_cmake.task.cmake.build:Building CMake package in '/home/greeny/ros2_ws_rrm/src/cv2/rrm_msgs'
[0.274s] INFO:colcon.colcon_core.plugin_system:Skipping extension 'colcon_core.shell.bat': Not used on non-Windows systems
[0.274s] INFO:colcon.colcon_core.shell:Skip shell extension 'powershell' for command environment: Not usable outside of PowerShell
[0.274s] DEBUG:colcon.colcon_core.shell:Skip shell extension 'dsv' for command environment
[0.277s] INFO:colcon.colcon_ros.task.ament_cmake.build:Building ROS package in '/home/greeny/ros2_ws_rrm/src/cv1' with build type 'ament_cmake'
[0.277s] INFO:colcon.colcon_cmake.task.cmake.build:Building CMake package in '/home/greeny/ros2_ws_rrm/src/cv1'
[0.277s] INFO:colcon.colcon_core.shell:Skip shell extension 'powershell' for command environment: Not usable outside of PowerShell
[0.277s] DEBUG:colcon.colcon_core.shell:Skip shell extension 'dsv' for command environment
[0.281s] INFO:colcon.colcon_ros.task.ament_cmake.build:Building ROS package in '/home/greeny/ros2_ws_rrm/src/cv2/rrm_simple_robot_model' with build type 'ament_cmake'
[0.281s] INFO:colcon.colcon_cmake.task.cmake.build:Building CMake package in '/home/greeny/ros2_ws_rrm/src/cv2/rrm_simple_robot_model'
[0.281s] INFO:colcon.colcon_core.shell:Skip shell extension 'powershell' for command environment: Not usable outside of PowerShell
[0.281s] DEBUG:colcon.colcon_core.shell:Skip shell extension 'dsv' for command environment
[0.289s] DEBUG:colcon.colcon_core.event_handler.log_command:Invoking command in '/home/greeny/ros2_ws_rrm/build/rrm_msgs': CMAKE_PREFIX_PATH=${CMAKE_PREFIX_PATH}:/opt/ros/jazzy DEBUGINFOD_URLS=https://debuginfod.ubuntu.com /usr/bin/cmake /home/greeny/ros2_ws_rrm/src/cv2/rrm_msgs -DCMAKE_INSTALL_PREFIX=/home/greeny/ros2_ws_rrm/install/rrm_msgs
[0.293s] DEBUG:colcon.colcon_core.event_handler.log_command:Invoking command in '/home/greeny/ros2_ws_rrm/build/cv1': CMAKE_PREFIX_PATH=${CMAKE_PREFIX_PATH}:/opt/ros/jazzy DEBUGINFOD_URLS=https://debuginfod.ubuntu.com /usr/bin/cmake --build /home/greeny/ros2_ws_rrm/build/cv1 -- -j16 -l16
[0.295s] DEBUG:colcon.colcon_core.event_handler.log_command:Invoking command in '/home/greeny/ros2_ws_rrm/build/rrm_simple_robot_model': CMAKE_PREFIX_PATH=${CMAKE_PREFIX_PATH}:/opt/ros/jazzy DEBUGINFOD_URLS=https://debuginfod.ubuntu.com /usr/bin/cmake /home/greeny/ros2_ws_rrm/src/cv2/rrm_simple_robot_model -DCMAKE_INSTALL_PREFIX=/home/greeny/ros2_ws_rrm/install/rrm_simple_robot_model
[0.399s] DEBUG:colcon.colcon_core.event_handler.log_command:Invoked command in '/home/greeny/ros2_ws_rrm/build/cv1' returned '0': CMAKE_PREFIX_PATH=${CMAKE_PREFIX_PATH}:/opt/ros/jazzy DEBUGINFOD_URLS=https://debuginfod.ubuntu.com /usr/bin/cmake --build /home/greeny/ros2_ws_rrm/build/cv1 -- -j16 -l16
[0.411s] DEBUG:colcon.colcon_core.event_handler.log_command:Invoking command in '/home/greeny/ros2_ws_rrm/build/cv1': CMAKE_PREFIX_PATH=${CMAKE_PREFIX_PATH}:/opt/ros/jazzy DEBUGINFOD_URLS=https://debuginfod.ubuntu.com /usr/bin/cmake --install /home/greeny/ros2_ws_rrm/build/cv1
[0.422s] Level 1:colcon.colcon_core.environment:create_environment_scripts_only(cv1)
[0.423s] DEBUG:colcon.colcon_core.event_handler.log_command:Invoked command in '/home/greeny/ros2_ws_rrm/build/cv1' returned '0': CMAKE_PREFIX_PATH=${CMAKE_PREFIX_PATH}:/opt/ros/jazzy DEBUGINFOD_URLS=https://debuginfod.ubuntu.com /usr/bin/cmake --install /home/greeny/ros2_ws_rrm/build/cv1
[0.429s] Level 1:colcon.colcon_core.environment:checking '/home/greeny/ros2_ws_rrm/install/cv1' for CMake module files
[0.430s] Level 1:colcon.colcon_core.environment:checking '/home/greeny/ros2_ws_rrm/install/cv1' for CMake config files
[0.431s] Level 1:colcon.colcon_core.shell:create_environment_hook('cv1', 'cmake_prefix_path')
[0.431s] INFO:colcon.colcon_core.shell:Creating environment hook '/home/greeny/ros2_ws_rrm/install/cv1/share/cv1/hook/cmake_prefix_path.ps1'
[0.432s] INFO:colcon.colcon_core.shell:Creating environment descriptor '/home/greeny/ros2_ws_rrm/install/cv1/share/cv1/hook/cmake_prefix_path.dsv'
[0.433s] INFO:colcon.colcon_core.shell:Creating environment hook '/home/greeny/ros2_ws_rrm/install/cv1/share/cv1/hook/cmake_prefix_path.sh'
[0.434s] Level 1:colcon.colcon_core.environment:checking '/home/greeny/ros2_ws_rrm/install/cv1/lib'
[0.434s] Level 1:colcon.colcon_core.environment:checking '/home/greeny/ros2_ws_rrm/install/cv1/bin'
[0.434s] Level 1:colcon.colcon_core.environment:checking '/home/greeny/ros2_ws_rrm/install/cv1/lib/pkgconfig/cv1.pc'
[0.434s] Level 1:colcon.colcon_core.environment:checking '/home/greeny/ros2_ws_rrm/install/cv1/lib/python3.12/site-packages'
[0.434s] Level 1:colcon.colcon_core.environment:checking '/home/greeny/ros2_ws_rrm/install/cv1/bin'
[0.434s] INFO:colcon.colcon_core.shell:Creating package script '/home/greeny/ros2_ws_rrm/install/cv1/share/cv1/package.ps1'
[0.438s] INFO:colcon.colcon_core.shell:Creating package descriptor '/home/greeny/ros2_ws_rrm/install/cv1/share/cv1/package.dsv'
[0.438s] INFO:colcon.colcon_core.shell:Creating package script '/home/greeny/ros2_ws_rrm/install/cv1/share/cv1/package.sh'
[0.439s] INFO:colcon.colcon_core.shell:Creating package script '/home/greeny/ros2_ws_rrm/install/cv1/share/cv1/package.bash'
[0.440s] INFO:colcon.colcon_core.shell:Creating package script '/home/greeny/ros2_ws_rrm/install/cv1/share/cv1/package.zsh'
[0.441s] Level 1:colcon.colcon_core.environment:create_file_with_runtime_dependencies(/home/greeny/ros2_ws_rrm/install/cv1/share/colcon-core/packages/cv1)
[0.441s] Level 1:colcon.colcon_core.environment:create_environment_scripts_only(cv1)
[0.441s] Level 1:colcon.colcon_core.environment:checking '/home/greeny/ros2_ws_rrm/install/cv1' for CMake module files
[0.442s] Level 1:colcon.colcon_core.environment:checking '/home/greeny/ros2_ws_rrm/install/cv1' for CMake config files
[0.442s] Level 1:colcon.colcon_core.shell:create_environment_hook('cv1', 'cmake_prefix_path')
[0.442s] INFO:colcon.colcon_core.shell:Creating environment hook '/home/greeny/ros2_ws_rrm/install/cv1/share/cv1/hook/cmake_prefix_path.ps1'
[0.442s] INFO:colcon.colcon_core.shell:Creating environment descriptor '/home/greeny/ros2_ws_rrm/install/cv1/share/cv1/hook/cmake_prefix_path.dsv'
[0.443s] INFO:colcon.colcon_core.shell:Creating environment hook '/home/greeny/ros2_ws_rrm/install/cv1/share/cv1/hook/cmake_prefix_path.sh'
[0.443s] Level 1:colcon.colcon_core.environment:checking '/home/greeny/ros2_ws_rrm/install/cv1/lib'
[0.443s] Level 1:colcon.colcon_core.environment:checking '/home/greeny/ros2_ws_rrm/install/cv1/bin'
[0.443s] Level 1:colcon.colcon_core.environment:checking '/home/greeny/ros2_ws_rrm/install/cv1/lib/pkgconfig/cv1.pc'
[0.443s] Level 1:colcon.colcon_core.environment:checking '/home/greeny/ros2_ws_rrm/install/cv1/lib/python3.12/site-packages'
[0.444s] Level 1:colcon.colcon_core.environment:checking '/home/greeny/ros2_ws_rrm/install/cv1/bin'
[0.444s] INFO:colcon.colcon_core.shell:Creating package script '/home/greeny/ros2_ws_rrm/install/cv1/share/cv1/package.ps1'
[0.444s] INFO:colcon.colcon_core.shell:Creating package descriptor '/home/greeny/ros2_ws_rrm/install/cv1/share/cv1/package.dsv'
[0.445s] INFO:colcon.colcon_core.shell:Creating package script '/home/greeny/ros2_ws_rrm/install/cv1/share/cv1/package.sh'
[0.445s] INFO:colcon.colcon_core.shell:Creating package script '/home/greeny/ros2_ws_rrm/install/cv1/share/cv1/package.bash'
[0.445s] INFO:colcon.colcon_core.shell:Creating package script '/home/greeny/ros2_ws_rrm/install/cv1/share/cv1/package.zsh'
[0.446s] Level 1:colcon.colcon_core.environment:create_file_with_runtime_dependencies(/home/greeny/ros2_ws_rrm/install/cv1/share/colcon-core/packages/cv1)
[1.029s] DEBUG:colcon.colcon_core.event_handler.log_command:Invoked command in '/home/greeny/ros2_ws_rrm/build/rrm_simple_robot_model' returned '0': CMAKE_PREFIX_PATH=${CMAKE_PREFIX_PATH}:/opt/ros/jazzy DEBUGINFOD_URLS=https://debuginfod.ubuntu.com /usr/bin/cmake /home/greeny/ros2_ws_rrm/src/cv2/rrm_simple_robot_model -DCMAKE_INSTALL_PREFIX=/home/greeny/ros2_ws_rrm/install/rrm_simple_robot_model
[1.030s] DEBUG:colcon.colcon_core.event_handler.log_command:Invoking command in '/home/greeny/ros2_ws_rrm/build/rrm_simple_robot_model': CMAKE_PREFIX_PATH=${CMAKE_PREFIX_PATH}:/opt/ros/jazzy DEBUGINFOD_URLS=https://debuginfod.ubuntu.com /usr/bin/cmake --build /home/greeny/ros2_ws_rrm/build/rrm_simple_robot_model -- -j16 -l16
[1.059s] DEBUG:colcon.colcon_core.event_handler.log_command:Invoked command in '/home/greeny/ros2_ws_rrm/build/rrm_simple_robot_model' returned '0': CMAKE_PREFIX_PATH=${CMAKE_PREFIX_PATH}:/opt/ros/jazzy DEBUGINFOD_URLS=https://debuginfod.ubuntu.com /usr/bin/cmake --build /home/greeny/ros2_ws_rrm/build/rrm_simple_robot_model -- -j16 -l16
[1.060s] DEBUG:colcon.colcon_core.event_handler.log_command:Invoking command in '/home/greeny/ros2_ws_rrm/build/rrm_simple_robot_model': CMAKE_PREFIX_PATH=${CMAKE_PREFIX_PATH}:/opt/ros/jazzy DEBUGINFOD_URLS=https://debuginfod.ubuntu.com /usr/bin/cmake --install /home/greeny/ros2_ws_rrm/build/rrm_simple_robot_model
[1.069s] Level 1:colcon.colcon_core.environment:create_environment_scripts_only(rrm_simple_robot_model)
[1.069s] DEBUG:colcon.colcon_core.event_handler.log_command:Invoked command in '/home/greeny/ros2_ws_rrm/build/rrm_simple_robot_model' returned '0': CMAKE_PREFIX_PATH=${CMAKE_PREFIX_PATH}:/opt/ros/jazzy DEBUGINFOD_URLS=https://debuginfod.ubuntu.com /usr/bin/cmake --install /home/greeny/ros2_ws_rrm/build/rrm_simple_robot_model
[1.069s] Level 1:colcon.colcon_core.environment:checking '/home/greeny/ros2_ws_rrm/install/rrm_simple_robot_model' for CMake module files
[1.070s] Level 1:colcon.colcon_core.environment:checking '/home/greeny/ros2_ws_rrm/install/rrm_simple_robot_model' for CMake config files
[1.070s] Level 1:colcon.colcon_core.shell:create_environment_hook('rrm_simple_robot_model', 'cmake_prefix_path')
[1.070s] INFO:colcon.colcon_core.shell:Creating environment hook '/home/greeny/ros2_ws_rrm/install/rrm_simple_robot_model/share/rrm_simple_robot_model/hook/cmake_prefix_path.ps1'
[1.071s] INFO:colcon.colcon_core.shell:Creating environment descriptor '/home/greeny/ros2_ws_rrm/install/rrm_simple_robot_model/share/rrm_simple_robot_model/hook/cmake_prefix_path.dsv'
[1.071s] INFO:colcon.colcon_core.shell:Creating environment hook '/home/greeny/ros2_ws_rrm/install/rrm_simple_robot_model/share/rrm_simple_robot_model/hook/cmake_prefix_path.sh'
[1.071s] Level 1:colcon.colcon_core.environment:checking '/home/greeny/ros2_ws_rrm/install/rrm_simple_robot_model/bin'
[1.071s] Level 1:colcon.colcon_core.environment:checking '/home/greeny/ros2_ws_rrm/install/rrm_simple_robot_model/lib/pkgconfig/rrm_simple_robot_model.pc'
[1.072s] Level 1:colcon.colcon_core.environment:checking '/home/greeny/ros2_ws_rrm/install/rrm_simple_robot_model/lib/python3.12/site-packages'
[1.072s] Level 1:colcon.colcon_core.environment:checking '/home/greeny/ros2_ws_rrm/install/rrm_simple_robot_model/bin'
[1.072s] INFO:colcon.colcon_core.shell:Creating package script '/home/greeny/ros2_ws_rrm/install/rrm_simple_robot_model/share/rrm_simple_robot_model/package.ps1'
[1.072s] INFO:colcon.colcon_core.shell:Creating package descriptor '/home/greeny/ros2_ws_rrm/install/rrm_simple_robot_model/share/rrm_simple_robot_model/package.dsv'
[1.073s] INFO:colcon.colcon_core.shell:Creating package script '/home/greeny/ros2_ws_rrm/install/rrm_simple_robot_model/share/rrm_simple_robot_model/package.sh'
[1.073s] INFO:colcon.colcon_core.shell:Creating package script '/home/greeny/ros2_ws_rrm/install/rrm_simple_robot_model/share/rrm_simple_robot_model/package.bash'
[1.073s] INFO:colcon.colcon_core.shell:Creating package script '/home/greeny/ros2_ws_rrm/install/rrm_simple_robot_model/share/rrm_simple_robot_model/package.zsh'
[1.074s] Level 1:colcon.colcon_core.environment:create_file_with_runtime_dependencies(/home/greeny/ros2_ws_rrm/install/rrm_simple_robot_model/share/colcon-core/packages/rrm_simple_robot_model)
[1.074s] Level 1:colcon.colcon_core.environment:create_environment_scripts_only(rrm_simple_robot_model)
[1.074s] Level 1:colcon.colcon_core.environment:checking '/home/greeny/ros2_ws_rrm/install/rrm_simple_robot_model' for CMake module files
[1.075s] Level 1:colcon.colcon_core.environment:checking '/home/greeny/ros2_ws_rrm/install/rrm_simple_robot_model' for CMake config files
[1.075s] Level 1:colcon.colcon_core.shell:create_environment_hook('rrm_simple_robot_model', 'cmake_prefix_path')
[1.075s] INFO:colcon.colcon_core.shell:Creating environment hook '/home/greeny/ros2_ws_rrm/install/rrm_simple_robot_model/share/rrm_simple_robot_model/hook/cmake_prefix_path.ps1'
[1.075s] INFO:colcon.colcon_core.shell:Creating environment descriptor '/home/greeny/ros2_ws_rrm/install/rrm_simple_robot_model/share/rrm_simple_robot_model/hook/cmake_prefix_path.dsv'
[1.075s] INFO:colcon.colcon_core.shell:Creating environment hook '/home/greeny/ros2_ws_rrm/install/rrm_simple_robot_model/share/rrm_simple_robot_model/hook/cmake_prefix_path.sh'
[1.076s] Level 1:colcon.colcon_core.environment:checking '/home/greeny/ros2_ws_rrm/install/rrm_simple_robot_model/bin'
[1.076s] Level 1:colcon.colcon_core.environment:checking '/home/greeny/ros2_ws_rrm/install/rrm_simple_robot_model/lib/pkgconfig/rrm_simple_robot_model.pc'
[1.076s] Level 1:colcon.colcon_core.environment:checking '/home/greeny/ros2_ws_rrm/install/rrm_simple_robot_model/lib/python3.12/site-packages'
[1.076s] Level 1:colcon.colcon_core.environment:checking '/home/greeny/ros2_ws_rrm/install/rrm_simple_robot_model/bin'
[1.076s] INFO:colcon.colcon_core.shell:Creating package script '/home/greeny/ros2_ws_rrm/install/rrm_simple_robot_model/share/rrm_simple_robot_model/package.ps1'
[1.077s] INFO:colcon.colcon_core.shell:Creating package descriptor '/home/greeny/ros2_ws_rrm/install/rrm_simple_robot_model/share/rrm_simple_robot_model/package.dsv'
[1.077s] INFO:colcon.colcon_core.shell:Creating package script '/home/greeny/ros2_ws_rrm/install/rrm_simple_robot_model/share/rrm_simple_robot_model/package.sh'
[1.078s] INFO:colcon.colcon_core.shell:Creating package script '/home/greeny/ros2_ws_rrm/install/rrm_simple_robot_model/share/rrm_simple_robot_model/package.bash'
[1.078s] INFO:colcon.colcon_core.shell:Creating package script '/home/greeny/ros2_ws_rrm/install/rrm_simple_robot_model/share/rrm_simple_robot_model/package.zsh'
[1.079s] Level 1:colcon.colcon_core.environment:create_file_with_runtime_dependencies(/home/greeny/ros2_ws_rrm/install/rrm_simple_robot_model/share/colcon-core/packages/rrm_simple_robot_model)
[2.775s] DEBUG:colcon.colcon_core.event_handler.log_command:Invoked command in '/home/greeny/ros2_ws_rrm/build/rrm_msgs' returned '0': CMAKE_PREFIX_PATH=${CMAKE_PREFIX_PATH}:/opt/ros/jazzy DEBUGINFOD_URLS=https://debuginfod.ubuntu.com /usr/bin/cmake /home/greeny/ros2_ws_rrm/src/cv2/rrm_msgs -DCMAKE_INSTALL_PREFIX=/home/greeny/ros2_ws_rrm/install/rrm_msgs
[2.776s] DEBUG:colcon.colcon_core.event_handler.log_command:Invoking command in '/home/greeny/ros2_ws_rrm/build/rrm_msgs': CMAKE_PREFIX_PATH=${CMAKE_PREFIX_PATH}:/opt/ros/jazzy DEBUGINFOD_URLS=https://debuginfod.ubuntu.com /usr/bin/cmake --build /home/greeny/ros2_ws_rrm/build/rrm_msgs -- -j16 -l16
[5.217s] DEBUG:colcon.colcon_core.event_handler.log_command:Invoked command in '/home/greeny/ros2_ws_rrm/build/rrm_msgs' returned '0': CMAKE_PREFIX_PATH=${CMAKE_PREFIX_PATH}:/opt/ros/jazzy DEBUGINFOD_URLS=https://debuginfod.ubuntu.com /usr/bin/cmake --build /home/greeny/ros2_ws_rrm/build/rrm_msgs -- -j16 -l16
[5.218s] DEBUG:colcon.colcon_core.event_handler.log_command:Invoking command in '/home/greeny/ros2_ws_rrm/build/rrm_msgs': CMAKE_PREFIX_PATH=${CMAKE_PREFIX_PATH}:/opt/ros/jazzy DEBUGINFOD_URLS=https://debuginfod.ubuntu.com /usr/bin/cmake --install /home/greeny/ros2_ws_rrm/build/rrm_msgs
[5.272s] Level 1:colcon.colcon_core.environment:create_environment_scripts_only(rrm_msgs)
[5.272s] Level 1:colcon.colcon_core.environment:checking '/home/greeny/ros2_ws_rrm/install/rrm_msgs' for CMake module files
[5.272s] DEBUG:colcon.colcon_core.event_handler.log_command:Invoked command in '/home/greeny/ros2_ws_rrm/build/rrm_msgs' returned '0': CMAKE_PREFIX_PATH=${CMAKE_PREFIX_PATH}:/opt/ros/jazzy DEBUGINFOD_URLS=https://debuginfod.ubuntu.com /usr/bin/cmake --install /home/greeny/ros2_ws_rrm/build/rrm_msgs
[5.273s] Level 1:colcon.colcon_core.environment:checking '/home/greeny/ros2_ws_rrm/install/rrm_msgs' for CMake config files
[5.274s] Level 1:colcon.colcon_core.shell:create_environment_hook('rrm_msgs', 'cmake_prefix_path')
[5.274s] INFO:colcon.colcon_core.shell:Creating environment hook '/home/greeny/ros2_ws_rrm/install/rrm_msgs/share/rrm_msgs/hook/cmake_prefix_path.ps1'
[5.274s] INFO:colcon.colcon_core.shell:Creating environment descriptor '/home/greeny/ros2_ws_rrm/install/rrm_msgs/share/rrm_msgs/hook/cmake_prefix_path.dsv'
[5.275s] INFO:colcon.colcon_core.shell:Creating environment hook '/home/greeny/ros2_ws_rrm/install/rrm_msgs/share/rrm_msgs/hook/cmake_prefix_path.sh'
[5.275s] Level 1:colcon.colcon_core.environment:checking '/home/greeny/ros2_ws_rrm/install/rrm_msgs/lib'
[5.276s] Level 1:colcon.colcon_core.shell:create_environment_hook('rrm_msgs', 'ld_library_path_lib')
[5.276s] INFO:colcon.colcon_core.shell:Creating environment hook '/home/greeny/ros2_ws_rrm/install/rrm_msgs/share/rrm_msgs/hook/ld_library_path_lib.ps1'
[5.276s] INFO:colcon.colcon_core.shell:Creating environment descriptor '/home/greeny/ros2_ws_rrm/install/rrm_msgs/share/rrm_msgs/hook/ld_library_path_lib.dsv'
[5.277s] INFO:colcon.colcon_core.shell:Creating environment hook '/home/greeny/ros2_ws_rrm/install/rrm_msgs/share/rrm_msgs/hook/ld_library_path_lib.sh'
[5.277s] Level 1:colcon.colcon_core.environment:checking '/home/greeny/ros2_ws_rrm/install/rrm_msgs/bin'
[5.277s] Level 1:colcon.colcon_core.environment:checking '/home/greeny/ros2_ws_rrm/install/rrm_msgs/lib/pkgconfig/rrm_msgs.pc'
[5.277s] Level 1:colcon.colcon_core.environment:checking '/home/greeny/ros2_ws_rrm/install/rrm_msgs/lib/python3.12/site-packages'
[5.277s] Level 1:colcon.colcon_core.shell:create_environment_hook('rrm_msgs', 'pythonpath')
[5.277s] INFO:colcon.colcon_core.shell:Creating environment hook '/home/greeny/ros2_ws_rrm/install/rrm_msgs/share/rrm_msgs/hook/pythonpath.ps1'
[5.278s] INFO:colcon.colcon_core.shell:Creating environment descriptor '/home/greeny/ros2_ws_rrm/install/rrm_msgs/share/rrm_msgs/hook/pythonpath.dsv'
[5.278s] INFO:colcon.colcon_core.shell:Creating environment hook '/home/greeny/ros2_ws_rrm/install/rrm_msgs/share/rrm_msgs/hook/pythonpath.sh'
[5.278s] Level 1:colcon.colcon_core.environment:checking '/home/greeny/ros2_ws_rrm/install/rrm_msgs/bin'
[5.278s] INFO:colcon.colcon_core.shell:Creating package script '/home/greeny/ros2_ws_rrm/install/rrm_msgs/share/rrm_msgs/package.ps1'
[5.279s] INFO:colcon.colcon_core.shell:Creating package descriptor '/home/greeny/ros2_ws_rrm/install/rrm_msgs/share/rrm_msgs/package.dsv'
[5.279s] INFO:colcon.colcon_core.shell:Creating package script '/home/greeny/ros2_ws_rrm/install/rrm_msgs/share/rrm_msgs/package.sh'
[5.279s] INFO:colcon.colcon_core.shell:Creating package script '/home/greeny/ros2_ws_rrm/install/rrm_msgs/share/rrm_msgs/package.bash'
[5.280s] INFO:colcon.colcon_core.shell:Creating package script '/home/greeny/ros2_ws_rrm/install/rrm_msgs/share/rrm_msgs/package.zsh'
[5.280s] Level 1:colcon.colcon_core.environment:create_file_with_runtime_dependencies(/home/greeny/ros2_ws_rrm/install/rrm_msgs/share/colcon-core/packages/rrm_msgs)
[5.280s] Level 1:colcon.colcon_core.environment:create_environment_scripts_only(rrm_msgs)
[5.280s] Level 1:colcon.colcon_core.environment:checking '/home/greeny/ros2_ws_rrm/install/rrm_msgs' for CMake module files
[5.281s] Level 1:colcon.colcon_core.environment:checking '/home/greeny/ros2_ws_rrm/install/rrm_msgs' for CMake config files
[5.281s] Level 1:colcon.colcon_core.shell:create_environment_hook('rrm_msgs', 'cmake_prefix_path')
[5.281s] INFO:colcon.colcon_core.shell:Creating environment hook '/home/greeny/ros2_ws_rrm/install/rrm_msgs/share/rrm_msgs/hook/cmake_prefix_path.ps1'
[5.281s] INFO:colcon.colcon_core.shell:Creating environment descriptor '/home/greeny/ros2_ws_rrm/install/rrm_msgs/share/rrm_msgs/hook/cmake_prefix_path.dsv'
[5.281s] INFO:colcon.colcon_core.shell:Creating environment hook '/home/greeny/ros2_ws_rrm/install/rrm_msgs/share/rrm_msgs/hook/cmake_prefix_path.sh'
[5.282s] Level 1:colcon.colcon_core.environment:checking '/home/greeny/ros2_ws_rrm/install/rrm_msgs/lib'
[5.282s] Level 1:colcon.colcon_core.shell:create_environment_hook('rrm_msgs', 'ld_library_path_lib')
[5.282s] INFO:colcon.colcon_core.shell:Creating environment hook '/home/greeny/ros2_ws_rrm/install/rrm_msgs/share/rrm_msgs/hook/ld_library_path_lib.ps1'
[5.282s] INFO:colcon.colcon_core.shell:Creating environment descriptor '/home/greeny/ros2_ws_rrm/install/rrm_msgs/share/rrm_msgs/hook/ld_library_path_lib.dsv'
[5.282s] INFO:colcon.colcon_core.shell:Creating environment hook '/home/greeny/ros2_ws_rrm/install/rrm_msgs/share/rrm_msgs/hook/ld_library_path_lib.sh'
[5.283s] Level 1:colcon.colcon_core.environment:checking '/home/greeny/ros2_ws_rrm/install/rrm_msgs/bin'
[5.283s] Level 1:colcon.colcon_core.environment:checking '/home/greeny/ros2_ws_rrm/install/rrm_msgs/lib/pkgconfig/rrm_msgs.pc'
[5.283s] Level 1:colcon.colcon_core.environment:checking '/home/greeny/ros2_ws_rrm/install/rrm_msgs/lib/python3.12/site-packages'
[5.283s] Level 1:colcon.colcon_core.shell:create_environment_hook('rrm_msgs', 'pythonpath')
[5.283s] INFO:colcon.colcon_core.shell:Creating environment hook '/home/greeny/ros2_ws_rrm/install/rrm_msgs/share/rrm_msgs/hook/pythonpath.ps1'
[5.283s] INFO:colcon.colcon_core.shell:Creating environment descriptor '/home/greeny/ros2_ws_rrm/install/rrm_msgs/share/rrm_msgs/hook/pythonpath.dsv'
[5.284s] INFO:colcon.colcon_core.shell:Creating environment hook '/home/greeny/ros2_ws_rrm/install/rrm_msgs/share/rrm_msgs/hook/pythonpath.sh'
[5.284s] Level 1:colcon.colcon_core.environment:checking '/home/greeny/ros2_ws_rrm/install/rrm_msgs/bin'
[5.284s] INFO:colcon.colcon_core.shell:Creating package script '/home/greeny/ros2_ws_rrm/install/rrm_msgs/share/rrm_msgs/package.ps1'
[5.285s] INFO:colcon.colcon_core.shell:Creating package descriptor '/home/greeny/ros2_ws_rrm/install/rrm_msgs/share/rrm_msgs/package.dsv'
[5.285s] INFO:colcon.colcon_core.shell:Creating package script '/home/greeny/ros2_ws_rrm/install/rrm_msgs/share/rrm_msgs/package.sh'
[5.285s] INFO:colcon.colcon_core.shell:Creating package script '/home/greeny/ros2_ws_rrm/install/rrm_msgs/share/rrm_msgs/package.bash'
[5.286s] INFO:colcon.colcon_core.shell:Creating package script '/home/greeny/ros2_ws_rrm/install/rrm_msgs/share/rrm_msgs/package.zsh'
[5.286s] Level 1:colcon.colcon_core.environment:create_file_with_runtime_dependencies(/home/greeny/ros2_ws_rrm/install/rrm_msgs/share/colcon-core/packages/rrm_msgs)
[5.286s] INFO:colcon.colcon_ros.task.ament_cmake.build:Building ROS package in '/home/greeny/ros2_ws_rrm/src/cv2/rrm_sim' with build type 'ament_cmake'
[5.286s] INFO:colcon.colcon_cmake.task.cmake.build:Building CMake package in '/home/greeny/ros2_ws_rrm/src/cv2/rrm_sim'
[5.286s] INFO:colcon.colcon_core.shell:Skip shell extension 'powershell' for command environment: Not usable outside of PowerShell
[5.286s] DEBUG:colcon.colcon_core.shell:Skip shell extension 'dsv' for command environment
[5.297s] DEBUG:colcon.colcon_core.event_handler.log_command:Invoking command in '/home/greeny/ros2_ws_rrm/build/rrm_sim': AMENT_PREFIX_PATH=/home/greeny/ros2_ws_rrm/install/rrm_msgs:${AMENT_PREFIX_PATH} CMAKE_PREFIX_PATH=/home/greeny/ros2_ws_rrm/install/rrm_msgs:/home/greeny/ros2_ws_rrm/install/cv1:/opt/ros/jazzy/opt/gz_math_vendor:/opt/ros/jazzy/opt/gz_utils_vendor:/opt/ros/jazzy/opt/gz_cmake_vendor:/opt/ros/jazzy DEBUGINFOD_URLS=https://debuginfod.ubuntu.com LD_LIBRARY_PATH=/home/greeny/ros2_ws_rrm/install/rrm_msgs/lib:${LD_LIBRARY_PATH} PYTHONPATH=/home/greeny/ros2_ws_rrm/install/rrm_msgs/lib/python3.12/site-packages:${PYTHONPATH} /usr/bin/cmake /home/greeny/ros2_ws_rrm/src/cv2/rrm_sim -DCMAKE_INSTALL_PREFIX=/home/greeny/ros2_ws_rrm/install/rrm_sim
[6.197s] DEBUG:colcon.colcon_core.event_handler.log_command:Invoked command in '/home/greeny/ros2_ws_rrm/build/rrm_sim' returned '0': AMENT_PREFIX_PATH=/home/greeny/ros2_ws_rrm/install/rrm_msgs:${AMENT_PREFIX_PATH} CMAKE_PREFIX_PATH=/home/greeny/ros2_ws_rrm/install/rrm_msgs:/home/greeny/ros2_ws_rrm/install/cv1:/opt/ros/jazzy/opt/gz_math_vendor:/opt/ros/jazzy/opt/gz_utils_vendor:/opt/ros/jazzy/opt/gz_cmake_vendor:/opt/ros/jazzy DEBUGINFOD_URLS=https://debuginfod.ubuntu.com LD_LIBRARY_PATH=/home/greeny/ros2_ws_rrm/install/rrm_msgs/lib:${LD_LIBRARY_PATH} PYTHONPATH=/home/greeny/ros2_ws_rrm/install/rrm_msgs/lib/python3.12/site-packages:${PYTHONPATH} /usr/bin/cmake /home/greeny/ros2_ws_rrm/src/cv2/rrm_sim -DCMAKE_INSTALL_PREFIX=/home/greeny/ros2_ws_rrm/install/rrm_sim
[6.198s] DEBUG:colcon.colcon_core.event_handler.log_command:Invoking command in '/home/greeny/ros2_ws_rrm/build/rrm_sim': AMENT_PREFIX_PATH=/home/greeny/ros2_ws_rrm/install/rrm_msgs:${AMENT_PREFIX_PATH} CMAKE_PREFIX_PATH=/home/greeny/ros2_ws_rrm/install/rrm_msgs:/home/greeny/ros2_ws_rrm/install/cv1:/opt/ros/jazzy/opt/gz_math_vendor:/opt/ros/jazzy/opt/gz_utils_vendor:/opt/ros/jazzy/opt/gz_cmake_vendor:/opt/ros/jazzy DEBUGINFOD_URLS=https://debuginfod.ubuntu.com LD_LIBRARY_PATH=/home/greeny/ros2_ws_rrm/install/rrm_msgs/lib:${LD_LIBRARY_PATH} PYTHONPATH=/home/greeny/ros2_ws_rrm/install/rrm_msgs/lib/python3.12/site-packages:${PYTHONPATH} /usr/bin/cmake --build /home/greeny/ros2_ws_rrm/build/rrm_sim -- -j16 -l16
[12.091s] DEBUG:colcon.colcon_core.event_handler.log_command:Invoked command in '/home/greeny/ros2_ws_rrm/build/rrm_sim' returned '0': AMENT_PREFIX_PATH=/home/greeny/ros2_ws_rrm/install/rrm_msgs:${AMENT_PREFIX_PATH} CMAKE_PREFIX_PATH=/home/greeny/ros2_ws_rrm/install/rrm_msgs:/home/greeny/ros2_ws_rrm/install/cv1:/opt/ros/jazzy/opt/gz_math_vendor:/opt/ros/jazzy/opt/gz_utils_vendor:/opt/ros/jazzy/opt/gz_cmake_vendor:/opt/ros/jazzy DEBUGINFOD_URLS=https://debuginfod.ubuntu.com LD_LIBRARY_PATH=/home/greeny/ros2_ws_rrm/install/rrm_msgs/lib:${LD_LIBRARY_PATH} PYTHONPATH=/home/greeny/ros2_ws_rrm/install/rrm_msgs/lib/python3.12/site-packages:${PYTHONPATH} /usr/bin/cmake --build /home/greeny/ros2_ws_rrm/build/rrm_sim -- -j16 -l16
[12.092s] DEBUG:colcon.colcon_core.event_handler.log_command:Invoking command in '/home/greeny/ros2_ws_rrm/build/rrm_sim': AMENT_PREFIX_PATH=/home/greeny/ros2_ws_rrm/install/rrm_msgs:${AMENT_PREFIX_PATH} CMAKE_PREFIX_PATH=/home/greeny/ros2_ws_rrm/install/rrm_msgs:/home/greeny/ros2_ws_rrm/install/cv1:/opt/ros/jazzy/opt/gz_math_vendor:/opt/ros/jazzy/opt/gz_utils_vendor:/opt/ros/jazzy/opt/gz_cmake_vendor:/opt/ros/jazzy DEBUGINFOD_URLS=https://debuginfod.ubuntu.com LD_LIBRARY_PATH=/home/greeny/ros2_ws_rrm/install/rrm_msgs/lib:${LD_LIBRARY_PATH} PYTHONPATH=/home/greeny/ros2_ws_rrm/install/rrm_msgs/lib/python3.12/site-packages:${PYTHONPATH} /usr/bin/cmake --install /home/greeny/ros2_ws_rrm/build/rrm_sim
[12.105s] Level 1:colcon.colcon_core.environment:create_environment_scripts_only(rrm_sim)
[12.105s] Level 1:colcon.colcon_core.environment:checking '/home/greeny/ros2_ws_rrm/install/rrm_sim' for CMake module files
[12.106s] DEBUG:colcon.colcon_core.event_handler.log_command:Invoked command in '/home/greeny/ros2_ws_rrm/build/rrm_sim' returned '0': AMENT_PREFIX_PATH=/home/greeny/ros2_ws_rrm/install/rrm_msgs:${AMENT_PREFIX_PATH} CMAKE_PREFIX_PATH=/home/greeny/ros2_ws_rrm/install/rrm_msgs:/home/greeny/ros2_ws_rrm/install/cv1:/opt/ros/jazzy/opt/gz_math_vendor:/opt/ros/jazzy/opt/gz_utils_vendor:/opt/ros/jazzy/opt/gz_cmake_vendor:/opt/ros/jazzy DEBUGINFOD_URLS=https://debuginfod.ubuntu.com LD_LIBRARY_PATH=/home/greeny/ros2_ws_rrm/install/rrm_msgs/lib:${LD_LIBRARY_PATH} PYTHONPATH=/home/greeny/ros2_ws_rrm/install/rrm_msgs/lib/python3.12/site-packages:${PYTHONPATH} /usr/bin/cmake --install /home/greeny/ros2_ws_rrm/build/rrm_sim
[12.106s] Level 1:colcon.colcon_core.environment:checking '/home/greeny/ros2_ws_rrm/install/rrm_sim' for CMake config files
[12.106s] Level 1:colcon.colcon_core.shell:create_environment_hook('rrm_sim', 'cmake_prefix_path')
[12.106s] INFO:colcon.colcon_core.shell:Creating environment hook '/home/greeny/ros2_ws_rrm/install/rrm_sim/share/rrm_sim/hook/cmake_prefix_path.ps1'
[12.107s] INFO:colcon.colcon_core.shell:Creating environment descriptor '/home/greeny/ros2_ws_rrm/install/rrm_sim/share/rrm_sim/hook/cmake_prefix_path.dsv'
[12.107s] INFO:colcon.colcon_core.shell:Creating environment hook '/home/greeny/ros2_ws_rrm/install/rrm_sim/share/rrm_sim/hook/cmake_prefix_path.sh'
[12.107s] Level 1:colcon.colcon_core.environment:checking '/home/greeny/ros2_ws_rrm/install/rrm_sim/lib'
[12.107s] Level 1:colcon.colcon_core.environment:checking '/home/greeny/ros2_ws_rrm/install/rrm_sim/bin'
[12.107s] Level 1:colcon.colcon_core.environment:checking '/home/greeny/ros2_ws_rrm/install/rrm_sim/lib/pkgconfig/rrm_sim.pc'
[12.107s] Level 1:colcon.colcon_core.environment:checking '/home/greeny/ros2_ws_rrm/install/rrm_sim/lib/python3.12/site-packages'
[12.108s] Level 1:colcon.colcon_core.environment:checking '/home/greeny/ros2_ws_rrm/install/rrm_sim/bin'
[12.108s] INFO:colcon.colcon_core.shell:Creating package script '/home/greeny/ros2_ws_rrm/install/rrm_sim/share/rrm_sim/package.ps1'
[12.108s] INFO:colcon.colcon_core.shell:Creating package descriptor '/home/greeny/ros2_ws_rrm/install/rrm_sim/share/rrm_sim/package.dsv'
[12.109s] INFO:colcon.colcon_core.shell:Creating package script '/home/greeny/ros2_ws_rrm/install/rrm_sim/share/rrm_sim/package.sh'
[12.109s] INFO:colcon.colcon_core.shell:Creating package script '/home/greeny/ros2_ws_rrm/install/rrm_sim/share/rrm_sim/package.bash'
[12.109s] INFO:colcon.colcon_core.shell:Creating package script '/home/greeny/ros2_ws_rrm/install/rrm_sim/share/rrm_sim/package.zsh'
[12.109s] Level 1:colcon.colcon_core.environment:create_file_with_runtime_dependencies(/home/greeny/ros2_ws_rrm/install/rrm_sim/share/colcon-core/packages/rrm_sim)
[12.110s] Level 1:colcon.colcon_core.environment:create_environment_scripts_only(rrm_sim)
[12.110s] Level 1:colcon.colcon_core.environment:checking '/home/greeny/ros2_ws_rrm/install/rrm_sim' for CMake module files
[12.110s] Level 1:colcon.colcon_core.environment:checking '/home/greeny/ros2_ws_rrm/install/rrm_sim' for CMake config files
[12.110s] Level 1:colcon.colcon_core.shell:create_environment_hook('rrm_sim', 'cmake_prefix_path')
[12.110s] INFO:colcon.colcon_core.shell:Creating environment hook '/home/greeny/ros2_ws_rrm/install/rrm_sim/share/rrm_sim/hook/cmake_prefix_path.ps1'
[12.111s] INFO:colcon.colcon_core.shell:Creating environment descriptor '/home/greeny/ros2_ws_rrm/install/rrm_sim/share/rrm_sim/hook/cmake_prefix_path.dsv'
[12.111s] INFO:colcon.colcon_core.shell:Creating environment hook '/home/greeny/ros2_ws_rrm/install/rrm_sim/share/rrm_sim/hook/cmake_prefix_path.sh'
[12.111s] Level 1:colcon.colcon_core.environment:checking '/home/greeny/ros2_ws_rrm/install/rrm_sim/lib'
[12.111s] Level 1:colcon.colcon_core.environment:checking '/home/greeny/ros2_ws_rrm/install/rrm_sim/bin'
[12.111s] Level 1:colcon.colcon_core.environment:checking '/home/greeny/ros2_ws_rrm/install/rrm_sim/lib/pkgconfig/rrm_sim.pc'
[12.111s] Level 1:colcon.colcon_core.environment:checking '/home/greeny/ros2_ws_rrm/install/rrm_sim/lib/python3.12/site-packages'
[12.112s] Level 1:colcon.colcon_core.environment:checking '/home/greeny/ros2_ws_rrm/install/rrm_sim/bin'
[12.112s] INFO:colcon.colcon_core.shell:Creating package script '/home/greeny/ros2_ws_rrm/install/rrm_sim/share/rrm_sim/package.ps1'
[12.113s] INFO:colcon.colcon_core.shell:Creating package descriptor '/home/greeny/ros2_ws_rrm/install/rrm_sim/share/rrm_sim/package.dsv'
[12.113s] INFO:colcon.colcon_core.shell:Creating package script '/home/greeny/ros2_ws_rrm/install/rrm_sim/share/rrm_sim/package.sh'
[12.114s] INFO:colcon.colcon_core.shell:Creating package script '/home/greeny/ros2_ws_rrm/install/rrm_sim/share/rrm_sim/package.bash'
[12.114s] INFO:colcon.colcon_core.shell:Creating package script '/home/greeny/ros2_ws_rrm/install/rrm_sim/share/rrm_sim/package.zsh'
[12.115s] Level 1:colcon.colcon_core.environment:create_file_with_runtime_dependencies(/home/greeny/ros2_ws_rrm/install/rrm_sim/share/colcon-core/packages/rrm_sim)
[12.115s] DEBUG:colcon.colcon_parallel_executor.executor.parallel:closing loop
[12.115s] DEBUG:colcon.colcon_parallel_executor.executor.parallel:loop closed
[12.115s] DEBUG:colcon.colcon_parallel_executor.executor.parallel:run_until_complete finished with '0'
[12.116s] DEBUG:colcon.colcon_core.event_reactor:joining thread
[12.123s] INFO:colcon.colcon_core.plugin_system:Skipping extension 'colcon_notification.desktop_notification.terminal_notifier': Not used on non-Darwin systems
[12.123s] INFO:colcon.colcon_core.plugin_system:Skipping extension 'colcon_notification.desktop_notification.win32': Not used on non-Windows systems
[12.123s] INFO:colcon.colcon_notification.desktop_notification:Sending desktop notification using 'notify2'
[12.141s] DEBUG:colcon.colcon_core.event_reactor:joined thread
[12.141s] INFO:colcon.colcon_core.shell:Creating prefix script '/home/greeny/ros2_ws_rrm/install/local_setup.ps1'
[12.143s] INFO:colcon.colcon_core.shell:Creating prefix util module '/home/greeny/ros2_ws_rrm/install/_local_setup_util_ps1.py'
[12.144s] INFO:colcon.colcon_core.shell:Creating prefix chain script '/home/greeny/ros2_ws_rrm/install/setup.ps1'
[12.144s] INFO:colcon.colcon_core.shell:Creating prefix script '/home/greeny/ros2_ws_rrm/install/local_setup.sh'
[12.145s] INFO:colcon.colcon_core.shell:Creating prefix util module '/home/greeny/ros2_ws_rrm/install/_local_setup_util_sh.py'
[12.145s] INFO:colcon.colcon_core.shell:Creating prefix chain script '/home/greeny/ros2_ws_rrm/install/setup.sh'
[12.146s] INFO:colcon.colcon_core.shell:Creating prefix script '/home/greeny/ros2_ws_rrm/install/local_setup.bash'
[12.146s] INFO:colcon.colcon_core.shell:Creating prefix chain script '/home/greeny/ros2_ws_rrm/install/setup.bash'
[12.147s] INFO:colcon.colcon_core.shell:Creating prefix script '/home/greeny/ros2_ws_rrm/install/local_setup.zsh'
[12.148s] INFO:colcon.colcon_core.shell:Creating prefix chain script '/home/greeny/ros2_ws_rrm/install/setup.zsh'
