[0.017s] Invoking command in '/home/greeny/ros2_ws_rrm/build/rrm_msgs': CMAKE_PREFIX_PATH=${CMAKE_PREFIX_PATH}:/opt/ros/jazzy DEBUGINFOD_URLS=https://debuginfod.ubuntu.com /usr/bin/cmake /home/greeny/ros2_ws_rrm/src/cv2/rrm_msgs -DCMAKE_INSTALL_PREFIX=/home/greeny/ros2_ws_rrm/install/rrm_msgs
[0.125s] -- The C compiler identification is GNU 13.3.0
[0.207s] -- The CXX compiler identification is GNU 13.3.0
[0.227s] -- Detecting C compiler ABI info
[0.313s] -- Detecting C compiler ABI info - done
[0.323s] -- Check for working C compiler: /usr/bin/cc - skipped
[0.323s] -- Detecting C compile features
[0.323s] -- Detecting C compile features - done
[0.332s] -- Detecting CXX compiler ABI info
[0.424s] -- Detecting CXX compiler ABI info - done
[0.438s] -- Check for working CXX compiler: /usr/bin/c++ - skipped
[0.438s] -- Detecting CXX compile features
[0.438s] -- Detecting CXX compile features - done
[0.441s] -- Found ament_cmake: 2.5.5 (/opt/ros/jazzy/share/ament_cmake/cmake)
[0.559s] -- Found Python3: /usr/bin/python3 (found version "3.12.3") found components: Interpreter 
[0.667s] -- Found rosidl_default_generators: 1.6.0 (/opt/ros/jazzy/share/rosidl_default_generators/cmake)
[0.673s] -- Using all available rosidl_typesupport_c: rosidl_typesupport_fastrtps_c;rosidl_typesupport_introspection_c
[0.715s] -- Using all available rosidl_typesupport_cpp: rosidl_typesupport_fastrtps_cpp;rosidl_typesupport_introspection_cpp
[0.753s] -- Found rosidl_adapter: 4.6.7 (/opt/ros/jazzy/share/rosidl_adapter/cmake)
[1.236s] -- Found ament_cmake_ros: 0.12.0 (/opt/ros/jazzy/share/ament_cmake_ros/cmake)
[1.571s] -- Using all available rosidl_typesupport_c: rosidl_typesupport_fastrtps_c;rosidl_typesupport_introspection_c
[1.975s] -- Using all available rosidl_typesupport_cpp: rosidl_typesupport_fastrtps_cpp;rosidl_typesupport_introspection_cpp
[1.978s] -- Found python_cmake_module: 0.11.1 (/opt/ros/jazzy/share/python_cmake_module/cmake)
[2.075s] -- Found PythonExtra: /usr/bin/python3  
[2.417s] -- Found Python3: /usr/bin/python3 (found version "3.12.3") found components: Interpreter Development NumPy Development.Module Development.Embed 
[2.445s] -- Found ament_lint_auto: 0.17.4 (/opt/ros/jazzy/share/ament_lint_auto/cmake)
[2.463s] -- Added test 'copyright' to check source files copyright and LICENSE
[2.465s] -- Added test 'lint_cmake' to check CMake code style
[2.466s] -- Added test 'xmllint' to check XML markup files
[2.468s] -- Configuring done (2.4s)
[2.490s] -- Generating done (0.0s)
[2.497s] -- Build files have been written to: /home/greeny/ros2_ws_rrm/build/rrm_msgs
[2.503s] Invoked command in '/home/greeny/ros2_ws_rrm/build/rrm_msgs' returned '0': CMAKE_PREFIX_PATH=${CMAKE_PREFIX_PATH}:/opt/ros/jazzy DEBUGINFOD_URLS=https://debuginfod.ubuntu.com /usr/bin/cmake /home/greeny/ros2_ws_rrm/src/cv2/rrm_msgs -DCMAKE_INSTALL_PREFIX=/home/greeny/ros2_ws_rrm/install/rrm_msgs
[2.504s] Invoking command in '/home/greeny/ros2_ws_rrm/build/rrm_msgs': CMAKE_PREFIX_PATH=${CMAKE_PREFIX_PATH}:/opt/ros/jazzy DEBUGINFOD_URLS=https://debuginfod.ubuntu.com /usr/bin/cmake --build /home/greeny/ros2_ws_rrm/build/rrm_msgs -- -j16 -l16
[2.545s] [  2%] [34m[1mGenerating type hashes for ROS interfaces[0m
[2.552s] [  2%] Built target ament_cmake_python_copy_rrm_msgs
[2.708s] [  2%] Built target rrm_msgs__rosidl_generator_type_description
[2.710s] running egg_info
[2.711s] creating rrm_msgs.egg-info
[2.722s] [  4%] [34m[1mGenerating C code for ROS interfaces[0m
[2.728s] writing rrm_msgs.egg-info/PKG-INFO
[2.729s] writing dependency_links to rrm_msgs.egg-info/dependency_links.txt
[2.729s] writing top-level names to rrm_msgs.egg-info/top_level.txt
[2.729s] writing manifest file 'rrm_msgs.egg-info/SOURCES.txt'
[2.735s] [  6%] [34m[1mGenerating C++ code for ROS interfaces[0m
[2.773s] reading manifest file 'rrm_msgs.egg-info/SOURCES.txt'
[2.773s] writing manifest file 'rrm_msgs.egg-info/SOURCES.txt'
[2.797s] [  6%] Built target ament_cmake_python_build_rrm_msgs_egg
[2.977s] [  6%] Built target rrm_msgs__cpp
[2.980s] [  9%] [32mBuilding C object CMakeFiles/rrm_msgs__rosidl_generator_c.dir/rosidl_generator_c/rrm_msgs/msg/detail/command__type_support.c.o[0m
[2.980s] [ 11%] [32mBuilding C object CMakeFiles/rrm_msgs__rosidl_generator_c.dir/rosidl_generator_c/rrm_msgs/srv/detail/command__functions.c.o[0m
[2.982s] [ 13%] [32mBuilding C object CMakeFiles/rrm_msgs__rosidl_generator_c.dir/rosidl_generator_c/rrm_msgs/msg/detail/command__functions.c.o[0m
[2.982s] [ 15%] [32mBuilding C object CMakeFiles/rrm_msgs__rosidl_generator_c.dir/rosidl_generator_c/rrm_msgs/srv/detail/command__type_support.c.o[0m
[2.982s] [ 18%] [32mBuilding C object CMakeFiles/rrm_msgs__rosidl_generator_c.dir/rosidl_generator_c/rrm_msgs/msg/detail/command__description.c.o[0m
[2.983s] [ 20%] [32mBuilding C object CMakeFiles/rrm_msgs__rosidl_generator_c.dir/rosidl_generator_c/rrm_msgs/srv/detail/command__description.c.o[0m
[3.049s] [ 22%] [32m[1mLinking C shared library librrm_msgs__rosidl_generator_c.so[0m
[3.082s] [ 22%] Built target rrm_msgs__rosidl_generator_c
[3.092s] [ 29%] [34m[1mGenerating C type support for eProsima Fast-RTPS[0m
[3.092s] [ 29%] [34m[1mGenerating C++ type support for eProsima Fast-RTPS[0m
[3.092s] [ 29%] [34m[1mGenerating C introspection for ROS interfaces[0m
[3.092s] [ 31%] [34m[1mGenerating C++ introspection for ROS interfaces[0m
[3.094s] [ 34%] [34m[1mGenerating C++ type support dispatch for ROS interfaces[0m
[3.095s] [ 36%] [34m[1mGenerating C type support dispatch for ROS interfaces[0m
[3.352s] [ 38%] [32mBuilding CXX object CMakeFiles/rrm_msgs__rosidl_typesupport_cpp.dir/rosidl_typesupport_cpp/rrm_msgs/srv/command__type_support.cpp.o[0m
[3.355s] [ 40%] [32mBuilding CXX object CMakeFiles/rrm_msgs__rosidl_typesupport_cpp.dir/rosidl_typesupport_cpp/rrm_msgs/msg/command__type_support.cpp.o[0m
[3.364s] [ 43%] [32mBuilding CXX object CMakeFiles/rrm_msgs__rosidl_typesupport_c.dir/rosidl_typesupport_c/rrm_msgs/srv/command__type_support.cpp.o[0m
[3.365s] [ 45%] [32mBuilding CXX object CMakeFiles/rrm_msgs__rosidl_typesupport_c.dir/rosidl_typesupport_c/rrm_msgs/msg/command__type_support.cpp.o[0m
[3.382s] [ 50%] [32mBuilding CXX object CMakeFiles/rrm_msgs__rosidl_typesupport_introspection_cpp.dir/rosidl_typesupport_introspection_cpp/rrm_msgs/msg/detail/command__type_support.cpp.o[0m
[3.383s] [ 50%] [32mBuilding CXX object CMakeFiles/rrm_msgs__rosidl_typesupport_introspection_cpp.dir/rosidl_typesupport_introspection_cpp/rrm_msgs/srv/detail/command__type_support.cpp.o[0m
[3.429s] [ 52%] [32m[1mLinking CXX shared library librrm_msgs__rosidl_typesupport_c.so[0m
[3.464s] [ 54%] [32mBuilding CXX object CMakeFiles/rrm_msgs__rosidl_typesupport_fastrtps_c.dir/rosidl_typesupport_fastrtps_c/rrm_msgs/srv/detail/command__type_support_c.cpp.o[0m
[3.464s] [ 56%] [32mBuilding CXX object CMakeFiles/rrm_msgs__rosidl_typesupport_fastrtps_c.dir/rosidl_typesupport_fastrtps_c/rrm_msgs/msg/detail/command__type_support_c.cpp.o[0m
[3.468s] [ 59%] [32mBuilding C object CMakeFiles/rrm_msgs__rosidl_typesupport_introspection_c.dir/rosidl_typesupport_introspection_c/rrm_msgs/msg/detail/command__type_support.c.o[0m
[3.473s] [ 61%] [32mBuilding C object CMakeFiles/rrm_msgs__rosidl_typesupport_introspection_c.dir/rosidl_typesupport_introspection_c/rrm_msgs/srv/detail/command__type_support.c.o[0m
[3.490s] [ 61%] Built target rrm_msgs__rosidl_typesupport_c
[3.544s] [ 63%] [32mBuilding CXX object CMakeFiles/rrm_msgs__rosidl_typesupport_fastrtps_cpp.dir/rosidl_typesupport_fastrtps_cpp/rrm_msgs/msg/detail/dds_fastrtps/command__type_support.cpp.o[0m
[3.550s] [ 65%] [32mBuilding CXX object CMakeFiles/rrm_msgs__rosidl_typesupport_fastrtps_cpp.dir/rosidl_typesupport_fastrtps_cpp/rrm_msgs/srv/detail/dds_fastrtps/command__type_support.cpp.o[0m
[3.552s] [ 68%] [32m[1mLinking C shared library librrm_msgs__rosidl_typesupport_introspection_c.so[0m
[3.582s] [ 68%] Built target rrm_msgs__rosidl_typesupport_introspection_c
[3.856s] [ 70%] [32m[1mLinking CXX shared library librrm_msgs__rosidl_typesupport_cpp.so[0m
[3.906s] [ 72%] [32m[1mLinking CXX shared library librrm_msgs__rosidl_typesupport_introspection_cpp.so[0m
[3.939s] [ 72%] Built target rrm_msgs__rosidl_typesupport_cpp
[3.992s] [ 72%] Built target rrm_msgs__rosidl_typesupport_introspection_cpp
[4.008s] [ 75%] [32m[1mLinking CXX shared library librrm_msgs__rosidl_typesupport_fastrtps_c.so[0m
[4.075s] [ 75%] Built target rrm_msgs__rosidl_typesupport_fastrtps_c
[4.230s] [ 77%] [32m[1mLinking CXX shared library librrm_msgs__rosidl_typesupport_fastrtps_cpp.so[0m
[4.286s] [ 77%] Built target rrm_msgs__rosidl_typesupport_fastrtps_cpp
[4.298s] [ 77%] Built target rrm_msgs
[4.313s] [ 79%] [34m[1mGenerating Python code for ROS interfaces[0m
[4.563s] [ 79%] Built target rrm_msgs__py
[4.578s] [ 81%] [32mBuilding C object CMakeFiles/rrm_msgs__rosidl_generator_py.dir/rosidl_generator_py/rrm_msgs/msg/_command_s.c.o[0m
[4.578s] [ 84%] [32mBuilding C object CMakeFiles/rrm_msgs__rosidl_generator_py.dir/rosidl_generator_py/rrm_msgs/srv/_command_s.c.o[0m
[4.755s] [ 86%] [32m[1mLinking C shared library librrm_msgs__rosidl_generator_py.so[0m
[4.796s] [ 86%] Built target rrm_msgs__rosidl_generator_py
[4.813s] [ 88%] [32mBuilding C object CMakeFiles/rrm_msgs_s__rosidl_typesupport_introspection_c.dir/rosidl_generator_py/rrm_msgs/_rrm_msgs_s.ep.rosidl_typesupport_introspection_c.c.o[0m
[4.814s] [ 90%] [32mBuilding C object CMakeFiles/rrm_msgs_s__rosidl_typesupport_fastrtps_c.dir/rosidl_generator_py/rrm_msgs/_rrm_msgs_s.ep.rosidl_typesupport_fastrtps_c.c.o[0m
[4.816s] [ 93%] [32mBuilding C object CMakeFiles/rrm_msgs_s__rosidl_typesupport_c.dir/rosidl_generator_py/rrm_msgs/_rrm_msgs_s.ep.rosidl_typesupport_c.c.o[0m
[4.898s] [ 95%] [32m[1mLinking C shared module rosidl_generator_py/rrm_msgs/rrm_msgs_s__rosidl_typesupport_introspection_c.so[0m
[4.899s] [ 97%] [32m[1mLinking C shared module rosidl_generator_py/rrm_msgs/rrm_msgs_s__rosidl_typesupport_fastrtps_c.so[0m
[4.904s] [100%] [32m[1mLinking C shared module rosidl_generator_py/rrm_msgs/rrm_msgs_s__rosidl_typesupport_c.so[0m
[4.931s] [100%] Built target rrm_msgs_s__rosidl_typesupport_fastrtps_c
[4.931s] [100%] Built target rrm_msgs_s__rosidl_typesupport_introspection_c
[4.936s] [100%] Built target rrm_msgs_s__rosidl_typesupport_c
[4.945s] Invoked command in '/home/greeny/ros2_ws_rrm/build/rrm_msgs' returned '0': CMAKE_PREFIX_PATH=${CMAKE_PREFIX_PATH}:/opt/ros/jazzy DEBUGINFOD_URLS=https://debuginfod.ubuntu.com /usr/bin/cmake --build /home/greeny/ros2_ws_rrm/build/rrm_msgs -- -j16 -l16
[4.946s] Invoking command in '/home/greeny/ros2_ws_rrm/build/rrm_msgs': CMAKE_PREFIX_PATH=${CMAKE_PREFIX_PATH}:/opt/ros/jazzy DEBUGINFOD_URLS=https://debuginfod.ubuntu.com /usr/bin/cmake --install /home/greeny/ros2_ws_rrm/build/rrm_msgs
[4.955s] -- Install configuration: ""
[4.955s] -- Installing: /home/greeny/ros2_ws_rrm/install/rrm_msgs/share/ament_index/resource_index/rosidl_interfaces/rrm_msgs
[4.955s] -- Installing: /home/greeny/ros2_ws_rrm/install/rrm_msgs/share/rrm_msgs/msg/Command.json
[4.955s] -- Installing: /home/greeny/ros2_ws_rrm/install/rrm_msgs/share/rrm_msgs/srv/Command.json
[4.956s] -- Installing: /home/greeny/ros2_ws_rrm/install/rrm_msgs/include/rrm_msgs/rrm_msgs
[4.956s] -- Installing: /home/greeny/ros2_ws_rrm/install/rrm_msgs/include/rrm_msgs/rrm_msgs/srv
[4.956s] -- Installing: /home/greeny/ros2_ws_rrm/install/rrm_msgs/include/rrm_msgs/rrm_msgs/srv/command.h
[4.956s] -- Installing: /home/greeny/ros2_ws_rrm/install/rrm_msgs/include/rrm_msgs/rrm_msgs/srv/detail
[4.956s] -- Installing: /home/greeny/ros2_ws_rrm/install/rrm_msgs/include/rrm_msgs/rrm_msgs/srv/detail/command__description.c
[4.956s] -- Installing: /home/greeny/ros2_ws_rrm/install/rrm_msgs/include/rrm_msgs/rrm_msgs/srv/detail/command__functions.c
[4.956s] -- Installing: /home/greeny/ros2_ws_rrm/install/rrm_msgs/include/rrm_msgs/rrm_msgs/srv/detail/command__struct.h
[4.957s] -- Installing: /home/greeny/ros2_ws_rrm/install/rrm_msgs/include/rrm_msgs/rrm_msgs/srv/detail/command__type_support.h
[4.957s] -- Installing: /home/greeny/ros2_ws_rrm/install/rrm_msgs/include/rrm_msgs/rrm_msgs/srv/detail/command__functions.h
[4.957s] -- Installing: /home/greeny/ros2_ws_rrm/install/rrm_msgs/include/rrm_msgs/rrm_msgs/srv/detail/command__type_support.c
[4.957s] -- Installing: /home/greeny/ros2_ws_rrm/install/rrm_msgs/include/rrm_msgs/rrm_msgs/msg
[4.957s] -- Installing: /home/greeny/ros2_ws_rrm/install/rrm_msgs/include/rrm_msgs/rrm_msgs/msg/rosidl_generator_c__visibility_control.h
[4.957s] -- Installing: /home/greeny/ros2_ws_rrm/install/rrm_msgs/include/rrm_msgs/rrm_msgs/msg/command.h
[4.957s] -- Installing: /home/greeny/ros2_ws_rrm/install/rrm_msgs/include/rrm_msgs/rrm_msgs/msg/detail
[4.958s] -- Installing: /home/greeny/ros2_ws_rrm/install/rrm_msgs/include/rrm_msgs/rrm_msgs/msg/detail/command__description.c
[4.958s] -- Installing: /home/greeny/ros2_ws_rrm/install/rrm_msgs/include/rrm_msgs/rrm_msgs/msg/detail/command__functions.c
[4.958s] -- Installing: /home/greeny/ros2_ws_rrm/install/rrm_msgs/include/rrm_msgs/rrm_msgs/msg/detail/command__struct.h
[4.958s] -- Installing: /home/greeny/ros2_ws_rrm/install/rrm_msgs/include/rrm_msgs/rrm_msgs/msg/detail/command__type_support.h
[4.958s] -- Installing: /home/greeny/ros2_ws_rrm/install/rrm_msgs/include/rrm_msgs/rrm_msgs/msg/detail/command__functions.h
[4.958s] -- Installing: /home/greeny/ros2_ws_rrm/install/rrm_msgs/include/rrm_msgs/rrm_msgs/msg/detail/command__type_support.c
[4.959s] -- Installing: /home/greeny/ros2_ws_rrm/install/rrm_msgs/share/rrm_msgs/environment/library_path.sh
[4.959s] -- Installing: /home/greeny/ros2_ws_rrm/install/rrm_msgs/share/rrm_msgs/environment/library_path.dsv
[4.959s] -- Installing: /home/greeny/ros2_ws_rrm/install/rrm_msgs/lib/librrm_msgs__rosidl_generator_c.so
[4.959s] -- Set non-toolchain portion of runtime path of "/home/greeny/ros2_ws_rrm/install/rrm_msgs/lib/librrm_msgs__rosidl_generator_c.so" to ""
[4.959s] -- Up-to-date: /home/greeny/ros2_ws_rrm/install/rrm_msgs/include/rrm_msgs/rrm_msgs
[4.959s] -- Up-to-date: /home/greeny/ros2_ws_rrm/install/rrm_msgs/include/rrm_msgs/rrm_msgs/srv
[4.960s] -- Up-to-date: /home/greeny/ros2_ws_rrm/install/rrm_msgs/include/rrm_msgs/rrm_msgs/srv/detail
[4.960s] -- Installing: /home/greeny/ros2_ws_rrm/install/rrm_msgs/include/rrm_msgs/rrm_msgs/srv/detail/command__rosidl_typesupport_fastrtps_c.h
[4.960s] -- Up-to-date: /home/greeny/ros2_ws_rrm/install/rrm_msgs/include/rrm_msgs/rrm_msgs/msg
[4.960s] -- Installing: /home/greeny/ros2_ws_rrm/install/rrm_msgs/include/rrm_msgs/rrm_msgs/msg/rosidl_typesupport_fastrtps_c__visibility_control.h
[4.960s] -- Up-to-date: /home/greeny/ros2_ws_rrm/install/rrm_msgs/include/rrm_msgs/rrm_msgs/msg/detail
[4.960s] -- Installing: /home/greeny/ros2_ws_rrm/install/rrm_msgs/include/rrm_msgs/rrm_msgs/msg/detail/command__rosidl_typesupport_fastrtps_c.h
[4.960s] -- Installing: /home/greeny/ros2_ws_rrm/install/rrm_msgs/lib/librrm_msgs__rosidl_typesupport_fastrtps_c.so
[4.961s] -- Set non-toolchain portion of runtime path of "/home/greeny/ros2_ws_rrm/install/rrm_msgs/lib/librrm_msgs__rosidl_typesupport_fastrtps_c.so" to ""
[4.961s] -- Up-to-date: /home/greeny/ros2_ws_rrm/install/rrm_msgs/include/rrm_msgs/rrm_msgs
[4.961s] -- Up-to-date: /home/greeny/ros2_ws_rrm/install/rrm_msgs/include/rrm_msgs/rrm_msgs/srv
[4.961s] -- Up-to-date: /home/greeny/ros2_ws_rrm/install/rrm_msgs/include/rrm_msgs/rrm_msgs/srv/detail
[4.961s] -- Installing: /home/greeny/ros2_ws_rrm/install/rrm_msgs/include/rrm_msgs/rrm_msgs/srv/detail/command__rosidl_typesupport_introspection_c.h
[4.961s] -- Installing: /home/greeny/ros2_ws_rrm/install/rrm_msgs/include/rrm_msgs/rrm_msgs/srv/detail/command__type_support.c
[4.961s] -- Up-to-date: /home/greeny/ros2_ws_rrm/install/rrm_msgs/include/rrm_msgs/rrm_msgs/msg
[4.962s] -- Installing: /home/greeny/ros2_ws_rrm/install/rrm_msgs/include/rrm_msgs/rrm_msgs/msg/rosidl_typesupport_introspection_c__visibility_control.h
[4.962s] -- Up-to-date: /home/greeny/ros2_ws_rrm/install/rrm_msgs/include/rrm_msgs/rrm_msgs/msg/detail
[4.962s] -- Installing: /home/greeny/ros2_ws_rrm/install/rrm_msgs/include/rrm_msgs/rrm_msgs/msg/detail/command__rosidl_typesupport_introspection_c.h
[4.962s] -- Installing: /home/greeny/ros2_ws_rrm/install/rrm_msgs/include/rrm_msgs/rrm_msgs/msg/detail/command__type_support.c
[4.962s] -- Installing: /home/greeny/ros2_ws_rrm/install/rrm_msgs/lib/librrm_msgs__rosidl_typesupport_introspection_c.so
[4.962s] -- Set non-toolchain portion of runtime path of "/home/greeny/ros2_ws_rrm/install/rrm_msgs/lib/librrm_msgs__rosidl_typesupport_introspection_c.so" to ""
[4.962s] -- Installing: /home/greeny/ros2_ws_rrm/install/rrm_msgs/lib/librrm_msgs__rosidl_typesupport_c.so
[4.962s] -- Set non-toolchain portion of runtime path of "/home/greeny/ros2_ws_rrm/install/rrm_msgs/lib/librrm_msgs__rosidl_typesupport_c.so" to ""
[4.962s] -- Up-to-date: /home/greeny/ros2_ws_rrm/install/rrm_msgs/include/rrm_msgs/rrm_msgs
[4.963s] -- Up-to-date: /home/greeny/ros2_ws_rrm/install/rrm_msgs/include/rrm_msgs/rrm_msgs/srv
[4.963s] -- Up-to-date: /home/greeny/ros2_ws_rrm/install/rrm_msgs/include/rrm_msgs/rrm_msgs/srv/detail
[4.963s] -- Installing: /home/greeny/ros2_ws_rrm/install/rrm_msgs/include/rrm_msgs/rrm_msgs/srv/detail/command__type_support.hpp
[4.963s] -- Installing: /home/greeny/ros2_ws_rrm/install/rrm_msgs/include/rrm_msgs/rrm_msgs/srv/detail/command__builder.hpp
[4.963s] -- Installing: /home/greeny/ros2_ws_rrm/install/rrm_msgs/include/rrm_msgs/rrm_msgs/srv/detail/command__struct.hpp
[4.963s] -- Installing: /home/greeny/ros2_ws_rrm/install/rrm_msgs/include/rrm_msgs/rrm_msgs/srv/detail/command__traits.hpp
[4.963s] -- Installing: /home/greeny/ros2_ws_rrm/install/rrm_msgs/include/rrm_msgs/rrm_msgs/srv/command.hpp
[4.963s] -- Up-to-date: /home/greeny/ros2_ws_rrm/install/rrm_msgs/include/rrm_msgs/rrm_msgs/msg
[4.963s] -- Installing: /home/greeny/ros2_ws_rrm/install/rrm_msgs/include/rrm_msgs/rrm_msgs/msg/rosidl_generator_cpp__visibility_control.hpp
[4.963s] -- Up-to-date: /home/greeny/ros2_ws_rrm/install/rrm_msgs/include/rrm_msgs/rrm_msgs/msg/detail
[4.964s] -- Installing: /home/greeny/ros2_ws_rrm/install/rrm_msgs/include/rrm_msgs/rrm_msgs/msg/detail/command__type_support.hpp
[4.964s] -- Installing: /home/greeny/ros2_ws_rrm/install/rrm_msgs/include/rrm_msgs/rrm_msgs/msg/detail/command__builder.hpp
[4.964s] -- Installing: /home/greeny/ros2_ws_rrm/install/rrm_msgs/include/rrm_msgs/rrm_msgs/msg/detail/command__struct.hpp
[4.964s] -- Installing: /home/greeny/ros2_ws_rrm/install/rrm_msgs/include/rrm_msgs/rrm_msgs/msg/detail/command__traits.hpp
[4.964s] -- Installing: /home/greeny/ros2_ws_rrm/install/rrm_msgs/include/rrm_msgs/rrm_msgs/msg/command.hpp
[4.964s] -- Up-to-date: /home/greeny/ros2_ws_rrm/install/rrm_msgs/include/rrm_msgs/rrm_msgs
[4.964s] -- Up-to-date: /home/greeny/ros2_ws_rrm/install/rrm_msgs/include/rrm_msgs/rrm_msgs/srv
[4.964s] -- Up-to-date: /home/greeny/ros2_ws_rrm/install/rrm_msgs/include/rrm_msgs/rrm_msgs/srv/detail
[4.964s] -- Installing: /home/greeny/ros2_ws_rrm/install/rrm_msgs/include/rrm_msgs/rrm_msgs/srv/detail/dds_fastrtps
[4.965s] -- Installing: /home/greeny/ros2_ws_rrm/install/rrm_msgs/include/rrm_msgs/rrm_msgs/srv/detail/command__rosidl_typesupport_fastrtps_cpp.hpp
[4.965s] -- Up-to-date: /home/greeny/ros2_ws_rrm/install/rrm_msgs/include/rrm_msgs/rrm_msgs/msg
[4.965s] -- Installing: /home/greeny/ros2_ws_rrm/install/rrm_msgs/include/rrm_msgs/rrm_msgs/msg/rosidl_typesupport_fastrtps_cpp__visibility_control.h
[4.965s] -- Up-to-date: /home/greeny/ros2_ws_rrm/install/rrm_msgs/include/rrm_msgs/rrm_msgs/msg/detail
[4.965s] -- Installing: /home/greeny/ros2_ws_rrm/install/rrm_msgs/include/rrm_msgs/rrm_msgs/msg/detail/dds_fastrtps
[4.965s] -- Installing: /home/greeny/ros2_ws_rrm/install/rrm_msgs/include/rrm_msgs/rrm_msgs/msg/detail/command__rosidl_typesupport_fastrtps_cpp.hpp
[4.965s] -- Installing: /home/greeny/ros2_ws_rrm/install/rrm_msgs/lib/librrm_msgs__rosidl_typesupport_fastrtps_cpp.so
[4.965s] -- Set non-toolchain portion of runtime path of "/home/greeny/ros2_ws_rrm/install/rrm_msgs/lib/librrm_msgs__rosidl_typesupport_fastrtps_cpp.so" to ""
[4.965s] -- Up-to-date: /home/greeny/ros2_ws_rrm/install/rrm_msgs/include/rrm_msgs/rrm_msgs
[4.966s] -- Up-to-date: /home/greeny/ros2_ws_rrm/install/rrm_msgs/include/rrm_msgs/rrm_msgs/srv
[4.966s] -- Up-to-date: /home/greeny/ros2_ws_rrm/install/rrm_msgs/include/rrm_msgs/rrm_msgs/srv/detail
[4.966s] -- Installing: /home/greeny/ros2_ws_rrm/install/rrm_msgs/include/rrm_msgs/rrm_msgs/srv/detail/command__rosidl_typesupport_introspection_cpp.hpp
[4.966s] -- Installing: /home/greeny/ros2_ws_rrm/install/rrm_msgs/include/rrm_msgs/rrm_msgs/srv/detail/command__type_support.cpp
[4.966s] -- Up-to-date: /home/greeny/ros2_ws_rrm/install/rrm_msgs/include/rrm_msgs/rrm_msgs/msg
[4.966s] -- Up-to-date: /home/greeny/ros2_ws_rrm/install/rrm_msgs/include/rrm_msgs/rrm_msgs/msg/detail
[4.966s] -- Installing: /home/greeny/ros2_ws_rrm/install/rrm_msgs/include/rrm_msgs/rrm_msgs/msg/detail/command__rosidl_typesupport_introspection_cpp.hpp
[4.966s] -- Installing: /home/greeny/ros2_ws_rrm/install/rrm_msgs/include/rrm_msgs/rrm_msgs/msg/detail/command__type_support.cpp
[4.966s] -- Installing: /home/greeny/ros2_ws_rrm/install/rrm_msgs/lib/librrm_msgs__rosidl_typesupport_introspection_cpp.so
[4.966s] -- Set non-toolchain portion of runtime path of "/home/greeny/ros2_ws_rrm/install/rrm_msgs/lib/librrm_msgs__rosidl_typesupport_introspection_cpp.so" to ""
[4.967s] -- Installing: /home/greeny/ros2_ws_rrm/install/rrm_msgs/lib/librrm_msgs__rosidl_typesupport_cpp.so
[4.967s] -- Set non-toolchain portion of runtime path of "/home/greeny/ros2_ws_rrm/install/rrm_msgs/lib/librrm_msgs__rosidl_typesupport_cpp.so" to ""
[4.967s] -- Installing: /home/greeny/ros2_ws_rrm/install/rrm_msgs/share/rrm_msgs/environment/pythonpath.sh
[4.967s] -- Installing: /home/greeny/ros2_ws_rrm/install/rrm_msgs/share/rrm_msgs/environment/pythonpath.dsv
[4.967s] -- Installing: /home/greeny/ros2_ws_rrm/install/rrm_msgs/lib/python3.12/site-packages/rrm_msgs-0.0.0-py3.12.egg-info
[4.967s] -- Installing: /home/greeny/ros2_ws_rrm/install/rrm_msgs/lib/python3.12/site-packages/rrm_msgs-0.0.0-py3.12.egg-info/dependency_links.txt
[4.967s] -- Installing: /home/greeny/ros2_ws_rrm/install/rrm_msgs/lib/python3.12/site-packages/rrm_msgs-0.0.0-py3.12.egg-info/SOURCES.txt
[4.967s] -- Installing: /home/greeny/ros2_ws_rrm/install/rrm_msgs/lib/python3.12/site-packages/rrm_msgs-0.0.0-py3.12.egg-info/top_level.txt
[4.967s] -- Installing: /home/greeny/ros2_ws_rrm/install/rrm_msgs/lib/python3.12/site-packages/rrm_msgs-0.0.0-py3.12.egg-info/PKG-INFO
[4.967s] -- Installing: /home/greeny/ros2_ws_rrm/install/rrm_msgs/lib/python3.12/site-packages/rrm_msgs
[4.968s] -- Installing: /home/greeny/ros2_ws_rrm/install/rrm_msgs/lib/python3.12/site-packages/rrm_msgs/rrm_msgs_s__rosidl_typesupport_fastrtps_c.so
[4.968s] -- Installing: /home/greeny/ros2_ws_rrm/install/rrm_msgs/lib/python3.12/site-packages/rrm_msgs/rrm_msgs_s__rosidl_typesupport_introspection_c.so
[4.968s] -- Installing: /home/greeny/ros2_ws_rrm/install/rrm_msgs/lib/python3.12/site-packages/rrm_msgs/srv
[4.968s] -- Installing: /home/greeny/ros2_ws_rrm/install/rrm_msgs/lib/python3.12/site-packages/rrm_msgs/srv/__init__.py
[4.968s] -- Installing: /home/greeny/ros2_ws_rrm/install/rrm_msgs/lib/python3.12/site-packages/rrm_msgs/srv/_command_s.c
[4.968s] -- Installing: /home/greeny/ros2_ws_rrm/install/rrm_msgs/lib/python3.12/site-packages/rrm_msgs/srv/_command.py
[4.968s] -- Installing: /home/greeny/ros2_ws_rrm/install/rrm_msgs/lib/python3.12/site-packages/rrm_msgs/_rrm_msgs_s.ep.rosidl_typesupport_introspection_c.c
[4.968s] -- Installing: /home/greeny/ros2_ws_rrm/install/rrm_msgs/lib/python3.12/site-packages/rrm_msgs/__init__.py
[4.968s] -- Installing: /home/greeny/ros2_ws_rrm/install/rrm_msgs/lib/python3.12/site-packages/rrm_msgs/rrm_msgs_s__rosidl_typesupport_c.so
[4.968s] -- Installing: /home/greeny/ros2_ws_rrm/install/rrm_msgs/lib/python3.12/site-packages/rrm_msgs/msg
[4.969s] -- Installing: /home/greeny/ros2_ws_rrm/install/rrm_msgs/lib/python3.12/site-packages/rrm_msgs/msg/__init__.py
[4.969s] -- Installing: /home/greeny/ros2_ws_rrm/install/rrm_msgs/lib/python3.12/site-packages/rrm_msgs/msg/_command_s.c
[4.969s] -- Installing: /home/greeny/ros2_ws_rrm/install/rrm_msgs/lib/python3.12/site-packages/rrm_msgs/msg/_command.py
[4.969s] -- Installing: /home/greeny/ros2_ws_rrm/install/rrm_msgs/lib/python3.12/site-packages/rrm_msgs/_rrm_msgs_s.ep.rosidl_typesupport_c.c
[4.969s] -- Installing: /home/greeny/ros2_ws_rrm/install/rrm_msgs/lib/python3.12/site-packages/rrm_msgs/_rrm_msgs_s.ep.rosidl_typesupport_fastrtps_c.c
[4.991s] Listing '/home/greeny/ros2_ws_rrm/install/rrm_msgs/lib/python3.12/site-packages/rrm_msgs'...
[4.991s] Compiling '/home/greeny/ros2_ws_rrm/install/rrm_msgs/lib/python3.12/site-packages/rrm_msgs/__init__.py'...
[4.992s] Listing '/home/greeny/ros2_ws_rrm/install/rrm_msgs/lib/python3.12/site-packages/rrm_msgs/msg'...
[4.992s] Compiling '/home/greeny/ros2_ws_rrm/install/rrm_msgs/lib/python3.12/site-packages/rrm_msgs/msg/__init__.py'...
[4.992s] Compiling '/home/greeny/ros2_ws_rrm/install/rrm_msgs/lib/python3.12/site-packages/rrm_msgs/msg/_command.py'...
[4.992s] Listing '/home/greeny/ros2_ws_rrm/install/rrm_msgs/lib/python3.12/site-packages/rrm_msgs/srv'...
[4.992s] Compiling '/home/greeny/ros2_ws_rrm/install/rrm_msgs/lib/python3.12/site-packages/rrm_msgs/srv/__init__.py'...
[4.992s] Compiling '/home/greeny/ros2_ws_rrm/install/rrm_msgs/lib/python3.12/site-packages/rrm_msgs/srv/_command.py'...
[4.995s] -- Installing: /home/greeny/ros2_ws_rrm/install/rrm_msgs/lib/python3.12/site-packages/rrm_msgs/rrm_msgs_s__rosidl_typesupport_fastrtps_c.so
[4.995s] -- Set non-toolchain portion of runtime path of "/home/greeny/ros2_ws_rrm/install/rrm_msgs/lib/python3.12/site-packages/rrm_msgs/rrm_msgs_s__rosidl_typesupport_fastrtps_c.so" to ""
[4.995s] -- Installing: /home/greeny/ros2_ws_rrm/install/rrm_msgs/lib/python3.12/site-packages/rrm_msgs/rrm_msgs_s__rosidl_typesupport_introspection_c.so
[4.996s] -- Set non-toolchain portion of runtime path of "/home/greeny/ros2_ws_rrm/install/rrm_msgs/lib/python3.12/site-packages/rrm_msgs/rrm_msgs_s__rosidl_typesupport_introspection_c.so" to ""
[4.996s] -- Installing: /home/greeny/ros2_ws_rrm/install/rrm_msgs/lib/python3.12/site-packages/rrm_msgs/rrm_msgs_s__rosidl_typesupport_c.so
[4.996s] -- Set non-toolchain portion of runtime path of "/home/greeny/ros2_ws_rrm/install/rrm_msgs/lib/python3.12/site-packages/rrm_msgs/rrm_msgs_s__rosidl_typesupport_c.so" to ""
[4.996s] -- Installing: /home/greeny/ros2_ws_rrm/install/rrm_msgs/lib/librrm_msgs__rosidl_generator_py.so
[4.996s] -- Set non-toolchain portion of runtime path of "/home/greeny/ros2_ws_rrm/install/rrm_msgs/lib/librrm_msgs__rosidl_generator_py.so" to ""
[4.996s] -- Installing: /home/greeny/ros2_ws_rrm/install/rrm_msgs/share/rrm_msgs/msg/Command.idl
[4.996s] -- Installing: /home/greeny/ros2_ws_rrm/install/rrm_msgs/share/rrm_msgs/srv/Command.idl
[4.996s] -- Installing: /home/greeny/ros2_ws_rrm/install/rrm_msgs/share/rrm_msgs/msg/Command.msg
[4.996s] -- Installing: /home/greeny/ros2_ws_rrm/install/rrm_msgs/share/rrm_msgs/srv/Command.srv
[4.996s] -- Installing: /home/greeny/ros2_ws_rrm/install/rrm_msgs/share/ament_index/resource_index/package_run_dependencies/rrm_msgs
[4.996s] -- Installing: /home/greeny/ros2_ws_rrm/install/rrm_msgs/share/ament_index/resource_index/parent_prefix_path/rrm_msgs
[4.996s] -- Installing: /home/greeny/ros2_ws_rrm/install/rrm_msgs/share/rrm_msgs/environment/ament_prefix_path.sh
[4.997s] -- Installing: /home/greeny/ros2_ws_rrm/install/rrm_msgs/share/rrm_msgs/environment/ament_prefix_path.dsv
[4.997s] -- Installing: /home/greeny/ros2_ws_rrm/install/rrm_msgs/share/rrm_msgs/environment/path.sh
[4.997s] -- Installing: /home/greeny/ros2_ws_rrm/install/rrm_msgs/share/rrm_msgs/environment/path.dsv
[4.997s] -- Installing: /home/greeny/ros2_ws_rrm/install/rrm_msgs/share/rrm_msgs/local_setup.bash
[4.997s] -- Installing: /home/greeny/ros2_ws_rrm/install/rrm_msgs/share/rrm_msgs/local_setup.sh
[4.997s] -- Installing: /home/greeny/ros2_ws_rrm/install/rrm_msgs/share/rrm_msgs/local_setup.zsh
[4.997s] -- Installing: /home/greeny/ros2_ws_rrm/install/rrm_msgs/share/rrm_msgs/local_setup.dsv
[4.997s] -- Installing: /home/greeny/ros2_ws_rrm/install/rrm_msgs/share/rrm_msgs/package.dsv
[4.997s] -- Installing: /home/greeny/ros2_ws_rrm/install/rrm_msgs/share/ament_index/resource_index/packages/rrm_msgs
[4.997s] -- Installing: /home/greeny/ros2_ws_rrm/install/rrm_msgs/share/rrm_msgs/cmake/export_rrm_msgs__rosidl_generator_cExport.cmake
[4.997s] -- Installing: /home/greeny/ros2_ws_rrm/install/rrm_msgs/share/rrm_msgs/cmake/export_rrm_msgs__rosidl_generator_cExport-noconfig.cmake
[4.997s] -- Installing: /home/greeny/ros2_ws_rrm/install/rrm_msgs/share/rrm_msgs/cmake/export_rrm_msgs__rosidl_typesupport_fastrtps_cExport.cmake
[4.997s] -- Installing: /home/greeny/ros2_ws_rrm/install/rrm_msgs/share/rrm_msgs/cmake/export_rrm_msgs__rosidl_typesupport_fastrtps_cExport-noconfig.cmake
[4.997s] -- Installing: /home/greeny/ros2_ws_rrm/install/rrm_msgs/share/rrm_msgs/cmake/rrm_msgs__rosidl_typesupport_introspection_cExport.cmake
[4.997s] -- Installing: /home/greeny/ros2_ws_rrm/install/rrm_msgs/share/rrm_msgs/cmake/rrm_msgs__rosidl_typesupport_introspection_cExport-noconfig.cmake
[4.997s] -- Installing: /home/greeny/ros2_ws_rrm/install/rrm_msgs/share/rrm_msgs/cmake/rrm_msgs__rosidl_typesupport_cExport.cmake
[4.998s] -- Installing: /home/greeny/ros2_ws_rrm/install/rrm_msgs/share/rrm_msgs/cmake/rrm_msgs__rosidl_typesupport_cExport-noconfig.cmake
[4.998s] -- Installing: /home/greeny/ros2_ws_rrm/install/rrm_msgs/share/rrm_msgs/cmake/export_rrm_msgs__rosidl_generator_cppExport.cmake
[4.998s] -- Installing: /home/greeny/ros2_ws_rrm/install/rrm_msgs/share/rrm_msgs/cmake/export_rrm_msgs__rosidl_typesupport_fastrtps_cppExport.cmake
[4.998s] -- Installing: /home/greeny/ros2_ws_rrm/install/rrm_msgs/share/rrm_msgs/cmake/export_rrm_msgs__rosidl_typesupport_fastrtps_cppExport-noconfig.cmake
[4.998s] -- Installing: /home/greeny/ros2_ws_rrm/install/rrm_msgs/share/rrm_msgs/cmake/rrm_msgs__rosidl_typesupport_introspection_cppExport.cmake
[4.998s] -- Installing: /home/greeny/ros2_ws_rrm/install/rrm_msgs/share/rrm_msgs/cmake/rrm_msgs__rosidl_typesupport_introspection_cppExport-noconfig.cmake
[4.998s] -- Installing: /home/greeny/ros2_ws_rrm/install/rrm_msgs/share/rrm_msgs/cmake/rrm_msgs__rosidl_typesupport_cppExport.cmake
[4.998s] -- Installing: /home/greeny/ros2_ws_rrm/install/rrm_msgs/share/rrm_msgs/cmake/rrm_msgs__rosidl_typesupport_cppExport-noconfig.cmake
[4.998s] -- Installing: /home/greeny/ros2_ws_rrm/install/rrm_msgs/share/rrm_msgs/cmake/export_rrm_msgs__rosidl_generator_pyExport.cmake
[4.998s] -- Installing: /home/greeny/ros2_ws_rrm/install/rrm_msgs/share/rrm_msgs/cmake/export_rrm_msgs__rosidl_generator_pyExport-noconfig.cmake
[4.998s] -- Installing: /home/greeny/ros2_ws_rrm/install/rrm_msgs/share/rrm_msgs/cmake/rosidl_cmake-extras.cmake
[4.998s] -- Installing: /home/greeny/ros2_ws_rrm/install/rrm_msgs/share/rrm_msgs/cmake/ament_cmake_export_dependencies-extras.cmake
[4.998s] -- Installing: /home/greeny/ros2_ws_rrm/install/rrm_msgs/share/rrm_msgs/cmake/ament_cmake_export_include_directories-extras.cmake
[4.998s] -- Installing: /home/greeny/ros2_ws_rrm/install/rrm_msgs/share/rrm_msgs/cmake/ament_cmake_export_libraries-extras.cmake
[4.998s] -- Installing: /home/greeny/ros2_ws_rrm/install/rrm_msgs/share/rrm_msgs/cmake/ament_cmake_export_targets-extras.cmake
[4.998s] -- Installing: /home/greeny/ros2_ws_rrm/install/rrm_msgs/share/rrm_msgs/cmake/rosidl_cmake_export_typesupport_targets-extras.cmake
[4.998s] -- Installing: /home/greeny/ros2_ws_rrm/install/rrm_msgs/share/rrm_msgs/cmake/rosidl_cmake_export_typesupport_libraries-extras.cmake
[4.999s] -- Installing: /home/greeny/ros2_ws_rrm/install/rrm_msgs/share/rrm_msgs/cmake/rrm_msgsConfig.cmake
[4.999s] -- Installing: /home/greeny/ros2_ws_rrm/install/rrm_msgs/share/rrm_msgs/cmake/rrm_msgsConfig-version.cmake
[4.999s] -- Installing: /home/greeny/ros2_ws_rrm/install/rrm_msgs/share/rrm_msgs/package.xml
[5.000s] Invoked command in '/home/greeny/ros2_ws_rrm/build/rrm_msgs' returned '0': CMAKE_PREFIX_PATH=${CMAKE_PREFIX_PATH}:/opt/ros/jazzy DEBUGINFOD_URLS=https://debuginfod.ubuntu.com /usr/bin/cmake --install /home/greeny/ros2_ws_rrm/build/rrm_msgs
