[0.065s] DEBUG:colcon:Command line arguments: ['/usr/bin/colcon', 'build']
[0.065s] DEBUG:colcon:Parsed command line arguments: Namespace(log_base=None, log_level=None, verb_name='build', build_base='build', install_base='install', merge_install=False, symlink_install=False, test_result_base=None, continue_on_error=False, executor='parallel', parallel_workers=16, event_handlers=None, ignore_user_meta=False, metas=['./colcon.meta'], base_paths=['.'], packages_ignore=None, packages_ignore_regex=None, paths=None, packages_up_to=None, packages_up_to_regex=None, packages_above=None, packages_above_and_dependencies=None, packages_above_depth=None, packages_select_by_dep=None, packages_skip_by_dep=None, packages_skip_up_to=None, packages_select_build_failed=False, packages_skip_build_finished=False, packages_select_test_failures=False, packages_skip_test_passed=False, packages_select=None, packages_skip=None, packages_select_regex=None, packages_skip_regex=None, packages_start=None, packages_end=None, allow_overriding=[], cmake_args=None, cmake_target=None, cmake_target_skip_unavailable=False, cmake_clean_cache=False, cmake_clean_first=False, cmake_force_configure=False, ament_cmake_args=None, catkin_cmake_args=None, catkin_skip_building_tests=False, mixin_files=None, mixin=None, verb_parser=<colcon_mixin.mixin.mixin_argument.MixinArgumentDecorator object at 0x75e3015918b0>, verb_extension=<colcon_core.verb.build.BuildVerb object at 0x75e301591520>, main=<bound method BuildVerb.main of <colcon_core.verb.build.BuildVerb object at 0x75e301591520>>, mixin_verb=('build',))
[0.089s] Level 1:colcon.colcon_core.package_discovery:discover_packages(colcon_meta) check parameters
[0.089s] Level 1:colcon.colcon_core.package_discovery:discover_packages(recursive) check parameters
[0.089s] Level 1:colcon.colcon_core.package_discovery:discover_packages(ignore) check parameters
[0.089s] Level 1:colcon.colcon_core.package_discovery:discover_packages(path) check parameters
[0.089s] Level 1:colcon.colcon_core.package_discovery:discover_packages(colcon_meta) discover
[0.089s] Level 1:colcon.colcon_core.package_discovery:discover_packages(recursive) discover
[0.089s] INFO:colcon.colcon_core.package_discovery:Crawling recursively for packages in '/home/greeny/ros2_ws_rrm'
[0.089s] Level 1:colcon.colcon_core.package_identification:_identify(.) by extensions ['ignore', 'ignore_ament_install']
[0.089s] Level 1:colcon.colcon_core.package_identification:_identify(.) by extension 'ignore'
[0.089s] Level 1:colcon.colcon_core.package_identification:_identify(.) by extension 'ignore_ament_install'
[0.089s] Level 1:colcon.colcon_core.package_identification:_identify(.) by extensions ['colcon_pkg']
[0.089s] Level 1:colcon.colcon_core.package_identification:_identify(.) by extension 'colcon_pkg'
[0.089s] Level 1:colcon.colcon_core.package_identification:_identify(.) by extensions ['colcon_meta']
[0.089s] Level 1:colcon.colcon_core.package_identification:_identify(.) by extension 'colcon_meta'
[0.089s] Level 1:colcon.colcon_core.package_identification:_identify(.) by extensions ['ros']
[0.089s] Level 1:colcon.colcon_core.package_identification:_identify(.) by extension 'ros'
[0.105s] Level 1:colcon.colcon_core.package_identification:_identify(.) by extensions ['cmake', 'python']
[0.105s] Level 1:colcon.colcon_core.package_identification:_identify(.) by extension 'cmake'
[0.106s] Level 1:colcon.colcon_core.package_identification:_identify(.) by extension 'python'
[0.106s] Level 1:colcon.colcon_core.package_identification:_identify(.) by extensions ['python_setup_py']
[0.106s] Level 1:colcon.colcon_core.package_identification:_identify(.) by extension 'python_setup_py'
[0.106s] Level 1:colcon.colcon_core.package_identification:_identify(build) by extensions ['ignore', 'ignore_ament_install']
[0.106s] Level 1:colcon.colcon_core.package_identification:_identify(build) by extension 'ignore'
[0.106s] Level 1:colcon.colcon_core.package_identification:_identify(build) ignored
[0.106s] Level 1:colcon.colcon_core.package_identification:_identify(install) by extensions ['ignore', 'ignore_ament_install']
[0.106s] Level 1:colcon.colcon_core.package_identification:_identify(install) by extension 'ignore'
[0.106s] Level 1:colcon.colcon_core.package_identification:_identify(install) ignored
[0.106s] Level 1:colcon.colcon_core.package_identification:_identify(log) by extensions ['ignore', 'ignore_ament_install']
[0.106s] Level 1:colcon.colcon_core.package_identification:_identify(log) by extension 'ignore'
[0.106s] Level 1:colcon.colcon_core.package_identification:_identify(log) ignored
[0.106s] Level 1:colcon.colcon_core.package_identification:_identify(rrm-zadania) by extensions ['ignore', 'ignore_ament_install']
[0.106s] Level 1:colcon.colcon_core.package_identification:_identify(rrm-zadania) by extension 'ignore'
[0.106s] Level 1:colcon.colcon_core.package_identification:_identify(rrm-zadania) by extension 'ignore_ament_install'
[0.106s] Level 1:colcon.colcon_core.package_identification:_identify(rrm-zadania) by extensions ['colcon_pkg']
[0.106s] Level 1:colcon.colcon_core.package_identification:_identify(rrm-zadania) by extension 'colcon_pkg'
[0.106s] Level 1:colcon.colcon_core.package_identification:_identify(rrm-zadania) by extensions ['colcon_meta']
[0.106s] Level 1:colcon.colcon_core.package_identification:_identify(rrm-zadania) by extension 'colcon_meta'
[0.106s] Level 1:colcon.colcon_core.package_identification:_identify(rrm-zadania) by extensions ['ros']
[0.106s] Level 1:colcon.colcon_core.package_identification:_identify(rrm-zadania) by extension 'ros'
[0.106s] Level 1:colcon.colcon_core.package_identification:_identify(rrm-zadania) by extensions ['cmake', 'python']
[0.106s] Level 1:colcon.colcon_core.package_identification:_identify(rrm-zadania) by extension 'cmake'
[0.106s] Level 1:colcon.colcon_core.package_identification:_identify(rrm-zadania) by extension 'python'
[0.106s] Level 1:colcon.colcon_core.package_identification:_identify(rrm-zadania) by extensions ['python_setup_py']
[0.106s] Level 1:colcon.colcon_core.package_identification:_identify(rrm-zadania) by extension 'python_setup_py'
[0.107s] Level 1:colcon.colcon_core.package_identification:_identify(src) by extensions ['ignore', 'ignore_ament_install']
[0.107s] Level 1:colcon.colcon_core.package_identification:_identify(src) by extension 'ignore'
[0.107s] Level 1:colcon.colcon_core.package_identification:_identify(src) by extension 'ignore_ament_install'
[0.107s] Level 1:colcon.colcon_core.package_identification:_identify(src) by extensions ['colcon_pkg']
[0.107s] Level 1:colcon.colcon_core.package_identification:_identify(src) by extension 'colcon_pkg'
[0.107s] Level 1:colcon.colcon_core.package_identification:_identify(src) by extensions ['colcon_meta']
[0.107s] Level 1:colcon.colcon_core.package_identification:_identify(src) by extension 'colcon_meta'
[0.107s] Level 1:colcon.colcon_core.package_identification:_identify(src) by extensions ['ros']
[0.107s] Level 1:colcon.colcon_core.package_identification:_identify(src) by extension 'ros'
[0.107s] Level 1:colcon.colcon_core.package_identification:_identify(src) by extensions ['cmake', 'python']
[0.107s] Level 1:colcon.colcon_core.package_identification:_identify(src) by extension 'cmake'
[0.107s] Level 1:colcon.colcon_core.package_identification:_identify(src) by extension 'python'
[0.107s] Level 1:colcon.colcon_core.package_identification:_identify(src) by extensions ['python_setup_py']
[0.107s] Level 1:colcon.colcon_core.package_identification:_identify(src) by extension 'python_setup_py'
[0.107s] Level 1:colcon.colcon_core.package_identification:_identify(src/block1_Ondrejka) by extensions ['ignore', 'ignore_ament_install']
[0.107s] Level 1:colcon.colcon_core.package_identification:_identify(src/block1_Ondrejka) by extension 'ignore'
[0.107s] Level 1:colcon.colcon_core.package_identification:_identify(src/block1_Ondrejka) by extension 'ignore_ament_install'
[0.107s] Level 1:colcon.colcon_core.package_identification:_identify(src/block1_Ondrejka) by extensions ['colcon_pkg']
[0.107s] Level 1:colcon.colcon_core.package_identification:_identify(src/block1_Ondrejka) by extension 'colcon_pkg'
[0.107s] Level 1:colcon.colcon_core.package_identification:_identify(src/block1_Ondrejka) by extensions ['colcon_meta']
[0.107s] Level 1:colcon.colcon_core.package_identification:_identify(src/block1_Ondrejka) by extension 'colcon_meta'
[0.107s] Level 1:colcon.colcon_core.package_identification:_identify(src/block1_Ondrejka) by extensions ['ros']
[0.107s] Level 1:colcon.colcon_core.package_identification:_identify(src/block1_Ondrejka) by extension 'ros'
[0.109s] DEBUG:colcon.colcon_core.package_identification:Package 'src/block1_Ondrejka' with type 'ros.ament_cmake' and name 'block1_Ondrejka'
[0.109s] Level 1:colcon.colcon_core.package_identification:_identify(src/cv1) by extensions ['ignore', 'ignore_ament_install']
[0.109s] Level 1:colcon.colcon_core.package_identification:_identify(src/cv1) by extension 'ignore'
[0.109s] Level 1:colcon.colcon_core.package_identification:_identify(src/cv1) by extension 'ignore_ament_install'
[0.109s] Level 1:colcon.colcon_core.package_identification:_identify(src/cv1) by extensions ['colcon_pkg']
[0.109s] Level 1:colcon.colcon_core.package_identification:_identify(src/cv1) by extension 'colcon_pkg'
[0.109s] Level 1:colcon.colcon_core.package_identification:_identify(src/cv1) by extensions ['colcon_meta']
[0.109s] Level 1:colcon.colcon_core.package_identification:_identify(src/cv1) by extension 'colcon_meta'
[0.109s] Level 1:colcon.colcon_core.package_identification:_identify(src/cv1) by extensions ['ros']
[0.109s] Level 1:colcon.colcon_core.package_identification:_identify(src/cv1) by extension 'ros'
[0.109s] DEBUG:colcon.colcon_core.package_identification:Package 'src/cv1' with type 'ros.ament_cmake' and name 'cv1'
[0.109s] Level 1:colcon.colcon_core.package_identification:_identify(src/cv2) by extensions ['ignore', 'ignore_ament_install']
[0.109s] Level 1:colcon.colcon_core.package_identification:_identify(src/cv2) by extension 'ignore'
[0.109s] Level 1:colcon.colcon_core.package_identification:_identify(src/cv2) by extension 'ignore_ament_install'
[0.109s] Level 1:colcon.colcon_core.package_identification:_identify(src/cv2) by extensions ['colcon_pkg']
[0.109s] Level 1:colcon.colcon_core.package_identification:_identify(src/cv2) by extension 'colcon_pkg'
[0.109s] Level 1:colcon.colcon_core.package_identification:_identify(src/cv2) by extensions ['colcon_meta']
[0.109s] Level 1:colcon.colcon_core.package_identification:_identify(src/cv2) by extension 'colcon_meta'
[0.109s] Level 1:colcon.colcon_core.package_identification:_identify(src/cv2) by extensions ['ros']
[0.110s] Level 1:colcon.colcon_core.package_identification:_identify(src/cv2) by extension 'ros'
[0.110s] Level 1:colcon.colcon_core.package_identification:_identify(src/cv2) by extensions ['cmake', 'python']
[0.110s] Level 1:colcon.colcon_core.package_identification:_identify(src/cv2) by extension 'cmake'
[0.110s] Level 1:colcon.colcon_core.package_identification:_identify(src/cv2) by extension 'python'
[0.110s] Level 1:colcon.colcon_core.package_identification:_identify(src/cv2) by extensions ['python_setup_py']
[0.110s] Level 1:colcon.colcon_core.package_identification:_identify(src/cv2) by extension 'python_setup_py'
[0.110s] Level 1:colcon.colcon_core.package_identification:_identify(src/cv2/include) by extensions ['ignore', 'ignore_ament_install']
[0.110s] Level 1:colcon.colcon_core.package_identification:_identify(src/cv2/include) by extension 'ignore'
[0.110s] Level 1:colcon.colcon_core.package_identification:_identify(src/cv2/include) by extension 'ignore_ament_install'
[0.110s] Level 1:colcon.colcon_core.package_identification:_identify(src/cv2/include) by extensions ['colcon_pkg']
[0.110s] Level 1:colcon.colcon_core.package_identification:_identify(src/cv2/include) by extension 'colcon_pkg'
[0.110s] Level 1:colcon.colcon_core.package_identification:_identify(src/cv2/include) by extensions ['colcon_meta']
[0.110s] Level 1:colcon.colcon_core.package_identification:_identify(src/cv2/include) by extension 'colcon_meta'
[0.110s] Level 1:colcon.colcon_core.package_identification:_identify(src/cv2/include) by extensions ['ros']
[0.110s] Level 1:colcon.colcon_core.package_identification:_identify(src/cv2/include) by extension 'ros'
[0.110s] Level 1:colcon.colcon_core.package_identification:_identify(src/cv2/include) by extensions ['cmake', 'python']
[0.110s] Level 1:colcon.colcon_core.package_identification:_identify(src/cv2/include) by extension 'cmake'
[0.110s] Level 1:colcon.colcon_core.package_identification:_identify(src/cv2/include) by extension 'python'
[0.110s] Level 1:colcon.colcon_core.package_identification:_identify(src/cv2/include) by extensions ['python_setup_py']
[0.110s] Level 1:colcon.colcon_core.package_identification:_identify(src/cv2/include) by extension 'python_setup_py'
[0.110s] Level 1:colcon.colcon_core.package_identification:_identify(src/cv2/rrm_msgs) by extensions ['ignore', 'ignore_ament_install']
[0.110s] Level 1:colcon.colcon_core.package_identification:_identify(src/cv2/rrm_msgs) by extension 'ignore'
[0.110s] Level 1:colcon.colcon_core.package_identification:_identify(src/cv2/rrm_msgs) by extension 'ignore_ament_install'
[0.110s] Level 1:colcon.colcon_core.package_identification:_identify(src/cv2/rrm_msgs) by extensions ['colcon_pkg']
[0.110s] Level 1:colcon.colcon_core.package_identification:_identify(src/cv2/rrm_msgs) by extension 'colcon_pkg'
[0.110s] Level 1:colcon.colcon_core.package_identification:_identify(src/cv2/rrm_msgs) by extensions ['colcon_meta']
[0.110s] Level 1:colcon.colcon_core.package_identification:_identify(src/cv2/rrm_msgs) by extension 'colcon_meta'
[0.110s] Level 1:colcon.colcon_core.package_identification:_identify(src/cv2/rrm_msgs) by extensions ['ros']
[0.110s] Level 1:colcon.colcon_core.package_identification:_identify(src/cv2/rrm_msgs) by extension 'ros'
[0.110s] DEBUG:colcon.colcon_core.package_identification:Package 'src/cv2/rrm_msgs' with type 'ros.ament_cmake' and name 'rrm_msgs'
[0.111s] Level 1:colcon.colcon_core.package_identification:_identify(src/cv2/rrm_sim) by extensions ['ignore', 'ignore_ament_install']
[0.111s] Level 1:colcon.colcon_core.package_identification:_identify(src/cv2/rrm_sim) by extension 'ignore'
[0.111s] Level 1:colcon.colcon_core.package_identification:_identify(src/cv2/rrm_sim) by extension 'ignore_ament_install'
[0.111s] Level 1:colcon.colcon_core.package_identification:_identify(src/cv2/rrm_sim) by extensions ['colcon_pkg']
[0.111s] Level 1:colcon.colcon_core.package_identification:_identify(src/cv2/rrm_sim) by extension 'colcon_pkg'
[0.111s] Level 1:colcon.colcon_core.package_identification:_identify(src/cv2/rrm_sim) by extensions ['colcon_meta']
[0.111s] Level 1:colcon.colcon_core.package_identification:_identify(src/cv2/rrm_sim) by extension 'colcon_meta'
[0.111s] Level 1:colcon.colcon_core.package_identification:_identify(src/cv2/rrm_sim) by extensions ['ros']
[0.111s] Level 1:colcon.colcon_core.package_identification:_identify(src/cv2/rrm_sim) by extension 'ros'
[0.111s] DEBUG:colcon.colcon_core.package_identification:Package 'src/cv2/rrm_sim' with type 'ros.ament_cmake' and name 'rrm_sim'
[0.111s] Level 1:colcon.colcon_core.package_identification:_identify(src/cv2/rrm_simple_robot_model) by extensions ['ignore', 'ignore_ament_install']
[0.111s] Level 1:colcon.colcon_core.package_identification:_identify(src/cv2/rrm_simple_robot_model) by extension 'ignore'
[0.111s] Level 1:colcon.colcon_core.package_identification:_identify(src/cv2/rrm_simple_robot_model) by extension 'ignore_ament_install'
[0.111s] Level 1:colcon.colcon_core.package_identification:_identify(src/cv2/rrm_simple_robot_model) by extensions ['colcon_pkg']
[0.111s] Level 1:colcon.colcon_core.package_identification:_identify(src/cv2/rrm_simple_robot_model) by extension 'colcon_pkg'
[0.111s] Level 1:colcon.colcon_core.package_identification:_identify(src/cv2/rrm_simple_robot_model) by extensions ['colcon_meta']
[0.111s] Level 1:colcon.colcon_core.package_identification:_identify(src/cv2/rrm_simple_robot_model) by extension 'colcon_meta'
[0.112s] Level 1:colcon.colcon_core.package_identification:_identify(src/cv2/rrm_simple_robot_model) by extensions ['ros']
[0.112s] Level 1:colcon.colcon_core.package_identification:_identify(src/cv2/rrm_simple_robot_model) by extension 'ros'
[0.112s] DEBUG:colcon.colcon_core.package_identification:Package 'src/cv2/rrm_simple_robot_model' with type 'ros.ament_cmake' and name 'rrm_simple_robot_model'
[0.112s] Level 1:colcon.colcon_core.package_identification:_identify(src/cv2/src) by extensions ['ignore', 'ignore_ament_install']
[0.112s] Level 1:colcon.colcon_core.package_identification:_identify(src/cv2/src) by extension 'ignore'
[0.112s] Level 1:colcon.colcon_core.package_identification:_identify(src/cv2/src) by extension 'ignore_ament_install'
[0.112s] Level 1:colcon.colcon_core.package_identification:_identify(src/cv2/src) by extensions ['colcon_pkg']
[0.112s] Level 1:colcon.colcon_core.package_identification:_identify(src/cv2/src) by extension 'colcon_pkg'
[0.112s] Level 1:colcon.colcon_core.package_identification:_identify(src/cv2/src) by extensions ['colcon_meta']
[0.112s] Level 1:colcon.colcon_core.package_identification:_identify(src/cv2/src) by extension 'colcon_meta'
[0.112s] Level 1:colcon.colcon_core.package_identification:_identify(src/cv2/src) by extensions ['ros']
[0.112s] Level 1:colcon.colcon_core.package_identification:_identify(src/cv2/src) by extension 'ros'
[0.112s] Level 1:colcon.colcon_core.package_identification:_identify(src/cv2/src) by extensions ['cmake', 'python']
[0.112s] Level 1:colcon.colcon_core.package_identification:_identify(src/cv2/src) by extension 'cmake'
[0.112s] Level 1:colcon.colcon_core.package_identification:_identify(src/cv2/src) by extension 'python'
[0.112s] Level 1:colcon.colcon_core.package_identification:_identify(src/cv2/src) by extensions ['python_setup_py']
[0.112s] Level 1:colcon.colcon_core.package_identification:_identify(src/cv2/src) by extension 'python_setup_py'
[0.112s] Level 1:colcon.colcon_core.package_discovery:discover_packages(recursive) using defaults
[0.112s] Level 1:colcon.colcon_core.package_discovery:discover_packages(ignore) discover
[0.112s] Level 1:colcon.colcon_core.package_discovery:discover_packages(ignore) using defaults
[0.112s] Level 1:colcon.colcon_core.package_discovery:discover_packages(path) discover
[0.112s] Level 1:colcon.colcon_core.package_discovery:discover_packages(path) using defaults
[0.128s] Level 1:colcon.colcon_core.package_discovery:discover_packages(prefix_path) check parameters
[0.128s] Level 1:colcon.colcon_core.package_discovery:discover_packages(prefix_path) discover
[0.129s] DEBUG:colcon.colcon_installed_package_information.package_discovery:Found 5 installed packages in /home/greeny/ros2_ws_rrm/install
[0.130s] DEBUG:colcon.colcon_installed_package_information.package_discovery:Found 286 installed packages in /opt/ros/jazzy
[0.131s] Level 1:colcon.colcon_core.package_discovery:discover_packages(prefix_path) using defaults
[0.155s] Level 5:colcon.colcon_core.verb:set package 'cv1' build argument 'cmake_args' from command line to 'None'
[0.155s] Level 5:colcon.colcon_core.verb:set package 'cv1' build argument 'cmake_target' from command line to 'None'
[0.155s] Level 5:colcon.colcon_core.verb:set package 'cv1' build argument 'cmake_target_skip_unavailable' from command line to 'False'
[0.155s] Level 5:colcon.colcon_core.verb:set package 'cv1' build argument 'cmake_clean_cache' from command line to 'False'
[0.155s] Level 5:colcon.colcon_core.verb:set package 'cv1' build argument 'cmake_clean_first' from command line to 'False'
[0.155s] Level 5:colcon.colcon_core.verb:set package 'cv1' build argument 'cmake_force_configure' from command line to 'False'
[0.155s] Level 5:colcon.colcon_core.verb:set package 'cv1' build argument 'ament_cmake_args' from command line to 'None'
[0.155s] Level 5:colcon.colcon_core.verb:set package 'cv1' build argument 'catkin_cmake_args' from command line to 'None'
[0.155s] Level 5:colcon.colcon_core.verb:set package 'cv1' build argument 'catkin_skip_building_tests' from command line to 'False'
[0.156s] DEBUG:colcon.colcon_core.verb:Building package 'cv1' with the following arguments: {'ament_cmake_args': None, 'build_base': '/home/greeny/ros2_ws_rrm/build/cv1', 'catkin_cmake_args': None, 'catkin_skip_building_tests': False, 'cmake_args': None, 'cmake_clean_cache': False, 'cmake_clean_first': False, 'cmake_force_configure': False, 'cmake_target': None, 'cmake_target_skip_unavailable': False, 'install_base': '/home/greeny/ros2_ws_rrm/install/cv1', 'merge_install': False, 'path': '/home/greeny/ros2_ws_rrm/src/cv1', 'symlink_install': False, 'test_result_base': None}
[0.156s] Level 5:colcon.colcon_core.verb:set package 'rrm_msgs' build argument 'cmake_args' from command line to 'None'
[0.156s] Level 5:colcon.colcon_core.verb:set package 'rrm_msgs' build argument 'cmake_target' from command line to 'None'
[0.156s] Level 5:colcon.colcon_core.verb:set package 'rrm_msgs' build argument 'cmake_target_skip_unavailable' from command line to 'False'
[0.156s] Level 5:colcon.colcon_core.verb:set package 'rrm_msgs' build argument 'cmake_clean_cache' from command line to 'False'
[0.156s] Level 5:colcon.colcon_core.verb:set package 'rrm_msgs' build argument 'cmake_clean_first' from command line to 'False'
[0.156s] Level 5:colcon.colcon_core.verb:set package 'rrm_msgs' build argument 'cmake_force_configure' from command line to 'False'
[0.156s] Level 5:colcon.colcon_core.verb:set package 'rrm_msgs' build argument 'ament_cmake_args' from command line to 'None'
[0.156s] Level 5:colcon.colcon_core.verb:set package 'rrm_msgs' build argument 'catkin_cmake_args' from command line to 'None'
[0.156s] Level 5:colcon.colcon_core.verb:set package 'rrm_msgs' build argument 'catkin_skip_building_tests' from command line to 'False'
[0.156s] DEBUG:colcon.colcon_core.verb:Building package 'rrm_msgs' with the following arguments: {'ament_cmake_args': None, 'build_base': '/home/greeny/ros2_ws_rrm/build/rrm_msgs', 'catkin_cmake_args': None, 'catkin_skip_building_tests': False, 'cmake_args': None, 'cmake_clean_cache': False, 'cmake_clean_first': False, 'cmake_force_configure': False, 'cmake_target': None, 'cmake_target_skip_unavailable': False, 'install_base': '/home/greeny/ros2_ws_rrm/install/rrm_msgs', 'merge_install': False, 'path': '/home/greeny/ros2_ws_rrm/src/cv2/rrm_msgs', 'symlink_install': False, 'test_result_base': None}
[0.156s] Level 5:colcon.colcon_core.verb:set package 'rrm_simple_robot_model' build argument 'cmake_args' from command line to 'None'
[0.156s] Level 5:colcon.colcon_core.verb:set package 'rrm_simple_robot_model' build argument 'cmake_target' from command line to 'None'
[0.156s] Level 5:colcon.colcon_core.verb:set package 'rrm_simple_robot_model' build argument 'cmake_target_skip_unavailable' from command line to 'False'
[0.156s] Level 5:colcon.colcon_core.verb:set package 'rrm_simple_robot_model' build argument 'cmake_clean_cache' from command line to 'False'
[0.156s] Level 5:colcon.colcon_core.verb:set package 'rrm_simple_robot_model' build argument 'cmake_clean_first' from command line to 'False'
[0.156s] Level 5:colcon.colcon_core.verb:set package 'rrm_simple_robot_model' build argument 'cmake_force_configure' from command line to 'False'
[0.156s] Level 5:colcon.colcon_core.verb:set package 'rrm_simple_robot_model' build argument 'ament_cmake_args' from command line to 'None'
[0.156s] Level 5:colcon.colcon_core.verb:set package 'rrm_simple_robot_model' build argument 'catkin_cmake_args' from command line to 'None'
[0.156s] Level 5:colcon.colcon_core.verb:set package 'rrm_simple_robot_model' build argument 'catkin_skip_building_tests' from command line to 'False'
[0.156s] DEBUG:colcon.colcon_core.verb:Building package 'rrm_simple_robot_model' with the following arguments: {'ament_cmake_args': None, 'build_base': '/home/greeny/ros2_ws_rrm/build/rrm_simple_robot_model', 'catkin_cmake_args': None, 'catkin_skip_building_tests': False, 'cmake_args': None, 'cmake_clean_cache': False, 'cmake_clean_first': False, 'cmake_force_configure': False, 'cmake_target': None, 'cmake_target_skip_unavailable': False, 'install_base': '/home/greeny/ros2_ws_rrm/install/rrm_simple_robot_model', 'merge_install': False, 'path': '/home/greeny/ros2_ws_rrm/src/cv2/rrm_simple_robot_model', 'symlink_install': False, 'test_result_base': None}
[0.156s] Level 5:colcon.colcon_core.verb:set package 'block1_Ondrejka' build argument 'cmake_args' from command line to 'None'
[0.156s] Level 5:colcon.colcon_core.verb:set package 'block1_Ondrejka' build argument 'cmake_target' from command line to 'None'
[0.156s] Level 5:colcon.colcon_core.verb:set package 'block1_Ondrejka' build argument 'cmake_target_skip_unavailable' from command line to 'False'
[0.156s] Level 5:colcon.colcon_core.verb:set package 'block1_Ondrejka' build argument 'cmake_clean_cache' from command line to 'False'
[0.156s] Level 5:colcon.colcon_core.verb:set package 'block1_Ondrejka' build argument 'cmake_clean_first' from command line to 'False'
[0.156s] Level 5:colcon.colcon_core.verb:set package 'block1_Ondrejka' build argument 'cmake_force_configure' from command line to 'False'
[0.156s] Level 5:colcon.colcon_core.verb:set package 'block1_Ondrejka' build argument 'ament_cmake_args' from command line to 'None'
[0.156s] Level 5:colcon.colcon_core.verb:set package 'block1_Ondrejka' build argument 'catkin_cmake_args' from command line to 'None'
[0.156s] Level 5:colcon.colcon_core.verb:set package 'block1_Ondrejka' build argument 'catkin_skip_building_tests' from command line to 'False'
[0.156s] DEBUG:colcon.colcon_core.verb:Building package 'block1_Ondrejka' with the following arguments: {'ament_cmake_args': None, 'build_base': '/home/greeny/ros2_ws_rrm/build/block1_Ondrejka', 'catkin_cmake_args': None, 'catkin_skip_building_tests': False, 'cmake_args': None, 'cmake_clean_cache': False, 'cmake_clean_first': False, 'cmake_force_configure': False, 'cmake_target': None, 'cmake_target_skip_unavailable': False, 'install_base': '/home/greeny/ros2_ws_rrm/install/block1_Ondrejka', 'merge_install': False, 'path': '/home/greeny/ros2_ws_rrm/src/block1_Ondrejka', 'symlink_install': False, 'test_result_base': None}
[0.156s] Level 5:colcon.colcon_core.verb:set package 'rrm_sim' build argument 'cmake_args' from command line to 'None'
[0.157s] Level 5:colcon.colcon_core.verb:set package 'rrm_sim' build argument 'cmake_target' from command line to 'None'
[0.157s] Level 5:colcon.colcon_core.verb:set package 'rrm_sim' build argument 'cmake_target_skip_unavailable' from command line to 'False'
[0.157s] Level 5:colcon.colcon_core.verb:set package 'rrm_sim' build argument 'cmake_clean_cache' from command line to 'False'
[0.157s] Level 5:colcon.colcon_core.verb:set package 'rrm_sim' build argument 'cmake_clean_first' from command line to 'False'
[0.157s] Level 5:colcon.colcon_core.verb:set package 'rrm_sim' build argument 'cmake_force_configure' from command line to 'False'
[0.157s] Level 5:colcon.colcon_core.verb:set package 'rrm_sim' build argument 'ament_cmake_args' from command line to 'None'
[0.157s] Level 5:colcon.colcon_core.verb:set package 'rrm_sim' build argument 'catkin_cmake_args' from command line to 'None'
[0.157s] Level 5:colcon.colcon_core.verb:set package 'rrm_sim' build argument 'catkin_skip_building_tests' from command line to 'False'
[0.157s] DEBUG:colcon.colcon_core.verb:Building package 'rrm_sim' with the following arguments: {'ament_cmake_args': None, 'build_base': '/home/greeny/ros2_ws_rrm/build/rrm_sim', 'catkin_cmake_args': None, 'catkin_skip_building_tests': False, 'cmake_args': None, 'cmake_clean_cache': False, 'cmake_clean_first': False, 'cmake_force_configure': False, 'cmake_target': None, 'cmake_target_skip_unavailable': False, 'install_base': '/home/greeny/ros2_ws_rrm/install/rrm_sim', 'merge_install': False, 'path': '/home/greeny/ros2_ws_rrm/src/cv2/rrm_sim', 'symlink_install': False, 'test_result_base': None}
[0.157s] INFO:colcon.colcon_core.executor:Executing jobs using 'parallel' executor
[0.158s] DEBUG:colcon.colcon_parallel_executor.executor.parallel:run_until_complete
[0.158s] INFO:colcon.colcon_ros.task.ament_cmake.build:Building ROS package in '/home/greeny/ros2_ws_rrm/src/cv2/rrm_msgs' with build type 'ament_cmake'
[0.158s] INFO:colcon.colcon_cmake.task.cmake.build:Building CMake package in '/home/greeny/ros2_ws_rrm/src/cv2/rrm_msgs'
[0.160s] INFO:colcon.colcon_core.plugin_system:Skipping extension 'colcon_core.shell.bat': Not used on non-Windows systems
[0.160s] INFO:colcon.colcon_core.shell:Skip shell extension 'powershell' for command environment: Not usable outside of PowerShell
[0.160s] DEBUG:colcon.colcon_core.shell:Skip shell extension 'dsv' for command environment
[0.162s] INFO:colcon.colcon_ros.task.ament_cmake.build:Building ROS package in '/home/greeny/ros2_ws_rrm/src/cv1' with build type 'ament_cmake'
[0.162s] INFO:colcon.colcon_cmake.task.cmake.build:Building CMake package in '/home/greeny/ros2_ws_rrm/src/cv1'
[0.162s] INFO:colcon.colcon_core.shell:Skip shell extension 'powershell' for command environment: Not usable outside of PowerShell
[0.162s] DEBUG:colcon.colcon_core.shell:Skip shell extension 'dsv' for command environment
[0.165s] INFO:colcon.colcon_ros.task.ament_cmake.build:Building ROS package in '/home/greeny/ros2_ws_rrm/src/cv2/rrm_simple_robot_model' with build type 'ament_cmake'
[0.165s] INFO:colcon.colcon_cmake.task.cmake.build:Building CMake package in '/home/greeny/ros2_ws_rrm/src/cv2/rrm_simple_robot_model'
[0.166s] INFO:colcon.colcon_core.shell:Skip shell extension 'powershell' for command environment: Not usable outside of PowerShell
[0.166s] DEBUG:colcon.colcon_core.shell:Skip shell extension 'dsv' for command environment
[0.174s] DEBUG:colcon.colcon_core.event_handler.log_command:Invoking command in '/home/greeny/ros2_ws_rrm/build/rrm_msgs': CMAKE_PREFIX_PATH=${CMAKE_PREFIX_PATH}:/opt/ros/jazzy DEBUGINFOD_URLS=https://debuginfod.ubuntu.com /usr/bin/cmake --build /home/greeny/ros2_ws_rrm/build/rrm_msgs -- -j16 -l16
[0.176s] DEBUG:colcon.colcon_core.event_handler.log_command:Invoking command in '/home/greeny/ros2_ws_rrm/build/cv1': CMAKE_PREFIX_PATH=${CMAKE_PREFIX_PATH}:/opt/ros/jazzy DEBUGINFOD_URLS=https://debuginfod.ubuntu.com /usr/bin/cmake --build /home/greeny/ros2_ws_rrm/build/cv1 -- -j16 -l16
[0.180s] DEBUG:colcon.colcon_core.event_handler.log_command:Invoking command in '/home/greeny/ros2_ws_rrm/build/rrm_simple_robot_model': CMAKE_PREFIX_PATH=${CMAKE_PREFIX_PATH}:/opt/ros/jazzy DEBUGINFOD_URLS=https://debuginfod.ubuntu.com /usr/bin/cmake --build /home/greeny/ros2_ws_rrm/build/rrm_simple_robot_model -- -j16 -l16
[0.218s] DEBUG:colcon.colcon_core.event_handler.log_command:Invoked command in '/home/greeny/ros2_ws_rrm/build/rrm_simple_robot_model' returned '0': CMAKE_PREFIX_PATH=${CMAKE_PREFIX_PATH}:/opt/ros/jazzy DEBUGINFOD_URLS=https://debuginfod.ubuntu.com /usr/bin/cmake --build /home/greeny/ros2_ws_rrm/build/rrm_simple_robot_model -- -j16 -l16
[0.229s] DEBUG:colcon.colcon_core.event_handler.log_command:Invoking command in '/home/greeny/ros2_ws_rrm/build/rrm_simple_robot_model': CMAKE_PREFIX_PATH=${CMAKE_PREFIX_PATH}:/opt/ros/jazzy DEBUGINFOD_URLS=https://debuginfod.ubuntu.com /usr/bin/cmake --install /home/greeny/ros2_ws_rrm/build/rrm_simple_robot_model
[0.240s] Level 1:colcon.colcon_core.environment:create_environment_scripts_only(rrm_simple_robot_model)
[0.241s] DEBUG:colcon.colcon_core.event_handler.log_command:Invoked command in '/home/greeny/ros2_ws_rrm/build/rrm_simple_robot_model' returned '0': CMAKE_PREFIX_PATH=${CMAKE_PREFIX_PATH}:/opt/ros/jazzy DEBUGINFOD_URLS=https://debuginfod.ubuntu.com /usr/bin/cmake --install /home/greeny/ros2_ws_rrm/build/rrm_simple_robot_model
[0.243s] Level 1:colcon.colcon_core.environment:checking '/home/greeny/ros2_ws_rrm/install/rrm_simple_robot_model' for CMake module files
[0.244s] Level 1:colcon.colcon_core.environment:checking '/home/greeny/ros2_ws_rrm/install/rrm_simple_robot_model' for CMake config files
[0.244s] Level 1:colcon.colcon_core.shell:create_environment_hook('rrm_simple_robot_model', 'cmake_prefix_path')
[0.245s] INFO:colcon.colcon_core.shell:Creating environment hook '/home/greeny/ros2_ws_rrm/install/rrm_simple_robot_model/share/rrm_simple_robot_model/hook/cmake_prefix_path.ps1'
[0.245s] INFO:colcon.colcon_core.shell:Creating environment descriptor '/home/greeny/ros2_ws_rrm/install/rrm_simple_robot_model/share/rrm_simple_robot_model/hook/cmake_prefix_path.dsv'
[0.246s] INFO:colcon.colcon_core.shell:Creating environment hook '/home/greeny/ros2_ws_rrm/install/rrm_simple_robot_model/share/rrm_simple_robot_model/hook/cmake_prefix_path.sh'
[0.248s] Level 1:colcon.colcon_core.environment:checking '/home/greeny/ros2_ws_rrm/install/rrm_simple_robot_model/bin'
[0.248s] Level 1:colcon.colcon_core.environment:checking '/home/greeny/ros2_ws_rrm/install/rrm_simple_robot_model/lib/pkgconfig/rrm_simple_robot_model.pc'
[0.248s] Level 1:colcon.colcon_core.environment:checking '/home/greeny/ros2_ws_rrm/install/rrm_simple_robot_model/lib/python3.12/site-packages'
[0.249s] Level 1:colcon.colcon_core.environment:checking '/home/greeny/ros2_ws_rrm/install/rrm_simple_robot_model/bin'
[0.249s] INFO:colcon.colcon_core.shell:Creating package script '/home/greeny/ros2_ws_rrm/install/rrm_simple_robot_model/share/rrm_simple_robot_model/package.ps1'
[0.250s] INFO:colcon.colcon_core.shell:Creating package descriptor '/home/greeny/ros2_ws_rrm/install/rrm_simple_robot_model/share/rrm_simple_robot_model/package.dsv'
[0.250s] INFO:colcon.colcon_core.shell:Creating package script '/home/greeny/ros2_ws_rrm/install/rrm_simple_robot_model/share/rrm_simple_robot_model/package.sh'
[0.251s] INFO:colcon.colcon_core.shell:Creating package script '/home/greeny/ros2_ws_rrm/install/rrm_simple_robot_model/share/rrm_simple_robot_model/package.bash'
[0.251s] INFO:colcon.colcon_core.shell:Creating package script '/home/greeny/ros2_ws_rrm/install/rrm_simple_robot_model/share/rrm_simple_robot_model/package.zsh'
[0.252s] Level 1:colcon.colcon_core.environment:create_file_with_runtime_dependencies(/home/greeny/ros2_ws_rrm/install/rrm_simple_robot_model/share/colcon-core/packages/rrm_simple_robot_model)
[0.252s] Level 1:colcon.colcon_core.environment:create_environment_scripts_only(rrm_simple_robot_model)
[0.252s] Level 1:colcon.colcon_core.environment:checking '/home/greeny/ros2_ws_rrm/install/rrm_simple_robot_model' for CMake module files
[0.253s] Level 1:colcon.colcon_core.environment:checking '/home/greeny/ros2_ws_rrm/install/rrm_simple_robot_model' for CMake config files
[0.253s] Level 1:colcon.colcon_core.shell:create_environment_hook('rrm_simple_robot_model', 'cmake_prefix_path')
[0.253s] INFO:colcon.colcon_core.shell:Creating environment hook '/home/greeny/ros2_ws_rrm/install/rrm_simple_robot_model/share/rrm_simple_robot_model/hook/cmake_prefix_path.ps1'
[0.253s] INFO:colcon.colcon_core.shell:Creating environment descriptor '/home/greeny/ros2_ws_rrm/install/rrm_simple_robot_model/share/rrm_simple_robot_model/hook/cmake_prefix_path.dsv'
[0.253s] INFO:colcon.colcon_core.shell:Creating environment hook '/home/greeny/ros2_ws_rrm/install/rrm_simple_robot_model/share/rrm_simple_robot_model/hook/cmake_prefix_path.sh'
[0.254s] Level 1:colcon.colcon_core.environment:checking '/home/greeny/ros2_ws_rrm/install/rrm_simple_robot_model/bin'
[0.254s] Level 1:colcon.colcon_core.environment:checking '/home/greeny/ros2_ws_rrm/install/rrm_simple_robot_model/lib/pkgconfig/rrm_simple_robot_model.pc'
[0.254s] Level 1:colcon.colcon_core.environment:checking '/home/greeny/ros2_ws_rrm/install/rrm_simple_robot_model/lib/python3.12/site-packages'
[0.255s] Level 1:colcon.colcon_core.environment:checking '/home/greeny/ros2_ws_rrm/install/rrm_simple_robot_model/bin'
[0.255s] INFO:colcon.colcon_core.shell:Creating package script '/home/greeny/ros2_ws_rrm/install/rrm_simple_robot_model/share/rrm_simple_robot_model/package.ps1'
[0.256s] INFO:colcon.colcon_core.shell:Creating package descriptor '/home/greeny/ros2_ws_rrm/install/rrm_simple_robot_model/share/rrm_simple_robot_model/package.dsv'
[0.256s] INFO:colcon.colcon_core.shell:Creating package script '/home/greeny/ros2_ws_rrm/install/rrm_simple_robot_model/share/rrm_simple_robot_model/package.sh'
[0.256s] INFO:colcon.colcon_core.shell:Creating package script '/home/greeny/ros2_ws_rrm/install/rrm_simple_robot_model/share/rrm_simple_robot_model/package.bash'
[0.257s] INFO:colcon.colcon_core.shell:Creating package script '/home/greeny/ros2_ws_rrm/install/rrm_simple_robot_model/share/rrm_simple_robot_model/package.zsh'
[0.257s] Level 1:colcon.colcon_core.environment:create_file_with_runtime_dependencies(/home/greeny/ros2_ws_rrm/install/rrm_simple_robot_model/share/colcon-core/packages/rrm_simple_robot_model)
[0.259s] DEBUG:colcon.colcon_core.event_handler.log_command:Invoked command in '/home/greeny/ros2_ws_rrm/build/cv1' returned '0': CMAKE_PREFIX_PATH=${CMAKE_PREFIX_PATH}:/opt/ros/jazzy DEBUGINFOD_URLS=https://debuginfod.ubuntu.com /usr/bin/cmake --build /home/greeny/ros2_ws_rrm/build/cv1 -- -j16 -l16
[0.261s] DEBUG:colcon.colcon_core.event_handler.log_command:Invoking command in '/home/greeny/ros2_ws_rrm/build/cv1': CMAKE_PREFIX_PATH=${CMAKE_PREFIX_PATH}:/opt/ros/jazzy DEBUGINFOD_URLS=https://debuginfod.ubuntu.com /usr/bin/cmake --install /home/greeny/ros2_ws_rrm/build/cv1
[0.275s] Level 1:colcon.colcon_core.environment:create_environment_scripts_only(cv1)
[0.275s] Level 1:colcon.colcon_core.environment:checking '/home/greeny/ros2_ws_rrm/install/cv1' for CMake module files
[0.276s] DEBUG:colcon.colcon_core.event_handler.log_command:Invoked command in '/home/greeny/ros2_ws_rrm/build/cv1' returned '0': CMAKE_PREFIX_PATH=${CMAKE_PREFIX_PATH}:/opt/ros/jazzy DEBUGINFOD_URLS=https://debuginfod.ubuntu.com /usr/bin/cmake --install /home/greeny/ros2_ws_rrm/build/cv1
[0.277s] Level 1:colcon.colcon_core.environment:checking '/home/greeny/ros2_ws_rrm/install/cv1' for CMake config files
[0.277s] Level 1:colcon.colcon_core.shell:create_environment_hook('cv1', 'cmake_prefix_path')
[0.278s] INFO:colcon.colcon_core.shell:Creating environment hook '/home/greeny/ros2_ws_rrm/install/cv1/share/cv1/hook/cmake_prefix_path.ps1'
[0.279s] INFO:colcon.colcon_core.shell:Creating environment descriptor '/home/greeny/ros2_ws_rrm/install/cv1/share/cv1/hook/cmake_prefix_path.dsv'
[0.280s] INFO:colcon.colcon_core.shell:Creating environment hook '/home/greeny/ros2_ws_rrm/install/cv1/share/cv1/hook/cmake_prefix_path.sh'
[0.281s] Level 1:colcon.colcon_core.environment:checking '/home/greeny/ros2_ws_rrm/install/cv1/lib'
[0.282s] Level 1:colcon.colcon_core.environment:checking '/home/greeny/ros2_ws_rrm/install/cv1/bin'
[0.282s] Level 1:colcon.colcon_core.environment:checking '/home/greeny/ros2_ws_rrm/install/cv1/lib/pkgconfig/cv1.pc'
[0.282s] Level 1:colcon.colcon_core.environment:checking '/home/greeny/ros2_ws_rrm/install/cv1/lib/python3.12/site-packages'
[0.283s] Level 1:colcon.colcon_core.environment:checking '/home/greeny/ros2_ws_rrm/install/cv1/bin'
[0.284s] INFO:colcon.colcon_core.shell:Creating package script '/home/greeny/ros2_ws_rrm/install/cv1/share/cv1/package.ps1'
[0.285s] INFO:colcon.colcon_core.shell:Creating package descriptor '/home/greeny/ros2_ws_rrm/install/cv1/share/cv1/package.dsv'
[0.286s] INFO:colcon.colcon_core.shell:Creating package script '/home/greeny/ros2_ws_rrm/install/cv1/share/cv1/package.sh'
[0.287s] INFO:colcon.colcon_core.shell:Creating package script '/home/greeny/ros2_ws_rrm/install/cv1/share/cv1/package.bash'
[0.288s] INFO:colcon.colcon_core.shell:Creating package script '/home/greeny/ros2_ws_rrm/install/cv1/share/cv1/package.zsh'
[0.289s] Level 1:colcon.colcon_core.environment:create_file_with_runtime_dependencies(/home/greeny/ros2_ws_rrm/install/cv1/share/colcon-core/packages/cv1)
[0.290s] Level 1:colcon.colcon_core.environment:create_environment_scripts_only(cv1)
[0.290s] Level 1:colcon.colcon_core.environment:checking '/home/greeny/ros2_ws_rrm/install/cv1' for CMake module files
[0.291s] Level 1:colcon.colcon_core.environment:checking '/home/greeny/ros2_ws_rrm/install/cv1' for CMake config files
[0.291s] Level 1:colcon.colcon_core.shell:create_environment_hook('cv1', 'cmake_prefix_path')
[0.291s] INFO:colcon.colcon_core.shell:Creating environment hook '/home/greeny/ros2_ws_rrm/install/cv1/share/cv1/hook/cmake_prefix_path.ps1'
[0.292s] INFO:colcon.colcon_core.shell:Creating environment descriptor '/home/greeny/ros2_ws_rrm/install/cv1/share/cv1/hook/cmake_prefix_path.dsv'
[0.293s] INFO:colcon.colcon_core.shell:Creating environment hook '/home/greeny/ros2_ws_rrm/install/cv1/share/cv1/hook/cmake_prefix_path.sh'
[0.294s] Level 1:colcon.colcon_core.environment:checking '/home/greeny/ros2_ws_rrm/install/cv1/lib'
[0.295s] Level 1:colcon.colcon_core.environment:checking '/home/greeny/ros2_ws_rrm/install/cv1/bin'
[0.295s] Level 1:colcon.colcon_core.environment:checking '/home/greeny/ros2_ws_rrm/install/cv1/lib/pkgconfig/cv1.pc'
[0.295s] Level 1:colcon.colcon_core.environment:checking '/home/greeny/ros2_ws_rrm/install/cv1/lib/python3.12/site-packages'
[0.296s] Level 1:colcon.colcon_core.environment:checking '/home/greeny/ros2_ws_rrm/install/cv1/bin'
[0.296s] INFO:colcon.colcon_core.shell:Creating package script '/home/greeny/ros2_ws_rrm/install/cv1/share/cv1/package.ps1'
[0.297s] INFO:colcon.colcon_core.shell:Creating package descriptor '/home/greeny/ros2_ws_rrm/install/cv1/share/cv1/package.dsv'
[0.298s] INFO:colcon.colcon_core.shell:Creating package script '/home/greeny/ros2_ws_rrm/install/cv1/share/cv1/package.sh'
[0.298s] INFO:colcon.colcon_core.shell:Creating package script '/home/greeny/ros2_ws_rrm/install/cv1/share/cv1/package.bash'
[0.299s] INFO:colcon.colcon_core.shell:Creating package script '/home/greeny/ros2_ws_rrm/install/cv1/share/cv1/package.zsh'
[0.299s] Level 1:colcon.colcon_core.environment:create_file_with_runtime_dependencies(/home/greeny/ros2_ws_rrm/install/cv1/share/colcon-core/packages/cv1)
[0.518s] DEBUG:colcon.colcon_core.event_handler.log_command:Invoked command in '/home/greeny/ros2_ws_rrm/build/rrm_msgs' returned '0': CMAKE_PREFIX_PATH=${CMAKE_PREFIX_PATH}:/opt/ros/jazzy DEBUGINFOD_URLS=https://debuginfod.ubuntu.com /usr/bin/cmake --build /home/greeny/ros2_ws_rrm/build/rrm_msgs -- -j16 -l16
[0.520s] DEBUG:colcon.colcon_core.event_handler.log_command:Invoking command in '/home/greeny/ros2_ws_rrm/build/rrm_msgs': CMAKE_PREFIX_PATH=${CMAKE_PREFIX_PATH}:/opt/ros/jazzy DEBUGINFOD_URLS=https://debuginfod.ubuntu.com /usr/bin/cmake --install /home/greeny/ros2_ws_rrm/build/rrm_msgs
[0.573s] Level 1:colcon.colcon_core.environment:create_environment_scripts_only(rrm_msgs)
[0.574s] Level 1:colcon.colcon_core.environment:checking '/home/greeny/ros2_ws_rrm/install/rrm_msgs' for CMake module files
[0.574s] DEBUG:colcon.colcon_core.event_handler.log_command:Invoked command in '/home/greeny/ros2_ws_rrm/build/rrm_msgs' returned '0': CMAKE_PREFIX_PATH=${CMAKE_PREFIX_PATH}:/opt/ros/jazzy DEBUGINFOD_URLS=https://debuginfod.ubuntu.com /usr/bin/cmake --install /home/greeny/ros2_ws_rrm/build/rrm_msgs
[0.575s] Level 1:colcon.colcon_core.environment:checking '/home/greeny/ros2_ws_rrm/install/rrm_msgs' for CMake config files
[0.575s] Level 1:colcon.colcon_core.shell:create_environment_hook('rrm_msgs', 'cmake_prefix_path')
[0.576s] INFO:colcon.colcon_core.shell:Creating environment hook '/home/greeny/ros2_ws_rrm/install/rrm_msgs/share/rrm_msgs/hook/cmake_prefix_path.ps1'
[0.576s] INFO:colcon.colcon_core.shell:Creating environment descriptor '/home/greeny/ros2_ws_rrm/install/rrm_msgs/share/rrm_msgs/hook/cmake_prefix_path.dsv'
[0.576s] INFO:colcon.colcon_core.shell:Creating environment hook '/home/greeny/ros2_ws_rrm/install/rrm_msgs/share/rrm_msgs/hook/cmake_prefix_path.sh'
[0.577s] Level 1:colcon.colcon_core.environment:checking '/home/greeny/ros2_ws_rrm/install/rrm_msgs/lib'
[0.577s] Level 1:colcon.colcon_core.shell:create_environment_hook('rrm_msgs', 'ld_library_path_lib')
[0.577s] INFO:colcon.colcon_core.shell:Creating environment hook '/home/greeny/ros2_ws_rrm/install/rrm_msgs/share/rrm_msgs/hook/ld_library_path_lib.ps1'
[0.577s] INFO:colcon.colcon_core.shell:Creating environment descriptor '/home/greeny/ros2_ws_rrm/install/rrm_msgs/share/rrm_msgs/hook/ld_library_path_lib.dsv'
[0.578s] INFO:colcon.colcon_core.shell:Creating environment hook '/home/greeny/ros2_ws_rrm/install/rrm_msgs/share/rrm_msgs/hook/ld_library_path_lib.sh'
[0.578s] Level 1:colcon.colcon_core.environment:checking '/home/greeny/ros2_ws_rrm/install/rrm_msgs/bin'
[0.578s] Level 1:colcon.colcon_core.environment:checking '/home/greeny/ros2_ws_rrm/install/rrm_msgs/lib/pkgconfig/rrm_msgs.pc'
[0.578s] Level 1:colcon.colcon_core.environment:checking '/home/greeny/ros2_ws_rrm/install/rrm_msgs/lib/python3.12/site-packages'
[0.578s] Level 1:colcon.colcon_core.shell:create_environment_hook('rrm_msgs', 'pythonpath')
[0.578s] INFO:colcon.colcon_core.shell:Creating environment hook '/home/greeny/ros2_ws_rrm/install/rrm_msgs/share/rrm_msgs/hook/pythonpath.ps1'
[0.578s] INFO:colcon.colcon_core.shell:Creating environment descriptor '/home/greeny/ros2_ws_rrm/install/rrm_msgs/share/rrm_msgs/hook/pythonpath.dsv'
[0.579s] INFO:colcon.colcon_core.shell:Creating environment hook '/home/greeny/ros2_ws_rrm/install/rrm_msgs/share/rrm_msgs/hook/pythonpath.sh'
[0.579s] Level 1:colcon.colcon_core.environment:checking '/home/greeny/ros2_ws_rrm/install/rrm_msgs/bin'
[0.579s] INFO:colcon.colcon_core.shell:Creating package script '/home/greeny/ros2_ws_rrm/install/rrm_msgs/share/rrm_msgs/package.ps1'
[0.580s] INFO:colcon.colcon_core.shell:Creating package descriptor '/home/greeny/ros2_ws_rrm/install/rrm_msgs/share/rrm_msgs/package.dsv'
[0.580s] INFO:colcon.colcon_core.shell:Creating package script '/home/greeny/ros2_ws_rrm/install/rrm_msgs/share/rrm_msgs/package.sh'
[0.580s] INFO:colcon.colcon_core.shell:Creating package script '/home/greeny/ros2_ws_rrm/install/rrm_msgs/share/rrm_msgs/package.bash'
[0.580s] INFO:colcon.colcon_core.shell:Creating package script '/home/greeny/ros2_ws_rrm/install/rrm_msgs/share/rrm_msgs/package.zsh'
[0.581s] Level 1:colcon.colcon_core.environment:create_file_with_runtime_dependencies(/home/greeny/ros2_ws_rrm/install/rrm_msgs/share/colcon-core/packages/rrm_msgs)
[0.581s] Level 1:colcon.colcon_core.environment:create_environment_scripts_only(rrm_msgs)
[0.581s] Level 1:colcon.colcon_core.environment:checking '/home/greeny/ros2_ws_rrm/install/rrm_msgs' for CMake module files
[0.582s] Level 1:colcon.colcon_core.environment:checking '/home/greeny/ros2_ws_rrm/install/rrm_msgs' for CMake config files
[0.582s] Level 1:colcon.colcon_core.shell:create_environment_hook('rrm_msgs', 'cmake_prefix_path')
[0.582s] INFO:colcon.colcon_core.shell:Creating environment hook '/home/greeny/ros2_ws_rrm/install/rrm_msgs/share/rrm_msgs/hook/cmake_prefix_path.ps1'
[0.582s] INFO:colcon.colcon_core.shell:Creating environment descriptor '/home/greeny/ros2_ws_rrm/install/rrm_msgs/share/rrm_msgs/hook/cmake_prefix_path.dsv'
[0.582s] INFO:colcon.colcon_core.shell:Creating environment hook '/home/greeny/ros2_ws_rrm/install/rrm_msgs/share/rrm_msgs/hook/cmake_prefix_path.sh'
[0.583s] Level 1:colcon.colcon_core.environment:checking '/home/greeny/ros2_ws_rrm/install/rrm_msgs/lib'
[0.583s] Level 1:colcon.colcon_core.shell:create_environment_hook('rrm_msgs', 'ld_library_path_lib')
[0.583s] INFO:colcon.colcon_core.shell:Creating environment hook '/home/greeny/ros2_ws_rrm/install/rrm_msgs/share/rrm_msgs/hook/ld_library_path_lib.ps1'
[0.584s] INFO:colcon.colcon_core.shell:Creating environment descriptor '/home/greeny/ros2_ws_rrm/install/rrm_msgs/share/rrm_msgs/hook/ld_library_path_lib.dsv'
[0.584s] INFO:colcon.colcon_core.shell:Creating environment hook '/home/greeny/ros2_ws_rrm/install/rrm_msgs/share/rrm_msgs/hook/ld_library_path_lib.sh'
[0.584s] Level 1:colcon.colcon_core.environment:checking '/home/greeny/ros2_ws_rrm/install/rrm_msgs/bin'
[0.584s] Level 1:colcon.colcon_core.environment:checking '/home/greeny/ros2_ws_rrm/install/rrm_msgs/lib/pkgconfig/rrm_msgs.pc'
[0.585s] Level 1:colcon.colcon_core.environment:checking '/home/greeny/ros2_ws_rrm/install/rrm_msgs/lib/python3.12/site-packages'
[0.585s] Level 1:colcon.colcon_core.shell:create_environment_hook('rrm_msgs', 'pythonpath')
[0.585s] INFO:colcon.colcon_core.shell:Creating environment hook '/home/greeny/ros2_ws_rrm/install/rrm_msgs/share/rrm_msgs/hook/pythonpath.ps1'
[0.585s] INFO:colcon.colcon_core.shell:Creating environment descriptor '/home/greeny/ros2_ws_rrm/install/rrm_msgs/share/rrm_msgs/hook/pythonpath.dsv'
[0.585s] INFO:colcon.colcon_core.shell:Creating environment hook '/home/greeny/ros2_ws_rrm/install/rrm_msgs/share/rrm_msgs/hook/pythonpath.sh'
[0.586s] Level 1:colcon.colcon_core.environment:checking '/home/greeny/ros2_ws_rrm/install/rrm_msgs/bin'
[0.586s] INFO:colcon.colcon_core.shell:Creating package script '/home/greeny/ros2_ws_rrm/install/rrm_msgs/share/rrm_msgs/package.ps1'
[0.586s] INFO:colcon.colcon_core.shell:Creating package descriptor '/home/greeny/ros2_ws_rrm/install/rrm_msgs/share/rrm_msgs/package.dsv'
[0.587s] INFO:colcon.colcon_core.shell:Creating package script '/home/greeny/ros2_ws_rrm/install/rrm_msgs/share/rrm_msgs/package.sh'
[0.587s] INFO:colcon.colcon_core.shell:Creating package script '/home/greeny/ros2_ws_rrm/install/rrm_msgs/share/rrm_msgs/package.bash'
[0.587s] INFO:colcon.colcon_core.shell:Creating package script '/home/greeny/ros2_ws_rrm/install/rrm_msgs/share/rrm_msgs/package.zsh'
[0.588s] Level 1:colcon.colcon_core.environment:create_file_with_runtime_dependencies(/home/greeny/ros2_ws_rrm/install/rrm_msgs/share/colcon-core/packages/rrm_msgs)
[0.588s] INFO:colcon.colcon_ros.task.ament_cmake.build:Building ROS package in '/home/greeny/ros2_ws_rrm/src/block1_Ondrejka' with build type 'ament_cmake'
[0.588s] INFO:colcon.colcon_cmake.task.cmake.build:Building CMake package in '/home/greeny/ros2_ws_rrm/src/block1_Ondrejka'
[0.588s] INFO:colcon.colcon_core.shell:Skip shell extension 'powershell' for command environment: Not usable outside of PowerShell
[0.588s] DEBUG:colcon.colcon_core.shell:Skip shell extension 'dsv' for command environment
[0.591s] INFO:colcon.colcon_ros.task.ament_cmake.build:Building ROS package in '/home/greeny/ros2_ws_rrm/src/cv2/rrm_sim' with build type 'ament_cmake'
[0.591s] INFO:colcon.colcon_cmake.task.cmake.build:Building CMake package in '/home/greeny/ros2_ws_rrm/src/cv2/rrm_sim'
[0.591s] INFO:colcon.colcon_core.shell:Skip shell extension 'powershell' for command environment: Not usable outside of PowerShell
[0.591s] DEBUG:colcon.colcon_core.shell:Skip shell extension 'dsv' for command environment
[0.600s] DEBUG:colcon.colcon_core.event_handler.log_command:Invoking command in '/home/greeny/ros2_ws_rrm/build/block1_Ondrejka': CMAKE_PREFIX_PATH=/home/greeny/ros2_ws_rrm/install/rrm_msgs:/home/greeny/ros2_ws_rrm/install/rrm_simple_robot_model:/home/greeny/ros2_ws_rrm/install/rrm_sim:/home/greeny/ros2_ws_rrm/install/block1_Ondrejka:/home/greeny/ros2_ws_rrm/install/cv1:/opt/ros/jazzy/opt/gz_math_vendor:/opt/ros/jazzy/opt/gz_utils_vendor:/opt/ros/jazzy/opt/gz_cmake_vendor:/opt/ros/jazzy DEBUGINFOD_URLS=https://debuginfod.ubuntu.com /usr/bin/cmake --build /home/greeny/ros2_ws_rrm/build/block1_Ondrejka -- -j16 -l16
[0.604s] DEBUG:colcon.colcon_core.event_handler.log_command:Invoking command in '/home/greeny/ros2_ws_rrm/build/rrm_sim': CMAKE_PREFIX_PATH=/home/greeny/ros2_ws_rrm/install/rrm_msgs:/home/greeny/ros2_ws_rrm/install/rrm_simple_robot_model:/home/greeny/ros2_ws_rrm/install/rrm_sim:/home/greeny/ros2_ws_rrm/install/block1_Ondrejka:/home/greeny/ros2_ws_rrm/install/cv1:/opt/ros/jazzy/opt/gz_math_vendor:/opt/ros/jazzy/opt/gz_utils_vendor:/opt/ros/jazzy/opt/gz_cmake_vendor:/opt/ros/jazzy DEBUGINFOD_URLS=https://debuginfod.ubuntu.com /usr/bin/cmake --build /home/greeny/ros2_ws_rrm/build/rrm_sim -- -j16 -l16
[0.685s] DEBUG:colcon.colcon_core.event_handler.log_command:Invoked command in '/home/greeny/ros2_ws_rrm/build/rrm_sim' returned '0': CMAKE_PREFIX_PATH=/home/greeny/ros2_ws_rrm/install/rrm_msgs:/home/greeny/ros2_ws_rrm/install/rrm_simple_robot_model:/home/greeny/ros2_ws_rrm/install/rrm_sim:/home/greeny/ros2_ws_rrm/install/block1_Ondrejka:/home/greeny/ros2_ws_rrm/install/cv1:/opt/ros/jazzy/opt/gz_math_vendor:/opt/ros/jazzy/opt/gz_utils_vendor:/opt/ros/jazzy/opt/gz_cmake_vendor:/opt/ros/jazzy DEBUGINFOD_URLS=https://debuginfod.ubuntu.com /usr/bin/cmake --build /home/greeny/ros2_ws_rrm/build/rrm_sim -- -j16 -l16
[0.686s] DEBUG:colcon.colcon_core.event_handler.log_command:Invoking command in '/home/greeny/ros2_ws_rrm/build/rrm_sim': CMAKE_PREFIX_PATH=/home/greeny/ros2_ws_rrm/install/rrm_msgs:/home/greeny/ros2_ws_rrm/install/rrm_simple_robot_model:/home/greeny/ros2_ws_rrm/install/rrm_sim:/home/greeny/ros2_ws_rrm/install/block1_Ondrejka:/home/greeny/ros2_ws_rrm/install/cv1:/opt/ros/jazzy/opt/gz_math_vendor:/opt/ros/jazzy/opt/gz_utils_vendor:/opt/ros/jazzy/opt/gz_cmake_vendor:/opt/ros/jazzy DEBUGINFOD_URLS=https://debuginfod.ubuntu.com /usr/bin/cmake --install /home/greeny/ros2_ws_rrm/build/rrm_sim
[0.697s] Level 1:colcon.colcon_core.environment:create_environment_scripts_only(rrm_sim)
[0.698s] Level 1:colcon.colcon_core.environment:checking '/home/greeny/ros2_ws_rrm/install/rrm_sim' for CMake module files
[0.698s] DEBUG:colcon.colcon_core.event_handler.log_command:Invoked command in '/home/greeny/ros2_ws_rrm/build/rrm_sim' returned '0': CMAKE_PREFIX_PATH=/home/greeny/ros2_ws_rrm/install/rrm_msgs:/home/greeny/ros2_ws_rrm/install/rrm_simple_robot_model:/home/greeny/ros2_ws_rrm/install/rrm_sim:/home/greeny/ros2_ws_rrm/install/block1_Ondrejka:/home/greeny/ros2_ws_rrm/install/cv1:/opt/ros/jazzy/opt/gz_math_vendor:/opt/ros/jazzy/opt/gz_utils_vendor:/opt/ros/jazzy/opt/gz_cmake_vendor:/opt/ros/jazzy DEBUGINFOD_URLS=https://debuginfod.ubuntu.com /usr/bin/cmake --install /home/greeny/ros2_ws_rrm/build/rrm_sim
[0.699s] Level 1:colcon.colcon_core.environment:checking '/home/greeny/ros2_ws_rrm/install/rrm_sim' for CMake config files
[0.699s] Level 1:colcon.colcon_core.shell:create_environment_hook('rrm_sim', 'cmake_prefix_path')
[0.699s] INFO:colcon.colcon_core.shell:Creating environment hook '/home/greeny/ros2_ws_rrm/install/rrm_sim/share/rrm_sim/hook/cmake_prefix_path.ps1'
[0.700s] INFO:colcon.colcon_core.shell:Creating environment descriptor '/home/greeny/ros2_ws_rrm/install/rrm_sim/share/rrm_sim/hook/cmake_prefix_path.dsv'
[0.700s] INFO:colcon.colcon_core.shell:Creating environment hook '/home/greeny/ros2_ws_rrm/install/rrm_sim/share/rrm_sim/hook/cmake_prefix_path.sh'
[0.701s] Level 1:colcon.colcon_core.environment:checking '/home/greeny/ros2_ws_rrm/install/rrm_sim/lib'
[0.701s] Level 1:colcon.colcon_core.environment:checking '/home/greeny/ros2_ws_rrm/install/rrm_sim/bin'
[0.701s] Level 1:colcon.colcon_core.environment:checking '/home/greeny/ros2_ws_rrm/install/rrm_sim/lib/pkgconfig/rrm_sim.pc'
[0.702s] Level 1:colcon.colcon_core.environment:checking '/home/greeny/ros2_ws_rrm/install/rrm_sim/lib/python3.12/site-packages'
[0.702s] Level 1:colcon.colcon_core.environment:checking '/home/greeny/ros2_ws_rrm/install/rrm_sim/bin'
[0.702s] INFO:colcon.colcon_core.shell:Creating package script '/home/greeny/ros2_ws_rrm/install/rrm_sim/share/rrm_sim/package.ps1'
[0.703s] INFO:colcon.colcon_core.shell:Creating package descriptor '/home/greeny/ros2_ws_rrm/install/rrm_sim/share/rrm_sim/package.dsv'
[0.703s] INFO:colcon.colcon_core.shell:Creating package script '/home/greeny/ros2_ws_rrm/install/rrm_sim/share/rrm_sim/package.sh'
[0.703s] INFO:colcon.colcon_core.shell:Creating package script '/home/greeny/ros2_ws_rrm/install/rrm_sim/share/rrm_sim/package.bash'
[0.704s] INFO:colcon.colcon_core.shell:Creating package script '/home/greeny/ros2_ws_rrm/install/rrm_sim/share/rrm_sim/package.zsh'
[0.704s] Level 1:colcon.colcon_core.environment:create_file_with_runtime_dependencies(/home/greeny/ros2_ws_rrm/install/rrm_sim/share/colcon-core/packages/rrm_sim)
[0.704s] Level 1:colcon.colcon_core.environment:create_environment_scripts_only(rrm_sim)
[0.704s] Level 1:colcon.colcon_core.environment:checking '/home/greeny/ros2_ws_rrm/install/rrm_sim' for CMake module files
[0.705s] Level 1:colcon.colcon_core.environment:checking '/home/greeny/ros2_ws_rrm/install/rrm_sim' for CMake config files
[0.705s] Level 1:colcon.colcon_core.shell:create_environment_hook('rrm_sim', 'cmake_prefix_path')
[0.705s] INFO:colcon.colcon_core.shell:Creating environment hook '/home/greeny/ros2_ws_rrm/install/rrm_sim/share/rrm_sim/hook/cmake_prefix_path.ps1'
[0.705s] INFO:colcon.colcon_core.shell:Creating environment descriptor '/home/greeny/ros2_ws_rrm/install/rrm_sim/share/rrm_sim/hook/cmake_prefix_path.dsv'
[0.705s] INFO:colcon.colcon_core.shell:Creating environment hook '/home/greeny/ros2_ws_rrm/install/rrm_sim/share/rrm_sim/hook/cmake_prefix_path.sh'
[0.706s] Level 1:colcon.colcon_core.environment:checking '/home/greeny/ros2_ws_rrm/install/rrm_sim/lib'
[0.706s] Level 1:colcon.colcon_core.environment:checking '/home/greeny/ros2_ws_rrm/install/rrm_sim/bin'
[0.706s] Level 1:colcon.colcon_core.environment:checking '/home/greeny/ros2_ws_rrm/install/rrm_sim/lib/pkgconfig/rrm_sim.pc'
[0.706s] Level 1:colcon.colcon_core.environment:checking '/home/greeny/ros2_ws_rrm/install/rrm_sim/lib/python3.12/site-packages'
[0.706s] Level 1:colcon.colcon_core.environment:checking '/home/greeny/ros2_ws_rrm/install/rrm_sim/bin'
[0.706s] INFO:colcon.colcon_core.shell:Creating package script '/home/greeny/ros2_ws_rrm/install/rrm_sim/share/rrm_sim/package.ps1'
[0.707s] INFO:colcon.colcon_core.shell:Creating package descriptor '/home/greeny/ros2_ws_rrm/install/rrm_sim/share/rrm_sim/package.dsv'
[0.707s] INFO:colcon.colcon_core.shell:Creating package script '/home/greeny/ros2_ws_rrm/install/rrm_sim/share/rrm_sim/package.sh'
[0.707s] INFO:colcon.colcon_core.shell:Creating package script '/home/greeny/ros2_ws_rrm/install/rrm_sim/share/rrm_sim/package.bash'
[0.708s] INFO:colcon.colcon_core.shell:Creating package script '/home/greeny/ros2_ws_rrm/install/rrm_sim/share/rrm_sim/package.zsh'
[0.708s] Level 1:colcon.colcon_core.environment:create_file_with_runtime_dependencies(/home/greeny/ros2_ws_rrm/install/rrm_sim/share/colcon-core/packages/rrm_sim)
[2.792s] DEBUG:colcon.colcon_core.event_handler.log_command:Invoked command in '/home/greeny/ros2_ws_rrm/build/block1_Ondrejka' returned '2': CMAKE_PREFIX_PATH=/home/greeny/ros2_ws_rrm/install/rrm_msgs:/home/greeny/ros2_ws_rrm/install/rrm_simple_robot_model:/home/greeny/ros2_ws_rrm/install/rrm_sim:/home/greeny/ros2_ws_rrm/install/block1_Ondrejka:/home/greeny/ros2_ws_rrm/install/cv1:/opt/ros/jazzy/opt/gz_math_vendor:/opt/ros/jazzy/opt/gz_utils_vendor:/opt/ros/jazzy/opt/gz_cmake_vendor:/opt/ros/jazzy DEBUGINFOD_URLS=https://debuginfod.ubuntu.com /usr/bin/cmake --build /home/greeny/ros2_ws_rrm/build/block1_Ondrejka -- -j16 -l16
[2.793s] Level 1:colcon.colcon_core.environment:create_environment_scripts_only(block1_Ondrejka)
[2.793s] Level 1:colcon.colcon_core.environment:checking '/home/greeny/ros2_ws_rrm/install/block1_Ondrejka' for CMake module files
[2.794s] Level 1:colcon.colcon_core.environment:checking '/home/greeny/ros2_ws_rrm/install/block1_Ondrejka' for CMake config files
[2.794s] Level 1:colcon.colcon_core.shell:create_environment_hook('block1_Ondrejka', 'cmake_prefix_path')
[2.794s] INFO:colcon.colcon_core.shell:Creating environment hook '/home/greeny/ros2_ws_rrm/install/block1_Ondrejka/share/block1_Ondrejka/hook/cmake_prefix_path.ps1'
[2.794s] INFO:colcon.colcon_core.shell:Creating environment descriptor '/home/greeny/ros2_ws_rrm/install/block1_Ondrejka/share/block1_Ondrejka/hook/cmake_prefix_path.dsv'
[2.795s] INFO:colcon.colcon_core.shell:Creating environment hook '/home/greeny/ros2_ws_rrm/install/block1_Ondrejka/share/block1_Ondrejka/hook/cmake_prefix_path.sh'
[2.795s] Level 1:colcon.colcon_core.environment:checking '/home/greeny/ros2_ws_rrm/install/block1_Ondrejka/lib'
[2.795s] Level 1:colcon.colcon_core.environment:checking '/home/greeny/ros2_ws_rrm/install/block1_Ondrejka/bin'
[2.796s] Level 1:colcon.colcon_core.environment:checking '/home/greeny/ros2_ws_rrm/install/block1_Ondrejka/lib/pkgconfig/block1_Ondrejka.pc'
[2.796s] Level 1:colcon.colcon_core.environment:checking '/home/greeny/ros2_ws_rrm/install/block1_Ondrejka/lib/python3.12/site-packages'
[2.796s] Level 1:colcon.colcon_core.environment:checking '/home/greeny/ros2_ws_rrm/install/block1_Ondrejka/bin'
[2.796s] INFO:colcon.colcon_core.shell:Creating package script '/home/greeny/ros2_ws_rrm/install/block1_Ondrejka/share/block1_Ondrejka/package.ps1'
[2.796s] INFO:colcon.colcon_core.shell:Creating package descriptor '/home/greeny/ros2_ws_rrm/install/block1_Ondrejka/share/block1_Ondrejka/package.dsv'
[2.797s] INFO:colcon.colcon_core.shell:Creating package script '/home/greeny/ros2_ws_rrm/install/block1_Ondrejka/share/block1_Ondrejka/package.sh'
[2.797s] INFO:colcon.colcon_core.shell:Creating package script '/home/greeny/ros2_ws_rrm/install/block1_Ondrejka/share/block1_Ondrejka/package.bash'
[2.797s] INFO:colcon.colcon_core.shell:Creating package script '/home/greeny/ros2_ws_rrm/install/block1_Ondrejka/share/block1_Ondrejka/package.zsh'
[2.797s] Level 1:colcon.colcon_core.environment:create_file_with_runtime_dependencies(/home/greeny/ros2_ws_rrm/install/block1_Ondrejka/share/colcon-core/packages/block1_Ondrejka)
[2.808s] DEBUG:colcon.colcon_parallel_executor.executor.parallel:closing loop
[2.808s] DEBUG:colcon.colcon_parallel_executor.executor.parallel:loop closed
[2.808s] DEBUG:colcon.colcon_parallel_executor.executor.parallel:run_until_complete finished with '2'
[2.808s] DEBUG:colcon.colcon_core.event_reactor:joining thread
[2.813s] INFO:colcon.colcon_core.plugin_system:Skipping extension 'colcon_notification.desktop_notification.terminal_notifier': Not used on non-Darwin systems
[2.813s] INFO:colcon.colcon_core.plugin_system:Skipping extension 'colcon_notification.desktop_notification.win32': Not used on non-Windows systems
[2.813s] INFO:colcon.colcon_notification.desktop_notification:Sending desktop notification using 'notify2'
[2.826s] DEBUG:colcon.colcon_core.event_reactor:joined thread
[2.826s] INFO:colcon.colcon_core.shell:Creating prefix script '/home/greeny/ros2_ws_rrm/install/local_setup.ps1'
[2.827s] INFO:colcon.colcon_core.shell:Creating prefix util module '/home/greeny/ros2_ws_rrm/install/_local_setup_util_ps1.py'
[2.828s] INFO:colcon.colcon_core.shell:Creating prefix chain script '/home/greeny/ros2_ws_rrm/install/setup.ps1'
[2.829s] INFO:colcon.colcon_core.shell:Creating prefix script '/home/greeny/ros2_ws_rrm/install/local_setup.sh'
[2.829s] INFO:colcon.colcon_core.shell:Creating prefix util module '/home/greeny/ros2_ws_rrm/install/_local_setup_util_sh.py'
[2.830s] INFO:colcon.colcon_core.shell:Creating prefix chain script '/home/greeny/ros2_ws_rrm/install/setup.sh'
[2.831s] INFO:colcon.colcon_core.shell:Creating prefix script '/home/greeny/ros2_ws_rrm/install/local_setup.bash'
[2.831s] INFO:colcon.colcon_core.shell:Creating prefix chain script '/home/greeny/ros2_ws_rrm/install/setup.bash'
[2.833s] INFO:colcon.colcon_core.shell:Creating prefix script '/home/greeny/ros2_ws_rrm/install/local_setup.zsh'
[2.833s] INFO:colcon.colcon_core.shell:Creating prefix chain script '/home/greeny/ros2_ws_rrm/install/setup.zsh'
